[2025-08-14T03:03:27.104+0000] {taskinstance.py:1956} INFO - Dependencies all met for dep_context=non-requeueable deps ti=<TaskInstance: stock_market_batch_pipeline.debug_environment scheduled__2025-08-13T00:00:00+00:00 [queued]>
[2025-08-14T03:03:27.148+0000] {taskinstance.py:1956} INFO - Dependencies all met for dep_context=requeueable deps ti=<TaskInstance: stock_market_batch_pipeline.debug_environment scheduled__2025-08-13T00:00:00+00:00 [queued]>
[2025-08-14T03:03:27.149+0000] {taskinstance.py:2170} INFO - Starting attempt 1 of 2
[2025-08-14T03:03:27.261+0000] {taskinstance.py:2191} INFO - Executing <Task(BashOperator): debug_environment> on 2025-08-13 00:00:00+00:00
[2025-08-14T03:03:27.332+0000] {standard_task_runner.py:60} INFO - Started process 77116 to run task
[2025-08-14T03:03:27.391+0000] {standard_task_runner.py:87} INFO - Running: ['***', 'tasks', 'run', 'stock_market_batch_pipeline', 'debug_environment', 'scheduled__2025-08-13T00:00:00+00:00', '--job-id', '78', '--raw', '--subdir', 'DAGS_FOLDER/stock_market_batch_dag.py', '--cfg-path', '/tmp/tmpclb1ujsj']
[2025-08-14T03:03:27.428+0000] {standard_task_runner.py:88} INFO - Job 78: Subtask debug_environment
[2025-08-14T03:03:27.546+0000] {logging_mixin.py:188} WARNING - /home/***/.local/lib/python3.8/site-packages/***/settings.py:194 DeprecationWarning: The sql_alchemy_conn option in [core] has been moved to the sql_alchemy_conn option in [database] - the old setting has been used, but please update your config.
[2025-08-14T03:03:28.120+0000] {task_command.py:423} INFO - Running <TaskInstance: stock_market_batch_pipeline.debug_environment scheduled__2025-08-13T00:00:00+00:00 [running]> on host 6ea13209f7fc
[2025-08-14T03:03:28.784+0000] {taskinstance.py:2480} INFO - Exporting env vars: AIRFLOW_CTX_DAG_OWNER='Basanth Kumar' AIRFLOW_CTX_DAG_ID='stock_market_batch_pipeline' AIRFLOW_CTX_TASK_ID='debug_environment' AIRFLOW_CTX_EXECUTION_DATE='2025-08-13T00:00:00+00:00' AIRFLOW_CTX_TRY_NUMBER='1' AIRFLOW_CTX_DAG_RUN_ID='scheduled__2025-08-13T00:00:00+00:00'
[2025-08-14T03:03:28.791+0000] {subprocess.py:63} INFO - Tmp dir root location: /tmp
[2025-08-14T03:03:28.793+0000] {subprocess.py:75} INFO - Running command: ['/usr/bin/bash', '-c', '\n    echo "=== PYTHON PATH DEBUG ==="\n    python -c "import sys; print(\'Python paths:\'); [print(f\'  {p}\') for p in sys.path]"\n    echo ""\n    echo "=== MULTITASKING CHECK ==="\n    python -c "import multitasking; print(f\'multitasking version: {multitasking.__version__}\')"\n    echo ""\n    echo "=== ENVIRONMENT VARIABLES ==="\n    env | grep PYTHON\n    echo ""\n    echo "=== YFINANCE IMPORT TEST ==="\n    python -c "import yfinance as yf; print(\'yfinance imported successfully\')"\n    ']
[2025-08-14T03:03:28.826+0000] {subprocess.py:86} INFO - Output:
[2025-08-14T03:03:28.828+0000] {subprocess.py:93} INFO - === PYTHON PATH DEBUG ===
[2025-08-14T03:03:28.868+0000] {subprocess.py:93} INFO - Python paths:
[2025-08-14T03:03:28.869+0000] {subprocess.py:93} INFO - 
[2025-08-14T03:03:28.890+0000] {subprocess.py:93} INFO -   /usr/local/lib/python38.zip
[2025-08-14T03:03:28.891+0000] {subprocess.py:93} INFO -   /usr/local/lib/python3.8
[2025-08-14T03:03:28.893+0000] {subprocess.py:93} INFO -   /usr/local/lib/python3.8/lib-dynload
[2025-08-14T03:03:28.897+0000] {subprocess.py:93} INFO -   /home/***/.local/lib/python3.8/site-packages
[2025-08-14T03:03:28.898+0000] {subprocess.py:93} INFO -   /usr/local/lib/python3.8/site-packages
[2025-08-14T03:03:28.902+0000] {subprocess.py:93} INFO - 
[2025-08-14T03:03:28.907+0000] {subprocess.py:93} INFO - === MULTITASKING CHECK ===
[2025-08-14T03:03:29.089+0000] {subprocess.py:93} INFO - Traceback (most recent call last):
[2025-08-14T03:03:29.095+0000] {subprocess.py:93} INFO -   File "<string>", line 1, in <module>
[2025-08-14T03:03:29.099+0000] {subprocess.py:93} INFO -   File "/home/***/.local/lib/python3.8/site-packages/multitasking/__init__.py", line 36, in <module>
[2025-08-14T03:03:29.103+0000] {subprocess.py:93} INFO -     class PoolConfig(TypedDict):
[2025-08-14T03:03:29.114+0000] {subprocess.py:93} INFO -   File "/home/***/.local/lib/python3.8/site-packages/multitasking/__init__.py", line 44, in PoolConfig
[2025-08-14T03:03:29.116+0000] {subprocess.py:93} INFO -     engine: Union[type[Thread], type[Process]]  # Execution engine
[2025-08-14T03:03:29.117+0000] {subprocess.py:93} INFO - TypeError: 'type' object is not subscriptable
[2025-08-14T03:03:29.118+0000] {subprocess.py:93} INFO - 
[2025-08-14T03:03:29.124+0000] {subprocess.py:93} INFO - === ENVIRONMENT VARIABLES ===
[2025-08-14T03:03:29.125+0000] {subprocess.py:93} INFO - PYTHON_VERSION=3.8.18
[2025-08-14T03:03:29.126+0000] {subprocess.py:93} INFO - PYTHON_SETUPTOOLS_VERSION=57.5.0
[2025-08-14T03:03:29.126+0000] {subprocess.py:93} INFO - PYTHON_PIP_VERSION=23.0.1
[2025-08-14T03:03:29.126+0000] {subprocess.py:93} INFO - PYTHON_GET_PIP_SHA256=dfe9fd5c28dc98b5ac17979a953ea550cec37ae1b47a5116007395bfacff2ab9
[2025-08-14T03:03:29.127+0000] {subprocess.py:93} INFO - PYTHON_GET_PIP_URL=https://github.com/pypa/get-pip/raw/dbf0c85f76fb6e1ab42aa672ffca6f0a675d9ee4/public/get-pip.py
[2025-08-14T03:03:29.131+0000] {subprocess.py:93} INFO - PYTHON_BASE_IMAGE=python:3.8-slim-bookworm
[2025-08-14T03:03:29.141+0000] {subprocess.py:93} INFO - 
[2025-08-14T03:03:29.144+0000] {subprocess.py:93} INFO - === YFINANCE IMPORT TEST ===
[2025-08-14T03:03:39.824+0000] {subprocess.py:93} INFO - Traceback (most recent call last):
[2025-08-14T03:03:39.974+0000] {subprocess.py:93} INFO -   File "<string>", line 1, in <module>
[2025-08-14T03:03:39.987+0000] {subprocess.py:93} INFO -   File "/home/***/.local/lib/python3.8/site-packages/yfinance/__init__.py", line 26, in <module>
[2025-08-14T03:03:40.007+0000] {subprocess.py:93} INFO -     from .tickers import Tickers
[2025-08-14T03:03:40.013+0000] {subprocess.py:93} INFO -   File "/home/***/.local/lib/python3.8/site-packages/yfinance/tickers.py", line 26, in <module>
[2025-08-14T03:03:40.025+0000] {subprocess.py:93} INFO -     from . import Ticker, multi
[2025-08-14T03:03:40.030+0000] {subprocess.py:93} INFO -   File "/home/***/.local/lib/python3.8/site-packages/yfinance/multi.py", line 30, in <module>
[2025-08-14T03:03:40.035+0000] {subprocess.py:93} INFO -     import multitasking as _multitasking
[2025-08-14T03:03:40.039+0000] {subprocess.py:93} INFO -   File "/home/***/.local/lib/python3.8/site-packages/multitasking/__init__.py", line 36, in <module>
[2025-08-14T03:03:40.043+0000] {subprocess.py:93} INFO -     class PoolConfig(TypedDict):
[2025-08-14T03:03:40.047+0000] {subprocess.py:93} INFO -   File "/home/***/.local/lib/python3.8/site-packages/multitasking/__init__.py", line 44, in PoolConfig
[2025-08-14T03:03:40.063+0000] {subprocess.py:93} INFO -     engine: Union[type[Thread], type[Process]]  # Execution engine
[2025-08-14T03:03:40.067+0000] {subprocess.py:93} INFO - TypeError: 'type' object is not subscriptable
[2025-08-14T03:03:47.422+0000] {subprocess.py:97} INFO - Command exited with return code 1
[2025-08-14T03:03:47.733+0000] {taskinstance.py:2698} ERROR - Task failed with exception
Traceback (most recent call last):
  File "/home/airflow/.local/lib/python3.8/site-packages/airflow/models/taskinstance.py", line 433, in _execute_task
    result = execute_callable(context=context, **execute_callable_kwargs)
  File "/home/airflow/.local/lib/python3.8/site-packages/airflow/operators/bash.py", line 212, in execute
    raise AirflowException(
airflow.exceptions.AirflowException: Bash command failed. The command returned a non-zero exit code 1.
[2025-08-14T03:03:47.754+0000] {taskinstance.py:1138} INFO - Marking task as UP_FOR_RETRY. dag_id=stock_market_batch_pipeline, task_id=debug_environment, execution_date=20250813T000000, start_date=20250814T030327, end_date=20250814T030347
[2025-08-14T03:03:47.835+0000] {standard_task_runner.py:107} ERROR - Failed to execute job 78 for task debug_environment (Bash command failed. The command returned a non-zero exit code 1.; 77116)
[2025-08-14T03:03:47.894+0000] {local_task_job_runner.py:234} INFO - Task exited with return code 1
[2025-08-14T03:03:48.011+0000] {taskinstance.py:3280} INFO - 0 downstream tasks scheduled from follow-on schedule check
