[2025-08-14T03:09:25.946+0000] {taskinstance.py:1956} INFO - Dependencies all met for dep_context=non-requeueable deps ti=<TaskInstance: stock_market_batch_pipeline.debug_environment manual__2025-08-14T02:43:26+00:00 [queued]>
[2025-08-14T03:09:26.015+0000] {taskinstance.py:1956} INFO - Dependencies all met for dep_context=requeueable deps ti=<TaskInstance: stock_market_batch_pipeline.debug_environment manual__2025-08-14T02:43:26+00:00 [queued]>
[2025-08-14T03:09:26.017+0000] {taskinstance.py:2170} INFO - Starting attempt 3 of 3
[2025-08-14T03:09:26.275+0000] {taskinstance.py:2191} INFO - Executing <Task(BashOperator): debug_environment> on 2025-08-14 02:43:26+00:00
[2025-08-14T03:09:26.300+0000] {standard_task_runner.py:60} INFO - Started process 77725 to run task
[2025-08-14T03:09:26.399+0000] {standard_task_runner.py:87} INFO - Running: ['***', 'tasks', 'run', 'stock_market_batch_pipeline', 'debug_environment', 'manual__2025-08-14T02:43:26+00:00', '--job-id', '98', '--raw', '--subdir', 'DAGS_FOLDER/stock_market_batch_dag.py', '--cfg-path', '/tmp/tmp0ikng4ua']
[2025-08-14T03:09:26.419+0000] {standard_task_runner.py:88} INFO - Job 98: Subtask debug_environment
[2025-08-14T03:09:26.642+0000] {logging_mixin.py:188} WARNING - /home/***/.local/lib/python3.8/site-packages/***/settings.py:194 DeprecationWarning: The sql_alchemy_conn option in [core] has been moved to the sql_alchemy_conn option in [database] - the old setting has been used, but please update your config.
[2025-08-14T03:09:27.331+0000] {task_command.py:423} INFO - Running <TaskInstance: stock_market_batch_pipeline.debug_environment manual__2025-08-14T02:43:26+00:00 [running]> on host 6ea13209f7fc
[2025-08-14T03:09:28.383+0000] {taskinstance.py:2480} INFO - Exporting env vars: AIRFLOW_CTX_DAG_OWNER='Basanth Kumar' AIRFLOW_CTX_DAG_ID='stock_market_batch_pipeline' AIRFLOW_CTX_TASK_ID='debug_environment' AIRFLOW_CTX_EXECUTION_DATE='2025-08-14T02:43:26+00:00' AIRFLOW_CTX_TRY_NUMBER='3' AIRFLOW_CTX_DAG_RUN_ID='manual__2025-08-14T02:43:26+00:00'
[2025-08-14T03:09:28.392+0000] {subprocess.py:63} INFO - Tmp dir root location: /tmp
[2025-08-14T03:09:28.397+0000] {subprocess.py:75} INFO - Running command: ['/usr/bin/bash', '-c', '\n    echo "=== PYTHON PATH DEBUG ==="\n    python -c "import sys; print(\'Python paths:\'); [print(f\'  {p}\') for p in sys.path]"\n    echo ""\n    echo "=== MULTITASKING CHECK ==="\n    python -c "import multitasking; print(f\'multitasking version: {multitasking.__version__}\')"\n    echo ""\n    echo "=== ENVIRONMENT VARIABLES ==="\n    env | grep PYTHON\n    echo ""\n    echo "=== YFINANCE IMPORT TEST ==="\n    python -c "import yfinance as yf; print(\'yfinance imported successfully\')"\n    ']
[2025-08-14T03:09:28.453+0000] {subprocess.py:86} INFO - Output:
[2025-08-14T03:09:28.459+0000] {subprocess.py:93} INFO - === PYTHON PATH DEBUG ===
[2025-08-14T03:09:28.635+0000] {subprocess.py:93} INFO - Python paths:
[2025-08-14T03:09:28.664+0000] {subprocess.py:93} INFO - 
[2025-08-14T03:09:28.689+0000] {subprocess.py:93} INFO -   /usr/local/lib/python38.zip
[2025-08-14T03:09:28.693+0000] {subprocess.py:93} INFO -   /usr/local/lib/python3.8
[2025-08-14T03:09:28.700+0000] {subprocess.py:93} INFO -   /usr/local/lib/python3.8/lib-dynload
[2025-08-14T03:09:28.702+0000] {subprocess.py:93} INFO -   /home/***/.local/lib/python3.8/site-packages
[2025-08-14T03:09:28.708+0000] {subprocess.py:93} INFO -   /usr/local/lib/python3.8/site-packages
[2025-08-14T03:09:28.710+0000] {subprocess.py:93} INFO - 
[2025-08-14T03:09:28.722+0000] {subprocess.py:93} INFO - === MULTITASKING CHECK ===
[2025-08-14T03:09:28.801+0000] {subprocess.py:93} INFO - Traceback (most recent call last):
[2025-08-14T03:09:28.809+0000] {subprocess.py:93} INFO -   File "<string>", line 1, in <module>
[2025-08-14T03:09:28.810+0000] {subprocess.py:93} INFO -   File "/home/***/.local/lib/python3.8/site-packages/multitasking/__init__.py", line 36, in <module>
[2025-08-14T03:09:28.812+0000] {subprocess.py:93} INFO -     class PoolConfig(TypedDict):
[2025-08-14T03:09:28.812+0000] {subprocess.py:93} INFO -   File "/home/***/.local/lib/python3.8/site-packages/multitasking/__init__.py", line 44, in PoolConfig
[2025-08-14T03:09:28.813+0000] {subprocess.py:93} INFO -     engine: Union[type[Thread], type[Process]]  # Execution engine
[2025-08-14T03:09:28.814+0000] {subprocess.py:93} INFO - TypeError: 'type' object is not subscriptable
[2025-08-14T03:09:28.820+0000] {subprocess.py:93} INFO - 
[2025-08-14T03:09:28.822+0000] {subprocess.py:93} INFO - === ENVIRONMENT VARIABLES ===
[2025-08-14T03:09:28.830+0000] {subprocess.py:93} INFO - PYTHON_VERSION=3.8.18
[2025-08-14T03:09:28.836+0000] {subprocess.py:93} INFO - PYTHON_SETUPTOOLS_VERSION=57.5.0
[2025-08-14T03:09:28.838+0000] {subprocess.py:93} INFO - PYTHON_PIP_VERSION=23.0.1
[2025-08-14T03:09:28.842+0000] {subprocess.py:93} INFO - PYTHON_GET_PIP_SHA256=dfe9fd5c28dc98b5ac17979a953ea550cec37ae1b47a5116007395bfacff2ab9
[2025-08-14T03:09:28.844+0000] {subprocess.py:93} INFO - PYTHON_GET_PIP_URL=https://github.com/pypa/get-pip/raw/dbf0c85f76fb6e1ab42aa672ffca6f0a675d9ee4/public/get-pip.py
[2025-08-14T03:09:28.846+0000] {subprocess.py:93} INFO - PYTHON_BASE_IMAGE=python:3.8-slim-bookworm
[2025-08-14T03:09:29.015+0000] {subprocess.py:93} INFO - 
[2025-08-14T03:09:29.068+0000] {subprocess.py:93} INFO - === YFINANCE IMPORT TEST ===
[2025-08-14T03:09:33.989+0000] {subprocess.py:93} INFO - Traceback (most recent call last):
[2025-08-14T03:09:34.085+0000] {subprocess.py:93} INFO -   File "<string>", line 1, in <module>
[2025-08-14T03:09:34.086+0000] {subprocess.py:93} INFO -   File "/home/***/.local/lib/python3.8/site-packages/yfinance/__init__.py", line 26, in <module>
[2025-08-14T03:09:34.086+0000] {subprocess.py:93} INFO -     from .tickers import Tickers
[2025-08-14T03:09:34.087+0000] {subprocess.py:93} INFO -   File "/home/***/.local/lib/python3.8/site-packages/yfinance/tickers.py", line 26, in <module>
[2025-08-14T03:09:34.087+0000] {subprocess.py:93} INFO -     from . import Ticker, multi
[2025-08-14T03:09:34.087+0000] {subprocess.py:93} INFO -   File "/home/***/.local/lib/python3.8/site-packages/yfinance/multi.py", line 30, in <module>
[2025-08-14T03:09:34.088+0000] {subprocess.py:93} INFO -     import multitasking as _multitasking
[2025-08-14T03:09:34.088+0000] {subprocess.py:93} INFO -   File "/home/***/.local/lib/python3.8/site-packages/multitasking/__init__.py", line 36, in <module>
[2025-08-14T03:09:34.088+0000] {subprocess.py:93} INFO -     class PoolConfig(TypedDict):
[2025-08-14T03:09:34.089+0000] {subprocess.py:93} INFO -   File "/home/***/.local/lib/python3.8/site-packages/multitasking/__init__.py", line 44, in PoolConfig
[2025-08-14T03:09:34.089+0000] {subprocess.py:93} INFO -     engine: Union[type[Thread], type[Process]]  # Execution engine
[2025-08-14T03:09:34.089+0000] {subprocess.py:93} INFO - TypeError: 'type' object is not subscriptable
[2025-08-14T03:09:43.067+0000] {subprocess.py:97} INFO - Command exited with return code 1
[2025-08-14T03:09:43.244+0000] {taskinstance.py:2698} ERROR - Task failed with exception
Traceback (most recent call last):
  File "/home/airflow/.local/lib/python3.8/site-packages/airflow/models/taskinstance.py", line 433, in _execute_task
    result = execute_callable(context=context, **execute_callable_kwargs)
  File "/home/airflow/.local/lib/python3.8/site-packages/airflow/operators/bash.py", line 212, in execute
    raise AirflowException(
airflow.exceptions.AirflowException: Bash command failed. The command returned a non-zero exit code 1.
[2025-08-14T03:09:43.285+0000] {taskinstance.py:1138} INFO - Marking task as FAILED. dag_id=stock_market_batch_pipeline, task_id=debug_environment, execution_date=20250814T024326, start_date=20250814T030925, end_date=20250814T030943
[2025-08-14T03:09:43.459+0000] {standard_task_runner.py:107} ERROR - Failed to execute job 98 for task debug_environment (Bash command failed. The command returned a non-zero exit code 1.; 77725)
[2025-08-14T03:09:43.516+0000] {local_task_job_runner.py:234} INFO - Task exited with return code 1
[2025-08-14T03:09:43.694+0000] {taskinstance.py:3280} INFO - 0 downstream tasks scheduled from follow-on schedule check
