[2025-08-14T02:58:46.872+0000] {taskinstance.py:1956} INFO - Dependencies all met for dep_context=non-requeueable deps ti=<TaskInstance: stock_market_batch_pipeline.fetch_historical_data manual__2025-08-14T02:58:45+00:00 [queued]>
[2025-08-14T02:58:46.890+0000] {taskinstance.py:1956} INFO - Dependencies all met for dep_context=requeueable deps ti=<TaskInstance: stock_market_batch_pipeline.fetch_historical_data manual__2025-08-14T02:58:45+00:00 [queued]>
[2025-08-14T02:58:46.890+0000] {taskinstance.py:2170} INFO - Starting attempt 1 of 2
[2025-08-14T02:58:46.931+0000] {taskinstance.py:2191} INFO - Executing <Task(BashOperator): fetch_historical_data> on 2025-08-14 02:58:45+00:00
[2025-08-14T02:58:46.950+0000] {standard_task_runner.py:60} INFO - Started process 76827 to run task
[2025-08-14T02:58:46.956+0000] {standard_task_runner.py:87} INFO - Running: ['***', 'tasks', 'run', 'stock_market_batch_pipeline', 'fetch_historical_data', 'manual__2025-08-14T02:58:45+00:00', '--job-id', '71', '--raw', '--subdir', 'DAGS_FOLDER/stock_market_batch_dag.py', '--cfg-path', '/tmp/tmpm_n9vrpg']
[2025-08-14T02:58:46.970+0000] {standard_task_runner.py:88} INFO - Job 71: Subtask fetch_historical_data
[2025-08-14T02:58:47.038+0000] {logging_mixin.py:188} WARNING - /home/***/.local/lib/python3.8/site-packages/***/settings.py:194 DeprecationWarning: The sql_alchemy_conn option in [core] has been moved to the sql_alchemy_conn option in [database] - the old setting has been used, but please update your config.
[2025-08-14T02:58:47.111+0000] {task_command.py:423} INFO - Running <TaskInstance: stock_market_batch_pipeline.fetch_historical_data manual__2025-08-14T02:58:45+00:00 [running]> on host 6ea13209f7fc
[2025-08-14T02:58:47.532+0000] {taskinstance.py:2480} INFO - Exporting env vars: AIRFLOW_CTX_DAG_OWNER='Basanth Kumar' AIRFLOW_CTX_DAG_ID='stock_market_batch_pipeline' AIRFLOW_CTX_TASK_ID='fetch_historical_data' AIRFLOW_CTX_EXECUTION_DATE='2025-08-14T02:58:45+00:00' AIRFLOW_CTX_TRY_NUMBER='1' AIRFLOW_CTX_DAG_RUN_ID='manual__2025-08-14T02:58:45+00:00'
[2025-08-14T02:58:47.539+0000] {subprocess.py:63} INFO - Tmp dir root location: /tmp
[2025-08-14T02:58:47.544+0000] {subprocess.py:75} INFO - Running command: ['/usr/bin/bash', '-c', 'PYTHONPATH=/usr/local/lib/python3.8/site-packages /usr/local/bin/python /opt/***/dags/scripts/batch_data_producer.py 2025-08-14']
[2025-08-14T02:58:47.603+0000] {subprocess.py:86} INFO - Output:
[2025-08-14T02:58:49.451+0000] {subprocess.py:93} INFO - Traceback (most recent call last):
[2025-08-14T02:58:49.455+0000] {subprocess.py:93} INFO -   File "/opt/***/dags/scripts/batch_data_producer.py", line 8, in <module>
[2025-08-14T02:58:49.456+0000] {subprocess.py:93} INFO -     import yfinance as yf
[2025-08-14T02:58:49.456+0000] {subprocess.py:93} INFO -   File "/home/***/.local/lib/python3.8/site-packages/yfinance/__init__.py", line 26, in <module>
[2025-08-14T02:58:49.457+0000] {subprocess.py:93} INFO -     from .tickers import Tickers
[2025-08-14T02:58:49.457+0000] {subprocess.py:93} INFO -   File "/home/***/.local/lib/python3.8/site-packages/yfinance/tickers.py", line 26, in <module>
[2025-08-14T02:58:49.457+0000] {subprocess.py:93} INFO -     from . import Ticker, multi
[2025-08-14T02:58:49.457+0000] {subprocess.py:93} INFO -   File "/home/***/.local/lib/python3.8/site-packages/yfinance/multi.py", line 30, in <module>
[2025-08-14T02:58:49.458+0000] {subprocess.py:93} INFO -     import multitasking as _multitasking
[2025-08-14T02:58:49.458+0000] {subprocess.py:93} INFO -   File "/home/***/.local/lib/python3.8/site-packages/multitasking/__init__.py", line 36, in <module>
[2025-08-14T02:58:49.458+0000] {subprocess.py:93} INFO -     class PoolConfig(TypedDict):
[2025-08-14T02:58:49.458+0000] {subprocess.py:93} INFO -   File "/home/***/.local/lib/python3.8/site-packages/multitasking/__init__.py", line 44, in PoolConfig
[2025-08-14T02:58:49.458+0000] {subprocess.py:93} INFO -     engine: Union[type[Thread], type[Process]]  # Execution engine
[2025-08-14T02:58:49.458+0000] {subprocess.py:93} INFO - TypeError: 'type' object is not subscriptable
[2025-08-14T02:58:49.607+0000] {subprocess.py:97} INFO - Command exited with return code 1
[2025-08-14T02:58:49.653+0000] {taskinstance.py:2698} ERROR - Task failed with exception
Traceback (most recent call last):
  File "/home/airflow/.local/lib/python3.8/site-packages/airflow/models/taskinstance.py", line 433, in _execute_task
    result = execute_callable(context=context, **execute_callable_kwargs)
  File "/home/airflow/.local/lib/python3.8/site-packages/airflow/operators/bash.py", line 212, in execute
    raise AirflowException(
airflow.exceptions.AirflowException: Bash command failed. The command returned a non-zero exit code 1.
[2025-08-14T02:58:49.659+0000] {taskinstance.py:1138} INFO - Marking task as UP_FOR_RETRY. dag_id=stock_market_batch_pipeline, task_id=fetch_historical_data, execution_date=20250814T025845, start_date=20250814T025846, end_date=20250814T025849
[2025-08-14T02:58:49.682+0000] {standard_task_runner.py:107} ERROR - Failed to execute job 71 for task fetch_historical_data (Bash command failed. The command returned a non-zero exit code 1.; 76827)
[2025-08-14T02:58:49.739+0000] {local_task_job_runner.py:234} INFO - Task exited with return code 1
[2025-08-14T02:58:49.835+0000] {taskinstance.py:3280} INFO - 0 downstream tasks scheduled from follow-on schedule check
