[2025-08-14T21:42:13.314+0000] {taskinstance.py:1956} INFO - Dependencies all met for dep_context=non-requeueable deps ti=<TaskInstance: stock_market_batch_pipeline.fetch_historical_data manual__2025-08-14T03:50:36+00:00 [queued]>
[2025-08-14T21:42:13.321+0000] {taskinstance.py:1956} INFO - Dependencies all met for dep_context=requeueable deps ti=<TaskInstance: stock_market_batch_pipeline.fetch_historical_data manual__2025-08-14T03:50:36+00:00 [queued]>
[2025-08-14T21:42:13.321+0000] {taskinstance.py:2170} INFO - Starting attempt 10 of 11
[2025-08-14T21:42:13.331+0000] {taskinstance.py:2191} INFO - Executing <Task(BashOperator): fetch_historical_data> on 2025-08-14 03:50:36+00:00
[2025-08-14T21:42:13.344+0000] {standard_task_runner.py:60} INFO - Started process 31298 to run task
[2025-08-14T21:42:13.351+0000] {standard_task_runner.py:87} INFO - Running: ['***', 'tasks', 'run', 'stock_market_batch_pipeline', 'fetch_historical_data', 'manual__2025-08-14T03:50:36+00:00', '--job-id', '37', '--raw', '--subdir', 'DAGS_FOLDER/stock_market_batch_dag.py', '--cfg-path', '/tmp/tmph4rtowx8']
[2025-08-14T21:42:13.354+0000] {standard_task_runner.py:88} INFO - Job 37: Subtask fetch_historical_data
[2025-08-14T21:42:13.412+0000] {task_command.py:423} INFO - Running <TaskInstance: stock_market_batch_pipeline.fetch_historical_data manual__2025-08-14T03:50:36+00:00 [running]> on host 0181ae2045ff
[2025-08-14T21:42:13.518+0000] {taskinstance.py:2480} INFO - Exporting env vars: AIRFLOW_CTX_DAG_OWNER='Basanth Kumar' AIRFLOW_CTX_DAG_ID='stock_market_batch_pipeline' AIRFLOW_CTX_TASK_ID='fetch_historical_data' AIRFLOW_CTX_EXECUTION_DATE='2025-08-14T03:50:36+00:00' AIRFLOW_CTX_TRY_NUMBER='10' AIRFLOW_CTX_DAG_RUN_ID='manual__2025-08-14T03:50:36+00:00'
[2025-08-14T21:42:13.520+0000] {subprocess.py:63} INFO - Tmp dir root location: /tmp
[2025-08-14T21:42:13.522+0000] {subprocess.py:75} INFO - Running command: ['/usr/bin/bash', '-c', '\n    unset PYTHONNOUSERSITE\n    python /opt/***/dags/scripts/batch_data_producer.py 2025-08-14\n    ']
[2025-08-14T21:42:13.562+0000] {subprocess.py:86} INFO - Output:
[2025-08-14T21:42:14.600+0000] {subprocess.py:93} INFO - Traceback (most recent call last):
[2025-08-14T21:42:14.617+0000] {subprocess.py:93} INFO -   File "/opt/***/dags/scripts/batch_data_producer.py", line 8, in <module>
[2025-08-14T21:42:14.619+0000] {subprocess.py:93} INFO -     import yfinance as yf
[2025-08-14T21:42:14.620+0000] {subprocess.py:93} INFO - ModuleNotFoundError: No module named 'yfinance'
[2025-08-14T21:42:14.763+0000] {subprocess.py:97} INFO - Command exited with return code 1
[2025-08-14T21:42:14.815+0000] {taskinstance.py:2698} ERROR - Task failed with exception
Traceback (most recent call last):
  File "/home/airflow/.local/lib/python3.8/site-packages/airflow/models/taskinstance.py", line 433, in _execute_task
    result = execute_callable(context=context, **execute_callable_kwargs)
  File "/home/airflow/.local/lib/python3.8/site-packages/airflow/operators/bash.py", line 212, in execute
    raise AirflowException(
airflow.exceptions.AirflowException: Bash command failed. The command returned a non-zero exit code 1.
[2025-08-14T21:42:14.826+0000] {taskinstance.py:1138} INFO - Marking task as UP_FOR_RETRY. dag_id=stock_market_batch_pipeline, task_id=fetch_historical_data, execution_date=20250814T035036, start_date=20250814T214213, end_date=20250814T214214
[2025-08-14T21:42:14.855+0000] {standard_task_runner.py:107} ERROR - Failed to execute job 37 for task fetch_historical_data (Bash command failed. The command returned a non-zero exit code 1.; 31298)
[2025-08-14T21:42:14.868+0000] {local_task_job_runner.py:234} INFO - Task exited with return code 1
[2025-08-14T21:42:14.925+0000] {taskinstance.py:3280} INFO - 0 downstream tasks scheduled from follow-on schedule check
