[2025-08-14T22:02:22.485+0000] {processor.py:161} INFO - Started process (PID=32693) to work on /opt/airflow/dags/stock_market_success_forced.py
[2025-08-14T22:02:22.487+0000] {processor.py:830} INFO - Processing file /opt/airflow/dags/stock_market_success_forced.py for tasks to queue
[2025-08-14T22:02:22.489+0000] {logging_mixin.py:188} INFO - [2025-08-14T22:02:22.488+0000] {dagbag.py:538} INFO - Filling up the DagBag from /opt/airflow/dags/stock_market_success_forced.py
[2025-08-14T22:02:22.518+0000] {processor.py:840} INFO - DAG(s) 'stock_market_success_forced' retrieved from /opt/airflow/dags/stock_market_success_forced.py
[2025-08-14T22:02:22.650+0000] {logging_mixin.py:188} INFO - [2025-08-14T22:02:22.650+0000] {dag.py:3036} INFO - Sync 1 DAGs
[2025-08-14T22:02:22.665+0000] {logging_mixin.py:188} INFO - [2025-08-14T22:02:22.664+0000] {dag.py:3823} INFO - Setting next_dagrun for stock_market_success_forced to None, run_after=None
[2025-08-14T22:02:22.686+0000] {processor.py:183} INFO - Processing /opt/airflow/dags/stock_market_success_forced.py took 0.205 seconds
[2025-08-14T22:02:32.754+0000] {processor.py:161} INFO - Started process (PID=32708) to work on /opt/airflow/dags/stock_market_success_forced.py
[2025-08-14T22:02:32.755+0000] {processor.py:830} INFO - Processing file /opt/airflow/dags/stock_market_success_forced.py for tasks to queue
[2025-08-14T22:02:32.755+0000] {logging_mixin.py:188} INFO - [2025-08-14T22:02:32.755+0000] {dagbag.py:538} INFO - Filling up the DagBag from /opt/airflow/dags/stock_market_success_forced.py
[2025-08-14T22:02:32.771+0000] {processor.py:840} INFO - DAG(s) 'stock_market_success_forced' retrieved from /opt/airflow/dags/stock_market_success_forced.py
[2025-08-14T22:02:32.797+0000] {logging_mixin.py:188} INFO - [2025-08-14T22:02:32.797+0000] {dag.py:3036} INFO - Sync 1 DAGs
[2025-08-14T22:02:32.821+0000] {logging_mixin.py:188} INFO - [2025-08-14T22:02:32.820+0000] {dag.py:3823} INFO - Setting next_dagrun for stock_market_success_forced to None, run_after=None
[2025-08-14T22:02:32.837+0000] {processor.py:183} INFO - Processing /opt/airflow/dags/stock_market_success_forced.py took 0.089 seconds
[2025-08-14T22:02:43.143+0000] {processor.py:161} INFO - Started process (PID=32723) to work on /opt/airflow/dags/stock_market_success_forced.py
[2025-08-14T22:02:43.145+0000] {processor.py:830} INFO - Processing file /opt/airflow/dags/stock_market_success_forced.py for tasks to queue
[2025-08-14T22:02:43.146+0000] {logging_mixin.py:188} INFO - [2025-08-14T22:02:43.145+0000] {dagbag.py:538} INFO - Filling up the DagBag from /opt/airflow/dags/stock_market_success_forced.py
[2025-08-14T22:02:43.163+0000] {processor.py:840} INFO - DAG(s) 'stock_market_success_forced' retrieved from /opt/airflow/dags/stock_market_success_forced.py
[2025-08-14T22:02:43.181+0000] {logging_mixin.py:188} INFO - [2025-08-14T22:02:43.181+0000] {dag.py:3036} INFO - Sync 1 DAGs
[2025-08-14T22:02:43.196+0000] {logging_mixin.py:188} INFO - [2025-08-14T22:02:43.196+0000] {dag.py:3823} INFO - Setting next_dagrun for stock_market_success_forced to None, run_after=None
[2025-08-14T22:02:43.211+0000] {processor.py:183} INFO - Processing /opt/airflow/dags/stock_market_success_forced.py took 0.078 seconds
[2025-08-14T22:02:53.450+0000] {processor.py:161} INFO - Started process (PID=32738) to work on /opt/airflow/dags/stock_market_success_forced.py
[2025-08-14T22:02:53.452+0000] {processor.py:830} INFO - Processing file /opt/airflow/dags/stock_market_success_forced.py for tasks to queue
[2025-08-14T22:02:53.453+0000] {logging_mixin.py:188} INFO - [2025-08-14T22:02:53.453+0000] {dagbag.py:538} INFO - Filling up the DagBag from /opt/airflow/dags/stock_market_success_forced.py
[2025-08-14T22:02:53.493+0000] {processor.py:840} INFO - DAG(s) 'stock_market_success_forced' retrieved from /opt/airflow/dags/stock_market_success_forced.py
[2025-08-14T22:02:53.540+0000] {logging_mixin.py:188} INFO - [2025-08-14T22:02:53.540+0000] {dag.py:3036} INFO - Sync 1 DAGs
[2025-08-14T22:02:53.556+0000] {logging_mixin.py:188} INFO - [2025-08-14T22:02:53.556+0000] {dag.py:3823} INFO - Setting next_dagrun for stock_market_success_forced to None, run_after=None
[2025-08-14T22:02:53.577+0000] {processor.py:183} INFO - Processing /opt/airflow/dags/stock_market_success_forced.py took 0.142 seconds
[2025-08-14T22:03:03.781+0000] {processor.py:161} INFO - Started process (PID=32753) to work on /opt/airflow/dags/stock_market_success_forced.py
[2025-08-14T22:03:03.784+0000] {processor.py:830} INFO - Processing file /opt/airflow/dags/stock_market_success_forced.py for tasks to queue
[2025-08-14T22:03:03.789+0000] {logging_mixin.py:188} INFO - [2025-08-14T22:03:03.788+0000] {dagbag.py:538} INFO - Filling up the DagBag from /opt/airflow/dags/stock_market_success_forced.py
[2025-08-14T22:03:03.813+0000] {processor.py:840} INFO - DAG(s) 'stock_market_success_forced' retrieved from /opt/airflow/dags/stock_market_success_forced.py
[2025-08-14T22:03:03.863+0000] {logging_mixin.py:188} INFO - [2025-08-14T22:03:03.863+0000] {dag.py:3036} INFO - Sync 1 DAGs
[2025-08-14T22:03:03.880+0000] {logging_mixin.py:188} INFO - [2025-08-14T22:03:03.879+0000] {dag.py:3823} INFO - Setting next_dagrun for stock_market_success_forced to None, run_after=None
[2025-08-14T22:03:03.895+0000] {processor.py:183} INFO - Processing /opt/airflow/dags/stock_market_success_forced.py took 0.131 seconds
[2025-08-14T22:03:14.404+0000] {processor.py:161} INFO - Started process (PID=32768) to work on /opt/airflow/dags/stock_market_success_forced.py
[2025-08-14T22:03:14.406+0000] {processor.py:830} INFO - Processing file /opt/airflow/dags/stock_market_success_forced.py for tasks to queue
[2025-08-14T22:03:14.406+0000] {logging_mixin.py:188} INFO - [2025-08-14T22:03:14.406+0000] {dagbag.py:538} INFO - Filling up the DagBag from /opt/airflow/dags/stock_market_success_forced.py
[2025-08-14T22:03:14.429+0000] {processor.py:840} INFO - DAG(s) 'stock_market_success_forced' retrieved from /opt/airflow/dags/stock_market_success_forced.py
[2025-08-14T22:03:14.459+0000] {logging_mixin.py:188} INFO - [2025-08-14T22:03:14.459+0000] {dag.py:3036} INFO - Sync 1 DAGs
[2025-08-14T22:03:14.473+0000] {logging_mixin.py:188} INFO - [2025-08-14T22:03:14.473+0000] {dag.py:3823} INFO - Setting next_dagrun for stock_market_success_forced to None, run_after=None
[2025-08-14T22:03:14.485+0000] {processor.py:183} INFO - Processing /opt/airflow/dags/stock_market_success_forced.py took 0.087 seconds
[2025-08-14T22:03:24.658+0000] {processor.py:161} INFO - Started process (PID=32783) to work on /opt/airflow/dags/stock_market_success_forced.py
[2025-08-14T22:03:24.661+0000] {processor.py:830} INFO - Processing file /opt/airflow/dags/stock_market_success_forced.py for tasks to queue
[2025-08-14T22:03:24.662+0000] {logging_mixin.py:188} INFO - [2025-08-14T22:03:24.662+0000] {dagbag.py:538} INFO - Filling up the DagBag from /opt/airflow/dags/stock_market_success_forced.py
[2025-08-14T22:03:24.691+0000] {processor.py:840} INFO - DAG(s) 'stock_market_success_forced' retrieved from /opt/airflow/dags/stock_market_success_forced.py
[2025-08-14T22:03:24.731+0000] {logging_mixin.py:188} INFO - [2025-08-14T22:03:24.731+0000] {dag.py:3036} INFO - Sync 1 DAGs
[2025-08-14T22:03:24.741+0000] {logging_mixin.py:188} INFO - [2025-08-14T22:03:24.741+0000] {dag.py:3823} INFO - Setting next_dagrun for stock_market_success_forced to None, run_after=None
[2025-08-14T22:03:24.754+0000] {processor.py:183} INFO - Processing /opt/airflow/dags/stock_market_success_forced.py took 0.102 seconds
[2025-08-14T22:03:35.418+0000] {processor.py:161} INFO - Started process (PID=32798) to work on /opt/airflow/dags/stock_market_success_forced.py
[2025-08-14T22:03:35.419+0000] {processor.py:830} INFO - Processing file /opt/airflow/dags/stock_market_success_forced.py for tasks to queue
[2025-08-14T22:03:35.420+0000] {logging_mixin.py:188} INFO - [2025-08-14T22:03:35.420+0000] {dagbag.py:538} INFO - Filling up the DagBag from /opt/airflow/dags/stock_market_success_forced.py
[2025-08-14T22:03:35.439+0000] {processor.py:840} INFO - DAG(s) 'stock_market_success_forced' retrieved from /opt/airflow/dags/stock_market_success_forced.py
[2025-08-14T22:03:35.476+0000] {logging_mixin.py:188} INFO - [2025-08-14T22:03:35.476+0000] {dag.py:3036} INFO - Sync 1 DAGs
[2025-08-14T22:03:35.494+0000] {logging_mixin.py:188} INFO - [2025-08-14T22:03:35.493+0000] {dag.py:3823} INFO - Setting next_dagrun for stock_market_success_forced to None, run_after=None
[2025-08-14T22:03:35.508+0000] {processor.py:183} INFO - Processing /opt/airflow/dags/stock_market_success_forced.py took 0.093 seconds
[2025-08-14T22:03:45.768+0000] {processor.py:161} INFO - Started process (PID=32813) to work on /opt/airflow/dags/stock_market_success_forced.py
[2025-08-14T22:03:45.769+0000] {processor.py:830} INFO - Processing file /opt/airflow/dags/stock_market_success_forced.py for tasks to queue
[2025-08-14T22:03:45.770+0000] {logging_mixin.py:188} INFO - [2025-08-14T22:03:45.770+0000] {dagbag.py:538} INFO - Filling up the DagBag from /opt/airflow/dags/stock_market_success_forced.py
[2025-08-14T22:03:45.792+0000] {processor.py:840} INFO - DAG(s) 'stock_market_success_forced' retrieved from /opt/airflow/dags/stock_market_success_forced.py
[2025-08-14T22:03:45.832+0000] {logging_mixin.py:188} INFO - [2025-08-14T22:03:45.832+0000] {dag.py:3036} INFO - Sync 1 DAGs
[2025-08-14T22:03:45.853+0000] {logging_mixin.py:188} INFO - [2025-08-14T22:03:45.853+0000] {dag.py:3823} INFO - Setting next_dagrun for stock_market_success_forced to None, run_after=None
[2025-08-14T22:03:45.875+0000] {processor.py:183} INFO - Processing /opt/airflow/dags/stock_market_success_forced.py took 0.122 seconds
[2025-08-14T22:03:56.103+0000] {processor.py:161} INFO - Started process (PID=32828) to work on /opt/airflow/dags/stock_market_success_forced.py
[2025-08-14T22:03:56.105+0000] {processor.py:830} INFO - Processing file /opt/airflow/dags/stock_market_success_forced.py for tasks to queue
[2025-08-14T22:03:56.105+0000] {logging_mixin.py:188} INFO - [2025-08-14T22:03:56.105+0000] {dagbag.py:538} INFO - Filling up the DagBag from /opt/airflow/dags/stock_market_success_forced.py
[2025-08-14T22:03:56.124+0000] {processor.py:840} INFO - DAG(s) 'stock_market_success_forced' retrieved from /opt/airflow/dags/stock_market_success_forced.py
[2025-08-14T22:03:56.170+0000] {logging_mixin.py:188} INFO - [2025-08-14T22:03:56.170+0000] {dag.py:3036} INFO - Sync 1 DAGs
[2025-08-14T22:03:56.190+0000] {logging_mixin.py:188} INFO - [2025-08-14T22:03:56.190+0000] {dag.py:3823} INFO - Setting next_dagrun for stock_market_success_forced to None, run_after=None
[2025-08-14T22:03:56.205+0000] {processor.py:183} INFO - Processing /opt/airflow/dags/stock_market_success_forced.py took 0.107 seconds
[2025-08-14T22:04:06.904+0000] {processor.py:161} INFO - Started process (PID=32843) to work on /opt/airflow/dags/stock_market_success_forced.py
[2025-08-14T22:04:06.908+0000] {processor.py:830} INFO - Processing file /opt/airflow/dags/stock_market_success_forced.py for tasks to queue
[2025-08-14T22:04:06.909+0000] {logging_mixin.py:188} INFO - [2025-08-14T22:04:06.909+0000] {dagbag.py:538} INFO - Filling up the DagBag from /opt/airflow/dags/stock_market_success_forced.py
[2025-08-14T22:04:06.933+0000] {processor.py:840} INFO - DAG(s) 'stock_market_success_forced' retrieved from /opt/airflow/dags/stock_market_success_forced.py
[2025-08-14T22:04:06.964+0000] {logging_mixin.py:188} INFO - [2025-08-14T22:04:06.964+0000] {dag.py:3036} INFO - Sync 1 DAGs
[2025-08-14T22:04:06.977+0000] {logging_mixin.py:188} INFO - [2025-08-14T22:04:06.977+0000] {dag.py:3823} INFO - Setting next_dagrun for stock_market_success_forced to None, run_after=None
[2025-08-14T22:04:06.994+0000] {processor.py:183} INFO - Processing /opt/airflow/dags/stock_market_success_forced.py took 0.094 seconds
[2025-08-14T22:04:17.224+0000] {processor.py:161} INFO - Started process (PID=32872) to work on /opt/airflow/dags/stock_market_success_forced.py
[2025-08-14T22:04:17.227+0000] {processor.py:830} INFO - Processing file /opt/airflow/dags/stock_market_success_forced.py for tasks to queue
[2025-08-14T22:04:17.228+0000] {logging_mixin.py:188} INFO - [2025-08-14T22:04:17.227+0000] {dagbag.py:538} INFO - Filling up the DagBag from /opt/airflow/dags/stock_market_success_forced.py
[2025-08-14T22:04:17.257+0000] {processor.py:840} INFO - DAG(s) 'stock_market_success_forced' retrieved from /opt/airflow/dags/stock_market_success_forced.py
[2025-08-14T22:04:17.292+0000] {logging_mixin.py:188} INFO - [2025-08-14T22:04:17.292+0000] {dag.py:3036} INFO - Sync 1 DAGs
[2025-08-14T22:04:17.311+0000] {logging_mixin.py:188} INFO - [2025-08-14T22:04:17.310+0000] {dag.py:3823} INFO - Setting next_dagrun for stock_market_success_forced to None, run_after=None
[2025-08-14T22:04:17.326+0000] {processor.py:183} INFO - Processing /opt/airflow/dags/stock_market_success_forced.py took 0.112 seconds
[2025-08-14T22:04:28.008+0000] {processor.py:161} INFO - Started process (PID=32887) to work on /opt/airflow/dags/stock_market_success_forced.py
[2025-08-14T22:04:28.011+0000] {processor.py:830} INFO - Processing file /opt/airflow/dags/stock_market_success_forced.py for tasks to queue
[2025-08-14T22:04:28.013+0000] {logging_mixin.py:188} INFO - [2025-08-14T22:04:28.012+0000] {dagbag.py:538} INFO - Filling up the DagBag from /opt/airflow/dags/stock_market_success_forced.py
[2025-08-14T22:04:28.037+0000] {processor.py:840} INFO - DAG(s) 'stock_market_success_forced' retrieved from /opt/airflow/dags/stock_market_success_forced.py
[2025-08-14T22:04:28.094+0000] {logging_mixin.py:188} INFO - [2025-08-14T22:04:28.094+0000] {dag.py:3036} INFO - Sync 1 DAGs
[2025-08-14T22:04:28.131+0000] {logging_mixin.py:188} INFO - [2025-08-14T22:04:28.131+0000] {dag.py:3823} INFO - Setting next_dagrun for stock_market_success_forced to None, run_after=None
[2025-08-14T22:04:28.163+0000] {processor.py:183} INFO - Processing /opt/airflow/dags/stock_market_success_forced.py took 0.166 seconds
[2025-08-14T22:04:38.373+0000] {processor.py:161} INFO - Started process (PID=32902) to work on /opt/airflow/dags/stock_market_success_forced.py
[2025-08-14T22:04:38.375+0000] {processor.py:830} INFO - Processing file /opt/airflow/dags/stock_market_success_forced.py for tasks to queue
[2025-08-14T22:04:38.376+0000] {logging_mixin.py:188} INFO - [2025-08-14T22:04:38.376+0000] {dagbag.py:538} INFO - Filling up the DagBag from /opt/airflow/dags/stock_market_success_forced.py
[2025-08-14T22:04:38.396+0000] {processor.py:840} INFO - DAG(s) 'stock_market_success_forced' retrieved from /opt/airflow/dags/stock_market_success_forced.py
[2025-08-14T22:04:38.452+0000] {logging_mixin.py:188} INFO - [2025-08-14T22:04:38.451+0000] {dag.py:3036} INFO - Sync 1 DAGs
[2025-08-14T22:04:38.478+0000] {logging_mixin.py:188} INFO - [2025-08-14T22:04:38.478+0000] {dag.py:3823} INFO - Setting next_dagrun for stock_market_success_forced to None, run_after=None
[2025-08-14T22:04:38.497+0000] {processor.py:183} INFO - Processing /opt/airflow/dags/stock_market_success_forced.py took 0.133 seconds
[2025-08-14T22:04:48.858+0000] {processor.py:161} INFO - Started process (PID=32917) to work on /opt/airflow/dags/stock_market_success_forced.py
[2025-08-14T22:04:48.860+0000] {processor.py:830} INFO - Processing file /opt/airflow/dags/stock_market_success_forced.py for tasks to queue
[2025-08-14T22:04:48.861+0000] {logging_mixin.py:188} INFO - [2025-08-14T22:04:48.861+0000] {dagbag.py:538} INFO - Filling up the DagBag from /opt/airflow/dags/stock_market_success_forced.py
[2025-08-14T22:04:48.879+0000] {processor.py:840} INFO - DAG(s) 'stock_market_success_forced' retrieved from /opt/airflow/dags/stock_market_success_forced.py
[2025-08-14T22:04:48.920+0000] {logging_mixin.py:188} INFO - [2025-08-14T22:04:48.920+0000] {dag.py:3036} INFO - Sync 1 DAGs
[2025-08-14T22:04:48.936+0000] {logging_mixin.py:188} INFO - [2025-08-14T22:04:48.936+0000] {dag.py:3823} INFO - Setting next_dagrun for stock_market_success_forced to None, run_after=None
[2025-08-14T22:04:48.954+0000] {processor.py:183} INFO - Processing /opt/airflow/dags/stock_market_success_forced.py took 0.104 seconds
[2025-08-14T22:04:59.255+0000] {processor.py:161} INFO - Started process (PID=32932) to work on /opt/airflow/dags/stock_market_success_forced.py
[2025-08-14T22:04:59.258+0000] {processor.py:830} INFO - Processing file /opt/airflow/dags/stock_market_success_forced.py for tasks to queue
[2025-08-14T22:04:59.259+0000] {logging_mixin.py:188} INFO - [2025-08-14T22:04:59.259+0000] {dagbag.py:538} INFO - Filling up the DagBag from /opt/airflow/dags/stock_market_success_forced.py
[2025-08-14T22:04:59.276+0000] {processor.py:840} INFO - DAG(s) 'stock_market_success_forced' retrieved from /opt/airflow/dags/stock_market_success_forced.py
[2025-08-14T22:04:59.313+0000] {logging_mixin.py:188} INFO - [2025-08-14T22:04:59.313+0000] {dag.py:3036} INFO - Sync 1 DAGs
[2025-08-14T22:04:59.333+0000] {logging_mixin.py:188} INFO - [2025-08-14T22:04:59.333+0000] {dag.py:3823} INFO - Setting next_dagrun for stock_market_success_forced to None, run_after=None
[2025-08-14T22:04:59.347+0000] {processor.py:183} INFO - Processing /opt/airflow/dags/stock_market_success_forced.py took 0.100 seconds
[2025-08-14T22:05:09.450+0000] {processor.py:161} INFO - Started process (PID=32947) to work on /opt/airflow/dags/stock_market_success_forced.py
[2025-08-14T22:05:09.451+0000] {processor.py:830} INFO - Processing file /opt/airflow/dags/stock_market_success_forced.py for tasks to queue
[2025-08-14T22:05:09.452+0000] {logging_mixin.py:188} INFO - [2025-08-14T22:05:09.451+0000] {dagbag.py:538} INFO - Filling up the DagBag from /opt/airflow/dags/stock_market_success_forced.py
[2025-08-14T22:05:09.468+0000] {processor.py:840} INFO - DAG(s) 'stock_market_success_forced' retrieved from /opt/airflow/dags/stock_market_success_forced.py
[2025-08-14T22:05:09.500+0000] {logging_mixin.py:188} INFO - [2025-08-14T22:05:09.500+0000] {dag.py:3036} INFO - Sync 1 DAGs
[2025-08-14T22:05:09.517+0000] {logging_mixin.py:188} INFO - [2025-08-14T22:05:09.516+0000] {dag.py:3823} INFO - Setting next_dagrun for stock_market_success_forced to None, run_after=None
[2025-08-14T22:05:09.535+0000] {processor.py:183} INFO - Processing /opt/airflow/dags/stock_market_success_forced.py took 0.090 seconds
[2025-08-14T22:05:19.720+0000] {processor.py:161} INFO - Started process (PID=32962) to work on /opt/airflow/dags/stock_market_success_forced.py
[2025-08-14T22:05:19.721+0000] {processor.py:830} INFO - Processing file /opt/airflow/dags/stock_market_success_forced.py for tasks to queue
[2025-08-14T22:05:19.722+0000] {logging_mixin.py:188} INFO - [2025-08-14T22:05:19.722+0000] {dagbag.py:538} INFO - Filling up the DagBag from /opt/airflow/dags/stock_market_success_forced.py
[2025-08-14T22:05:19.736+0000] {processor.py:840} INFO - DAG(s) 'stock_market_success_forced' retrieved from /opt/airflow/dags/stock_market_success_forced.py
[2025-08-14T22:05:19.763+0000] {logging_mixin.py:188} INFO - [2025-08-14T22:05:19.763+0000] {dag.py:3036} INFO - Sync 1 DAGs
[2025-08-14T22:05:19.778+0000] {logging_mixin.py:188} INFO - [2025-08-14T22:05:19.778+0000] {dag.py:3823} INFO - Setting next_dagrun for stock_market_success_forced to None, run_after=None
[2025-08-14T22:05:19.793+0000] {processor.py:183} INFO - Processing /opt/airflow/dags/stock_market_success_forced.py took 0.086 seconds
[2025-08-14T22:05:30.186+0000] {processor.py:161} INFO - Started process (PID=32991) to work on /opt/airflow/dags/stock_market_success_forced.py
[2025-08-14T22:05:30.188+0000] {processor.py:830} INFO - Processing file /opt/airflow/dags/stock_market_success_forced.py for tasks to queue
[2025-08-14T22:05:30.189+0000] {logging_mixin.py:188} INFO - [2025-08-14T22:05:30.189+0000] {dagbag.py:538} INFO - Filling up the DagBag from /opt/airflow/dags/stock_market_success_forced.py
[2025-08-14T22:05:30.236+0000] {processor.py:840} INFO - DAG(s) 'stock_market_success_forced' retrieved from /opt/airflow/dags/stock_market_success_forced.py
[2025-08-14T22:05:30.299+0000] {logging_mixin.py:188} INFO - [2025-08-14T22:05:30.298+0000] {dag.py:3036} INFO - Sync 1 DAGs
[2025-08-14T22:05:30.315+0000] {logging_mixin.py:188} INFO - [2025-08-14T22:05:30.315+0000] {dag.py:3823} INFO - Setting next_dagrun for stock_market_success_forced to None, run_after=None
[2025-08-14T22:05:30.328+0000] {processor.py:183} INFO - Processing /opt/airflow/dags/stock_market_success_forced.py took 0.155 seconds
[2025-08-14T22:05:41.291+0000] {processor.py:161} INFO - Started process (PID=33006) to work on /opt/airflow/dags/stock_market_success_forced.py
[2025-08-14T22:05:41.294+0000] {processor.py:830} INFO - Processing file /opt/airflow/dags/stock_market_success_forced.py for tasks to queue
[2025-08-14T22:05:41.297+0000] {logging_mixin.py:188} INFO - [2025-08-14T22:05:41.296+0000] {dagbag.py:538} INFO - Filling up the DagBag from /opt/airflow/dags/stock_market_success_forced.py
[2025-08-14T22:05:41.326+0000] {processor.py:840} INFO - DAG(s) 'stock_market_success_forced' retrieved from /opt/airflow/dags/stock_market_success_forced.py
[2025-08-14T22:05:41.382+0000] {logging_mixin.py:188} INFO - [2025-08-14T22:05:41.381+0000] {dag.py:3036} INFO - Sync 1 DAGs
[2025-08-14T22:05:41.394+0000] {logging_mixin.py:188} INFO - [2025-08-14T22:05:41.394+0000] {dag.py:3823} INFO - Setting next_dagrun for stock_market_success_forced to None, run_after=None
[2025-08-14T22:05:41.409+0000] {processor.py:183} INFO - Processing /opt/airflow/dags/stock_market_success_forced.py took 0.126 seconds
[2025-08-14T22:05:51.617+0000] {processor.py:161} INFO - Started process (PID=33021) to work on /opt/airflow/dags/stock_market_success_forced.py
[2025-08-14T22:05:51.622+0000] {processor.py:830} INFO - Processing file /opt/airflow/dags/stock_market_success_forced.py for tasks to queue
[2025-08-14T22:05:51.623+0000] {logging_mixin.py:188} INFO - [2025-08-14T22:05:51.623+0000] {dagbag.py:538} INFO - Filling up the DagBag from /opt/airflow/dags/stock_market_success_forced.py
[2025-08-14T22:05:51.657+0000] {processor.py:840} INFO - DAG(s) 'stock_market_success_forced' retrieved from /opt/airflow/dags/stock_market_success_forced.py
[2025-08-14T22:05:51.701+0000] {logging_mixin.py:188} INFO - [2025-08-14T22:05:51.701+0000] {dag.py:3036} INFO - Sync 1 DAGs
[2025-08-14T22:05:51.714+0000] {logging_mixin.py:188} INFO - [2025-08-14T22:05:51.714+0000] {dag.py:3823} INFO - Setting next_dagrun for stock_market_success_forced to None, run_after=None
[2025-08-14T22:05:51.734+0000] {processor.py:183} INFO - Processing /opt/airflow/dags/stock_market_success_forced.py took 0.132 seconds
[2025-08-14T22:06:02.101+0000] {processor.py:161} INFO - Started process (PID=33036) to work on /opt/airflow/dags/stock_market_success_forced.py
[2025-08-14T22:06:02.104+0000] {processor.py:830} INFO - Processing file /opt/airflow/dags/stock_market_success_forced.py for tasks to queue
[2025-08-14T22:06:02.105+0000] {logging_mixin.py:188} INFO - [2025-08-14T22:06:02.104+0000] {dagbag.py:538} INFO - Filling up the DagBag from /opt/airflow/dags/stock_market_success_forced.py
[2025-08-14T22:06:02.133+0000] {processor.py:840} INFO - DAG(s) 'stock_market_success_forced' retrieved from /opt/airflow/dags/stock_market_success_forced.py
[2025-08-14T22:06:02.187+0000] {logging_mixin.py:188} INFO - [2025-08-14T22:06:02.186+0000] {dag.py:3036} INFO - Sync 1 DAGs
[2025-08-14T22:06:02.201+0000] {logging_mixin.py:188} INFO - [2025-08-14T22:06:02.201+0000] {dag.py:3823} INFO - Setting next_dagrun for stock_market_success_forced to None, run_after=None
[2025-08-14T22:06:02.220+0000] {processor.py:183} INFO - Processing /opt/airflow/dags/stock_market_success_forced.py took 0.130 seconds
[2025-08-14T22:06:12.476+0000] {processor.py:161} INFO - Started process (PID=33051) to work on /opt/airflow/dags/stock_market_success_forced.py
[2025-08-14T22:06:12.479+0000] {processor.py:830} INFO - Processing file /opt/airflow/dags/stock_market_success_forced.py for tasks to queue
[2025-08-14T22:06:12.481+0000] {logging_mixin.py:188} INFO - [2025-08-14T22:06:12.480+0000] {dagbag.py:538} INFO - Filling up the DagBag from /opt/airflow/dags/stock_market_success_forced.py
[2025-08-14T22:06:12.520+0000] {processor.py:840} INFO - DAG(s) 'stock_market_success_forced' retrieved from /opt/airflow/dags/stock_market_success_forced.py
[2025-08-14T22:06:12.581+0000] {logging_mixin.py:188} INFO - [2025-08-14T22:06:12.581+0000] {dag.py:3036} INFO - Sync 1 DAGs
[2025-08-14T22:06:12.595+0000] {logging_mixin.py:188} INFO - [2025-08-14T22:06:12.594+0000] {dag.py:3823} INFO - Setting next_dagrun for stock_market_success_forced to None, run_after=None
[2025-08-14T22:06:12.611+0000] {processor.py:183} INFO - Processing /opt/airflow/dags/stock_market_success_forced.py took 0.149 seconds
[2025-08-14T22:06:22.981+0000] {processor.py:161} INFO - Started process (PID=33068) to work on /opt/airflow/dags/stock_market_success_forced.py
[2025-08-14T22:06:22.984+0000] {processor.py:830} INFO - Processing file /opt/airflow/dags/stock_market_success_forced.py for tasks to queue
[2025-08-14T22:06:22.987+0000] {logging_mixin.py:188} INFO - [2025-08-14T22:06:22.986+0000] {dagbag.py:538} INFO - Filling up the DagBag from /opt/airflow/dags/stock_market_success_forced.py
[2025-08-14T22:06:23.007+0000] {processor.py:840} INFO - DAG(s) 'stock_market_success_forced' retrieved from /opt/airflow/dags/stock_market_success_forced.py
[2025-08-14T22:06:23.044+0000] {logging_mixin.py:188} INFO - [2025-08-14T22:06:23.044+0000] {dag.py:3036} INFO - Sync 1 DAGs
[2025-08-14T22:06:23.060+0000] {logging_mixin.py:188} INFO - [2025-08-14T22:06:23.060+0000] {dag.py:3823} INFO - Setting next_dagrun for stock_market_success_forced to None, run_after=None
[2025-08-14T22:06:23.082+0000] {processor.py:183} INFO - Processing /opt/airflow/dags/stock_market_success_forced.py took 0.106 seconds
[2025-08-14T22:06:33.659+0000] {processor.py:161} INFO - Started process (PID=33095) to work on /opt/airflow/dags/stock_market_success_forced.py
[2025-08-14T22:06:33.670+0000] {processor.py:830} INFO - Processing file /opt/airflow/dags/stock_market_success_forced.py for tasks to queue
[2025-08-14T22:06:33.675+0000] {logging_mixin.py:188} INFO - [2025-08-14T22:06:33.673+0000] {dagbag.py:538} INFO - Filling up the DagBag from /opt/airflow/dags/stock_market_success_forced.py
[2025-08-14T22:06:33.695+0000] {processor.py:840} INFO - DAG(s) 'stock_market_success_forced' retrieved from /opt/airflow/dags/stock_market_success_forced.py
[2025-08-14T22:06:33.733+0000] {logging_mixin.py:188} INFO - [2025-08-14T22:06:33.733+0000] {dag.py:3036} INFO - Sync 1 DAGs
[2025-08-14T22:06:33.747+0000] {logging_mixin.py:188} INFO - [2025-08-14T22:06:33.747+0000] {dag.py:3823} INFO - Setting next_dagrun for stock_market_success_forced to None, run_after=None
[2025-08-14T22:06:33.766+0000] {processor.py:183} INFO - Processing /opt/airflow/dags/stock_market_success_forced.py took 0.121 seconds
[2025-08-14T22:06:44.186+0000] {processor.py:161} INFO - Started process (PID=33110) to work on /opt/airflow/dags/stock_market_success_forced.py
[2025-08-14T22:06:44.196+0000] {processor.py:830} INFO - Processing file /opt/airflow/dags/stock_market_success_forced.py for tasks to queue
[2025-08-14T22:06:44.197+0000] {logging_mixin.py:188} INFO - [2025-08-14T22:06:44.197+0000] {dagbag.py:538} INFO - Filling up the DagBag from /opt/airflow/dags/stock_market_success_forced.py
[2025-08-14T22:06:44.217+0000] {processor.py:840} INFO - DAG(s) 'stock_market_success_forced' retrieved from /opt/airflow/dags/stock_market_success_forced.py
[2025-08-14T22:06:44.289+0000] {logging_mixin.py:188} INFO - [2025-08-14T22:06:44.288+0000] {dag.py:3036} INFO - Sync 1 DAGs
[2025-08-14T22:06:44.321+0000] {logging_mixin.py:188} INFO - [2025-08-14T22:06:44.320+0000] {dag.py:3823} INFO - Setting next_dagrun for stock_market_success_forced to None, run_after=None
[2025-08-14T22:06:44.344+0000] {processor.py:183} INFO - Processing /opt/airflow/dags/stock_market_success_forced.py took 0.169 seconds
[2025-08-14T22:06:54.653+0000] {processor.py:161} INFO - Started process (PID=33125) to work on /opt/airflow/dags/stock_market_success_forced.py
[2025-08-14T22:06:54.664+0000] {processor.py:830} INFO - Processing file /opt/airflow/dags/stock_market_success_forced.py for tasks to queue
[2025-08-14T22:06:54.667+0000] {logging_mixin.py:188} INFO - [2025-08-14T22:06:54.666+0000] {dagbag.py:538} INFO - Filling up the DagBag from /opt/airflow/dags/stock_market_success_forced.py
[2025-08-14T22:06:54.700+0000] {processor.py:840} INFO - DAG(s) 'stock_market_success_forced' retrieved from /opt/airflow/dags/stock_market_success_forced.py
[2025-08-14T22:06:54.738+0000] {logging_mixin.py:188} INFO - [2025-08-14T22:06:54.738+0000] {dag.py:3036} INFO - Sync 1 DAGs
[2025-08-14T22:06:54.760+0000] {logging_mixin.py:188} INFO - [2025-08-14T22:06:54.760+0000] {dag.py:3823} INFO - Setting next_dagrun for stock_market_success_forced to None, run_after=None
[2025-08-14T22:06:54.772+0000] {processor.py:183} INFO - Processing /opt/airflow/dags/stock_market_success_forced.py took 0.127 seconds
[2025-08-14T22:07:05.002+0000] {processor.py:161} INFO - Started process (PID=33140) to work on /opt/airflow/dags/stock_market_success_forced.py
[2025-08-14T22:07:05.005+0000] {processor.py:830} INFO - Processing file /opt/airflow/dags/stock_market_success_forced.py for tasks to queue
[2025-08-14T22:07:05.008+0000] {logging_mixin.py:188} INFO - [2025-08-14T22:07:05.006+0000] {dagbag.py:538} INFO - Filling up the DagBag from /opt/airflow/dags/stock_market_success_forced.py
[2025-08-14T22:07:05.045+0000] {processor.py:840} INFO - DAG(s) 'stock_market_success_forced' retrieved from /opt/airflow/dags/stock_market_success_forced.py
[2025-08-14T22:07:05.095+0000] {logging_mixin.py:188} INFO - [2025-08-14T22:07:05.094+0000] {dag.py:3036} INFO - Sync 1 DAGs
[2025-08-14T22:07:05.110+0000] {logging_mixin.py:188} INFO - [2025-08-14T22:07:05.110+0000] {dag.py:3823} INFO - Setting next_dagrun for stock_market_success_forced to None, run_after=None
[2025-08-14T22:07:05.143+0000] {processor.py:183} INFO - Processing /opt/airflow/dags/stock_market_success_forced.py took 0.155 seconds
[2025-08-14T22:07:15.619+0000] {processor.py:161} INFO - Started process (PID=33155) to work on /opt/airflow/dags/stock_market_success_forced.py
[2025-08-14T22:07:15.631+0000] {processor.py:830} INFO - Processing file /opt/airflow/dags/stock_market_success_forced.py for tasks to queue
[2025-08-14T22:07:15.635+0000] {logging_mixin.py:188} INFO - [2025-08-14T22:07:15.634+0000] {dagbag.py:538} INFO - Filling up the DagBag from /opt/airflow/dags/stock_market_success_forced.py
[2025-08-14T22:07:15.680+0000] {processor.py:840} INFO - DAG(s) 'stock_market_success_forced' retrieved from /opt/airflow/dags/stock_market_success_forced.py
[2025-08-14T22:07:15.803+0000] {logging_mixin.py:188} INFO - [2025-08-14T22:07:15.803+0000] {dag.py:3036} INFO - Sync 1 DAGs
[2025-08-14T22:07:15.824+0000] {logging_mixin.py:188} INFO - [2025-08-14T22:07:15.823+0000] {dag.py:3823} INFO - Setting next_dagrun for stock_market_success_forced to None, run_after=None
[2025-08-14T22:07:15.869+0000] {processor.py:183} INFO - Processing /opt/airflow/dags/stock_market_success_forced.py took 0.288 seconds
[2025-08-14T22:07:26.334+0000] {processor.py:161} INFO - Started process (PID=33175) to work on /opt/airflow/dags/stock_market_success_forced.py
[2025-08-14T22:07:26.350+0000] {processor.py:830} INFO - Processing file /opt/airflow/dags/stock_market_success_forced.py for tasks to queue
[2025-08-14T22:07:26.352+0000] {logging_mixin.py:188} INFO - [2025-08-14T22:07:26.351+0000] {dagbag.py:538} INFO - Filling up the DagBag from /opt/airflow/dags/stock_market_success_forced.py
[2025-08-14T22:07:26.381+0000] {processor.py:840} INFO - DAG(s) 'stock_market_success_forced' retrieved from /opt/airflow/dags/stock_market_success_forced.py
[2025-08-14T22:07:26.456+0000] {logging_mixin.py:188} INFO - [2025-08-14T22:07:26.455+0000] {dag.py:3036} INFO - Sync 1 DAGs
[2025-08-14T22:07:26.491+0000] {logging_mixin.py:188} INFO - [2025-08-14T22:07:26.490+0000] {dag.py:3823} INFO - Setting next_dagrun for stock_market_success_forced to None, run_after=None
[2025-08-14T22:07:26.541+0000] {processor.py:183} INFO - Processing /opt/airflow/dags/stock_market_success_forced.py took 0.219 seconds
[2025-08-14T22:07:36.940+0000] {processor.py:161} INFO - Started process (PID=33195) to work on /opt/airflow/dags/stock_market_success_forced.py
[2025-08-14T22:07:36.943+0000] {processor.py:830} INFO - Processing file /opt/airflow/dags/stock_market_success_forced.py for tasks to queue
[2025-08-14T22:07:36.945+0000] {logging_mixin.py:188} INFO - [2025-08-14T22:07:36.944+0000] {dagbag.py:538} INFO - Filling up the DagBag from /opt/airflow/dags/stock_market_success_forced.py
[2025-08-14T22:07:36.973+0000] {processor.py:840} INFO - DAG(s) 'stock_market_success_forced' retrieved from /opt/airflow/dags/stock_market_success_forced.py
[2025-08-14T22:07:37.044+0000] {logging_mixin.py:188} INFO - [2025-08-14T22:07:37.044+0000] {dag.py:3036} INFO - Sync 1 DAGs
[2025-08-14T22:07:37.068+0000] {logging_mixin.py:188} INFO - [2025-08-14T22:07:37.068+0000] {dag.py:3823} INFO - Setting next_dagrun for stock_market_success_forced to None, run_after=None
[2025-08-14T22:07:37.089+0000] {processor.py:183} INFO - Processing /opt/airflow/dags/stock_market_success_forced.py took 0.165 seconds
[2025-08-14T22:07:49.262+0000] {processor.py:161} INFO - Started process (PID=33213) to work on /opt/airflow/dags/stock_market_success_forced.py
[2025-08-14T22:07:49.267+0000] {processor.py:830} INFO - Processing file /opt/airflow/dags/stock_market_success_forced.py for tasks to queue
[2025-08-14T22:07:49.275+0000] {logging_mixin.py:188} INFO - [2025-08-14T22:07:49.270+0000] {dagbag.py:538} INFO - Filling up the DagBag from /opt/airflow/dags/stock_market_success_forced.py
[2025-08-14T22:07:49.413+0000] {processor.py:840} INFO - DAG(s) 'stock_market_success_forced' retrieved from /opt/airflow/dags/stock_market_success_forced.py
[2025-08-14T22:07:49.592+0000] {logging_mixin.py:188} INFO - [2025-08-14T22:07:49.589+0000] {dag.py:3036} INFO - Sync 1 DAGs
[2025-08-14T22:07:49.797+0000] {logging_mixin.py:188} INFO - [2025-08-14T22:07:49.795+0000] {dag.py:3823} INFO - Setting next_dagrun for stock_market_success_forced to None, run_after=None
[2025-08-14T22:07:49.876+0000] {processor.py:183} INFO - Processing /opt/airflow/dags/stock_market_success_forced.py took 0.677 seconds
[2025-08-14T22:08:00.221+0000] {processor.py:161} INFO - Started process (PID=33233) to work on /opt/airflow/dags/stock_market_success_forced.py
[2025-08-14T22:08:00.224+0000] {processor.py:830} INFO - Processing file /opt/airflow/dags/stock_market_success_forced.py for tasks to queue
[2025-08-14T22:08:00.225+0000] {logging_mixin.py:188} INFO - [2025-08-14T22:08:00.225+0000] {dagbag.py:538} INFO - Filling up the DagBag from /opt/airflow/dags/stock_market_success_forced.py
[2025-08-14T22:08:00.271+0000] {processor.py:840} INFO - DAG(s) 'stock_market_success_forced' retrieved from /opt/airflow/dags/stock_market_success_forced.py
[2025-08-14T22:08:00.423+0000] {logging_mixin.py:188} INFO - [2025-08-14T22:08:00.423+0000] {dag.py:3036} INFO - Sync 1 DAGs
[2025-08-14T22:08:00.458+0000] {logging_mixin.py:188} INFO - [2025-08-14T22:08:00.458+0000] {dag.py:3823} INFO - Setting next_dagrun for stock_market_success_forced to None, run_after=None
[2025-08-14T22:08:00.482+0000] {processor.py:183} INFO - Processing /opt/airflow/dags/stock_market_success_forced.py took 0.275 seconds
[2025-08-14T22:08:11.249+0000] {processor.py:161} INFO - Started process (PID=33253) to work on /opt/airflow/dags/stock_market_success_forced.py
[2025-08-14T22:08:11.254+0000] {processor.py:830} INFO - Processing file /opt/airflow/dags/stock_market_success_forced.py for tasks to queue
[2025-08-14T22:08:11.255+0000] {logging_mixin.py:188} INFO - [2025-08-14T22:08:11.255+0000] {dagbag.py:538} INFO - Filling up the DagBag from /opt/airflow/dags/stock_market_success_forced.py
[2025-08-14T22:08:11.341+0000] {processor.py:840} INFO - DAG(s) 'stock_market_success_forced' retrieved from /opt/airflow/dags/stock_market_success_forced.py
[2025-08-14T22:08:11.418+0000] {logging_mixin.py:188} INFO - [2025-08-14T22:08:11.418+0000] {dag.py:3036} INFO - Sync 1 DAGs
[2025-08-14T22:08:11.437+0000] {logging_mixin.py:188} INFO - [2025-08-14T22:08:11.437+0000] {dag.py:3823} INFO - Setting next_dagrun for stock_market_success_forced to None, run_after=None
[2025-08-14T22:08:11.461+0000] {processor.py:183} INFO - Processing /opt/airflow/dags/stock_market_success_forced.py took 0.222 seconds
[2025-08-14T22:08:22.012+0000] {processor.py:161} INFO - Started process (PID=33272) to work on /opt/airflow/dags/stock_market_success_forced.py
[2025-08-14T22:08:22.015+0000] {processor.py:830} INFO - Processing file /opt/airflow/dags/stock_market_success_forced.py for tasks to queue
[2025-08-14T22:08:22.019+0000] {logging_mixin.py:188} INFO - [2025-08-14T22:08:22.017+0000] {dagbag.py:538} INFO - Filling up the DagBag from /opt/airflow/dags/stock_market_success_forced.py
[2025-08-14T22:08:22.099+0000] {processor.py:840} INFO - DAG(s) 'stock_market_success_forced' retrieved from /opt/airflow/dags/stock_market_success_forced.py
[2025-08-14T22:08:22.308+0000] {logging_mixin.py:188} INFO - [2025-08-14T22:08:22.308+0000] {dag.py:3036} INFO - Sync 1 DAGs
[2025-08-14T22:08:22.369+0000] {logging_mixin.py:188} INFO - [2025-08-14T22:08:22.368+0000] {dag.py:3823} INFO - Setting next_dagrun for stock_market_success_forced to None, run_after=None
[2025-08-14T22:08:22.451+0000] {processor.py:183} INFO - Processing /opt/airflow/dags/stock_market_success_forced.py took 0.458 seconds
[2025-08-14T22:08:35.652+0000] {processor.py:161} INFO - Started process (PID=33292) to work on /opt/airflow/dags/stock_market_success_forced.py
[2025-08-14T22:08:35.803+0000] {processor.py:830} INFO - Processing file /opt/airflow/dags/stock_market_success_forced.py for tasks to queue
[2025-08-14T22:08:35.867+0000] {logging_mixin.py:188} INFO - [2025-08-14T22:08:35.852+0000] {dagbag.py:538} INFO - Filling up the DagBag from /opt/airflow/dags/stock_market_success_forced.py
[2025-08-14T22:08:36.442+0000] {processor.py:840} INFO - DAG(s) 'stock_market_success_forced' retrieved from /opt/airflow/dags/stock_market_success_forced.py
[2025-08-14T22:08:36.653+0000] {logging_mixin.py:188} INFO - [2025-08-14T22:08:36.652+0000] {dag.py:3036} INFO - Sync 1 DAGs
[2025-08-14T22:08:36.691+0000] {logging_mixin.py:188} INFO - [2025-08-14T22:08:36.691+0000] {dag.py:3823} INFO - Setting next_dagrun for stock_market_success_forced to None, run_after=None
[2025-08-14T22:08:36.727+0000] {processor.py:183} INFO - Processing /opt/airflow/dags/stock_market_success_forced.py took 1.457 seconds
[2025-08-14T22:08:47.873+0000] {processor.py:161} INFO - Started process (PID=33313) to work on /opt/airflow/dags/stock_market_success_forced.py
[2025-08-14T22:08:47.879+0000] {processor.py:830} INFO - Processing file /opt/airflow/dags/stock_market_success_forced.py for tasks to queue
[2025-08-14T22:08:47.881+0000] {logging_mixin.py:188} INFO - [2025-08-14T22:08:47.880+0000] {dagbag.py:538} INFO - Filling up the DagBag from /opt/airflow/dags/stock_market_success_forced.py
[2025-08-14T22:08:47.957+0000] {processor.py:840} INFO - DAG(s) 'stock_market_success_forced' retrieved from /opt/airflow/dags/stock_market_success_forced.py
[2025-08-14T22:08:47.993+0000] {logging_mixin.py:188} INFO - [2025-08-14T22:08:47.992+0000] {dag.py:3036} INFO - Sync 1 DAGs
[2025-08-14T22:08:48.024+0000] {logging_mixin.py:188} INFO - [2025-08-14T22:08:48.024+0000] {dag.py:3823} INFO - Setting next_dagrun for stock_market_success_forced to None, run_after=None
[2025-08-14T22:08:48.049+0000] {processor.py:183} INFO - Processing /opt/airflow/dags/stock_market_success_forced.py took 0.182 seconds
[2025-08-14T22:08:58.612+0000] {processor.py:161} INFO - Started process (PID=33332) to work on /opt/airflow/dags/stock_market_success_forced.py
[2025-08-14T22:08:58.617+0000] {processor.py:830} INFO - Processing file /opt/airflow/dags/stock_market_success_forced.py for tasks to queue
[2025-08-14T22:08:58.620+0000] {logging_mixin.py:188} INFO - [2025-08-14T22:08:58.618+0000] {dagbag.py:538} INFO - Filling up the DagBag from /opt/airflow/dags/stock_market_success_forced.py
[2025-08-14T22:08:58.682+0000] {processor.py:840} INFO - DAG(s) 'stock_market_success_forced' retrieved from /opt/airflow/dags/stock_market_success_forced.py
[2025-08-14T22:08:58.739+0000] {logging_mixin.py:188} INFO - [2025-08-14T22:08:58.739+0000] {dag.py:3036} INFO - Sync 1 DAGs
[2025-08-14T22:08:58.787+0000] {logging_mixin.py:188} INFO - [2025-08-14T22:08:58.787+0000] {dag.py:3823} INFO - Setting next_dagrun for stock_market_success_forced to None, run_after=None
[2025-08-14T22:08:58.810+0000] {processor.py:183} INFO - Processing /opt/airflow/dags/stock_market_success_forced.py took 0.233 seconds
[2025-08-14T22:09:09.280+0000] {processor.py:161} INFO - Started process (PID=33352) to work on /opt/airflow/dags/stock_market_success_forced.py
[2025-08-14T22:09:09.282+0000] {processor.py:830} INFO - Processing file /opt/airflow/dags/stock_market_success_forced.py for tasks to queue
[2025-08-14T22:09:09.288+0000] {logging_mixin.py:188} INFO - [2025-08-14T22:09:09.286+0000] {dagbag.py:538} INFO - Filling up the DagBag from /opt/airflow/dags/stock_market_success_forced.py
[2025-08-14T22:09:09.332+0000] {processor.py:840} INFO - DAG(s) 'stock_market_success_forced' retrieved from /opt/airflow/dags/stock_market_success_forced.py
[2025-08-14T22:09:09.406+0000] {logging_mixin.py:188} INFO - [2025-08-14T22:09:09.406+0000] {dag.py:3036} INFO - Sync 1 DAGs
[2025-08-14T22:09:09.439+0000] {logging_mixin.py:188} INFO - [2025-08-14T22:09:09.439+0000] {dag.py:3823} INFO - Setting next_dagrun for stock_market_success_forced to None, run_after=None
[2025-08-14T22:09:09.460+0000] {processor.py:183} INFO - Processing /opt/airflow/dags/stock_market_success_forced.py took 0.196 seconds
[2025-08-14T22:09:19.772+0000] {processor.py:161} INFO - Started process (PID=33373) to work on /opt/airflow/dags/stock_market_success_forced.py
[2025-08-14T22:09:19.775+0000] {processor.py:830} INFO - Processing file /opt/airflow/dags/stock_market_success_forced.py for tasks to queue
[2025-08-14T22:09:19.777+0000] {logging_mixin.py:188} INFO - [2025-08-14T22:09:19.776+0000] {dagbag.py:538} INFO - Filling up the DagBag from /opt/airflow/dags/stock_market_success_forced.py
[2025-08-14T22:09:19.801+0000] {processor.py:840} INFO - DAG(s) 'stock_market_success_forced' retrieved from /opt/airflow/dags/stock_market_success_forced.py
[2025-08-14T22:09:19.951+0000] {logging_mixin.py:188} INFO - [2025-08-14T22:09:19.951+0000] {dag.py:3036} INFO - Sync 1 DAGs
[2025-08-14T22:09:19.958+0000] {logging_mixin.py:188} INFO - [2025-08-14T22:09:19.958+0000] {dag.py:3823} INFO - Setting next_dagrun for stock_market_success_forced to None, run_after=None
[2025-08-14T22:09:19.973+0000] {processor.py:183} INFO - Processing /opt/airflow/dags/stock_market_success_forced.py took 0.210 seconds
[2025-08-14T22:09:30.250+0000] {processor.py:161} INFO - Started process (PID=33393) to work on /opt/airflow/dags/stock_market_success_forced.py
[2025-08-14T22:09:30.252+0000] {processor.py:830} INFO - Processing file /opt/airflow/dags/stock_market_success_forced.py for tasks to queue
[2025-08-14T22:09:30.254+0000] {logging_mixin.py:188} INFO - [2025-08-14T22:09:30.254+0000] {dagbag.py:538} INFO - Filling up the DagBag from /opt/airflow/dags/stock_market_success_forced.py
[2025-08-14T22:09:30.290+0000] {processor.py:840} INFO - DAG(s) 'stock_market_success_forced' retrieved from /opt/airflow/dags/stock_market_success_forced.py
[2025-08-14T22:09:30.309+0000] {logging_mixin.py:188} INFO - [2025-08-14T22:09:30.309+0000] {dag.py:3036} INFO - Sync 1 DAGs
[2025-08-14T22:09:30.328+0000] {logging_mixin.py:188} INFO - [2025-08-14T22:09:30.328+0000] {dag.py:3823} INFO - Setting next_dagrun for stock_market_success_forced to None, run_after=None
[2025-08-14T22:09:30.361+0000] {processor.py:183} INFO - Processing /opt/airflow/dags/stock_market_success_forced.py took 0.124 seconds
[2025-08-14T22:09:41.013+0000] {processor.py:161} INFO - Started process (PID=33412) to work on /opt/airflow/dags/stock_market_success_forced.py
[2025-08-14T22:09:41.015+0000] {processor.py:830} INFO - Processing file /opt/airflow/dags/stock_market_success_forced.py for tasks to queue
[2025-08-14T22:09:41.017+0000] {logging_mixin.py:188} INFO - [2025-08-14T22:09:41.016+0000] {dagbag.py:538} INFO - Filling up the DagBag from /opt/airflow/dags/stock_market_success_forced.py
[2025-08-14T22:09:41.053+0000] {processor.py:840} INFO - DAG(s) 'stock_market_success_forced' retrieved from /opt/airflow/dags/stock_market_success_forced.py
[2025-08-14T22:09:41.089+0000] {logging_mixin.py:188} INFO - [2025-08-14T22:09:41.089+0000] {dag.py:3036} INFO - Sync 1 DAGs
[2025-08-14T22:09:41.111+0000] {logging_mixin.py:188} INFO - [2025-08-14T22:09:41.110+0000] {dag.py:3823} INFO - Setting next_dagrun for stock_market_success_forced to None, run_after=None
[2025-08-14T22:09:41.128+0000] {processor.py:183} INFO - Processing /opt/airflow/dags/stock_market_success_forced.py took 0.125 seconds
[2025-08-14T22:09:51.580+0000] {processor.py:161} INFO - Started process (PID=33433) to work on /opt/airflow/dags/stock_market_success_forced.py
[2025-08-14T22:09:51.582+0000] {processor.py:830} INFO - Processing file /opt/airflow/dags/stock_market_success_forced.py for tasks to queue
[2025-08-14T22:09:51.584+0000] {logging_mixin.py:188} INFO - [2025-08-14T22:09:51.583+0000] {dagbag.py:538} INFO - Filling up the DagBag from /opt/airflow/dags/stock_market_success_forced.py
[2025-08-14T22:09:51.620+0000] {processor.py:840} INFO - DAG(s) 'stock_market_success_forced' retrieved from /opt/airflow/dags/stock_market_success_forced.py
[2025-08-14T22:09:51.675+0000] {logging_mixin.py:188} INFO - [2025-08-14T22:09:51.675+0000] {dag.py:3036} INFO - Sync 1 DAGs
[2025-08-14T22:09:51.692+0000] {logging_mixin.py:188} INFO - [2025-08-14T22:09:51.692+0000] {dag.py:3823} INFO - Setting next_dagrun for stock_market_success_forced to None, run_after=None
[2025-08-14T22:09:51.709+0000] {processor.py:183} INFO - Processing /opt/airflow/dags/stock_market_success_forced.py took 0.144 seconds
[2025-08-14T22:10:01.993+0000] {processor.py:161} INFO - Started process (PID=33489) to work on /opt/airflow/dags/stock_market_success_forced.py
[2025-08-14T22:10:01.998+0000] {processor.py:830} INFO - Processing file /opt/airflow/dags/stock_market_success_forced.py for tasks to queue
[2025-08-14T22:10:02.000+0000] {logging_mixin.py:188} INFO - [2025-08-14T22:10:02.000+0000] {dagbag.py:538} INFO - Filling up the DagBag from /opt/airflow/dags/stock_market_success_forced.py
[2025-08-14T22:10:02.026+0000] {processor.py:840} INFO - DAG(s) 'stock_market_success_forced' retrieved from /opt/airflow/dags/stock_market_success_forced.py
[2025-08-14T22:10:02.079+0000] {logging_mixin.py:188} INFO - [2025-08-14T22:10:02.079+0000] {dag.py:3036} INFO - Sync 1 DAGs
[2025-08-14T22:10:02.098+0000] {logging_mixin.py:188} INFO - [2025-08-14T22:10:02.097+0000] {dag.py:3823} INFO - Setting next_dagrun for stock_market_success_forced to None, run_after=None
[2025-08-14T22:10:02.120+0000] {processor.py:183} INFO - Processing /opt/airflow/dags/stock_market_success_forced.py took 0.134 seconds
[2025-08-14T22:10:12.568+0000] {processor.py:161} INFO - Started process (PID=33509) to work on /opt/airflow/dags/stock_market_success_forced.py
[2025-08-14T22:10:12.571+0000] {processor.py:830} INFO - Processing file /opt/airflow/dags/stock_market_success_forced.py for tasks to queue
[2025-08-14T22:10:12.574+0000] {logging_mixin.py:188} INFO - [2025-08-14T22:10:12.572+0000] {dagbag.py:538} INFO - Filling up the DagBag from /opt/airflow/dags/stock_market_success_forced.py
[2025-08-14T22:10:12.626+0000] {processor.py:840} INFO - DAG(s) 'stock_market_success_forced' retrieved from /opt/airflow/dags/stock_market_success_forced.py
[2025-08-14T22:10:12.707+0000] {logging_mixin.py:188} INFO - [2025-08-14T22:10:12.707+0000] {dag.py:3036} INFO - Sync 1 DAGs
[2025-08-14T22:10:12.739+0000] {logging_mixin.py:188} INFO - [2025-08-14T22:10:12.738+0000] {dag.py:3823} INFO - Setting next_dagrun for stock_market_success_forced to None, run_after=None
[2025-08-14T22:10:12.803+0000] {processor.py:183} INFO - Processing /opt/airflow/dags/stock_market_success_forced.py took 0.242 seconds
[2025-08-14T22:10:23.066+0000] {processor.py:161} INFO - Started process (PID=33528) to work on /opt/airflow/dags/stock_market_success_forced.py
[2025-08-14T22:10:23.076+0000] {processor.py:830} INFO - Processing file /opt/airflow/dags/stock_market_success_forced.py for tasks to queue
[2025-08-14T22:10:23.077+0000] {logging_mixin.py:188} INFO - [2025-08-14T22:10:23.077+0000] {dagbag.py:538} INFO - Filling up the DagBag from /opt/airflow/dags/stock_market_success_forced.py
[2025-08-14T22:10:23.151+0000] {processor.py:840} INFO - DAG(s) 'stock_market_success_forced' retrieved from /opt/airflow/dags/stock_market_success_forced.py
[2025-08-14T22:10:23.272+0000] {logging_mixin.py:188} INFO - [2025-08-14T22:10:23.271+0000] {dag.py:3036} INFO - Sync 1 DAGs
[2025-08-14T22:10:23.325+0000] {logging_mixin.py:188} INFO - [2025-08-14T22:10:23.325+0000] {dag.py:3823} INFO - Setting next_dagrun for stock_market_success_forced to None, run_after=None
[2025-08-14T22:10:23.415+0000] {processor.py:183} INFO - Processing /opt/airflow/dags/stock_market_success_forced.py took 0.358 seconds
[2025-08-14T22:10:33.686+0000] {processor.py:161} INFO - Started process (PID=33565) to work on /opt/airflow/dags/stock_market_success_forced.py
[2025-08-14T22:10:33.689+0000] {processor.py:830} INFO - Processing file /opt/airflow/dags/stock_market_success_forced.py for tasks to queue
[2025-08-14T22:10:33.691+0000] {logging_mixin.py:188} INFO - [2025-08-14T22:10:33.691+0000] {dagbag.py:538} INFO - Filling up the DagBag from /opt/airflow/dags/stock_market_success_forced.py
[2025-08-14T22:10:33.726+0000] {processor.py:840} INFO - DAG(s) 'stock_market_success_forced' retrieved from /opt/airflow/dags/stock_market_success_forced.py
[2025-08-14T22:10:33.785+0000] {logging_mixin.py:188} INFO - [2025-08-14T22:10:33.784+0000] {dag.py:3036} INFO - Sync 1 DAGs
[2025-08-14T22:10:33.803+0000] {logging_mixin.py:188} INFO - [2025-08-14T22:10:33.803+0000] {dag.py:3823} INFO - Setting next_dagrun for stock_market_success_forced to None, run_after=None
[2025-08-14T22:10:33.827+0000] {processor.py:183} INFO - Processing /opt/airflow/dags/stock_market_success_forced.py took 0.151 seconds
[2025-08-14T22:10:44.362+0000] {processor.py:161} INFO - Started process (PID=33584) to work on /opt/airflow/dags/stock_market_success_forced.py
[2025-08-14T22:10:44.367+0000] {processor.py:830} INFO - Processing file /opt/airflow/dags/stock_market_success_forced.py for tasks to queue
[2025-08-14T22:10:44.369+0000] {logging_mixin.py:188} INFO - [2025-08-14T22:10:44.368+0000] {dagbag.py:538} INFO - Filling up the DagBag from /opt/airflow/dags/stock_market_success_forced.py
[2025-08-14T22:10:44.402+0000] {processor.py:840} INFO - DAG(s) 'stock_market_success_forced' retrieved from /opt/airflow/dags/stock_market_success_forced.py
[2025-08-14T22:10:44.451+0000] {logging_mixin.py:188} INFO - [2025-08-14T22:10:44.450+0000] {dag.py:3036} INFO - Sync 1 DAGs
[2025-08-14T22:10:44.466+0000] {logging_mixin.py:188} INFO - [2025-08-14T22:10:44.466+0000] {dag.py:3823} INFO - Setting next_dagrun for stock_market_success_forced to None, run_after=None
[2025-08-14T22:10:44.483+0000] {processor.py:183} INFO - Processing /opt/airflow/dags/stock_market_success_forced.py took 0.132 seconds
[2025-08-14T22:10:54.729+0000] {processor.py:161} INFO - Started process (PID=33604) to work on /opt/airflow/dags/stock_market_success_forced.py
[2025-08-14T22:10:54.732+0000] {processor.py:830} INFO - Processing file /opt/airflow/dags/stock_market_success_forced.py for tasks to queue
[2025-08-14T22:10:54.733+0000] {logging_mixin.py:188} INFO - [2025-08-14T22:10:54.733+0000] {dagbag.py:538} INFO - Filling up the DagBag from /opt/airflow/dags/stock_market_success_forced.py
[2025-08-14T22:10:54.771+0000] {processor.py:840} INFO - DAG(s) 'stock_market_success_forced' retrieved from /opt/airflow/dags/stock_market_success_forced.py
[2025-08-14T22:10:54.828+0000] {logging_mixin.py:188} INFO - [2025-08-14T22:10:54.828+0000] {dag.py:3036} INFO - Sync 1 DAGs
[2025-08-14T22:10:54.843+0000] {logging_mixin.py:188} INFO - [2025-08-14T22:10:54.843+0000] {dag.py:3823} INFO - Setting next_dagrun for stock_market_success_forced to None, run_after=None
[2025-08-14T22:10:54.859+0000] {processor.py:183} INFO - Processing /opt/airflow/dags/stock_market_success_forced.py took 0.136 seconds
[2025-08-14T22:11:05.112+0000] {processor.py:161} INFO - Started process (PID=33624) to work on /opt/airflow/dags/stock_market_success_forced.py
[2025-08-14T22:11:05.116+0000] {processor.py:830} INFO - Processing file /opt/airflow/dags/stock_market_success_forced.py for tasks to queue
[2025-08-14T22:11:05.117+0000] {logging_mixin.py:188} INFO - [2025-08-14T22:11:05.117+0000] {dagbag.py:538} INFO - Filling up the DagBag from /opt/airflow/dags/stock_market_success_forced.py
[2025-08-14T22:11:05.180+0000] {processor.py:840} INFO - DAG(s) 'stock_market_success_forced' retrieved from /opt/airflow/dags/stock_market_success_forced.py
[2025-08-14T22:11:06.820+0000] {logging_mixin.py:188} INFO - [2025-08-14T22:11:06.778+0000] {dag.py:3036} INFO - Sync 1 DAGs
[2025-08-14T22:11:07.230+0000] {logging_mixin.py:188} INFO - [2025-08-14T22:11:07.228+0000] {dag.py:3823} INFO - Setting next_dagrun for stock_market_success_forced to None, run_after=None
[2025-08-14T22:11:07.361+0000] {processor.py:183} INFO - Processing /opt/airflow/dags/stock_market_success_forced.py took 2.258 seconds
[2025-08-14T22:11:17.808+0000] {processor.py:161} INFO - Started process (PID=33642) to work on /opt/airflow/dags/stock_market_success_forced.py
[2025-08-14T22:11:17.813+0000] {processor.py:830} INFO - Processing file /opt/airflow/dags/stock_market_success_forced.py for tasks to queue
[2025-08-14T22:11:17.818+0000] {logging_mixin.py:188} INFO - [2025-08-14T22:11:17.815+0000] {dagbag.py:538} INFO - Filling up the DagBag from /opt/airflow/dags/stock_market_success_forced.py
[2025-08-14T22:11:18.033+0000] {processor.py:840} INFO - DAG(s) 'stock_market_success_forced' retrieved from /opt/airflow/dags/stock_market_success_forced.py
[2025-08-14T22:11:18.260+0000] {logging_mixin.py:188} INFO - [2025-08-14T22:11:18.259+0000] {dag.py:3036} INFO - Sync 1 DAGs
[2025-08-14T22:11:18.366+0000] {logging_mixin.py:188} INFO - [2025-08-14T22:11:18.365+0000] {dag.py:3823} INFO - Setting next_dagrun for stock_market_success_forced to None, run_after=None
[2025-08-14T22:11:18.568+0000] {processor.py:183} INFO - Processing /opt/airflow/dags/stock_market_success_forced.py took 0.807 seconds
[2025-08-14T22:11:28.944+0000] {processor.py:161} INFO - Started process (PID=33665) to work on /opt/airflow/dags/stock_market_success_forced.py
[2025-08-14T22:11:28.946+0000] {processor.py:830} INFO - Processing file /opt/airflow/dags/stock_market_success_forced.py for tasks to queue
[2025-08-14T22:11:28.948+0000] {logging_mixin.py:188} INFO - [2025-08-14T22:11:28.948+0000] {dagbag.py:538} INFO - Filling up the DagBag from /opt/airflow/dags/stock_market_success_forced.py
[2025-08-14T22:11:28.982+0000] {processor.py:840} INFO - DAG(s) 'stock_market_success_forced' retrieved from /opt/airflow/dags/stock_market_success_forced.py
[2025-08-14T22:11:29.240+0000] {logging_mixin.py:188} INFO - [2025-08-14T22:11:29.239+0000] {dag.py:3036} INFO - Sync 1 DAGs
[2025-08-14T22:11:29.271+0000] {logging_mixin.py:188} INFO - [2025-08-14T22:11:29.271+0000] {dag.py:3823} INFO - Setting next_dagrun for stock_market_success_forced to None, run_after=None
[2025-08-14T22:11:29.289+0000] {processor.py:183} INFO - Processing /opt/airflow/dags/stock_market_success_forced.py took 0.361 seconds
[2025-08-14T22:11:39.549+0000] {processor.py:161} INFO - Started process (PID=33685) to work on /opt/airflow/dags/stock_market_success_forced.py
[2025-08-14T22:11:39.554+0000] {processor.py:830} INFO - Processing file /opt/airflow/dags/stock_market_success_forced.py for tasks to queue
[2025-08-14T22:11:39.559+0000] {logging_mixin.py:188} INFO - [2025-08-14T22:11:39.558+0000] {dagbag.py:538} INFO - Filling up the DagBag from /opt/airflow/dags/stock_market_success_forced.py
[2025-08-14T22:11:39.585+0000] {processor.py:840} INFO - DAG(s) 'stock_market_success_forced' retrieved from /opt/airflow/dags/stock_market_success_forced.py
[2025-08-14T22:11:39.636+0000] {logging_mixin.py:188} INFO - [2025-08-14T22:11:39.635+0000] {dag.py:3036} INFO - Sync 1 DAGs
[2025-08-14T22:11:39.650+0000] {logging_mixin.py:188} INFO - [2025-08-14T22:11:39.650+0000] {dag.py:3823} INFO - Setting next_dagrun for stock_market_success_forced to None, run_after=None
[2025-08-14T22:11:39.665+0000] {processor.py:183} INFO - Processing /opt/airflow/dags/stock_market_success_forced.py took 0.125 seconds
[2025-08-14T22:11:50.133+0000] {processor.py:161} INFO - Started process (PID=33705) to work on /opt/airflow/dags/stock_market_success_forced.py
[2025-08-14T22:11:50.138+0000] {processor.py:830} INFO - Processing file /opt/airflow/dags/stock_market_success_forced.py for tasks to queue
[2025-08-14T22:11:50.140+0000] {logging_mixin.py:188} INFO - [2025-08-14T22:11:50.139+0000] {dagbag.py:538} INFO - Filling up the DagBag from /opt/airflow/dags/stock_market_success_forced.py
[2025-08-14T22:11:50.172+0000] {processor.py:840} INFO - DAG(s) 'stock_market_success_forced' retrieved from /opt/airflow/dags/stock_market_success_forced.py
[2025-08-14T22:11:50.233+0000] {logging_mixin.py:188} INFO - [2025-08-14T22:11:50.233+0000] {dag.py:3036} INFO - Sync 1 DAGs
[2025-08-14T22:11:50.277+0000] {logging_mixin.py:188} INFO - [2025-08-14T22:11:50.277+0000] {dag.py:3823} INFO - Setting next_dagrun for stock_market_success_forced to None, run_after=None
[2025-08-14T22:11:50.364+0000] {processor.py:183} INFO - Processing /opt/airflow/dags/stock_market_success_forced.py took 0.241 seconds
[2025-08-14T22:12:00.663+0000] {processor.py:161} INFO - Started process (PID=33725) to work on /opt/airflow/dags/stock_market_success_forced.py
[2025-08-14T22:12:00.665+0000] {processor.py:830} INFO - Processing file /opt/airflow/dags/stock_market_success_forced.py for tasks to queue
[2025-08-14T22:12:00.666+0000] {logging_mixin.py:188} INFO - [2025-08-14T22:12:00.665+0000] {dagbag.py:538} INFO - Filling up the DagBag from /opt/airflow/dags/stock_market_success_forced.py
[2025-08-14T22:12:00.708+0000] {processor.py:840} INFO - DAG(s) 'stock_market_success_forced' retrieved from /opt/airflow/dags/stock_market_success_forced.py
[2025-08-14T22:12:00.783+0000] {logging_mixin.py:188} INFO - [2025-08-14T22:12:00.783+0000] {dag.py:3036} INFO - Sync 1 DAGs
[2025-08-14T22:12:00.804+0000] {logging_mixin.py:188} INFO - [2025-08-14T22:12:00.804+0000] {dag.py:3823} INFO - Setting next_dagrun for stock_market_success_forced to None, run_after=None
[2025-08-14T22:12:00.827+0000] {processor.py:183} INFO - Processing /opt/airflow/dags/stock_market_success_forced.py took 0.174 seconds
[2025-08-14T22:12:10.948+0000] {processor.py:161} INFO - Started process (PID=33744) to work on /opt/airflow/dags/stock_market_success_forced.py
[2025-08-14T22:12:10.951+0000] {processor.py:830} INFO - Processing file /opt/airflow/dags/stock_market_success_forced.py for tasks to queue
[2025-08-14T22:12:10.953+0000] {logging_mixin.py:188} INFO - [2025-08-14T22:12:10.952+0000] {dagbag.py:538} INFO - Filling up the DagBag from /opt/airflow/dags/stock_market_success_forced.py
[2025-08-14T22:12:10.989+0000] {processor.py:840} INFO - DAG(s) 'stock_market_success_forced' retrieved from /opt/airflow/dags/stock_market_success_forced.py
[2025-08-14T22:12:11.055+0000] {logging_mixin.py:188} INFO - [2025-08-14T22:12:11.055+0000] {dag.py:3036} INFO - Sync 1 DAGs
[2025-08-14T22:12:11.078+0000] {logging_mixin.py:188} INFO - [2025-08-14T22:12:11.078+0000] {dag.py:3823} INFO - Setting next_dagrun for stock_market_success_forced to None, run_after=None
[2025-08-14T22:12:11.097+0000] {processor.py:183} INFO - Processing /opt/airflow/dags/stock_market_success_forced.py took 0.173 seconds
[2025-08-14T22:12:21.254+0000] {processor.py:161} INFO - Started process (PID=33765) to work on /opt/airflow/dags/stock_market_success_forced.py
[2025-08-14T22:12:21.256+0000] {processor.py:830} INFO - Processing file /opt/airflow/dags/stock_market_success_forced.py for tasks to queue
[2025-08-14T22:12:21.259+0000] {logging_mixin.py:188} INFO - [2025-08-14T22:12:21.258+0000] {dagbag.py:538} INFO - Filling up the DagBag from /opt/airflow/dags/stock_market_success_forced.py
[2025-08-14T22:12:21.328+0000] {processor.py:840} INFO - DAG(s) 'stock_market_success_forced' retrieved from /opt/airflow/dags/stock_market_success_forced.py
[2025-08-14T22:12:21.413+0000] {logging_mixin.py:188} INFO - [2025-08-14T22:12:21.413+0000] {dag.py:3036} INFO - Sync 1 DAGs
[2025-08-14T22:12:21.430+0000] {logging_mixin.py:188} INFO - [2025-08-14T22:12:21.430+0000] {dag.py:3823} INFO - Setting next_dagrun for stock_market_success_forced to None, run_after=None
[2025-08-14T22:12:21.442+0000] {processor.py:183} INFO - Processing /opt/airflow/dags/stock_market_success_forced.py took 0.200 seconds
[2025-08-14T22:12:31.589+0000] {processor.py:161} INFO - Started process (PID=33785) to work on /opt/airflow/dags/stock_market_success_forced.py
[2025-08-14T22:12:31.595+0000] {processor.py:830} INFO - Processing file /opt/airflow/dags/stock_market_success_forced.py for tasks to queue
[2025-08-14T22:12:31.597+0000] {logging_mixin.py:188} INFO - [2025-08-14T22:12:31.596+0000] {dagbag.py:538} INFO - Filling up the DagBag from /opt/airflow/dags/stock_market_success_forced.py
[2025-08-14T22:12:31.624+0000] {processor.py:840} INFO - DAG(s) 'stock_market_success_forced' retrieved from /opt/airflow/dags/stock_market_success_forced.py
[2025-08-14T22:12:31.676+0000] {logging_mixin.py:188} INFO - [2025-08-14T22:12:31.676+0000] {dag.py:3036} INFO - Sync 1 DAGs
[2025-08-14T22:12:31.694+0000] {logging_mixin.py:188} INFO - [2025-08-14T22:12:31.694+0000] {dag.py:3823} INFO - Setting next_dagrun for stock_market_success_forced to None, run_after=None
[2025-08-14T22:12:31.710+0000] {processor.py:183} INFO - Processing /opt/airflow/dags/stock_market_success_forced.py took 0.132 seconds
[2025-08-14T22:12:42.362+0000] {processor.py:161} INFO - Started process (PID=33805) to work on /opt/airflow/dags/stock_market_success_forced.py
[2025-08-14T22:12:42.365+0000] {processor.py:830} INFO - Processing file /opt/airflow/dags/stock_market_success_forced.py for tasks to queue
[2025-08-14T22:12:42.366+0000] {logging_mixin.py:188} INFO - [2025-08-14T22:12:42.366+0000] {dagbag.py:538} INFO - Filling up the DagBag from /opt/airflow/dags/stock_market_success_forced.py
[2025-08-14T22:12:42.402+0000] {processor.py:840} INFO - DAG(s) 'stock_market_success_forced' retrieved from /opt/airflow/dags/stock_market_success_forced.py
[2025-08-14T22:12:42.453+0000] {logging_mixin.py:188} INFO - [2025-08-14T22:12:42.453+0000] {dag.py:3036} INFO - Sync 1 DAGs
[2025-08-14T22:12:42.474+0000] {logging_mixin.py:188} INFO - [2025-08-14T22:12:42.474+0000] {dag.py:3823} INFO - Setting next_dagrun for stock_market_success_forced to None, run_after=None
[2025-08-14T22:12:42.489+0000] {processor.py:183} INFO - Processing /opt/airflow/dags/stock_market_success_forced.py took 0.139 seconds
[2025-08-14T22:12:53.079+0000] {processor.py:161} INFO - Started process (PID=33825) to work on /opt/airflow/dags/stock_market_success_forced.py
[2025-08-14T22:12:53.083+0000] {processor.py:830} INFO - Processing file /opt/airflow/dags/stock_market_success_forced.py for tasks to queue
[2025-08-14T22:12:53.085+0000] {logging_mixin.py:188} INFO - [2025-08-14T22:12:53.084+0000] {dagbag.py:538} INFO - Filling up the DagBag from /opt/airflow/dags/stock_market_success_forced.py
[2025-08-14T22:12:53.117+0000] {processor.py:840} INFO - DAG(s) 'stock_market_success_forced' retrieved from /opt/airflow/dags/stock_market_success_forced.py
[2025-08-14T22:12:53.179+0000] {logging_mixin.py:188} INFO - [2025-08-14T22:12:53.179+0000] {dag.py:3036} INFO - Sync 1 DAGs
[2025-08-14T22:12:53.198+0000] {logging_mixin.py:188} INFO - [2025-08-14T22:12:53.198+0000] {dag.py:3823} INFO - Setting next_dagrun for stock_market_success_forced to None, run_after=None
[2025-08-14T22:12:53.221+0000] {processor.py:183} INFO - Processing /opt/airflow/dags/stock_market_success_forced.py took 0.152 seconds
[2025-08-14T22:13:03.334+0000] {processor.py:161} INFO - Started process (PID=33845) to work on /opt/airflow/dags/stock_market_success_forced.py
[2025-08-14T22:13:03.339+0000] {processor.py:830} INFO - Processing file /opt/airflow/dags/stock_market_success_forced.py for tasks to queue
[2025-08-14T22:13:03.340+0000] {logging_mixin.py:188} INFO - [2025-08-14T22:13:03.340+0000] {dagbag.py:538} INFO - Filling up the DagBag from /opt/airflow/dags/stock_market_success_forced.py
[2025-08-14T22:13:03.369+0000] {processor.py:840} INFO - DAG(s) 'stock_market_success_forced' retrieved from /opt/airflow/dags/stock_market_success_forced.py
[2025-08-14T22:13:03.420+0000] {logging_mixin.py:188} INFO - [2025-08-14T22:13:03.420+0000] {dag.py:3036} INFO - Sync 1 DAGs
[2025-08-14T22:13:03.433+0000] {logging_mixin.py:188} INFO - [2025-08-14T22:13:03.432+0000] {dag.py:3823} INFO - Setting next_dagrun for stock_market_success_forced to None, run_after=None
[2025-08-14T22:13:03.449+0000] {processor.py:183} INFO - Processing /opt/airflow/dags/stock_market_success_forced.py took 0.121 seconds
[2025-08-14T22:13:13.625+0000] {processor.py:161} INFO - Started process (PID=33864) to work on /opt/airflow/dags/stock_market_success_forced.py
[2025-08-14T22:13:13.630+0000] {processor.py:830} INFO - Processing file /opt/airflow/dags/stock_market_success_forced.py for tasks to queue
[2025-08-14T22:13:13.631+0000] {logging_mixin.py:188} INFO - [2025-08-14T22:13:13.631+0000] {dagbag.py:538} INFO - Filling up the DagBag from /opt/airflow/dags/stock_market_success_forced.py
[2025-08-14T22:13:13.662+0000] {processor.py:840} INFO - DAG(s) 'stock_market_success_forced' retrieved from /opt/airflow/dags/stock_market_success_forced.py
[2025-08-14T22:13:13.712+0000] {logging_mixin.py:188} INFO - [2025-08-14T22:13:13.712+0000] {dag.py:3036} INFO - Sync 1 DAGs
[2025-08-14T22:13:13.723+0000] {logging_mixin.py:188} INFO - [2025-08-14T22:13:13.723+0000] {dag.py:3823} INFO - Setting next_dagrun for stock_market_success_forced to None, run_after=None
[2025-08-14T22:13:13.735+0000] {processor.py:183} INFO - Processing /opt/airflow/dags/stock_market_success_forced.py took 0.122 seconds
[2025-08-14T22:13:25.042+0000] {processor.py:161} INFO - Started process (PID=33884) to work on /opt/airflow/dags/stock_market_success_forced.py
[2025-08-14T22:13:25.049+0000] {processor.py:830} INFO - Processing file /opt/airflow/dags/stock_market_success_forced.py for tasks to queue
[2025-08-14T22:13:25.057+0000] {logging_mixin.py:188} INFO - [2025-08-14T22:13:25.055+0000] {dagbag.py:538} INFO - Filling up the DagBag from /opt/airflow/dags/stock_market_success_forced.py
[2025-08-14T22:13:25.160+0000] {processor.py:840} INFO - DAG(s) 'stock_market_success_forced' retrieved from /opt/airflow/dags/stock_market_success_forced.py
[2025-08-14T22:13:25.711+0000] {logging_mixin.py:188} INFO - [2025-08-14T22:13:25.710+0000] {dag.py:3036} INFO - Sync 1 DAGs
[2025-08-14T22:13:25.728+0000] {logging_mixin.py:188} INFO - [2025-08-14T22:13:25.728+0000] {dag.py:3058} INFO - Creating ORM DAG for stock_market_success_forced
[2025-08-14T22:13:25.730+0000] {logging_mixin.py:188} INFO - [2025-08-14T22:13:25.730+0000] {dag.py:3823} INFO - Setting next_dagrun for stock_market_success_forced to None, run_after=None
[2025-08-14T22:13:25.759+0000] {processor.py:183} INFO - Processing /opt/airflow/dags/stock_market_success_forced.py took 0.754 seconds
[2025-08-14T22:13:36.175+0000] {processor.py:161} INFO - Started process (PID=33905) to work on /opt/airflow/dags/stock_market_success_forced.py
[2025-08-14T22:13:36.180+0000] {processor.py:830} INFO - Processing file /opt/airflow/dags/stock_market_success_forced.py for tasks to queue
[2025-08-14T22:13:36.181+0000] {logging_mixin.py:188} INFO - [2025-08-14T22:13:36.180+0000] {dagbag.py:538} INFO - Filling up the DagBag from /opt/airflow/dags/stock_market_success_forced.py
[2025-08-14T22:13:36.214+0000] {processor.py:840} INFO - DAG(s) 'stock_market_success_forced' retrieved from /opt/airflow/dags/stock_market_success_forced.py
[2025-08-14T22:13:36.239+0000] {logging_mixin.py:188} INFO - [2025-08-14T22:13:36.239+0000] {dag.py:3036} INFO - Sync 1 DAGs
[2025-08-14T22:13:36.267+0000] {logging_mixin.py:188} INFO - [2025-08-14T22:13:36.267+0000] {dag.py:3823} INFO - Setting next_dagrun for stock_market_success_forced to None, run_after=None
[2025-08-14T22:13:36.308+0000] {processor.py:183} INFO - Processing /opt/airflow/dags/stock_market_success_forced.py took 0.143 seconds
[2025-08-14T22:13:47.191+0000] {processor.py:161} INFO - Started process (PID=33924) to work on /opt/airflow/dags/stock_market_success_forced.py
[2025-08-14T22:13:47.195+0000] {processor.py:830} INFO - Processing file /opt/airflow/dags/stock_market_success_forced.py for tasks to queue
[2025-08-14T22:13:47.196+0000] {logging_mixin.py:188} INFO - [2025-08-14T22:13:47.196+0000] {dagbag.py:538} INFO - Filling up the DagBag from /opt/airflow/dags/stock_market_success_forced.py
[2025-08-14T22:13:47.242+0000] {processor.py:840} INFO - DAG(s) 'stock_market_success_forced' retrieved from /opt/airflow/dags/stock_market_success_forced.py
[2025-08-14T22:13:47.289+0000] {logging_mixin.py:188} INFO - [2025-08-14T22:13:47.288+0000] {dag.py:3036} INFO - Sync 1 DAGs
[2025-08-14T22:13:47.317+0000] {logging_mixin.py:188} INFO - [2025-08-14T22:13:47.316+0000] {dag.py:3823} INFO - Setting next_dagrun for stock_market_success_forced to None, run_after=None
[2025-08-14T22:13:47.344+0000] {processor.py:183} INFO - Processing /opt/airflow/dags/stock_market_success_forced.py took 0.176 seconds
[2025-08-14T22:13:58.221+0000] {processor.py:161} INFO - Started process (PID=33945) to work on /opt/airflow/dags/stock_market_success_forced.py
[2025-08-14T22:13:58.240+0000] {processor.py:830} INFO - Processing file /opt/airflow/dags/stock_market_success_forced.py for tasks to queue
[2025-08-14T22:13:58.237+0000] {logging_mixin.py:188} INFO - [2025-08-14T22:13:58.247+0000] {dagbag.py:538} INFO - Filling up the DagBag from /opt/airflow/dags/stock_market_success_forced.py
[2025-08-14T22:13:58.346+0000] {processor.py:840} INFO - DAG(s) 'stock_market_success_forced' retrieved from /opt/airflow/dags/stock_market_success_forced.py
[2025-08-14T22:13:58.509+0000] {logging_mixin.py:188} INFO - [2025-08-14T22:13:58.509+0000] {dag.py:3036} INFO - Sync 1 DAGs
[2025-08-14T22:13:58.583+0000] {logging_mixin.py:188} INFO - [2025-08-14T22:13:58.581+0000] {dag.py:3823} INFO - Setting next_dagrun for stock_market_success_forced to None, run_after=None
[2025-08-14T22:13:58.620+0000] {processor.py:183} INFO - Processing /opt/airflow/dags/stock_market_success_forced.py took 0.554 seconds
[2025-08-14T22:14:09.045+0000] {processor.py:161} INFO - Started process (PID=33965) to work on /opt/airflow/dags/stock_market_success_forced.py
[2025-08-14T22:14:09.047+0000] {processor.py:830} INFO - Processing file /opt/airflow/dags/stock_market_success_forced.py for tasks to queue
[2025-08-14T22:14:09.050+0000] {logging_mixin.py:188} INFO - [2025-08-14T22:14:09.049+0000] {dagbag.py:538} INFO - Filling up the DagBag from /opt/airflow/dags/stock_market_success_forced.py
[2025-08-14T22:14:09.081+0000] {processor.py:840} INFO - DAG(s) 'stock_market_success_forced' retrieved from /opt/airflow/dags/stock_market_success_forced.py
[2025-08-14T22:14:09.128+0000] {logging_mixin.py:188} INFO - [2025-08-14T22:14:09.128+0000] {dag.py:3036} INFO - Sync 1 DAGs
[2025-08-14T22:14:09.142+0000] {logging_mixin.py:188} INFO - [2025-08-14T22:14:09.142+0000] {dag.py:3823} INFO - Setting next_dagrun for stock_market_success_forced to None, run_after=None
[2025-08-14T22:14:09.158+0000] {processor.py:183} INFO - Processing /opt/airflow/dags/stock_market_success_forced.py took 0.125 seconds
[2025-08-14T22:14:19.539+0000] {processor.py:161} INFO - Started process (PID=33985) to work on /opt/airflow/dags/stock_market_success_forced.py
[2025-08-14T22:14:19.542+0000] {processor.py:830} INFO - Processing file /opt/airflow/dags/stock_market_success_forced.py for tasks to queue
[2025-08-14T22:14:19.543+0000] {logging_mixin.py:188} INFO - [2025-08-14T22:14:19.543+0000] {dagbag.py:538} INFO - Filling up the DagBag from /opt/airflow/dags/stock_market_success_forced.py
[2025-08-14T22:14:19.576+0000] {processor.py:840} INFO - DAG(s) 'stock_market_success_forced' retrieved from /opt/airflow/dags/stock_market_success_forced.py
[2025-08-14T22:14:19.638+0000] {logging_mixin.py:188} INFO - [2025-08-14T22:14:19.638+0000] {dag.py:3036} INFO - Sync 1 DAGs
[2025-08-14T22:14:19.653+0000] {logging_mixin.py:188} INFO - [2025-08-14T22:14:19.653+0000] {dag.py:3823} INFO - Setting next_dagrun for stock_market_success_forced to None, run_after=None
[2025-08-14T22:14:19.671+0000] {processor.py:183} INFO - Processing /opt/airflow/dags/stock_market_success_forced.py took 0.138 seconds
