[2025-08-14T22:17:24.150+0000] {processor.py:161} INFO - Started process (PID=34112) to work on /opt/airflow/dags/stock_market_pipeline.py
[2025-08-14T22:17:24.155+0000] {processor.py:830} INFO - Processing file /opt/airflow/dags/stock_market_pipeline.py for tasks to queue
[2025-08-14T22:17:24.170+0000] {logging_mixin.py:188} INFO - [2025-08-14T22:17:24.166+0000] {dagbag.py:538} INFO - Filling up the DagBag from /opt/airflow/dags/stock_market_pipeline.py
[2025-08-14T22:17:24.209+0000] {processor.py:840} INFO - DAG(s) 'stock_market_pipeline' retrieved from /opt/airflow/dags/stock_market_pipeline.py
[2025-08-14T22:17:24.444+0000] {logging_mixin.py:188} INFO - [2025-08-14T22:17:24.444+0000] {dag.py:3036} INFO - Sync 1 DAGs
[2025-08-14T22:17:24.453+0000] {logging_mixin.py:188} INFO - [2025-08-14T22:17:24.453+0000] {dag.py:3823} INFO - Setting next_dagrun for stock_market_pipeline to None, run_after=None
[2025-08-14T22:17:24.471+0000] {processor.py:183} INFO - Processing /opt/airflow/dags/stock_market_pipeline.py took 0.344 seconds
[2025-08-14T22:17:35.400+0000] {processor.py:161} INFO - Started process (PID=34122) to work on /opt/airflow/dags/stock_market_pipeline.py
[2025-08-14T22:17:35.403+0000] {processor.py:830} INFO - Processing file /opt/airflow/dags/stock_market_pipeline.py for tasks to queue
[2025-08-14T22:17:35.405+0000] {logging_mixin.py:188} INFO - [2025-08-14T22:17:35.404+0000] {dagbag.py:538} INFO - Filling up the DagBag from /opt/airflow/dags/stock_market_pipeline.py
[2025-08-14T22:17:35.441+0000] {processor.py:840} INFO - DAG(s) 'stock_market_pipeline' retrieved from /opt/airflow/dags/stock_market_pipeline.py
[2025-08-14T22:17:35.458+0000] {logging_mixin.py:188} INFO - [2025-08-14T22:17:35.457+0000] {dag.py:3036} INFO - Sync 1 DAGs
[2025-08-14T22:17:35.471+0000] {logging_mixin.py:188} INFO - [2025-08-14T22:17:35.470+0000] {dag.py:3823} INFO - Setting next_dagrun for stock_market_pipeline to None, run_after=None
[2025-08-14T22:17:35.481+0000] {processor.py:183} INFO - Processing /opt/airflow/dags/stock_market_pipeline.py took 0.095 seconds
[2025-08-14T22:17:45.680+0000] {processor.py:161} INFO - Started process (PID=34132) to work on /opt/airflow/dags/stock_market_pipeline.py
[2025-08-14T22:17:45.689+0000] {processor.py:830} INFO - Processing file /opt/airflow/dags/stock_market_pipeline.py for tasks to queue
[2025-08-14T22:17:45.691+0000] {logging_mixin.py:188} INFO - [2025-08-14T22:17:45.690+0000] {dagbag.py:538} INFO - Filling up the DagBag from /opt/airflow/dags/stock_market_pipeline.py
[2025-08-14T22:17:45.719+0000] {processor.py:840} INFO - DAG(s) 'stock_market_pipeline' retrieved from /opt/airflow/dags/stock_market_pipeline.py
[2025-08-14T22:17:45.736+0000] {logging_mixin.py:188} INFO - [2025-08-14T22:17:45.736+0000] {dag.py:3036} INFO - Sync 1 DAGs
[2025-08-14T22:17:45.753+0000] {logging_mixin.py:188} INFO - [2025-08-14T22:17:45.753+0000] {dag.py:3823} INFO - Setting next_dagrun for stock_market_pipeline to None, run_after=None
[2025-08-14T22:17:45.764+0000] {processor.py:183} INFO - Processing /opt/airflow/dags/stock_market_pipeline.py took 0.095 seconds
[2025-08-14T22:17:56.039+0000] {processor.py:161} INFO - Started process (PID=34142) to work on /opt/airflow/dags/stock_market_pipeline.py
[2025-08-14T22:17:56.041+0000] {processor.py:830} INFO - Processing file /opt/airflow/dags/stock_market_pipeline.py for tasks to queue
[2025-08-14T22:17:56.042+0000] {logging_mixin.py:188} INFO - [2025-08-14T22:17:56.042+0000] {dagbag.py:538} INFO - Filling up the DagBag from /opt/airflow/dags/stock_market_pipeline.py
[2025-08-14T22:17:56.066+0000] {processor.py:840} INFO - DAG(s) 'stock_market_pipeline' retrieved from /opt/airflow/dags/stock_market_pipeline.py
[2025-08-14T22:17:56.102+0000] {logging_mixin.py:188} INFO - [2025-08-14T22:17:56.102+0000] {dag.py:3036} INFO - Sync 1 DAGs
[2025-08-14T22:17:56.115+0000] {logging_mixin.py:188} INFO - [2025-08-14T22:17:56.115+0000] {dag.py:3823} INFO - Setting next_dagrun for stock_market_pipeline to None, run_after=None
[2025-08-14T22:17:56.125+0000] {processor.py:183} INFO - Processing /opt/airflow/dags/stock_market_pipeline.py took 0.097 seconds
[2025-08-14T22:18:06.329+0000] {processor.py:161} INFO - Started process (PID=34152) to work on /opt/airflow/dags/stock_market_pipeline.py
[2025-08-14T22:18:06.332+0000] {processor.py:830} INFO - Processing file /opt/airflow/dags/stock_market_pipeline.py for tasks to queue
[2025-08-14T22:18:06.334+0000] {logging_mixin.py:188} INFO - [2025-08-14T22:18:06.333+0000] {dagbag.py:538} INFO - Filling up the DagBag from /opt/airflow/dags/stock_market_pipeline.py
[2025-08-14T22:18:06.373+0000] {processor.py:840} INFO - DAG(s) 'stock_market_pipeline' retrieved from /opt/airflow/dags/stock_market_pipeline.py
[2025-08-14T22:18:06.414+0000] {logging_mixin.py:188} INFO - [2025-08-14T22:18:06.413+0000] {dag.py:3036} INFO - Sync 1 DAGs
[2025-08-14T22:18:06.431+0000] {logging_mixin.py:188} INFO - [2025-08-14T22:18:06.431+0000] {dag.py:3823} INFO - Setting next_dagrun for stock_market_pipeline to None, run_after=None
[2025-08-14T22:18:06.443+0000] {processor.py:183} INFO - Processing /opt/airflow/dags/stock_market_pipeline.py took 0.133 seconds
[2025-08-14T22:18:16.698+0000] {processor.py:161} INFO - Started process (PID=34162) to work on /opt/airflow/dags/stock_market_pipeline.py
[2025-08-14T22:18:16.705+0000] {processor.py:830} INFO - Processing file /opt/airflow/dags/stock_market_pipeline.py for tasks to queue
[2025-08-14T22:18:16.706+0000] {logging_mixin.py:188} INFO - [2025-08-14T22:18:16.706+0000] {dagbag.py:538} INFO - Filling up the DagBag from /opt/airflow/dags/stock_market_pipeline.py
[2025-08-14T22:18:16.749+0000] {processor.py:840} INFO - DAG(s) 'stock_market_pipeline' retrieved from /opt/airflow/dags/stock_market_pipeline.py
[2025-08-14T22:18:16.797+0000] {logging_mixin.py:188} INFO - [2025-08-14T22:18:16.797+0000] {dag.py:3036} INFO - Sync 1 DAGs
[2025-08-14T22:18:16.814+0000] {logging_mixin.py:188} INFO - [2025-08-14T22:18:16.814+0000] {dag.py:3823} INFO - Setting next_dagrun for stock_market_pipeline to None, run_after=None
[2025-08-14T22:18:16.833+0000] {processor.py:183} INFO - Processing /opt/airflow/dags/stock_market_pipeline.py took 0.153 seconds
[2025-08-14T22:18:27.222+0000] {processor.py:161} INFO - Started process (PID=34172) to work on /opt/airflow/dags/stock_market_pipeline.py
[2025-08-14T22:18:27.225+0000] {processor.py:830} INFO - Processing file /opt/airflow/dags/stock_market_pipeline.py for tasks to queue
[2025-08-14T22:18:27.227+0000] {logging_mixin.py:188} INFO - [2025-08-14T22:18:27.226+0000] {dagbag.py:538} INFO - Filling up the DagBag from /opt/airflow/dags/stock_market_pipeline.py
[2025-08-14T22:18:27.271+0000] {processor.py:840} INFO - DAG(s) 'stock_market_pipeline' retrieved from /opt/airflow/dags/stock_market_pipeline.py
[2025-08-14T22:18:27.338+0000] {logging_mixin.py:188} INFO - [2025-08-14T22:18:27.337+0000] {dag.py:3036} INFO - Sync 1 DAGs
[2025-08-14T22:18:27.357+0000] {logging_mixin.py:188} INFO - [2025-08-14T22:18:27.357+0000] {dag.py:3823} INFO - Setting next_dagrun for stock_market_pipeline to None, run_after=None
[2025-08-14T22:18:27.374+0000] {processor.py:183} INFO - Processing /opt/airflow/dags/stock_market_pipeline.py took 0.166 seconds
[2025-08-14T22:18:37.540+0000] {processor.py:161} INFO - Started process (PID=34182) to work on /opt/airflow/dags/stock_market_pipeline.py
[2025-08-14T22:18:37.553+0000] {processor.py:830} INFO - Processing file /opt/airflow/dags/stock_market_pipeline.py for tasks to queue
[2025-08-14T22:18:37.556+0000] {logging_mixin.py:188} INFO - [2025-08-14T22:18:37.556+0000] {dagbag.py:538} INFO - Filling up the DagBag from /opt/airflow/dags/stock_market_pipeline.py
[2025-08-14T22:18:37.619+0000] {processor.py:840} INFO - DAG(s) 'stock_market_pipeline' retrieved from /opt/airflow/dags/stock_market_pipeline.py
[2025-08-14T22:18:37.778+0000] {logging_mixin.py:188} INFO - [2025-08-14T22:18:37.777+0000] {dag.py:3036} INFO - Sync 1 DAGs
[2025-08-14T22:18:37.846+0000] {logging_mixin.py:188} INFO - [2025-08-14T22:18:37.845+0000] {dag.py:3823} INFO - Setting next_dagrun for stock_market_pipeline to None, run_after=None
[2025-08-14T22:18:37.898+0000] {processor.py:183} INFO - Processing /opt/airflow/dags/stock_market_pipeline.py took 0.382 seconds
[2025-08-14T22:18:48.333+0000] {processor.py:161} INFO - Started process (PID=34192) to work on /opt/airflow/dags/stock_market_pipeline.py
[2025-08-14T22:18:48.342+0000] {processor.py:830} INFO - Processing file /opt/airflow/dags/stock_market_pipeline.py for tasks to queue
[2025-08-14T22:18:48.354+0000] {logging_mixin.py:188} INFO - [2025-08-14T22:18:48.352+0000] {dagbag.py:538} INFO - Filling up the DagBag from /opt/airflow/dags/stock_market_pipeline.py
[2025-08-14T22:18:48.613+0000] {processor.py:840} INFO - DAG(s) 'stock_market_pipeline' retrieved from /opt/airflow/dags/stock_market_pipeline.py
[2025-08-14T22:18:48.970+0000] {logging_mixin.py:188} INFO - [2025-08-14T22:18:48.961+0000] {dag.py:3036} INFO - Sync 1 DAGs
[2025-08-14T22:18:49.042+0000] {logging_mixin.py:188} INFO - [2025-08-14T22:18:49.041+0000] {dag.py:3823} INFO - Setting next_dagrun for stock_market_pipeline to None, run_after=None
[2025-08-14T22:18:49.216+0000] {processor.py:183} INFO - Processing /opt/airflow/dags/stock_market_pipeline.py took 0.919 seconds
[2025-08-14T22:18:59.455+0000] {processor.py:161} INFO - Started process (PID=34202) to work on /opt/airflow/dags/stock_market_pipeline.py
[2025-08-14T22:18:59.459+0000] {processor.py:830} INFO - Processing file /opt/airflow/dags/stock_market_pipeline.py for tasks to queue
[2025-08-14T22:18:59.464+0000] {logging_mixin.py:188} INFO - [2025-08-14T22:18:59.463+0000] {dagbag.py:538} INFO - Filling up the DagBag from /opt/airflow/dags/stock_market_pipeline.py
[2025-08-14T22:18:59.501+0000] {processor.py:840} INFO - DAG(s) 'stock_market_pipeline' retrieved from /opt/airflow/dags/stock_market_pipeline.py
[2025-08-14T22:18:59.581+0000] {logging_mixin.py:188} INFO - [2025-08-14T22:18:59.581+0000] {dag.py:3036} INFO - Sync 1 DAGs
[2025-08-14T22:18:59.611+0000] {logging_mixin.py:188} INFO - [2025-08-14T22:18:59.611+0000] {dag.py:3823} INFO - Setting next_dagrun for stock_market_pipeline to None, run_after=None
[2025-08-14T22:18:59.656+0000] {processor.py:183} INFO - Processing /opt/airflow/dags/stock_market_pipeline.py took 0.219 seconds
[2025-08-14T22:19:10.262+0000] {processor.py:161} INFO - Started process (PID=34212) to work on /opt/airflow/dags/stock_market_pipeline.py
[2025-08-14T22:19:10.266+0000] {processor.py:830} INFO - Processing file /opt/airflow/dags/stock_market_pipeline.py for tasks to queue
[2025-08-14T22:19:10.271+0000] {logging_mixin.py:188} INFO - [2025-08-14T22:19:10.269+0000] {dagbag.py:538} INFO - Filling up the DagBag from /opt/airflow/dags/stock_market_pipeline.py
[2025-08-14T22:19:10.343+0000] {processor.py:840} INFO - DAG(s) 'stock_market_pipeline' retrieved from /opt/airflow/dags/stock_market_pipeline.py
[2025-08-14T22:19:10.426+0000] {logging_mixin.py:188} INFO - [2025-08-14T22:19:10.425+0000] {dag.py:3036} INFO - Sync 1 DAGs
[2025-08-14T22:19:10.452+0000] {logging_mixin.py:188} INFO - [2025-08-14T22:19:10.452+0000] {dag.py:3823} INFO - Setting next_dagrun for stock_market_pipeline to None, run_after=None
[2025-08-14T22:19:10.466+0000] {processor.py:183} INFO - Processing /opt/airflow/dags/stock_market_pipeline.py took 0.221 seconds
[2025-08-14T22:19:20.773+0000] {processor.py:161} INFO - Started process (PID=34222) to work on /opt/airflow/dags/stock_market_pipeline.py
[2025-08-14T22:19:20.775+0000] {processor.py:830} INFO - Processing file /opt/airflow/dags/stock_market_pipeline.py for tasks to queue
[2025-08-14T22:19:20.779+0000] {logging_mixin.py:188} INFO - [2025-08-14T22:19:20.778+0000] {dagbag.py:538} INFO - Filling up the DagBag from /opt/airflow/dags/stock_market_pipeline.py
[2025-08-14T22:19:20.824+0000] {processor.py:840} INFO - DAG(s) 'stock_market_pipeline' retrieved from /opt/airflow/dags/stock_market_pipeline.py
[2025-08-14T22:19:20.842+0000] {logging_mixin.py:188} INFO - [2025-08-14T22:19:20.842+0000] {dag.py:3036} INFO - Sync 1 DAGs
[2025-08-14T22:19:20.860+0000] {logging_mixin.py:188} INFO - [2025-08-14T22:19:20.860+0000] {dag.py:3823} INFO - Setting next_dagrun for stock_market_pipeline to None, run_after=None
[2025-08-14T22:19:20.873+0000] {processor.py:183} INFO - Processing /opt/airflow/dags/stock_market_pipeline.py took 0.139 seconds
[2025-08-14T22:19:31.089+0000] {processor.py:161} INFO - Started process (PID=34232) to work on /opt/airflow/dags/stock_market_pipeline.py
[2025-08-14T22:19:31.094+0000] {processor.py:830} INFO - Processing file /opt/airflow/dags/stock_market_pipeline.py for tasks to queue
[2025-08-14T22:19:31.096+0000] {logging_mixin.py:188} INFO - [2025-08-14T22:19:31.095+0000] {dagbag.py:538} INFO - Filling up the DagBag from /opt/airflow/dags/stock_market_pipeline.py
[2025-08-14T22:19:31.119+0000] {processor.py:840} INFO - DAG(s) 'stock_market_pipeline' retrieved from /opt/airflow/dags/stock_market_pipeline.py
[2025-08-14T22:19:31.136+0000] {logging_mixin.py:188} INFO - [2025-08-14T22:19:31.136+0000] {dag.py:3036} INFO - Sync 1 DAGs
[2025-08-14T22:19:31.150+0000] {logging_mixin.py:188} INFO - [2025-08-14T22:19:31.149+0000] {dag.py:3823} INFO - Setting next_dagrun for stock_market_pipeline to None, run_after=None
[2025-08-14T22:19:31.160+0000] {processor.py:183} INFO - Processing /opt/airflow/dags/stock_market_pipeline.py took 0.082 seconds
[2025-08-14T22:19:41.335+0000] {processor.py:161} INFO - Started process (PID=34242) to work on /opt/airflow/dags/stock_market_pipeline.py
[2025-08-14T22:19:41.341+0000] {processor.py:830} INFO - Processing file /opt/airflow/dags/stock_market_pipeline.py for tasks to queue
[2025-08-14T22:19:41.342+0000] {logging_mixin.py:188} INFO - [2025-08-14T22:19:41.342+0000] {dagbag.py:538} INFO - Filling up the DagBag from /opt/airflow/dags/stock_market_pipeline.py
[2025-08-14T22:19:41.370+0000] {processor.py:840} INFO - DAG(s) 'stock_market_pipeline' retrieved from /opt/airflow/dags/stock_market_pipeline.py
[2025-08-14T22:19:41.381+0000] {logging_mixin.py:188} INFO - [2025-08-14T22:19:41.381+0000] {dag.py:3036} INFO - Sync 1 DAGs
[2025-08-14T22:19:41.397+0000] {logging_mixin.py:188} INFO - [2025-08-14T22:19:41.397+0000] {dag.py:3823} INFO - Setting next_dagrun for stock_market_pipeline to None, run_after=None
[2025-08-14T22:19:41.407+0000] {processor.py:183} INFO - Processing /opt/airflow/dags/stock_market_pipeline.py took 0.082 seconds
[2025-08-14T22:19:51.920+0000] {processor.py:161} INFO - Started process (PID=34252) to work on /opt/airflow/dags/stock_market_pipeline.py
[2025-08-14T22:19:51.925+0000] {processor.py:830} INFO - Processing file /opt/airflow/dags/stock_market_pipeline.py for tasks to queue
[2025-08-14T22:19:51.929+0000] {logging_mixin.py:188} INFO - [2025-08-14T22:19:51.929+0000] {dagbag.py:538} INFO - Filling up the DagBag from /opt/airflow/dags/stock_market_pipeline.py
[2025-08-14T22:19:51.958+0000] {processor.py:840} INFO - DAG(s) 'stock_market_pipeline' retrieved from /opt/airflow/dags/stock_market_pipeline.py
[2025-08-14T22:19:52.093+0000] {logging_mixin.py:188} INFO - [2025-08-14T22:19:52.093+0000] {dag.py:3036} INFO - Sync 1 DAGs
[2025-08-14T22:19:52.100+0000] {logging_mixin.py:188} INFO - [2025-08-14T22:19:52.099+0000] {dag.py:3823} INFO - Setting next_dagrun for stock_market_pipeline to None, run_after=None
[2025-08-14T22:19:52.109+0000] {processor.py:183} INFO - Processing /opt/airflow/dags/stock_market_pipeline.py took 0.209 seconds
[2025-08-14T22:20:02.216+0000] {processor.py:161} INFO - Started process (PID=34265) to work on /opt/airflow/dags/stock_market_pipeline.py
[2025-08-14T22:20:02.219+0000] {processor.py:830} INFO - Processing file /opt/airflow/dags/stock_market_pipeline.py for tasks to queue
[2025-08-14T22:20:02.223+0000] {logging_mixin.py:188} INFO - [2025-08-14T22:20:02.222+0000] {dagbag.py:538} INFO - Filling up the DagBag from /opt/airflow/dags/stock_market_pipeline.py
[2025-08-14T22:20:02.243+0000] {processor.py:840} INFO - DAG(s) 'stock_market_pipeline' retrieved from /opt/airflow/dags/stock_market_pipeline.py
[2025-08-14T22:20:02.252+0000] {logging_mixin.py:188} INFO - [2025-08-14T22:20:02.251+0000] {dag.py:3036} INFO - Sync 1 DAGs
[2025-08-14T22:20:02.266+0000] {logging_mixin.py:188} INFO - [2025-08-14T22:20:02.266+0000] {dag.py:3823} INFO - Setting next_dagrun for stock_market_pipeline to None, run_after=None
[2025-08-14T22:20:02.276+0000] {processor.py:183} INFO - Processing /opt/airflow/dags/stock_market_pipeline.py took 0.065 seconds
[2025-08-14T22:20:12.396+0000] {processor.py:161} INFO - Started process (PID=34272) to work on /opt/airflow/dags/stock_market_pipeline.py
[2025-08-14T22:20:12.402+0000] {processor.py:830} INFO - Processing file /opt/airflow/dags/stock_market_pipeline.py for tasks to queue
[2025-08-14T22:20:12.404+0000] {logging_mixin.py:188} INFO - [2025-08-14T22:20:12.403+0000] {dagbag.py:538} INFO - Filling up the DagBag from /opt/airflow/dags/stock_market_pipeline.py
[2025-08-14T22:20:12.432+0000] {processor.py:840} INFO - DAG(s) 'stock_market_pipeline' retrieved from /opt/airflow/dags/stock_market_pipeline.py
[2025-08-14T22:20:12.453+0000] {logging_mixin.py:188} INFO - [2025-08-14T22:20:12.453+0000] {dag.py:3036} INFO - Sync 1 DAGs
[2025-08-14T22:20:12.474+0000] {logging_mixin.py:188} INFO - [2025-08-14T22:20:12.474+0000] {dag.py:3823} INFO - Setting next_dagrun for stock_market_pipeline to None, run_after=None
[2025-08-14T22:20:12.492+0000] {processor.py:183} INFO - Processing /opt/airflow/dags/stock_market_pipeline.py took 0.114 seconds
[2025-08-14T22:20:22.612+0000] {processor.py:161} INFO - Started process (PID=34282) to work on /opt/airflow/dags/stock_market_pipeline.py
[2025-08-14T22:20:22.615+0000] {processor.py:830} INFO - Processing file /opt/airflow/dags/stock_market_pipeline.py for tasks to queue
[2025-08-14T22:20:22.617+0000] {logging_mixin.py:188} INFO - [2025-08-14T22:20:22.616+0000] {dagbag.py:538} INFO - Filling up the DagBag from /opt/airflow/dags/stock_market_pipeline.py
[2025-08-14T22:20:22.661+0000] {processor.py:840} INFO - DAG(s) 'stock_market_pipeline' retrieved from /opt/airflow/dags/stock_market_pipeline.py
[2025-08-14T22:20:22.697+0000] {logging_mixin.py:188} INFO - [2025-08-14T22:20:22.697+0000] {dag.py:3036} INFO - Sync 1 DAGs
[2025-08-14T22:20:22.706+0000] {logging_mixin.py:188} INFO - [2025-08-14T22:20:22.706+0000] {dag.py:3823} INFO - Setting next_dagrun for stock_market_pipeline to None, run_after=None
[2025-08-14T22:20:22.715+0000] {processor.py:183} INFO - Processing /opt/airflow/dags/stock_market_pipeline.py took 0.118 seconds
[2025-08-14T22:20:32.822+0000] {processor.py:161} INFO - Started process (PID=34292) to work on /opt/airflow/dags/stock_market_pipeline.py
[2025-08-14T22:20:32.824+0000] {processor.py:830} INFO - Processing file /opt/airflow/dags/stock_market_pipeline.py for tasks to queue
[2025-08-14T22:20:32.827+0000] {logging_mixin.py:188} INFO - [2025-08-14T22:20:32.826+0000] {dagbag.py:538} INFO - Filling up the DagBag from /opt/airflow/dags/stock_market_pipeline.py
[2025-08-14T22:20:32.859+0000] {processor.py:840} INFO - DAG(s) 'stock_market_pipeline' retrieved from /opt/airflow/dags/stock_market_pipeline.py
[2025-08-14T22:20:32.896+0000] {logging_mixin.py:188} INFO - [2025-08-14T22:20:32.895+0000] {dag.py:3036} INFO - Sync 1 DAGs
[2025-08-14T22:20:32.904+0000] {logging_mixin.py:188} INFO - [2025-08-14T22:20:32.903+0000] {dag.py:3823} INFO - Setting next_dagrun for stock_market_pipeline to None, run_after=None
[2025-08-14T22:20:32.913+0000] {processor.py:183} INFO - Processing /opt/airflow/dags/stock_market_pipeline.py took 0.103 seconds
[2025-08-14T22:20:43.035+0000] {processor.py:161} INFO - Started process (PID=34302) to work on /opt/airflow/dags/stock_market_pipeline.py
[2025-08-14T22:20:43.037+0000] {processor.py:830} INFO - Processing file /opt/airflow/dags/stock_market_pipeline.py for tasks to queue
[2025-08-14T22:20:43.038+0000] {logging_mixin.py:188} INFO - [2025-08-14T22:20:43.037+0000] {dagbag.py:538} INFO - Filling up the DagBag from /opt/airflow/dags/stock_market_pipeline.py
[2025-08-14T22:20:43.061+0000] {processor.py:840} INFO - DAG(s) 'stock_market_pipeline' retrieved from /opt/airflow/dags/stock_market_pipeline.py
[2025-08-14T22:20:43.086+0000] {logging_mixin.py:188} INFO - [2025-08-14T22:20:43.086+0000] {dag.py:3036} INFO - Sync 1 DAGs
[2025-08-14T22:20:43.096+0000] {logging_mixin.py:188} INFO - [2025-08-14T22:20:43.096+0000] {dag.py:3823} INFO - Setting next_dagrun for stock_market_pipeline to None, run_after=None
[2025-08-14T22:20:43.105+0000] {processor.py:183} INFO - Processing /opt/airflow/dags/stock_market_pipeline.py took 0.076 seconds
[2025-08-14T22:20:53.605+0000] {processor.py:161} INFO - Started process (PID=34312) to work on /opt/airflow/dags/stock_market_pipeline.py
[2025-08-14T22:20:53.612+0000] {processor.py:830} INFO - Processing file /opt/airflow/dags/stock_market_pipeline.py for tasks to queue
[2025-08-14T22:20:53.618+0000] {logging_mixin.py:188} INFO - [2025-08-14T22:20:53.615+0000] {dagbag.py:538} INFO - Filling up the DagBag from /opt/airflow/dags/stock_market_pipeline.py
[2025-08-14T22:20:53.677+0000] {processor.py:840} INFO - DAG(s) 'stock_market_pipeline' retrieved from /opt/airflow/dags/stock_market_pipeline.py
[2025-08-14T22:20:53.750+0000] {logging_mixin.py:188} INFO - [2025-08-14T22:20:53.749+0000] {dag.py:3036} INFO - Sync 1 DAGs
[2025-08-14T22:20:53.760+0000] {logging_mixin.py:188} INFO - [2025-08-14T22:20:53.760+0000] {dag.py:3823} INFO - Setting next_dagrun for stock_market_pipeline to None, run_after=None
[2025-08-14T22:20:53.774+0000] {processor.py:183} INFO - Processing /opt/airflow/dags/stock_market_pipeline.py took 0.189 seconds
[2025-08-14T22:21:03.975+0000] {processor.py:161} INFO - Started process (PID=34335) to work on /opt/airflow/dags/stock_market_pipeline.py
[2025-08-14T22:21:03.977+0000] {processor.py:830} INFO - Processing file /opt/airflow/dags/stock_market_pipeline.py for tasks to queue
[2025-08-14T22:21:03.978+0000] {logging_mixin.py:188} INFO - [2025-08-14T22:21:03.978+0000] {dagbag.py:538} INFO - Filling up the DagBag from /opt/airflow/dags/stock_market_pipeline.py
[2025-08-14T22:21:04.010+0000] {processor.py:840} INFO - DAG(s) 'stock_market_pipeline' retrieved from /opt/airflow/dags/stock_market_pipeline.py
[2025-08-14T22:21:04.073+0000] {logging_mixin.py:188} INFO - [2025-08-14T22:21:04.072+0000] {dag.py:3036} INFO - Sync 1 DAGs
[2025-08-14T22:21:04.097+0000] {logging_mixin.py:188} INFO - [2025-08-14T22:21:04.096+0000] {dag.py:3823} INFO - Setting next_dagrun for stock_market_pipeline to None, run_after=None
[2025-08-14T22:21:04.116+0000] {processor.py:183} INFO - Processing /opt/airflow/dags/stock_market_pipeline.py took 0.146 seconds
[2025-08-14T22:21:14.269+0000] {processor.py:161} INFO - Started process (PID=34384) to work on /opt/airflow/dags/stock_market_pipeline.py
[2025-08-14T22:21:14.271+0000] {processor.py:830} INFO - Processing file /opt/airflow/dags/stock_market_pipeline.py for tasks to queue
[2025-08-14T22:21:14.272+0000] {logging_mixin.py:188} INFO - [2025-08-14T22:21:14.272+0000] {dagbag.py:538} INFO - Filling up the DagBag from /opt/airflow/dags/stock_market_pipeline.py
[2025-08-14T22:21:14.291+0000] {processor.py:840} INFO - DAG(s) 'stock_market_pipeline' retrieved from /opt/airflow/dags/stock_market_pipeline.py
[2025-08-14T22:21:14.321+0000] {logging_mixin.py:188} INFO - [2025-08-14T22:21:14.320+0000] {dag.py:3036} INFO - Sync 1 DAGs
[2025-08-14T22:21:14.329+0000] {logging_mixin.py:188} INFO - [2025-08-14T22:21:14.329+0000] {dag.py:3823} INFO - Setting next_dagrun for stock_market_pipeline to None, run_after=None
[2025-08-14T22:21:14.343+0000] {processor.py:183} INFO - Processing /opt/airflow/dags/stock_market_pipeline.py took 0.081 seconds
[2025-08-14T22:21:24.500+0000] {processor.py:161} INFO - Started process (PID=34394) to work on /opt/airflow/dags/stock_market_pipeline.py
[2025-08-14T22:21:24.506+0000] {processor.py:830} INFO - Processing file /opt/airflow/dags/stock_market_pipeline.py for tasks to queue
[2025-08-14T22:21:24.507+0000] {logging_mixin.py:188} INFO - [2025-08-14T22:21:24.507+0000] {dagbag.py:538} INFO - Filling up the DagBag from /opt/airflow/dags/stock_market_pipeline.py
[2025-08-14T22:21:24.534+0000] {processor.py:840} INFO - DAG(s) 'stock_market_pipeline' retrieved from /opt/airflow/dags/stock_market_pipeline.py
[2025-08-14T22:21:24.570+0000] {logging_mixin.py:188} INFO - [2025-08-14T22:21:24.570+0000] {dag.py:3036} INFO - Sync 1 DAGs
[2025-08-14T22:21:24.578+0000] {logging_mixin.py:188} INFO - [2025-08-14T22:21:24.578+0000] {dag.py:3823} INFO - Setting next_dagrun for stock_market_pipeline to None, run_after=None
[2025-08-14T22:21:24.587+0000] {processor.py:183} INFO - Processing /opt/airflow/dags/stock_market_pipeline.py took 0.108 seconds
[2025-08-14T22:21:34.760+0000] {processor.py:161} INFO - Started process (PID=34404) to work on /opt/airflow/dags/stock_market_pipeline.py
[2025-08-14T22:21:34.769+0000] {processor.py:830} INFO - Processing file /opt/airflow/dags/stock_market_pipeline.py for tasks to queue
[2025-08-14T22:21:34.771+0000] {logging_mixin.py:188} INFO - [2025-08-14T22:21:34.770+0000] {dagbag.py:538} INFO - Filling up the DagBag from /opt/airflow/dags/stock_market_pipeline.py
[2025-08-14T22:21:34.797+0000] {processor.py:840} INFO - DAG(s) 'stock_market_pipeline' retrieved from /opt/airflow/dags/stock_market_pipeline.py
[2025-08-14T22:21:34.828+0000] {logging_mixin.py:188} INFO - [2025-08-14T22:21:34.828+0000] {dag.py:3036} INFO - Sync 1 DAGs
[2025-08-14T22:21:34.837+0000] {logging_mixin.py:188} INFO - [2025-08-14T22:21:34.837+0000] {dag.py:3823} INFO - Setting next_dagrun for stock_market_pipeline to None, run_after=None
[2025-08-14T22:21:34.846+0000] {processor.py:183} INFO - Processing /opt/airflow/dags/stock_market_pipeline.py took 0.097 seconds
[2025-08-14T22:21:45.595+0000] {processor.py:161} INFO - Started process (PID=34414) to work on /opt/airflow/dags/stock_market_pipeline.py
[2025-08-14T22:21:45.601+0000] {processor.py:830} INFO - Processing file /opt/airflow/dags/stock_market_pipeline.py for tasks to queue
[2025-08-14T22:21:45.603+0000] {logging_mixin.py:188} INFO - [2025-08-14T22:21:45.602+0000] {dagbag.py:538} INFO - Filling up the DagBag from /opt/airflow/dags/stock_market_pipeline.py
[2025-08-14T22:21:45.637+0000] {processor.py:840} INFO - DAG(s) 'stock_market_pipeline' retrieved from /opt/airflow/dags/stock_market_pipeline.py
[2025-08-14T22:21:45.694+0000] {logging_mixin.py:188} INFO - [2025-08-14T22:21:45.694+0000] {dag.py:3036} INFO - Sync 1 DAGs
[2025-08-14T22:21:45.708+0000] {logging_mixin.py:188} INFO - [2025-08-14T22:21:45.708+0000] {dag.py:3823} INFO - Setting next_dagrun for stock_market_pipeline to None, run_after=None
[2025-08-14T22:21:45.721+0000] {processor.py:183} INFO - Processing /opt/airflow/dags/stock_market_pipeline.py took 0.144 seconds
[2025-08-14T22:21:55.931+0000] {processor.py:161} INFO - Started process (PID=34424) to work on /opt/airflow/dags/stock_market_pipeline.py
[2025-08-14T22:21:55.933+0000] {processor.py:830} INFO - Processing file /opt/airflow/dags/stock_market_pipeline.py for tasks to queue
[2025-08-14T22:21:55.934+0000] {logging_mixin.py:188} INFO - [2025-08-14T22:21:55.933+0000] {dagbag.py:538} INFO - Filling up the DagBag from /opt/airflow/dags/stock_market_pipeline.py
[2025-08-14T22:21:55.959+0000] {processor.py:840} INFO - DAG(s) 'stock_market_pipeline' retrieved from /opt/airflow/dags/stock_market_pipeline.py
[2025-08-14T22:21:55.991+0000] {logging_mixin.py:188} INFO - [2025-08-14T22:21:55.991+0000] {dag.py:3036} INFO - Sync 1 DAGs
[2025-08-14T22:21:56.003+0000] {logging_mixin.py:188} INFO - [2025-08-14T22:21:56.003+0000] {dag.py:3823} INFO - Setting next_dagrun for stock_market_pipeline to None, run_after=None
[2025-08-14T22:21:56.013+0000] {processor.py:183} INFO - Processing /opt/airflow/dags/stock_market_pipeline.py took 0.096 seconds
[2025-08-14T22:22:06.240+0000] {processor.py:161} INFO - Started process (PID=34434) to work on /opt/airflow/dags/stock_market_pipeline.py
[2025-08-14T22:22:06.246+0000] {processor.py:830} INFO - Processing file /opt/airflow/dags/stock_market_pipeline.py for tasks to queue
[2025-08-14T22:22:06.251+0000] {logging_mixin.py:188} INFO - [2025-08-14T22:22:06.249+0000] {dagbag.py:538} INFO - Filling up the DagBag from /opt/airflow/dags/stock_market_pipeline.py
[2025-08-14T22:22:06.290+0000] {processor.py:840} INFO - DAG(s) 'stock_market_pipeline' retrieved from /opt/airflow/dags/stock_market_pipeline.py
[2025-08-14T22:22:06.337+0000] {logging_mixin.py:188} INFO - [2025-08-14T22:22:06.337+0000] {dag.py:3036} INFO - Sync 1 DAGs
[2025-08-14T22:22:06.351+0000] {logging_mixin.py:188} INFO - [2025-08-14T22:22:06.351+0000] {dag.py:3823} INFO - Setting next_dagrun for stock_market_pipeline to None, run_after=None
[2025-08-14T22:22:06.363+0000] {processor.py:183} INFO - Processing /opt/airflow/dags/stock_market_pipeline.py took 0.140 seconds
[2025-08-14T22:22:16.588+0000] {processor.py:161} INFO - Started process (PID=34444) to work on /opt/airflow/dags/stock_market_pipeline.py
[2025-08-14T22:22:16.591+0000] {processor.py:830} INFO - Processing file /opt/airflow/dags/stock_market_pipeline.py for tasks to queue
[2025-08-14T22:22:16.597+0000] {logging_mixin.py:188} INFO - [2025-08-14T22:22:16.594+0000] {dagbag.py:538} INFO - Filling up the DagBag from /opt/airflow/dags/stock_market_pipeline.py
[2025-08-14T22:22:16.630+0000] {processor.py:840} INFO - DAG(s) 'stock_market_pipeline' retrieved from /opt/airflow/dags/stock_market_pipeline.py
[2025-08-14T22:22:16.677+0000] {logging_mixin.py:188} INFO - [2025-08-14T22:22:16.677+0000] {dag.py:3036} INFO - Sync 1 DAGs
[2025-08-14T22:22:16.691+0000] {logging_mixin.py:188} INFO - [2025-08-14T22:22:16.691+0000] {dag.py:3823} INFO - Setting next_dagrun for stock_market_pipeline to None, run_after=None
[2025-08-14T22:22:16.702+0000] {processor.py:183} INFO - Processing /opt/airflow/dags/stock_market_pipeline.py took 0.125 seconds
[2025-08-14T22:22:27.067+0000] {processor.py:161} INFO - Started process (PID=34454) to work on /opt/airflow/dags/stock_market_pipeline.py
[2025-08-14T22:22:27.071+0000] {processor.py:830} INFO - Processing file /opt/airflow/dags/stock_market_pipeline.py for tasks to queue
[2025-08-14T22:22:27.073+0000] {logging_mixin.py:188} INFO - [2025-08-14T22:22:27.072+0000] {dagbag.py:538} INFO - Filling up the DagBag from /opt/airflow/dags/stock_market_pipeline.py
[2025-08-14T22:22:27.105+0000] {processor.py:840} INFO - DAG(s) 'stock_market_pipeline' retrieved from /opt/airflow/dags/stock_market_pipeline.py
[2025-08-14T22:22:27.144+0000] {logging_mixin.py:188} INFO - [2025-08-14T22:22:27.144+0000] {dag.py:3036} INFO - Sync 1 DAGs
[2025-08-14T22:22:27.155+0000] {logging_mixin.py:188} INFO - [2025-08-14T22:22:27.154+0000] {dag.py:3823} INFO - Setting next_dagrun for stock_market_pipeline to None, run_after=None
[2025-08-14T22:22:27.167+0000] {processor.py:183} INFO - Processing /opt/airflow/dags/stock_market_pipeline.py took 0.109 seconds
[2025-08-14T22:22:37.363+0000] {processor.py:161} INFO - Started process (PID=34464) to work on /opt/airflow/dags/stock_market_pipeline.py
[2025-08-14T22:22:37.365+0000] {processor.py:830} INFO - Processing file /opt/airflow/dags/stock_market_pipeline.py for tasks to queue
[2025-08-14T22:22:37.368+0000] {logging_mixin.py:188} INFO - [2025-08-14T22:22:37.367+0000] {dagbag.py:538} INFO - Filling up the DagBag from /opt/airflow/dags/stock_market_pipeline.py
[2025-08-14T22:22:37.394+0000] {processor.py:840} INFO - DAG(s) 'stock_market_pipeline' retrieved from /opt/airflow/dags/stock_market_pipeline.py
[2025-08-14T22:22:37.436+0000] {logging_mixin.py:188} INFO - [2025-08-14T22:22:37.435+0000] {dag.py:3036} INFO - Sync 1 DAGs
[2025-08-14T22:22:37.445+0000] {logging_mixin.py:188} INFO - [2025-08-14T22:22:37.445+0000] {dag.py:3823} INFO - Setting next_dagrun for stock_market_pipeline to None, run_after=None
[2025-08-14T22:22:37.454+0000] {processor.py:183} INFO - Processing /opt/airflow/dags/stock_market_pipeline.py took 0.101 seconds
[2025-08-14T22:22:47.622+0000] {processor.py:161} INFO - Started process (PID=34474) to work on /opt/airflow/dags/stock_market_pipeline.py
[2025-08-14T22:22:47.625+0000] {processor.py:830} INFO - Processing file /opt/airflow/dags/stock_market_pipeline.py for tasks to queue
[2025-08-14T22:22:47.627+0000] {logging_mixin.py:188} INFO - [2025-08-14T22:22:47.626+0000] {dagbag.py:538} INFO - Filling up the DagBag from /opt/airflow/dags/stock_market_pipeline.py
[2025-08-14T22:22:47.673+0000] {processor.py:840} INFO - DAG(s) 'stock_market_pipeline' retrieved from /opt/airflow/dags/stock_market_pipeline.py
[2025-08-14T22:22:47.720+0000] {logging_mixin.py:188} INFO - [2025-08-14T22:22:47.720+0000] {dag.py:3036} INFO - Sync 1 DAGs
[2025-08-14T22:22:47.782+0000] {logging_mixin.py:188} INFO - [2025-08-14T22:22:47.781+0000] {dag.py:3823} INFO - Setting next_dagrun for stock_market_pipeline to None, run_after=None
[2025-08-14T22:22:47.864+0000] {processor.py:183} INFO - Processing /opt/airflow/dags/stock_market_pipeline.py took 0.262 seconds
[2025-08-14T22:22:58.110+0000] {processor.py:161} INFO - Started process (PID=34484) to work on /opt/airflow/dags/stock_market_pipeline.py
[2025-08-14T22:22:58.116+0000] {processor.py:830} INFO - Processing file /opt/airflow/dags/stock_market_pipeline.py for tasks to queue
[2025-08-14T22:22:58.117+0000] {logging_mixin.py:188} INFO - [2025-08-14T22:22:58.116+0000] {dagbag.py:538} INFO - Filling up the DagBag from /opt/airflow/dags/stock_market_pipeline.py
[2025-08-14T22:22:58.156+0000] {processor.py:840} INFO - DAG(s) 'stock_market_pipeline' retrieved from /opt/airflow/dags/stock_market_pipeline.py
[2025-08-14T22:22:58.247+0000] {logging_mixin.py:188} INFO - [2025-08-14T22:22:58.247+0000] {dag.py:3036} INFO - Sync 1 DAGs
[2025-08-14T22:22:58.272+0000] {logging_mixin.py:188} INFO - [2025-08-14T22:22:58.272+0000] {dag.py:3823} INFO - Setting next_dagrun for stock_market_pipeline to None, run_after=None
[2025-08-14T22:22:58.299+0000] {processor.py:183} INFO - Processing /opt/airflow/dags/stock_market_pipeline.py took 0.212 seconds
[2025-08-14T22:23:08.780+0000] {processor.py:161} INFO - Started process (PID=34494) to work on /opt/airflow/dags/stock_market_pipeline.py
[2025-08-14T22:23:08.855+0000] {processor.py:830} INFO - Processing file /opt/airflow/dags/stock_market_pipeline.py for tasks to queue
[2025-08-14T22:23:08.860+0000] {logging_mixin.py:188} INFO - [2025-08-14T22:23:08.857+0000] {dagbag.py:538} INFO - Filling up the DagBag from /opt/airflow/dags/stock_market_pipeline.py
[2025-08-14T22:23:09.133+0000] {processor.py:840} INFO - DAG(s) 'stock_market_pipeline' retrieved from /opt/airflow/dags/stock_market_pipeline.py
[2025-08-14T22:23:09.423+0000] {logging_mixin.py:188} INFO - [2025-08-14T22:23:09.418+0000] {dag.py:3036} INFO - Sync 1 DAGs
[2025-08-14T22:23:09.466+0000] {logging_mixin.py:188} INFO - [2025-08-14T22:23:09.466+0000] {dag.py:3823} INFO - Setting next_dagrun for stock_market_pipeline to None, run_after=None
[2025-08-14T22:23:09.498+0000] {processor.py:183} INFO - Processing /opt/airflow/dags/stock_market_pipeline.py took 0.915 seconds
[2025-08-14T22:23:19.713+0000] {processor.py:161} INFO - Started process (PID=34504) to work on /opt/airflow/dags/stock_market_pipeline.py
[2025-08-14T22:23:19.718+0000] {processor.py:830} INFO - Processing file /opt/airflow/dags/stock_market_pipeline.py for tasks to queue
[2025-08-14T22:23:19.720+0000] {logging_mixin.py:188} INFO - [2025-08-14T22:23:19.719+0000] {dagbag.py:538} INFO - Filling up the DagBag from /opt/airflow/dags/stock_market_pipeline.py
[2025-08-14T22:23:19.756+0000] {processor.py:840} INFO - DAG(s) 'stock_market_pipeline' retrieved from /opt/airflow/dags/stock_market_pipeline.py
[2025-08-14T22:23:19.801+0000] {logging_mixin.py:188} INFO - [2025-08-14T22:23:19.801+0000] {dag.py:3036} INFO - Sync 1 DAGs
[2025-08-14T22:23:19.818+0000] {logging_mixin.py:188} INFO - [2025-08-14T22:23:19.817+0000] {dag.py:3823} INFO - Setting next_dagrun for stock_market_pipeline to None, run_after=None
[2025-08-14T22:23:19.992+0000] {processor.py:183} INFO - Processing /opt/airflow/dags/stock_market_pipeline.py took 0.294 seconds
[2025-08-14T22:23:30.710+0000] {processor.py:161} INFO - Started process (PID=34514) to work on /opt/airflow/dags/stock_market_pipeline.py
[2025-08-14T22:23:30.718+0000] {processor.py:830} INFO - Processing file /opt/airflow/dags/stock_market_pipeline.py for tasks to queue
[2025-08-14T22:23:30.720+0000] {logging_mixin.py:188} INFO - [2025-08-14T22:23:30.720+0000] {dagbag.py:538} INFO - Filling up the DagBag from /opt/airflow/dags/stock_market_pipeline.py
[2025-08-14T22:23:30.782+0000] {processor.py:840} INFO - DAG(s) 'stock_market_pipeline' retrieved from /opt/airflow/dags/stock_market_pipeline.py
[2025-08-14T22:23:30.864+0000] {logging_mixin.py:188} INFO - [2025-08-14T22:23:30.863+0000] {dag.py:3036} INFO - Sync 1 DAGs
[2025-08-14T22:23:30.883+0000] {logging_mixin.py:188} INFO - [2025-08-14T22:23:30.883+0000] {dag.py:3823} INFO - Setting next_dagrun for stock_market_pipeline to None, run_after=None
[2025-08-14T22:23:30.900+0000] {processor.py:183} INFO - Processing /opt/airflow/dags/stock_market_pipeline.py took 0.214 seconds
[2025-08-14T22:23:41.751+0000] {processor.py:161} INFO - Started process (PID=34524) to work on /opt/airflow/dags/stock_market_pipeline.py
[2025-08-14T22:23:41.761+0000] {processor.py:830} INFO - Processing file /opt/airflow/dags/stock_market_pipeline.py for tasks to queue
[2025-08-14T22:23:41.766+0000] {logging_mixin.py:188} INFO - [2025-08-14T22:23:41.765+0000] {dagbag.py:538} INFO - Filling up the DagBag from /opt/airflow/dags/stock_market_pipeline.py
[2025-08-14T22:23:41.812+0000] {processor.py:840} INFO - DAG(s) 'stock_market_pipeline' retrieved from /opt/airflow/dags/stock_market_pipeline.py
[2025-08-14T22:23:41.929+0000] {logging_mixin.py:188} INFO - [2025-08-14T22:23:41.928+0000] {dag.py:3036} INFO - Sync 1 DAGs
[2025-08-14T22:23:41.969+0000] {logging_mixin.py:188} INFO - [2025-08-14T22:23:41.969+0000] {dag.py:3823} INFO - Setting next_dagrun for stock_market_pipeline to None, run_after=None
[2025-08-14T22:23:41.990+0000] {processor.py:183} INFO - Processing /opt/airflow/dags/stock_market_pipeline.py took 0.261 seconds
[2025-08-14T22:23:52.838+0000] {processor.py:161} INFO - Started process (PID=34534) to work on /opt/airflow/dags/stock_market_pipeline.py
[2025-08-14T22:23:52.841+0000] {processor.py:830} INFO - Processing file /opt/airflow/dags/stock_market_pipeline.py for tasks to queue
[2025-08-14T22:23:52.843+0000] {logging_mixin.py:188} INFO - [2025-08-14T22:23:52.842+0000] {dagbag.py:538} INFO - Filling up the DagBag from /opt/airflow/dags/stock_market_pipeline.py
[2025-08-14T22:23:52.878+0000] {processor.py:840} INFO - DAG(s) 'stock_market_pipeline' retrieved from /opt/airflow/dags/stock_market_pipeline.py
[2025-08-14T22:23:52.953+0000] {logging_mixin.py:188} INFO - [2025-08-14T22:23:52.953+0000] {dag.py:3036} INFO - Sync 1 DAGs
[2025-08-14T22:23:52.970+0000] {logging_mixin.py:188} INFO - [2025-08-14T22:23:52.969+0000] {dag.py:3823} INFO - Setting next_dagrun for stock_market_pipeline to None, run_after=None
[2025-08-14T22:23:52.994+0000] {processor.py:183} INFO - Processing /opt/airflow/dags/stock_market_pipeline.py took 0.197 seconds
[2025-08-14T22:24:03.687+0000] {processor.py:161} INFO - Started process (PID=34544) to work on /opt/airflow/dags/stock_market_pipeline.py
[2025-08-14T22:24:03.690+0000] {processor.py:830} INFO - Processing file /opt/airflow/dags/stock_market_pipeline.py for tasks to queue
[2025-08-14T22:24:03.691+0000] {logging_mixin.py:188} INFO - [2025-08-14T22:24:03.690+0000] {dagbag.py:538} INFO - Filling up the DagBag from /opt/airflow/dags/stock_market_pipeline.py
[2025-08-14T22:24:03.716+0000] {processor.py:840} INFO - DAG(s) 'stock_market_pipeline' retrieved from /opt/airflow/dags/stock_market_pipeline.py
[2025-08-14T22:24:03.754+0000] {logging_mixin.py:188} INFO - [2025-08-14T22:24:03.754+0000] {dag.py:3036} INFO - Sync 1 DAGs
[2025-08-14T22:24:03.767+0000] {logging_mixin.py:188} INFO - [2025-08-14T22:24:03.766+0000] {dag.py:3823} INFO - Setting next_dagrun for stock_market_pipeline to None, run_after=None
[2025-08-14T22:24:03.780+0000] {processor.py:183} INFO - Processing /opt/airflow/dags/stock_market_pipeline.py took 0.106 seconds
[2025-08-14T22:24:14.029+0000] {processor.py:161} INFO - Started process (PID=34554) to work on /opt/airflow/dags/stock_market_pipeline.py
[2025-08-14T22:24:14.033+0000] {processor.py:830} INFO - Processing file /opt/airflow/dags/stock_market_pipeline.py for tasks to queue
[2025-08-14T22:24:14.035+0000] {logging_mixin.py:188} INFO - [2025-08-14T22:24:14.034+0000] {dagbag.py:538} INFO - Filling up the DagBag from /opt/airflow/dags/stock_market_pipeline.py
[2025-08-14T22:24:14.059+0000] {processor.py:840} INFO - DAG(s) 'stock_market_pipeline' retrieved from /opt/airflow/dags/stock_market_pipeline.py
[2025-08-14T22:24:14.094+0000] {logging_mixin.py:188} INFO - [2025-08-14T22:24:14.094+0000] {dag.py:3036} INFO - Sync 1 DAGs
[2025-08-14T22:24:14.103+0000] {logging_mixin.py:188} INFO - [2025-08-14T22:24:14.103+0000] {dag.py:3823} INFO - Setting next_dagrun for stock_market_pipeline to None, run_after=None
[2025-08-14T22:24:14.113+0000] {processor.py:183} INFO - Processing /opt/airflow/dags/stock_market_pipeline.py took 0.102 seconds
[2025-08-14T22:24:24.314+0000] {processor.py:161} INFO - Started process (PID=34564) to work on /opt/airflow/dags/stock_market_pipeline.py
[2025-08-14T22:24:24.319+0000] {processor.py:830} INFO - Processing file /opt/airflow/dags/stock_market_pipeline.py for tasks to queue
[2025-08-14T22:24:24.322+0000] {logging_mixin.py:188} INFO - [2025-08-14T22:24:24.321+0000] {dagbag.py:538} INFO - Filling up the DagBag from /opt/airflow/dags/stock_market_pipeline.py
[2025-08-14T22:24:24.346+0000] {processor.py:840} INFO - DAG(s) 'stock_market_pipeline' retrieved from /opt/airflow/dags/stock_market_pipeline.py
[2025-08-14T22:24:24.385+0000] {logging_mixin.py:188} INFO - [2025-08-14T22:24:24.384+0000] {dag.py:3036} INFO - Sync 1 DAGs
[2025-08-14T22:24:24.394+0000] {logging_mixin.py:188} INFO - [2025-08-14T22:24:24.394+0000] {dag.py:3823} INFO - Setting next_dagrun for stock_market_pipeline to None, run_after=None
[2025-08-14T22:24:24.403+0000] {processor.py:183} INFO - Processing /opt/airflow/dags/stock_market_pipeline.py took 0.105 seconds
[2025-08-14T22:24:34.596+0000] {processor.py:161} INFO - Started process (PID=34574) to work on /opt/airflow/dags/stock_market_pipeline.py
[2025-08-14T22:24:34.600+0000] {processor.py:830} INFO - Processing file /opt/airflow/dags/stock_market_pipeline.py for tasks to queue
[2025-08-14T22:24:34.601+0000] {logging_mixin.py:188} INFO - [2025-08-14T22:24:34.600+0000] {dagbag.py:538} INFO - Filling up the DagBag from /opt/airflow/dags/stock_market_pipeline.py
[2025-08-14T22:24:34.635+0000] {processor.py:840} INFO - DAG(s) 'stock_market_pipeline' retrieved from /opt/airflow/dags/stock_market_pipeline.py
[2025-08-14T22:24:34.672+0000] {logging_mixin.py:188} INFO - [2025-08-14T22:24:34.672+0000] {dag.py:3036} INFO - Sync 1 DAGs
[2025-08-14T22:24:34.682+0000] {logging_mixin.py:188} INFO - [2025-08-14T22:24:34.682+0000] {dag.py:3823} INFO - Setting next_dagrun for stock_market_pipeline to None, run_after=None
[2025-08-14T22:24:34.691+0000] {processor.py:183} INFO - Processing /opt/airflow/dags/stock_market_pipeline.py took 0.106 seconds
[2025-08-14T22:24:44.844+0000] {processor.py:161} INFO - Started process (PID=34584) to work on /opt/airflow/dags/stock_market_pipeline.py
[2025-08-14T22:24:44.848+0000] {processor.py:830} INFO - Processing file /opt/airflow/dags/stock_market_pipeline.py for tasks to queue
[2025-08-14T22:24:44.851+0000] {logging_mixin.py:188} INFO - [2025-08-14T22:24:44.850+0000] {dagbag.py:538} INFO - Filling up the DagBag from /opt/airflow/dags/stock_market_pipeline.py
[2025-08-14T22:24:44.875+0000] {processor.py:840} INFO - DAG(s) 'stock_market_pipeline' retrieved from /opt/airflow/dags/stock_market_pipeline.py
[2025-08-14T22:24:44.919+0000] {logging_mixin.py:188} INFO - [2025-08-14T22:24:44.918+0000] {dag.py:3036} INFO - Sync 1 DAGs
[2025-08-14T22:24:44.927+0000] {logging_mixin.py:188} INFO - [2025-08-14T22:24:44.927+0000] {dag.py:3823} INFO - Setting next_dagrun for stock_market_pipeline to None, run_after=None
[2025-08-14T22:24:44.936+0000] {processor.py:183} INFO - Processing /opt/airflow/dags/stock_market_pipeline.py took 0.107 seconds
[2025-08-14T22:24:55.151+0000] {processor.py:161} INFO - Started process (PID=34594) to work on /opt/airflow/dags/stock_market_pipeline.py
[2025-08-14T22:24:55.154+0000] {processor.py:830} INFO - Processing file /opt/airflow/dags/stock_market_pipeline.py for tasks to queue
[2025-08-14T22:24:55.155+0000] {logging_mixin.py:188} INFO - [2025-08-14T22:24:55.154+0000] {dagbag.py:538} INFO - Filling up the DagBag from /opt/airflow/dags/stock_market_pipeline.py
[2025-08-14T22:24:55.174+0000] {processor.py:840} INFO - DAG(s) 'stock_market_pipeline' retrieved from /opt/airflow/dags/stock_market_pipeline.py
[2025-08-14T22:24:55.208+0000] {logging_mixin.py:188} INFO - [2025-08-14T22:24:55.208+0000] {dag.py:3036} INFO - Sync 1 DAGs
[2025-08-14T22:24:55.216+0000] {logging_mixin.py:188} INFO - [2025-08-14T22:24:55.216+0000] {dag.py:3823} INFO - Setting next_dagrun for stock_market_pipeline to None, run_after=None
[2025-08-14T22:24:55.225+0000] {processor.py:183} INFO - Processing /opt/airflow/dags/stock_market_pipeline.py took 0.083 seconds
[2025-08-14T22:25:05.371+0000] {processor.py:161} INFO - Started process (PID=34604) to work on /opt/airflow/dags/stock_market_pipeline.py
[2025-08-14T22:25:05.374+0000] {processor.py:830} INFO - Processing file /opt/airflow/dags/stock_market_pipeline.py for tasks to queue
[2025-08-14T22:25:05.375+0000] {logging_mixin.py:188} INFO - [2025-08-14T22:25:05.375+0000] {dagbag.py:538} INFO - Filling up the DagBag from /opt/airflow/dags/stock_market_pipeline.py
[2025-08-14T22:25:05.402+0000] {processor.py:840} INFO - DAG(s) 'stock_market_pipeline' retrieved from /opt/airflow/dags/stock_market_pipeline.py
[2025-08-14T22:25:05.426+0000] {logging_mixin.py:188} INFO - [2025-08-14T22:25:05.426+0000] {dag.py:3036} INFO - Sync 1 DAGs
[2025-08-14T22:25:05.434+0000] {logging_mixin.py:188} INFO - [2025-08-14T22:25:05.433+0000] {dag.py:3823} INFO - Setting next_dagrun for stock_market_pipeline to None, run_after=None
[2025-08-14T22:25:05.443+0000] {processor.py:183} INFO - Processing /opt/airflow/dags/stock_market_pipeline.py took 0.084 seconds
[2025-08-14T22:25:15.545+0000] {processor.py:161} INFO - Started process (PID=34614) to work on /opt/airflow/dags/stock_market_pipeline.py
[2025-08-14T22:25:15.547+0000] {processor.py:830} INFO - Processing file /opt/airflow/dags/stock_market_pipeline.py for tasks to queue
[2025-08-14T22:25:15.548+0000] {logging_mixin.py:188} INFO - [2025-08-14T22:25:15.548+0000] {dagbag.py:538} INFO - Filling up the DagBag from /opt/airflow/dags/stock_market_pipeline.py
[2025-08-14T22:25:15.561+0000] {processor.py:840} INFO - DAG(s) 'stock_market_pipeline' retrieved from /opt/airflow/dags/stock_market_pipeline.py
[2025-08-14T22:25:15.587+0000] {logging_mixin.py:188} INFO - [2025-08-14T22:25:15.587+0000] {dag.py:3036} INFO - Sync 1 DAGs
[2025-08-14T22:25:15.593+0000] {logging_mixin.py:188} INFO - [2025-08-14T22:25:15.593+0000] {dag.py:3823} INFO - Setting next_dagrun for stock_market_pipeline to None, run_after=None
[2025-08-14T22:25:15.601+0000] {processor.py:183} INFO - Processing /opt/airflow/dags/stock_market_pipeline.py took 0.061 seconds
[2025-08-14T22:25:25.680+0000] {processor.py:161} INFO - Started process (PID=34624) to work on /opt/airflow/dags/stock_market_pipeline.py
[2025-08-14T22:25:25.681+0000] {processor.py:830} INFO - Processing file /opt/airflow/dags/stock_market_pipeline.py for tasks to queue
[2025-08-14T22:25:25.683+0000] {logging_mixin.py:188} INFO - [2025-08-14T22:25:25.682+0000] {dagbag.py:538} INFO - Filling up the DagBag from /opt/airflow/dags/stock_market_pipeline.py
[2025-08-14T22:25:25.698+0000] {processor.py:840} INFO - DAG(s) 'stock_market_pipeline' retrieved from /opt/airflow/dags/stock_market_pipeline.py
[2025-08-14T22:25:25.742+0000] {logging_mixin.py:188} INFO - [2025-08-14T22:25:25.741+0000] {dag.py:3036} INFO - Sync 1 DAGs
[2025-08-14T22:25:25.752+0000] {logging_mixin.py:188} INFO - [2025-08-14T22:25:25.751+0000] {dag.py:3823} INFO - Setting next_dagrun for stock_market_pipeline to None, run_after=None
[2025-08-14T22:25:25.763+0000] {processor.py:183} INFO - Processing /opt/airflow/dags/stock_market_pipeline.py took 0.088 seconds
[2025-08-14T22:25:35.876+0000] {processor.py:161} INFO - Started process (PID=34634) to work on /opt/airflow/dags/stock_market_pipeline.py
[2025-08-14T22:25:35.880+0000] {processor.py:830} INFO - Processing file /opt/airflow/dags/stock_market_pipeline.py for tasks to queue
[2025-08-14T22:25:35.881+0000] {logging_mixin.py:188} INFO - [2025-08-14T22:25:35.880+0000] {dagbag.py:538} INFO - Filling up the DagBag from /opt/airflow/dags/stock_market_pipeline.py
[2025-08-14T22:25:35.894+0000] {processor.py:840} INFO - DAG(s) 'stock_market_pipeline' retrieved from /opt/airflow/dags/stock_market_pipeline.py
[2025-08-14T22:25:35.920+0000] {logging_mixin.py:188} INFO - [2025-08-14T22:25:35.920+0000] {dag.py:3036} INFO - Sync 1 DAGs
[2025-08-14T22:25:35.930+0000] {logging_mixin.py:188} INFO - [2025-08-14T22:25:35.930+0000] {dag.py:3823} INFO - Setting next_dagrun for stock_market_pipeline to None, run_after=None
[2025-08-14T22:25:35.938+0000] {processor.py:183} INFO - Processing /opt/airflow/dags/stock_market_pipeline.py took 0.068 seconds
[2025-08-14T22:25:46.130+0000] {processor.py:161} INFO - Started process (PID=34644) to work on /opt/airflow/dags/stock_market_pipeline.py
[2025-08-14T22:25:46.131+0000] {processor.py:830} INFO - Processing file /opt/airflow/dags/stock_market_pipeline.py for tasks to queue
[2025-08-14T22:25:46.133+0000] {logging_mixin.py:188} INFO - [2025-08-14T22:25:46.132+0000] {dagbag.py:538} INFO - Filling up the DagBag from /opt/airflow/dags/stock_market_pipeline.py
[2025-08-14T22:25:46.154+0000] {processor.py:840} INFO - DAG(s) 'stock_market_pipeline' retrieved from /opt/airflow/dags/stock_market_pipeline.py
[2025-08-14T22:25:46.188+0000] {logging_mixin.py:188} INFO - [2025-08-14T22:25:46.188+0000] {dag.py:3036} INFO - Sync 1 DAGs
[2025-08-14T22:25:46.199+0000] {logging_mixin.py:188} INFO - [2025-08-14T22:25:46.199+0000] {dag.py:3823} INFO - Setting next_dagrun for stock_market_pipeline to None, run_after=None
[2025-08-14T22:25:46.208+0000] {processor.py:183} INFO - Processing /opt/airflow/dags/stock_market_pipeline.py took 0.088 seconds
[2025-08-14T22:25:56.590+0000] {processor.py:161} INFO - Started process (PID=34654) to work on /opt/airflow/dags/stock_market_pipeline.py
[2025-08-14T22:25:56.594+0000] {processor.py:830} INFO - Processing file /opt/airflow/dags/stock_market_pipeline.py for tasks to queue
[2025-08-14T22:25:56.595+0000] {logging_mixin.py:188} INFO - [2025-08-14T22:25:56.595+0000] {dagbag.py:538} INFO - Filling up the DagBag from /opt/airflow/dags/stock_market_pipeline.py
[2025-08-14T22:25:56.629+0000] {processor.py:840} INFO - DAG(s) 'stock_market_pipeline' retrieved from /opt/airflow/dags/stock_market_pipeline.py
[2025-08-14T22:25:56.671+0000] {logging_mixin.py:188} INFO - [2025-08-14T22:25:56.671+0000] {dag.py:3036} INFO - Sync 1 DAGs
[2025-08-14T22:25:56.679+0000] {logging_mixin.py:188} INFO - [2025-08-14T22:25:56.679+0000] {dag.py:3823} INFO - Setting next_dagrun for stock_market_pipeline to None, run_after=None
[2025-08-14T22:25:56.689+0000] {processor.py:183} INFO - Processing /opt/airflow/dags/stock_market_pipeline.py took 0.116 seconds
[2025-08-14T22:26:06.886+0000] {processor.py:161} INFO - Started process (PID=34664) to work on /opt/airflow/dags/stock_market_pipeline.py
[2025-08-14T22:26:06.889+0000] {processor.py:830} INFO - Processing file /opt/airflow/dags/stock_market_pipeline.py for tasks to queue
[2025-08-14T22:26:06.890+0000] {logging_mixin.py:188} INFO - [2025-08-14T22:26:06.890+0000] {dagbag.py:538} INFO - Filling up the DagBag from /opt/airflow/dags/stock_market_pipeline.py
[2025-08-14T22:26:06.923+0000] {processor.py:840} INFO - DAG(s) 'stock_market_pipeline' retrieved from /opt/airflow/dags/stock_market_pipeline.py
[2025-08-14T22:26:06.965+0000] {logging_mixin.py:188} INFO - [2025-08-14T22:26:06.965+0000] {dag.py:3036} INFO - Sync 1 DAGs
[2025-08-14T22:26:06.974+0000] {logging_mixin.py:188} INFO - [2025-08-14T22:26:06.974+0000] {dag.py:3823} INFO - Setting next_dagrun for stock_market_pipeline to None, run_after=None
[2025-08-14T22:26:06.983+0000] {processor.py:183} INFO - Processing /opt/airflow/dags/stock_market_pipeline.py took 0.115 seconds
[2025-08-14T22:26:17.273+0000] {processor.py:161} INFO - Started process (PID=34674) to work on /opt/airflow/dags/stock_market_pipeline.py
[2025-08-14T22:26:17.281+0000] {processor.py:830} INFO - Processing file /opt/airflow/dags/stock_market_pipeline.py for tasks to queue
[2025-08-14T22:26:17.283+0000] {logging_mixin.py:188} INFO - [2025-08-14T22:26:17.282+0000] {dagbag.py:538} INFO - Filling up the DagBag from /opt/airflow/dags/stock_market_pipeline.py
[2025-08-14T22:26:17.309+0000] {processor.py:840} INFO - DAG(s) 'stock_market_pipeline' retrieved from /opt/airflow/dags/stock_market_pipeline.py
[2025-08-14T22:26:17.345+0000] {logging_mixin.py:188} INFO - [2025-08-14T22:26:17.345+0000] {dag.py:3036} INFO - Sync 1 DAGs
[2025-08-14T22:26:17.356+0000] {logging_mixin.py:188} INFO - [2025-08-14T22:26:17.356+0000] {dag.py:3823} INFO - Setting next_dagrun for stock_market_pipeline to None, run_after=None
[2025-08-14T22:26:17.368+0000] {processor.py:183} INFO - Processing /opt/airflow/dags/stock_market_pipeline.py took 0.112 seconds
[2025-08-14T22:26:27.612+0000] {processor.py:161} INFO - Started process (PID=34684) to work on /opt/airflow/dags/stock_market_pipeline.py
[2025-08-14T22:26:27.614+0000] {processor.py:830} INFO - Processing file /opt/airflow/dags/stock_market_pipeline.py for tasks to queue
[2025-08-14T22:26:27.617+0000] {logging_mixin.py:188} INFO - [2025-08-14T22:26:27.616+0000] {dagbag.py:538} INFO - Filling up the DagBag from /opt/airflow/dags/stock_market_pipeline.py
[2025-08-14T22:26:27.646+0000] {processor.py:840} INFO - DAG(s) 'stock_market_pipeline' retrieved from /opt/airflow/dags/stock_market_pipeline.py
[2025-08-14T22:26:27.680+0000] {logging_mixin.py:188} INFO - [2025-08-14T22:26:27.680+0000] {dag.py:3036} INFO - Sync 1 DAGs
[2025-08-14T22:26:27.693+0000] {logging_mixin.py:188} INFO - [2025-08-14T22:26:27.692+0000] {dag.py:3823} INFO - Setting next_dagrun for stock_market_pipeline to None, run_after=None
[2025-08-14T22:26:27.703+0000] {processor.py:183} INFO - Processing /opt/airflow/dags/stock_market_pipeline.py took 0.103 seconds
[2025-08-14T22:26:37.848+0000] {processor.py:161} INFO - Started process (PID=34694) to work on /opt/airflow/dags/stock_market_pipeline.py
[2025-08-14T22:26:37.856+0000] {processor.py:830} INFO - Processing file /opt/airflow/dags/stock_market_pipeline.py for tasks to queue
[2025-08-14T22:26:37.858+0000] {logging_mixin.py:188} INFO - [2025-08-14T22:26:37.857+0000] {dagbag.py:538} INFO - Filling up the DagBag from /opt/airflow/dags/stock_market_pipeline.py
[2025-08-14T22:26:37.922+0000] {processor.py:840} INFO - DAG(s) 'stock_market_pipeline' retrieved from /opt/airflow/dags/stock_market_pipeline.py
[2025-08-14T22:26:38.546+0000] {logging_mixin.py:188} INFO - [2025-08-14T22:26:38.541+0000] {dag.py:3036} INFO - Sync 1 DAGs
[2025-08-14T22:26:38.645+0000] {logging_mixin.py:188} INFO - [2025-08-14T22:26:38.644+0000] {dag.py:3823} INFO - Setting next_dagrun for stock_market_pipeline to None, run_after=None
[2025-08-14T22:26:38.724+0000] {processor.py:183} INFO - Processing /opt/airflow/dags/stock_market_pipeline.py took 0.907 seconds
[2025-08-14T22:26:49.391+0000] {processor.py:161} INFO - Started process (PID=34704) to work on /opt/airflow/dags/stock_market_pipeline.py
[2025-08-14T22:26:49.393+0000] {processor.py:830} INFO - Processing file /opt/airflow/dags/stock_market_pipeline.py for tasks to queue
[2025-08-14T22:26:49.399+0000] {logging_mixin.py:188} INFO - [2025-08-14T22:26:49.397+0000] {dagbag.py:538} INFO - Filling up the DagBag from /opt/airflow/dags/stock_market_pipeline.py
[2025-08-14T22:26:49.434+0000] {processor.py:840} INFO - DAG(s) 'stock_market_pipeline' retrieved from /opt/airflow/dags/stock_market_pipeline.py
[2025-08-14T22:26:49.484+0000] {logging_mixin.py:188} INFO - [2025-08-14T22:26:49.484+0000] {dag.py:3036} INFO - Sync 1 DAGs
[2025-08-14T22:26:49.500+0000] {logging_mixin.py:188} INFO - [2025-08-14T22:26:49.500+0000] {dag.py:3823} INFO - Setting next_dagrun for stock_market_pipeline to None, run_after=None
[2025-08-14T22:26:49.510+0000] {processor.py:183} INFO - Processing /opt/airflow/dags/stock_market_pipeline.py took 0.138 seconds
[2025-08-14T22:26:59.926+0000] {processor.py:161} INFO - Started process (PID=34714) to work on /opt/airflow/dags/stock_market_pipeline.py
[2025-08-14T22:26:59.932+0000] {processor.py:830} INFO - Processing file /opt/airflow/dags/stock_market_pipeline.py for tasks to queue
[2025-08-14T22:26:59.935+0000] {logging_mixin.py:188} INFO - [2025-08-14T22:26:59.934+0000] {dagbag.py:538} INFO - Filling up the DagBag from /opt/airflow/dags/stock_market_pipeline.py
[2025-08-14T22:26:59.965+0000] {processor.py:840} INFO - DAG(s) 'stock_market_pipeline' retrieved from /opt/airflow/dags/stock_market_pipeline.py
[2025-08-14T22:27:00.027+0000] {logging_mixin.py:188} INFO - [2025-08-14T22:27:00.026+0000] {dag.py:3036} INFO - Sync 1 DAGs
[2025-08-14T22:27:00.055+0000] {logging_mixin.py:188} INFO - [2025-08-14T22:27:00.054+0000] {dag.py:3823} INFO - Setting next_dagrun for stock_market_pipeline to None, run_after=None
[2025-08-14T22:27:00.078+0000] {processor.py:183} INFO - Processing /opt/airflow/dags/stock_market_pipeline.py took 0.166 seconds
[2025-08-14T22:27:10.406+0000] {processor.py:161} INFO - Started process (PID=34724) to work on /opt/airflow/dags/stock_market_pipeline.py
[2025-08-14T22:27:10.408+0000] {processor.py:830} INFO - Processing file /opt/airflow/dags/stock_market_pipeline.py for tasks to queue
[2025-08-14T22:27:10.409+0000] {logging_mixin.py:188} INFO - [2025-08-14T22:27:10.409+0000] {dagbag.py:538} INFO - Filling up the DagBag from /opt/airflow/dags/stock_market_pipeline.py
[2025-08-14T22:27:10.436+0000] {processor.py:840} INFO - DAG(s) 'stock_market_pipeline' retrieved from /opt/airflow/dags/stock_market_pipeline.py
[2025-08-14T22:27:10.473+0000] {logging_mixin.py:188} INFO - [2025-08-14T22:27:10.473+0000] {dag.py:3036} INFO - Sync 1 DAGs
[2025-08-14T22:27:10.483+0000] {logging_mixin.py:188} INFO - [2025-08-14T22:27:10.483+0000] {dag.py:3823} INFO - Setting next_dagrun for stock_market_pipeline to None, run_after=None
[2025-08-14T22:27:10.492+0000] {processor.py:183} INFO - Processing /opt/airflow/dags/stock_market_pipeline.py took 0.100 seconds
[2025-08-14T22:27:20.674+0000] {processor.py:161} INFO - Started process (PID=34734) to work on /opt/airflow/dags/stock_market_pipeline.py
[2025-08-14T22:27:20.677+0000] {processor.py:830} INFO - Processing file /opt/airflow/dags/stock_market_pipeline.py for tasks to queue
[2025-08-14T22:27:20.679+0000] {logging_mixin.py:188} INFO - [2025-08-14T22:27:20.679+0000] {dagbag.py:538} INFO - Filling up the DagBag from /opt/airflow/dags/stock_market_pipeline.py
[2025-08-14T22:27:20.696+0000] {processor.py:840} INFO - DAG(s) 'stock_market_pipeline' retrieved from /opt/airflow/dags/stock_market_pipeline.py
[2025-08-14T22:27:20.739+0000] {logging_mixin.py:188} INFO - [2025-08-14T22:27:20.739+0000] {dag.py:3036} INFO - Sync 1 DAGs
[2025-08-14T22:27:20.749+0000] {logging_mixin.py:188} INFO - [2025-08-14T22:27:20.749+0000] {dag.py:3823} INFO - Setting next_dagrun for stock_market_pipeline to None, run_after=None
[2025-08-14T22:27:20.759+0000] {processor.py:183} INFO - Processing /opt/airflow/dags/stock_market_pipeline.py took 0.099 seconds
[2025-08-14T22:27:31.119+0000] {processor.py:161} INFO - Started process (PID=34744) to work on /opt/airflow/dags/stock_market_pipeline.py
[2025-08-14T22:27:31.121+0000] {processor.py:830} INFO - Processing file /opt/airflow/dags/stock_market_pipeline.py for tasks to queue
[2025-08-14T22:27:31.123+0000] {logging_mixin.py:188} INFO - [2025-08-14T22:27:31.122+0000] {dagbag.py:538} INFO - Filling up the DagBag from /opt/airflow/dags/stock_market_pipeline.py
[2025-08-14T22:27:31.148+0000] {processor.py:840} INFO - DAG(s) 'stock_market_pipeline' retrieved from /opt/airflow/dags/stock_market_pipeline.py
[2025-08-14T22:27:31.184+0000] {logging_mixin.py:188} INFO - [2025-08-14T22:27:31.183+0000] {dag.py:3036} INFO - Sync 1 DAGs
[2025-08-14T22:27:31.195+0000] {logging_mixin.py:188} INFO - [2025-08-14T22:27:31.195+0000] {dag.py:3823} INFO - Setting next_dagrun for stock_market_pipeline to None, run_after=None
[2025-08-14T22:27:31.207+0000] {processor.py:183} INFO - Processing /opt/airflow/dags/stock_market_pipeline.py took 0.099 seconds
[2025-08-14T22:27:41.361+0000] {processor.py:161} INFO - Started process (PID=34754) to work on /opt/airflow/dags/stock_market_pipeline.py
[2025-08-14T22:27:41.363+0000] {processor.py:830} INFO - Processing file /opt/airflow/dags/stock_market_pipeline.py for tasks to queue
[2025-08-14T22:27:41.365+0000] {logging_mixin.py:188} INFO - [2025-08-14T22:27:41.364+0000] {dagbag.py:538} INFO - Filling up the DagBag from /opt/airflow/dags/stock_market_pipeline.py
[2025-08-14T22:27:41.389+0000] {processor.py:840} INFO - DAG(s) 'stock_market_pipeline' retrieved from /opt/airflow/dags/stock_market_pipeline.py
[2025-08-14T22:27:41.444+0000] {logging_mixin.py:188} INFO - [2025-08-14T22:27:41.444+0000] {dag.py:3036} INFO - Sync 1 DAGs
[2025-08-14T22:27:41.453+0000] {logging_mixin.py:188} INFO - [2025-08-14T22:27:41.453+0000] {dag.py:3823} INFO - Setting next_dagrun for stock_market_pipeline to None, run_after=None
[2025-08-14T22:27:41.462+0000] {processor.py:183} INFO - Processing /opt/airflow/dags/stock_market_pipeline.py took 0.118 seconds
[2025-08-14T22:27:52.108+0000] {processor.py:161} INFO - Started process (PID=34764) to work on /opt/airflow/dags/stock_market_pipeline.py
[2025-08-14T22:27:52.115+0000] {processor.py:830} INFO - Processing file /opt/airflow/dags/stock_market_pipeline.py for tasks to queue
[2025-08-14T22:27:52.124+0000] {logging_mixin.py:188} INFO - [2025-08-14T22:27:52.119+0000] {dagbag.py:538} INFO - Filling up the DagBag from /opt/airflow/dags/stock_market_pipeline.py
[2025-08-14T22:27:52.216+0000] {processor.py:840} INFO - DAG(s) 'stock_market_pipeline' retrieved from /opt/airflow/dags/stock_market_pipeline.py
[2025-08-14T22:27:52.414+0000] {logging_mixin.py:188} INFO - [2025-08-14T22:27:52.413+0000] {dag.py:3036} INFO - Sync 1 DAGs
[2025-08-14T22:27:52.451+0000] {logging_mixin.py:188} INFO - [2025-08-14T22:27:52.450+0000] {dag.py:3823} INFO - Setting next_dagrun for stock_market_pipeline to None, run_after=None
[2025-08-14T22:27:52.501+0000] {processor.py:183} INFO - Processing /opt/airflow/dags/stock_market_pipeline.py took 0.421 seconds
[2025-08-14T22:28:02.717+0000] {processor.py:161} INFO - Started process (PID=34774) to work on /opt/airflow/dags/stock_market_pipeline.py
[2025-08-14T22:28:02.722+0000] {processor.py:830} INFO - Processing file /opt/airflow/dags/stock_market_pipeline.py for tasks to queue
[2025-08-14T22:28:02.724+0000] {logging_mixin.py:188} INFO - [2025-08-14T22:28:02.723+0000] {dagbag.py:538} INFO - Filling up the DagBag from /opt/airflow/dags/stock_market_pipeline.py
[2025-08-14T22:28:02.784+0000] {processor.py:840} INFO - DAG(s) 'stock_market_pipeline' retrieved from /opt/airflow/dags/stock_market_pipeline.py
[2025-08-14T22:28:02.822+0000] {logging_mixin.py:188} INFO - [2025-08-14T22:28:02.821+0000] {dag.py:3036} INFO - Sync 1 DAGs
[2025-08-14T22:28:02.834+0000] {logging_mixin.py:188} INFO - [2025-08-14T22:28:02.833+0000] {dag.py:3823} INFO - Setting next_dagrun for stock_market_pipeline to None, run_after=None
[2025-08-14T22:28:02.849+0000] {processor.py:183} INFO - Processing /opt/airflow/dags/stock_market_pipeline.py took 0.154 seconds
[2025-08-14T22:28:12.990+0000] {processor.py:161} INFO - Started process (PID=34784) to work on /opt/airflow/dags/stock_market_pipeline.py
[2025-08-14T22:28:12.993+0000] {processor.py:830} INFO - Processing file /opt/airflow/dags/stock_market_pipeline.py for tasks to queue
[2025-08-14T22:28:12.995+0000] {logging_mixin.py:188} INFO - [2025-08-14T22:28:12.994+0000] {dagbag.py:538} INFO - Filling up the DagBag from /opt/airflow/dags/stock_market_pipeline.py
[2025-08-14T22:28:13.029+0000] {processor.py:840} INFO - DAG(s) 'stock_market_pipeline' retrieved from /opt/airflow/dags/stock_market_pipeline.py
[2025-08-14T22:28:13.084+0000] {logging_mixin.py:188} INFO - [2025-08-14T22:28:13.084+0000] {dag.py:3036} INFO - Sync 1 DAGs
[2025-08-14T22:28:13.095+0000] {logging_mixin.py:188} INFO - [2025-08-14T22:28:13.095+0000] {dag.py:3823} INFO - Setting next_dagrun for stock_market_pipeline to None, run_after=None
[2025-08-14T22:28:13.107+0000] {processor.py:183} INFO - Processing /opt/airflow/dags/stock_market_pipeline.py took 0.127 seconds
[2025-08-14T22:28:23.251+0000] {processor.py:161} INFO - Started process (PID=34794) to work on /opt/airflow/dags/stock_market_pipeline.py
[2025-08-14T22:28:23.253+0000] {processor.py:830} INFO - Processing file /opt/airflow/dags/stock_market_pipeline.py for tasks to queue
[2025-08-14T22:28:23.254+0000] {logging_mixin.py:188} INFO - [2025-08-14T22:28:23.254+0000] {dagbag.py:538} INFO - Filling up the DagBag from /opt/airflow/dags/stock_market_pipeline.py
[2025-08-14T22:28:23.289+0000] {processor.py:840} INFO - DAG(s) 'stock_market_pipeline' retrieved from /opt/airflow/dags/stock_market_pipeline.py
[2025-08-14T22:28:23.345+0000] {logging_mixin.py:188} INFO - [2025-08-14T22:28:23.344+0000] {dag.py:3036} INFO - Sync 1 DAGs
[2025-08-14T22:28:23.360+0000] {logging_mixin.py:188} INFO - [2025-08-14T22:28:23.360+0000] {dag.py:3823} INFO - Setting next_dagrun for stock_market_pipeline to None, run_after=None
[2025-08-14T22:28:23.375+0000] {processor.py:183} INFO - Processing /opt/airflow/dags/stock_market_pipeline.py took 0.138 seconds
[2025-08-14T22:28:33.581+0000] {processor.py:161} INFO - Started process (PID=34804) to work on /opt/airflow/dags/stock_market_pipeline.py
[2025-08-14T22:28:33.585+0000] {processor.py:830} INFO - Processing file /opt/airflow/dags/stock_market_pipeline.py for tasks to queue
[2025-08-14T22:28:33.586+0000] {logging_mixin.py:188} INFO - [2025-08-14T22:28:33.585+0000] {dagbag.py:538} INFO - Filling up the DagBag from /opt/airflow/dags/stock_market_pipeline.py
[2025-08-14T22:28:33.618+0000] {processor.py:840} INFO - DAG(s) 'stock_market_pipeline' retrieved from /opt/airflow/dags/stock_market_pipeline.py
[2025-08-14T22:28:33.673+0000] {logging_mixin.py:188} INFO - [2025-08-14T22:28:33.673+0000] {dag.py:3036} INFO - Sync 1 DAGs
[2025-08-14T22:28:33.685+0000] {logging_mixin.py:188} INFO - [2025-08-14T22:28:33.685+0000] {dag.py:3823} INFO - Setting next_dagrun for stock_market_pipeline to None, run_after=None
[2025-08-14T22:28:33.700+0000] {processor.py:183} INFO - Processing /opt/airflow/dags/stock_market_pipeline.py took 0.133 seconds
[2025-08-14T22:28:43.857+0000] {processor.py:161} INFO - Started process (PID=34814) to work on /opt/airflow/dags/stock_market_pipeline.py
[2025-08-14T22:28:43.859+0000] {processor.py:830} INFO - Processing file /opt/airflow/dags/stock_market_pipeline.py for tasks to queue
[2025-08-14T22:28:43.860+0000] {logging_mixin.py:188} INFO - [2025-08-14T22:28:43.860+0000] {dagbag.py:538} INFO - Filling up the DagBag from /opt/airflow/dags/stock_market_pipeline.py
[2025-08-14T22:28:43.886+0000] {processor.py:840} INFO - DAG(s) 'stock_market_pipeline' retrieved from /opt/airflow/dags/stock_market_pipeline.py
[2025-08-14T22:28:43.925+0000] {logging_mixin.py:188} INFO - [2025-08-14T22:28:43.925+0000] {dag.py:3036} INFO - Sync 1 DAGs
[2025-08-14T22:28:43.936+0000] {logging_mixin.py:188} INFO - [2025-08-14T22:28:43.936+0000] {dag.py:3823} INFO - Setting next_dagrun for stock_market_pipeline to None, run_after=None
[2025-08-14T22:28:43.947+0000] {processor.py:183} INFO - Processing /opt/airflow/dags/stock_market_pipeline.py took 0.097 seconds
[2025-08-14T22:28:54.215+0000] {processor.py:161} INFO - Started process (PID=34824) to work on /opt/airflow/dags/stock_market_pipeline.py
[2025-08-14T22:28:54.218+0000] {processor.py:830} INFO - Processing file /opt/airflow/dags/stock_market_pipeline.py for tasks to queue
[2025-08-14T22:28:54.219+0000] {logging_mixin.py:188} INFO - [2025-08-14T22:28:54.219+0000] {dagbag.py:538} INFO - Filling up the DagBag from /opt/airflow/dags/stock_market_pipeline.py
[2025-08-14T22:28:54.247+0000] {processor.py:840} INFO - DAG(s) 'stock_market_pipeline' retrieved from /opt/airflow/dags/stock_market_pipeline.py
[2025-08-14T22:28:54.284+0000] {logging_mixin.py:188} INFO - [2025-08-14T22:28:54.284+0000] {dag.py:3036} INFO - Sync 1 DAGs
[2025-08-14T22:28:54.294+0000] {logging_mixin.py:188} INFO - [2025-08-14T22:28:54.294+0000] {dag.py:3823} INFO - Setting next_dagrun for stock_market_pipeline to None, run_after=None
[2025-08-14T22:28:54.303+0000] {processor.py:183} INFO - Processing /opt/airflow/dags/stock_market_pipeline.py took 0.102 seconds
[2025-08-14T22:29:04.539+0000] {processor.py:161} INFO - Started process (PID=34834) to work on /opt/airflow/dags/stock_market_pipeline.py
[2025-08-14T22:29:04.541+0000] {processor.py:830} INFO - Processing file /opt/airflow/dags/stock_market_pipeline.py for tasks to queue
[2025-08-14T22:29:04.543+0000] {logging_mixin.py:188} INFO - [2025-08-14T22:29:04.542+0000] {dagbag.py:538} INFO - Filling up the DagBag from /opt/airflow/dags/stock_market_pipeline.py
[2025-08-14T22:29:04.575+0000] {processor.py:840} INFO - DAG(s) 'stock_market_pipeline' retrieved from /opt/airflow/dags/stock_market_pipeline.py
[2025-08-14T22:29:04.616+0000] {logging_mixin.py:188} INFO - [2025-08-14T22:29:04.616+0000] {dag.py:3036} INFO - Sync 1 DAGs
[2025-08-14T22:29:04.624+0000] {logging_mixin.py:188} INFO - [2025-08-14T22:29:04.624+0000] {dag.py:3823} INFO - Setting next_dagrun for stock_market_pipeline to None, run_after=None
[2025-08-14T22:29:04.633+0000] {processor.py:183} INFO - Processing /opt/airflow/dags/stock_market_pipeline.py took 0.111 seconds
[2025-08-14T22:29:14.998+0000] {processor.py:161} INFO - Started process (PID=34844) to work on /opt/airflow/dags/stock_market_pipeline.py
[2025-08-14T22:29:15.000+0000] {processor.py:830} INFO - Processing file /opt/airflow/dags/stock_market_pipeline.py for tasks to queue
[2025-08-14T22:29:15.004+0000] {logging_mixin.py:188} INFO - [2025-08-14T22:29:15.004+0000] {dagbag.py:538} INFO - Filling up the DagBag from /opt/airflow/dags/stock_market_pipeline.py
[2025-08-14T22:29:15.034+0000] {processor.py:840} INFO - DAG(s) 'stock_market_pipeline' retrieved from /opt/airflow/dags/stock_market_pipeline.py
[2025-08-14T22:29:15.085+0000] {logging_mixin.py:188} INFO - [2025-08-14T22:29:15.085+0000] {dag.py:3036} INFO - Sync 1 DAGs
[2025-08-14T22:29:15.102+0000] {logging_mixin.py:188} INFO - [2025-08-14T22:29:15.101+0000] {dag.py:3823} INFO - Setting next_dagrun for stock_market_pipeline to None, run_after=None
[2025-08-14T22:29:15.166+0000] {processor.py:183} INFO - Processing /opt/airflow/dags/stock_market_pipeline.py took 0.179 seconds
[2025-08-14T22:29:25.303+0000] {processor.py:161} INFO - Started process (PID=34859) to work on /opt/airflow/dags/stock_market_pipeline.py
[2025-08-14T22:29:25.304+0000] {processor.py:830} INFO - Processing file /opt/airflow/dags/stock_market_pipeline.py for tasks to queue
[2025-08-14T22:29:25.304+0000] {logging_mixin.py:188} INFO - [2025-08-14T22:29:25.304+0000] {dagbag.py:538} INFO - Filling up the DagBag from /opt/airflow/dags/stock_market_pipeline.py
[2025-08-14T22:29:25.314+0000] {processor.py:840} INFO - DAG(s) 'stock_market_pipeline' retrieved from /opt/airflow/dags/stock_market_pipeline.py
[2025-08-14T22:29:25.347+0000] {logging_mixin.py:188} INFO - [2025-08-14T22:29:25.347+0000] {dag.py:3036} INFO - Sync 1 DAGs
[2025-08-14T22:29:25.356+0000] {logging_mixin.py:188} INFO - [2025-08-14T22:29:25.356+0000] {dag.py:3823} INFO - Setting next_dagrun for stock_market_pipeline to None, run_after=None
[2025-08-14T22:29:25.366+0000] {processor.py:183} INFO - Processing /opt/airflow/dags/stock_market_pipeline.py took 0.067 seconds
[2025-08-14T22:29:35.467+0000] {processor.py:161} INFO - Started process (PID=34864) to work on /opt/airflow/dags/stock_market_pipeline.py
[2025-08-14T22:29:35.472+0000] {processor.py:830} INFO - Processing file /opt/airflow/dags/stock_market_pipeline.py for tasks to queue
[2025-08-14T22:29:35.474+0000] {logging_mixin.py:188} INFO - [2025-08-14T22:29:35.473+0000] {dagbag.py:538} INFO - Filling up the DagBag from /opt/airflow/dags/stock_market_pipeline.py
[2025-08-14T22:29:35.505+0000] {processor.py:840} INFO - DAG(s) 'stock_market_pipeline' retrieved from /opt/airflow/dags/stock_market_pipeline.py
[2025-08-14T22:29:35.552+0000] {logging_mixin.py:188} INFO - [2025-08-14T22:29:35.552+0000] {dag.py:3036} INFO - Sync 1 DAGs
[2025-08-14T22:29:35.560+0000] {logging_mixin.py:188} INFO - [2025-08-14T22:29:35.560+0000] {dag.py:3823} INFO - Setting next_dagrun for stock_market_pipeline to None, run_after=None
[2025-08-14T22:29:35.569+0000] {processor.py:183} INFO - Processing /opt/airflow/dags/stock_market_pipeline.py took 0.110 seconds
[2025-08-14T22:29:45.699+0000] {processor.py:161} INFO - Started process (PID=34874) to work on /opt/airflow/dags/stock_market_pipeline.py
[2025-08-14T22:29:45.702+0000] {processor.py:830} INFO - Processing file /opt/airflow/dags/stock_market_pipeline.py for tasks to queue
[2025-08-14T22:29:45.703+0000] {logging_mixin.py:188} INFO - [2025-08-14T22:29:45.703+0000] {dagbag.py:538} INFO - Filling up the DagBag from /opt/airflow/dags/stock_market_pipeline.py
[2025-08-14T22:29:45.729+0000] {processor.py:840} INFO - DAG(s) 'stock_market_pipeline' retrieved from /opt/airflow/dags/stock_market_pipeline.py
[2025-08-14T22:29:45.758+0000] {logging_mixin.py:188} INFO - [2025-08-14T22:29:45.758+0000] {dag.py:3036} INFO - Sync 1 DAGs
[2025-08-14T22:29:45.766+0000] {logging_mixin.py:188} INFO - [2025-08-14T22:29:45.765+0000] {dag.py:3823} INFO - Setting next_dagrun for stock_market_pipeline to None, run_after=None
[2025-08-14T22:29:45.774+0000] {processor.py:183} INFO - Processing /opt/airflow/dags/stock_market_pipeline.py took 0.085 seconds
[2025-08-14T22:29:55.971+0000] {processor.py:161} INFO - Started process (PID=34884) to work on /opt/airflow/dags/stock_market_pipeline.py
[2025-08-14T22:29:55.974+0000] {processor.py:830} INFO - Processing file /opt/airflow/dags/stock_market_pipeline.py for tasks to queue
[2025-08-14T22:29:55.976+0000] {logging_mixin.py:188} INFO - [2025-08-14T22:29:55.975+0000] {dagbag.py:538} INFO - Filling up the DagBag from /opt/airflow/dags/stock_market_pipeline.py
[2025-08-14T22:29:56.009+0000] {processor.py:840} INFO - DAG(s) 'stock_market_pipeline' retrieved from /opt/airflow/dags/stock_market_pipeline.py
[2025-08-14T22:29:56.049+0000] {logging_mixin.py:188} INFO - [2025-08-14T22:29:56.049+0000] {dag.py:3036} INFO - Sync 1 DAGs
[2025-08-14T22:29:56.057+0000] {logging_mixin.py:188} INFO - [2025-08-14T22:29:56.056+0000] {dag.py:3823} INFO - Setting next_dagrun for stock_market_pipeline to None, run_after=None
[2025-08-14T22:29:56.069+0000] {processor.py:183} INFO - Processing /opt/airflow/dags/stock_market_pipeline.py took 0.113 seconds
[2025-08-14T22:30:06.224+0000] {processor.py:161} INFO - Started process (PID=34894) to work on /opt/airflow/dags/stock_market_pipeline.py
[2025-08-14T22:30:06.231+0000] {processor.py:830} INFO - Processing file /opt/airflow/dags/stock_market_pipeline.py for tasks to queue
[2025-08-14T22:30:06.232+0000] {logging_mixin.py:188} INFO - [2025-08-14T22:30:06.232+0000] {dagbag.py:538} INFO - Filling up the DagBag from /opt/airflow/dags/stock_market_pipeline.py
[2025-08-14T22:30:06.256+0000] {processor.py:840} INFO - DAG(s) 'stock_market_pipeline' retrieved from /opt/airflow/dags/stock_market_pipeline.py
[2025-08-14T22:30:06.301+0000] {logging_mixin.py:188} INFO - [2025-08-14T22:30:06.301+0000] {dag.py:3036} INFO - Sync 1 DAGs
[2025-08-14T22:30:06.310+0000] {logging_mixin.py:188} INFO - [2025-08-14T22:30:06.310+0000] {dag.py:3823} INFO - Setting next_dagrun for stock_market_pipeline to None, run_after=None
[2025-08-14T22:30:06.319+0000] {processor.py:183} INFO - Processing /opt/airflow/dags/stock_market_pipeline.py took 0.112 seconds
[2025-08-14T22:30:16.702+0000] {processor.py:161} INFO - Started process (PID=34904) to work on /opt/airflow/dags/stock_market_pipeline.py
[2025-08-14T22:30:16.706+0000] {processor.py:830} INFO - Processing file /opt/airflow/dags/stock_market_pipeline.py for tasks to queue
[2025-08-14T22:30:16.710+0000] {logging_mixin.py:188} INFO - [2025-08-14T22:30:16.708+0000] {dagbag.py:538} INFO - Filling up the DagBag from /opt/airflow/dags/stock_market_pipeline.py
[2025-08-14T22:30:16.753+0000] {processor.py:840} INFO - DAG(s) 'stock_market_pipeline' retrieved from /opt/airflow/dags/stock_market_pipeline.py
[2025-08-14T22:30:16.804+0000] {logging_mixin.py:188} INFO - [2025-08-14T22:30:16.804+0000] {dag.py:3036} INFO - Sync 1 DAGs
[2025-08-14T22:30:16.818+0000] {logging_mixin.py:188} INFO - [2025-08-14T22:30:16.818+0000] {dag.py:3823} INFO - Setting next_dagrun for stock_market_pipeline to None, run_after=None
[2025-08-14T22:30:16.836+0000] {processor.py:183} INFO - Processing /opt/airflow/dags/stock_market_pipeline.py took 0.157 seconds
[2025-08-14T22:30:26.928+0000] {processor.py:161} INFO - Started process (PID=34914) to work on /opt/airflow/dags/stock_market_pipeline.py
[2025-08-14T22:30:26.932+0000] {processor.py:830} INFO - Processing file /opt/airflow/dags/stock_market_pipeline.py for tasks to queue
[2025-08-14T22:30:26.933+0000] {logging_mixin.py:188} INFO - [2025-08-14T22:30:26.933+0000] {dagbag.py:538} INFO - Filling up the DagBag from /opt/airflow/dags/stock_market_pipeline.py
[2025-08-14T22:30:26.970+0000] {processor.py:840} INFO - DAG(s) 'stock_market_pipeline' retrieved from /opt/airflow/dags/stock_market_pipeline.py
[2025-08-14T22:30:27.025+0000] {logging_mixin.py:188} INFO - [2025-08-14T22:30:27.025+0000] {dag.py:3036} INFO - Sync 1 DAGs
[2025-08-14T22:30:27.037+0000] {logging_mixin.py:188} INFO - [2025-08-14T22:30:27.037+0000] {dag.py:3823} INFO - Setting next_dagrun for stock_market_pipeline to None, run_after=None
[2025-08-14T22:30:27.050+0000] {processor.py:183} INFO - Processing /opt/airflow/dags/stock_market_pipeline.py took 0.131 seconds
[2025-08-14T22:30:37.208+0000] {processor.py:161} INFO - Started process (PID=34924) to work on /opt/airflow/dags/stock_market_pipeline.py
[2025-08-14T22:30:37.211+0000] {processor.py:830} INFO - Processing file /opt/airflow/dags/stock_market_pipeline.py for tasks to queue
[2025-08-14T22:30:37.212+0000] {logging_mixin.py:188} INFO - [2025-08-14T22:30:37.211+0000] {dagbag.py:538} INFO - Filling up the DagBag from /opt/airflow/dags/stock_market_pipeline.py
[2025-08-14T22:30:37.251+0000] {processor.py:840} INFO - DAG(s) 'stock_market_pipeline' retrieved from /opt/airflow/dags/stock_market_pipeline.py
[2025-08-14T22:30:37.298+0000] {logging_mixin.py:188} INFO - [2025-08-14T22:30:37.297+0000] {dag.py:3036} INFO - Sync 1 DAGs
[2025-08-14T22:30:37.312+0000] {logging_mixin.py:188} INFO - [2025-08-14T22:30:37.312+0000] {dag.py:3823} INFO - Setting next_dagrun for stock_market_pipeline to None, run_after=None
[2025-08-14T22:30:37.324+0000] {processor.py:183} INFO - Processing /opt/airflow/dags/stock_market_pipeline.py took 0.130 seconds
[2025-08-14T22:30:48.582+0000] {processor.py:161} INFO - Started process (PID=34934) to work on /opt/airflow/dags/stock_market_pipeline.py
[2025-08-14T22:30:48.590+0000] {processor.py:830} INFO - Processing file /opt/airflow/dags/stock_market_pipeline.py for tasks to queue
[2025-08-14T22:30:48.597+0000] {logging_mixin.py:188} INFO - [2025-08-14T22:30:48.596+0000] {dagbag.py:538} INFO - Filling up the DagBag from /opt/airflow/dags/stock_market_pipeline.py
[2025-08-14T22:30:48.696+0000] {processor.py:840} INFO - DAG(s) 'stock_market_pipeline' retrieved from /opt/airflow/dags/stock_market_pipeline.py
[2025-08-14T22:30:48.785+0000] {logging_mixin.py:188} INFO - [2025-08-14T22:30:48.784+0000] {dag.py:3036} INFO - Sync 1 DAGs
[2025-08-14T22:30:48.843+0000] {logging_mixin.py:188} INFO - [2025-08-14T22:30:48.834+0000] {dag.py:3823} INFO - Setting next_dagrun for stock_market_pipeline to None, run_after=None
[2025-08-14T22:30:48.903+0000] {processor.py:183} INFO - Processing /opt/airflow/dags/stock_market_pipeline.py took 0.351 seconds
[2025-08-14T22:30:59.073+0000] {processor.py:161} INFO - Started process (PID=34944) to work on /opt/airflow/dags/stock_market_pipeline.py
[2025-08-14T22:30:59.075+0000] {processor.py:830} INFO - Processing file /opt/airflow/dags/stock_market_pipeline.py for tasks to queue
[2025-08-14T22:30:59.077+0000] {logging_mixin.py:188} INFO - [2025-08-14T22:30:59.076+0000] {dagbag.py:538} INFO - Filling up the DagBag from /opt/airflow/dags/stock_market_pipeline.py
[2025-08-14T22:30:59.119+0000] {processor.py:840} INFO - DAG(s) 'stock_market_pipeline' retrieved from /opt/airflow/dags/stock_market_pipeline.py
[2025-08-14T22:30:59.182+0000] {logging_mixin.py:188} INFO - [2025-08-14T22:30:59.182+0000] {dag.py:3036} INFO - Sync 1 DAGs
[2025-08-14T22:30:59.201+0000] {logging_mixin.py:188} INFO - [2025-08-14T22:30:59.201+0000] {dag.py:3823} INFO - Setting next_dagrun for stock_market_pipeline to None, run_after=None
[2025-08-14T22:30:59.216+0000] {processor.py:183} INFO - Processing /opt/airflow/dags/stock_market_pipeline.py took 0.157 seconds
[2025-08-14T22:31:09.424+0000] {processor.py:161} INFO - Started process (PID=34954) to work on /opt/airflow/dags/stock_market_pipeline.py
[2025-08-14T22:31:09.439+0000] {processor.py:830} INFO - Processing file /opt/airflow/dags/stock_market_pipeline.py for tasks to queue
[2025-08-14T22:31:09.453+0000] {logging_mixin.py:188} INFO - [2025-08-14T22:31:09.441+0000] {dagbag.py:538} INFO - Filling up the DagBag from /opt/airflow/dags/stock_market_pipeline.py
[2025-08-14T22:31:09.839+0000] {processor.py:840} INFO - DAG(s) 'stock_market_pipeline' retrieved from /opt/airflow/dags/stock_market_pipeline.py
[2025-08-14T22:31:09.954+0000] {logging_mixin.py:188} INFO - [2025-08-14T22:31:09.953+0000] {dag.py:3036} INFO - Sync 1 DAGs
[2025-08-14T22:31:09.993+0000] {logging_mixin.py:188} INFO - [2025-08-14T22:31:09.993+0000] {dag.py:3823} INFO - Setting next_dagrun for stock_market_pipeline to None, run_after=None
[2025-08-14T22:31:10.031+0000] {processor.py:183} INFO - Processing /opt/airflow/dags/stock_market_pipeline.py took 0.644 seconds
[2025-08-14T22:31:20.622+0000] {processor.py:161} INFO - Started process (PID=34964) to work on /opt/airflow/dags/stock_market_pipeline.py
[2025-08-14T22:31:20.633+0000] {processor.py:830} INFO - Processing file /opt/airflow/dags/stock_market_pipeline.py for tasks to queue
[2025-08-14T22:31:20.639+0000] {logging_mixin.py:188} INFO - [2025-08-14T22:31:20.635+0000] {dagbag.py:538} INFO - Filling up the DagBag from /opt/airflow/dags/stock_market_pipeline.py
[2025-08-14T22:31:20.684+0000] {processor.py:840} INFO - DAG(s) 'stock_market_pipeline' retrieved from /opt/airflow/dags/stock_market_pipeline.py
[2025-08-14T22:31:20.746+0000] {logging_mixin.py:188} INFO - [2025-08-14T22:31:20.746+0000] {dag.py:3036} INFO - Sync 1 DAGs
[2025-08-14T22:31:20.762+0000] {logging_mixin.py:188} INFO - [2025-08-14T22:31:20.762+0000] {dag.py:3823} INFO - Setting next_dagrun for stock_market_pipeline to None, run_after=None
[2025-08-14T22:31:20.777+0000] {processor.py:183} INFO - Processing /opt/airflow/dags/stock_market_pipeline.py took 0.177 seconds
[2025-08-14T22:31:31.403+0000] {processor.py:161} INFO - Started process (PID=34974) to work on /opt/airflow/dags/stock_market_pipeline.py
[2025-08-14T22:31:31.410+0000] {processor.py:830} INFO - Processing file /opt/airflow/dags/stock_market_pipeline.py for tasks to queue
[2025-08-14T22:31:31.414+0000] {logging_mixin.py:188} INFO - [2025-08-14T22:31:31.412+0000] {dagbag.py:538} INFO - Filling up the DagBag from /opt/airflow/dags/stock_market_pipeline.py
[2025-08-14T22:31:31.453+0000] {processor.py:840} INFO - DAG(s) 'stock_market_pipeline' retrieved from /opt/airflow/dags/stock_market_pipeline.py
[2025-08-14T22:31:31.516+0000] {logging_mixin.py:188} INFO - [2025-08-14T22:31:31.516+0000] {dag.py:3036} INFO - Sync 1 DAGs
[2025-08-14T22:31:31.532+0000] {logging_mixin.py:188} INFO - [2025-08-14T22:31:31.532+0000] {dag.py:3823} INFO - Setting next_dagrun for stock_market_pipeline to None, run_after=None
[2025-08-14T22:31:31.549+0000] {processor.py:183} INFO - Processing /opt/airflow/dags/stock_market_pipeline.py took 0.164 seconds
[2025-08-14T22:31:42.033+0000] {processor.py:161} INFO - Started process (PID=34984) to work on /opt/airflow/dags/stock_market_pipeline.py
[2025-08-14T22:31:42.035+0000] {processor.py:830} INFO - Processing file /opt/airflow/dags/stock_market_pipeline.py for tasks to queue
[2025-08-14T22:31:42.036+0000] {logging_mixin.py:188} INFO - [2025-08-14T22:31:42.036+0000] {dagbag.py:538} INFO - Filling up the DagBag from /opt/airflow/dags/stock_market_pipeline.py
[2025-08-14T22:31:42.076+0000] {processor.py:840} INFO - DAG(s) 'stock_market_pipeline' retrieved from /opt/airflow/dags/stock_market_pipeline.py
[2025-08-14T22:31:42.134+0000] {logging_mixin.py:188} INFO - [2025-08-14T22:31:42.134+0000] {dag.py:3036} INFO - Sync 1 DAGs
[2025-08-14T22:31:42.152+0000] {logging_mixin.py:188} INFO - [2025-08-14T22:31:42.152+0000] {dag.py:3823} INFO - Setting next_dagrun for stock_market_pipeline to None, run_after=None
[2025-08-14T22:31:42.165+0000] {processor.py:183} INFO - Processing /opt/airflow/dags/stock_market_pipeline.py took 0.144 seconds
[2025-08-14T22:31:52.798+0000] {processor.py:161} INFO - Started process (PID=34994) to work on /opt/airflow/dags/stock_market_pipeline.py
[2025-08-14T22:31:52.807+0000] {processor.py:830} INFO - Processing file /opt/airflow/dags/stock_market_pipeline.py for tasks to queue
[2025-08-14T22:31:52.809+0000] {logging_mixin.py:188} INFO - [2025-08-14T22:31:52.809+0000] {dagbag.py:538} INFO - Filling up the DagBag from /opt/airflow/dags/stock_market_pipeline.py
[2025-08-14T22:31:52.864+0000] {processor.py:840} INFO - DAG(s) 'stock_market_pipeline' retrieved from /opt/airflow/dags/stock_market_pipeline.py
[2025-08-14T22:31:52.953+0000] {logging_mixin.py:188} INFO - [2025-08-14T22:31:52.952+0000] {dag.py:3036} INFO - Sync 1 DAGs
[2025-08-14T22:31:52.963+0000] {logging_mixin.py:188} INFO - [2025-08-14T22:31:52.963+0000] {dag.py:3823} INFO - Setting next_dagrun for stock_market_pipeline to None, run_after=None
[2025-08-14T22:31:52.977+0000] {processor.py:183} INFO - Processing /opt/airflow/dags/stock_market_pipeline.py took 0.206 seconds
[2025-08-14T22:32:03.251+0000] {processor.py:161} INFO - Started process (PID=35004) to work on /opt/airflow/dags/stock_market_pipeline.py
[2025-08-14T22:32:03.254+0000] {processor.py:830} INFO - Processing file /opt/airflow/dags/stock_market_pipeline.py for tasks to queue
[2025-08-14T22:32:03.255+0000] {logging_mixin.py:188} INFO - [2025-08-14T22:32:03.255+0000] {dagbag.py:538} INFO - Filling up the DagBag from /opt/airflow/dags/stock_market_pipeline.py
[2025-08-14T22:32:03.289+0000] {processor.py:840} INFO - DAG(s) 'stock_market_pipeline' retrieved from /opt/airflow/dags/stock_market_pipeline.py
[2025-08-14T22:32:03.329+0000] {logging_mixin.py:188} INFO - [2025-08-14T22:32:03.328+0000] {dag.py:3036} INFO - Sync 1 DAGs
[2025-08-14T22:32:03.341+0000] {logging_mixin.py:188} INFO - [2025-08-14T22:32:03.341+0000] {dag.py:3823} INFO - Setting next_dagrun for stock_market_pipeline to None, run_after=None
[2025-08-14T22:32:03.352+0000] {processor.py:183} INFO - Processing /opt/airflow/dags/stock_market_pipeline.py took 0.116 seconds
[2025-08-14T22:32:13.666+0000] {processor.py:161} INFO - Started process (PID=35014) to work on /opt/airflow/dags/stock_market_pipeline.py
[2025-08-14T22:32:13.669+0000] {processor.py:830} INFO - Processing file /opt/airflow/dags/stock_market_pipeline.py for tasks to queue
[2025-08-14T22:32:13.670+0000] {logging_mixin.py:188} INFO - [2025-08-14T22:32:13.670+0000] {dagbag.py:538} INFO - Filling up the DagBag from /opt/airflow/dags/stock_market_pipeline.py
[2025-08-14T22:32:13.710+0000] {processor.py:840} INFO - DAG(s) 'stock_market_pipeline' retrieved from /opt/airflow/dags/stock_market_pipeline.py
[2025-08-14T22:32:13.757+0000] {logging_mixin.py:188} INFO - [2025-08-14T22:32:13.756+0000] {dag.py:3036} INFO - Sync 1 DAGs
[2025-08-14T22:32:13.766+0000] {logging_mixin.py:188} INFO - [2025-08-14T22:32:13.766+0000] {dag.py:3823} INFO - Setting next_dagrun for stock_market_pipeline to None, run_after=None
[2025-08-14T22:32:13.787+0000] {processor.py:183} INFO - Processing /opt/airflow/dags/stock_market_pipeline.py took 0.133 seconds
[2025-08-14T22:32:24.026+0000] {processor.py:161} INFO - Started process (PID=35024) to work on /opt/airflow/dags/stock_market_pipeline.py
[2025-08-14T22:32:24.028+0000] {processor.py:830} INFO - Processing file /opt/airflow/dags/stock_market_pipeline.py for tasks to queue
[2025-08-14T22:32:24.029+0000] {logging_mixin.py:188} INFO - [2025-08-14T22:32:24.028+0000] {dagbag.py:538} INFO - Filling up the DagBag from /opt/airflow/dags/stock_market_pipeline.py
[2025-08-14T22:32:24.050+0000] {processor.py:840} INFO - DAG(s) 'stock_market_pipeline' retrieved from /opt/airflow/dags/stock_market_pipeline.py
[2025-08-14T22:32:24.096+0000] {logging_mixin.py:188} INFO - [2025-08-14T22:32:24.096+0000] {dag.py:3036} INFO - Sync 1 DAGs
[2025-08-14T22:32:24.105+0000] {logging_mixin.py:188} INFO - [2025-08-14T22:32:24.105+0000] {dag.py:3823} INFO - Setting next_dagrun for stock_market_pipeline to None, run_after=None
[2025-08-14T22:32:24.114+0000] {processor.py:183} INFO - Processing /opt/airflow/dags/stock_market_pipeline.py took 0.097 seconds
[2025-08-14T22:32:34.278+0000] {processor.py:161} INFO - Started process (PID=35034) to work on /opt/airflow/dags/stock_market_pipeline.py
[2025-08-14T22:32:34.283+0000] {processor.py:830} INFO - Processing file /opt/airflow/dags/stock_market_pipeline.py for tasks to queue
[2025-08-14T22:32:34.287+0000] {logging_mixin.py:188} INFO - [2025-08-14T22:32:34.284+0000] {dagbag.py:538} INFO - Filling up the DagBag from /opt/airflow/dags/stock_market_pipeline.py
[2025-08-14T22:32:34.305+0000] {processor.py:840} INFO - DAG(s) 'stock_market_pipeline' retrieved from /opt/airflow/dags/stock_market_pipeline.py
[2025-08-14T22:32:34.352+0000] {logging_mixin.py:188} INFO - [2025-08-14T22:32:34.352+0000] {dag.py:3036} INFO - Sync 1 DAGs
[2025-08-14T22:32:34.361+0000] {logging_mixin.py:188} INFO - [2025-08-14T22:32:34.361+0000] {dag.py:3823} INFO - Setting next_dagrun for stock_market_pipeline to None, run_after=None
[2025-08-14T22:32:34.370+0000] {processor.py:183} INFO - Processing /opt/airflow/dags/stock_market_pipeline.py took 0.103 seconds
