[2025-08-14T22:10:01.489+0000] {taskinstance.py:1956} INFO - Dependencies all met for dep_context=non-requeueable deps ti=<TaskInstance: stock_market_bulletproof.process_data manual__2025-08-14T22:08:53+00:00 [queued]>
[2025-08-14T22:10:01.497+0000] {taskinstance.py:1956} INFO - Dependencies all met for dep_context=requeueable deps ti=<TaskInstance: stock_market_bulletproof.process_data manual__2025-08-14T22:08:53+00:00 [queued]>
[2025-08-14T22:10:01.497+0000] {taskinstance.py:2170} INFO - Starting attempt 1 of 1
[2025-08-14T22:10:01.507+0000] {taskinstance.py:2191} INFO - Executing <Task(BashOperator): process_data> on 2025-08-14 22:08:53+00:00
[2025-08-14T22:10:01.515+0000] {standard_task_runner.py:60} INFO - Started process 33477 to run task
[2025-08-14T22:10:01.520+0000] {standard_task_runner.py:87} INFO - Running: ['***', 'tasks', 'run', 'stock_market_bulletproof', 'process_data', 'manual__2025-08-14T22:08:53+00:00', '--job-id', '59', '--raw', '--subdir', 'DAGS_FOLDER/stock_market_bulletproof.py', '--cfg-path', '/tmp/tmppsj2ooo0']
[2025-08-14T22:10:01.524+0000] {standard_task_runner.py:88} INFO - Job 59: Subtask process_data
[2025-08-14T22:10:01.561+0000] {task_command.py:423} INFO - Running <TaskInstance: stock_market_bulletproof.process_data manual__2025-08-14T22:08:53+00:00 [running]> on host 0181ae2045ff
[2025-08-14T22:10:01.615+0000] {taskinstance.py:2480} INFO - Exporting env vars: AIRFLOW_CTX_DAG_OWNER='Basanth Kumar' AIRFLOW_CTX_DAG_ID='stock_market_bulletproof' AIRFLOW_CTX_TASK_ID='process_data' AIRFLOW_CTX_EXECUTION_DATE='2025-08-14T22:08:53+00:00' AIRFLOW_CTX_TRY_NUMBER='1' AIRFLOW_CTX_DAG_RUN_ID='manual__2025-08-14T22:08:53+00:00'
[2025-08-14T22:10:01.616+0000] {subprocess.py:63} INFO - Tmp dir root location: /tmp
[2025-08-14T22:10:01.617+0000] {subprocess.py:75} INFO - Running command: ['/usr/bin/bash', '-c', '\n    echo "Starting process_data task"\n    docker exec stock-market-kafka-spark-master-1         spark-submit             --master spark://spark-master:7077             --packages org.apache.hadoop:hadoop-aws:3.3.1,com.amazonaws:aws-java-sdk-bundle:1.11.901                 /opt/spark/jobs/spark_batch_processor.py 2025-08-14\n    echo "Task completed successfully"\n    ']
[2025-08-14T22:10:01.626+0000] {subprocess.py:86} INFO - Output:
[2025-08-14T22:10:01.628+0000] {subprocess.py:93} INFO - Starting process_data task
[2025-08-14T22:10:04.046+0000] {subprocess.py:93} INFO - :: loading settings :: url = jar:file:/opt/bitnami/spark/jars/ivy-2.5.1.jar!/org/apache/ivy/core/settings/ivysettings.xml
[2025-08-14T22:10:04.114+0000] {subprocess.py:93} INFO - Ivy Default Cache set to: /opt/bitnami/spark/.ivy2/cache
[2025-08-14T22:10:04.115+0000] {subprocess.py:93} INFO - The jars for the packages stored in: /opt/bitnami/spark/.ivy2/jars
[2025-08-14T22:10:04.121+0000] {subprocess.py:93} INFO - org.apache.hadoop#hadoop-aws added as a dependency
[2025-08-14T22:10:04.122+0000] {subprocess.py:93} INFO - com.amazonaws#aws-java-sdk-bundle added as a dependency
[2025-08-14T22:10:04.122+0000] {subprocess.py:93} INFO - :: resolving dependencies :: org.apache.spark#spark-submit-parent-837f2986-5d4c-49bf-85a3-9288bef9e713;1.0
[2025-08-14T22:10:04.122+0000] {subprocess.py:93} INFO - 	confs: [default]
[2025-08-14T22:10:06.162+0000] {subprocess.py:93} INFO - 	found org.apache.hadoop#hadoop-aws;3.3.1 in central
[2025-08-14T22:10:06.925+0000] {subprocess.py:93} INFO - 	found com.amazonaws#aws-java-sdk-bundle;1.11.901 in central
[2025-08-14T22:10:07.354+0000] {subprocess.py:93} INFO - 	found org.wildfly.openssl#wildfly-openssl;1.0.7.Final in central
[2025-08-14T22:10:07.380+0000] {subprocess.py:93} INFO - downloading https://repo1.maven.org/maven2/org/apache/hadoop/hadoop-aws/3.3.1/hadoop-aws-3.3.1.jar ...
[2025-08-14T22:10:07.490+0000] {subprocess.py:93} INFO - 	[SUCCESSFUL ] org.apache.hadoop#hadoop-aws;3.3.1!hadoop-aws.jar (129ms)
[2025-08-14T22:10:07.512+0000] {subprocess.py:93} INFO - downloading https://repo1.maven.org/maven2/com/amazonaws/aws-java-sdk-bundle/1.11.901/aws-java-sdk-bundle-1.11.901.jar ...
[2025-08-14T22:10:24.081+0000] {subprocess.py:93} INFO - 	[SUCCESSFUL ] com.amazonaws#aws-java-sdk-bundle;1.11.901!aws-java-sdk-bundle.jar (16578ms)
[2025-08-14T22:10:24.110+0000] {subprocess.py:93} INFO - downloading https://repo1.maven.org/maven2/org/wildfly/openssl/wildfly-openssl/1.0.7.Final/wildfly-openssl-1.0.7.Final.jar ...
[2025-08-14T22:10:24.168+0000] {subprocess.py:93} INFO - 	[SUCCESSFUL ] org.wildfly.openssl#wildfly-openssl;1.0.7.Final!wildfly-openssl.jar (91ms)
[2025-08-14T22:10:24.172+0000] {subprocess.py:93} INFO - :: resolution report :: resolve 3236ms :: artifacts dl 16810ms
[2025-08-14T22:10:24.174+0000] {subprocess.py:93} INFO - 	:: modules in use:
[2025-08-14T22:10:24.175+0000] {subprocess.py:93} INFO - 	com.amazonaws#aws-java-sdk-bundle;1.11.901 from central in [default]
[2025-08-14T22:10:24.176+0000] {subprocess.py:93} INFO - 	org.apache.hadoop#hadoop-aws;3.3.1 from central in [default]
[2025-08-14T22:10:24.176+0000] {subprocess.py:93} INFO - 	org.wildfly.openssl#wildfly-openssl;1.0.7.Final from central in [default]
[2025-08-14T22:10:24.176+0000] {subprocess.py:93} INFO - 	---------------------------------------------------------------------
[2025-08-14T22:10:24.176+0000] {subprocess.py:93} INFO - 	|                  |            modules            ||   artifacts   |
[2025-08-14T22:10:24.177+0000] {subprocess.py:93} INFO - 	|       conf       | number| search|dwnlded|evicted|| number|dwnlded|
[2025-08-14T22:10:24.177+0000] {subprocess.py:93} INFO - 	---------------------------------------------------------------------
[2025-08-14T22:10:24.177+0000] {subprocess.py:93} INFO - 	|      default     |   3   |   3   |   3   |   0   ||   3   |   3   |
[2025-08-14T22:10:24.178+0000] {subprocess.py:93} INFO - 	---------------------------------------------------------------------
[2025-08-14T22:10:24.189+0000] {subprocess.py:93} INFO - :: retrieving :: org.apache.spark#spark-submit-parent-837f2986-5d4c-49bf-85a3-9288bef9e713
[2025-08-14T22:10:24.190+0000] {subprocess.py:93} INFO - 	confs: [default]
[2025-08-14T22:10:25.350+0000] {subprocess.py:93} INFO - 	3 artifacts copied, 0 already retrieved (189078kB/1158ms)
[2025-08-14T22:10:25.676+0000] {subprocess.py:93} INFO - 25/08/14 22:10:25 WARN NativeCodeLoader: Unable to load native-hadoop library for your platform... using builtin-java classes where applicable
[2025-08-14T22:10:26.064+0000] {subprocess.py:93} INFO - Traceback (most recent call last):
[2025-08-14T22:10:26.064+0000] {subprocess.py:93} INFO -   File "/opt/spark/jobs/spark_batch_processor.py", line 5, in <module>
[2025-08-14T22:10:26.065+0000] {subprocess.py:93} INFO -     from dotenv import load_dotenv
[2025-08-14T22:10:26.065+0000] {subprocess.py:93} INFO - ModuleNotFoundError: No module named 'dotenv'
[2025-08-14T22:10:26.076+0000] {subprocess.py:93} INFO - 25/08/14 22:10:26 INFO ShutdownHookManager: Shutdown hook called
[2025-08-14T22:10:26.076+0000] {subprocess.py:93} INFO - 25/08/14 22:10:26 INFO ShutdownHookManager: Deleting directory /tmp/spark-cf6175e2-0983-4e4d-a597-07db7da2a9d0
[2025-08-14T22:10:26.172+0000] {subprocess.py:93} INFO - Task completed successfully
[2025-08-14T22:10:26.177+0000] {subprocess.py:97} INFO - Command exited with return code 0
[2025-08-14T22:10:26.250+0000] {taskinstance.py:1138} INFO - Marking task as SUCCESS. dag_id=stock_market_bulletproof, task_id=process_data, execution_date=20250814T220853, start_date=20250814T221001, end_date=20250814T221026
[2025-08-14T22:10:26.307+0000] {local_task_job_runner.py:234} INFO - Task exited with return code 0
[2025-08-14T22:10:26.375+0000] {taskinstance.py:3280} INFO - 1 downstream tasks scheduled from follow-on schedule check
