[2025-08-12T23:14:21.525+0000] {processor.py:161} INFO - Started process (PID=231) to work on /opt/airflow/dags/scripts/check_minio_file.py
[2025-08-12T23:14:21.527+0000] {processor.py:830} INFO - Processing file /opt/airflow/dags/scripts/check_minio_file.py for tasks to queue
[2025-08-12T23:14:21.528+0000] {logging_mixin.py:188} INFO - [2025-08-12T23:14:21.528+0000] {dagbag.py:538} INFO - Filling up the DagBag from /opt/airflow/dags/scripts/check_minio_file.py
[2025-08-12T23:14:21.837+0000] {processor.py:842} WARNING - No viable dags retrieved from /opt/airflow/dags/scripts/check_minio_file.py
[2025-08-12T23:14:21.857+0000] {processor.py:183} INFO - Processing /opt/airflow/dags/scripts/check_minio_file.py took 0.339 seconds
[2025-08-12T23:14:31.892+0000] {processor.py:161} INFO - Started process (PID=243) to work on /opt/airflow/dags/scripts/check_minio_file.py
[2025-08-12T23:14:31.893+0000] {processor.py:830} INFO - Processing file /opt/airflow/dags/scripts/check_minio_file.py for tasks to queue
[2025-08-12T23:14:31.894+0000] {logging_mixin.py:188} INFO - [2025-08-12T23:14:31.894+0000] {dagbag.py:538} INFO - Filling up the DagBag from /opt/airflow/dags/scripts/check_minio_file.py
[2025-08-12T23:14:31.954+0000] {processor.py:842} WARNING - No viable dags retrieved from /opt/airflow/dags/scripts/check_minio_file.py
[2025-08-12T23:14:31.965+0000] {processor.py:183} INFO - Processing /opt/airflow/dags/scripts/check_minio_file.py took 0.077 seconds
[2025-08-12T23:14:42.093+0000] {processor.py:161} INFO - Started process (PID=250) to work on /opt/airflow/dags/scripts/check_minio_file.py
[2025-08-12T23:14:42.094+0000] {processor.py:830} INFO - Processing file /opt/airflow/dags/scripts/check_minio_file.py for tasks to queue
[2025-08-12T23:14:42.095+0000] {logging_mixin.py:188} INFO - [2025-08-12T23:14:42.095+0000] {dagbag.py:538} INFO - Filling up the DagBag from /opt/airflow/dags/scripts/check_minio_file.py
[2025-08-12T23:14:42.187+0000] {processor.py:842} WARNING - No viable dags retrieved from /opt/airflow/dags/scripts/check_minio_file.py
[2025-08-12T23:14:42.195+0000] {processor.py:183} INFO - Processing /opt/airflow/dags/scripts/check_minio_file.py took 0.107 seconds
[2025-08-12T23:14:52.360+0000] {processor.py:161} INFO - Started process (PID=261) to work on /opt/airflow/dags/scripts/check_minio_file.py
[2025-08-12T23:14:52.361+0000] {processor.py:830} INFO - Processing file /opt/airflow/dags/scripts/check_minio_file.py for tasks to queue
[2025-08-12T23:14:52.363+0000] {logging_mixin.py:188} INFO - [2025-08-12T23:14:52.363+0000] {dagbag.py:538} INFO - Filling up the DagBag from /opt/airflow/dags/scripts/check_minio_file.py
[2025-08-12T23:14:52.461+0000] {processor.py:842} WARNING - No viable dags retrieved from /opt/airflow/dags/scripts/check_minio_file.py
[2025-08-12T23:14:52.470+0000] {processor.py:183} INFO - Processing /opt/airflow/dags/scripts/check_minio_file.py took 0.115 seconds
[2025-08-12T23:15:02.723+0000] {processor.py:161} INFO - Started process (PID=271) to work on /opt/airflow/dags/scripts/check_minio_file.py
[2025-08-12T23:15:02.729+0000] {processor.py:830} INFO - Processing file /opt/airflow/dags/scripts/check_minio_file.py for tasks to queue
[2025-08-12T23:15:02.731+0000] {logging_mixin.py:188} INFO - [2025-08-12T23:15:02.730+0000] {dagbag.py:538} INFO - Filling up the DagBag from /opt/airflow/dags/scripts/check_minio_file.py
[2025-08-12T23:15:02.895+0000] {processor.py:842} WARNING - No viable dags retrieved from /opt/airflow/dags/scripts/check_minio_file.py
[2025-08-12T23:15:02.918+0000] {processor.py:183} INFO - Processing /opt/airflow/dags/scripts/check_minio_file.py took 0.206 seconds
[2025-08-12T23:15:13.054+0000] {processor.py:161} INFO - Started process (PID=281) to work on /opt/airflow/dags/scripts/check_minio_file.py
[2025-08-12T23:15:13.058+0000] {processor.py:830} INFO - Processing file /opt/airflow/dags/scripts/check_minio_file.py for tasks to queue
[2025-08-12T23:15:13.060+0000] {logging_mixin.py:188} INFO - [2025-08-12T23:15:13.059+0000] {dagbag.py:538} INFO - Filling up the DagBag from /opt/airflow/dags/scripts/check_minio_file.py
[2025-08-12T23:15:13.144+0000] {processor.py:842} WARNING - No viable dags retrieved from /opt/airflow/dags/scripts/check_minio_file.py
[2025-08-12T23:15:13.151+0000] {processor.py:183} INFO - Processing /opt/airflow/dags/scripts/check_minio_file.py took 0.103 seconds
[2025-08-12T23:15:23.317+0000] {processor.py:161} INFO - Started process (PID=291) to work on /opt/airflow/dags/scripts/check_minio_file.py
[2025-08-12T23:15:23.321+0000] {processor.py:830} INFO - Processing file /opt/airflow/dags/scripts/check_minio_file.py for tasks to queue
[2025-08-12T23:15:23.329+0000] {logging_mixin.py:188} INFO - [2025-08-12T23:15:23.327+0000] {dagbag.py:538} INFO - Filling up the DagBag from /opt/airflow/dags/scripts/check_minio_file.py
[2025-08-12T23:15:23.427+0000] {processor.py:842} WARNING - No viable dags retrieved from /opt/airflow/dags/scripts/check_minio_file.py
[2025-08-12T23:15:23.440+0000] {processor.py:183} INFO - Processing /opt/airflow/dags/scripts/check_minio_file.py took 0.132 seconds
[2025-08-12T23:15:33.597+0000] {processor.py:161} INFO - Started process (PID=301) to work on /opt/airflow/dags/scripts/check_minio_file.py
[2025-08-12T23:15:33.599+0000] {processor.py:830} INFO - Processing file /opt/airflow/dags/scripts/check_minio_file.py for tasks to queue
[2025-08-12T23:15:33.601+0000] {logging_mixin.py:188} INFO - [2025-08-12T23:15:33.601+0000] {dagbag.py:538} INFO - Filling up the DagBag from /opt/airflow/dags/scripts/check_minio_file.py
[2025-08-12T23:15:33.697+0000] {processor.py:842} WARNING - No viable dags retrieved from /opt/airflow/dags/scripts/check_minio_file.py
[2025-08-12T23:15:33.708+0000] {processor.py:183} INFO - Processing /opt/airflow/dags/scripts/check_minio_file.py took 0.124 seconds
[2025-08-12T23:15:43.880+0000] {processor.py:161} INFO - Started process (PID=311) to work on /opt/airflow/dags/scripts/check_minio_file.py
[2025-08-12T23:15:43.883+0000] {processor.py:830} INFO - Processing file /opt/airflow/dags/scripts/check_minio_file.py for tasks to queue
[2025-08-12T23:15:43.885+0000] {logging_mixin.py:188} INFO - [2025-08-12T23:15:43.884+0000] {dagbag.py:538} INFO - Filling up the DagBag from /opt/airflow/dags/scripts/check_minio_file.py
[2025-08-12T23:15:43.970+0000] {processor.py:842} WARNING - No viable dags retrieved from /opt/airflow/dags/scripts/check_minio_file.py
[2025-08-12T23:15:43.979+0000] {processor.py:183} INFO - Processing /opt/airflow/dags/scripts/check_minio_file.py took 0.113 seconds
[2025-08-12T23:15:54.189+0000] {processor.py:161} INFO - Started process (PID=321) to work on /opt/airflow/dags/scripts/check_minio_file.py
[2025-08-12T23:15:54.195+0000] {processor.py:830} INFO - Processing file /opt/airflow/dags/scripts/check_minio_file.py for tasks to queue
[2025-08-12T23:15:54.196+0000] {logging_mixin.py:188} INFO - [2025-08-12T23:15:54.196+0000] {dagbag.py:538} INFO - Filling up the DagBag from /opt/airflow/dags/scripts/check_minio_file.py
[2025-08-12T23:15:54.285+0000] {processor.py:842} WARNING - No viable dags retrieved from /opt/airflow/dags/scripts/check_minio_file.py
[2025-08-12T23:15:54.293+0000] {processor.py:183} INFO - Processing /opt/airflow/dags/scripts/check_minio_file.py took 0.109 seconds
[2025-08-12T23:16:04.419+0000] {processor.py:161} INFO - Started process (PID=331) to work on /opt/airflow/dags/scripts/check_minio_file.py
[2025-08-12T23:16:04.421+0000] {processor.py:830} INFO - Processing file /opt/airflow/dags/scripts/check_minio_file.py for tasks to queue
[2025-08-12T23:16:04.423+0000] {logging_mixin.py:188} INFO - [2025-08-12T23:16:04.422+0000] {dagbag.py:538} INFO - Filling up the DagBag from /opt/airflow/dags/scripts/check_minio_file.py
[2025-08-12T23:16:04.497+0000] {processor.py:842} WARNING - No viable dags retrieved from /opt/airflow/dags/scripts/check_minio_file.py
[2025-08-12T23:16:04.505+0000] {processor.py:183} INFO - Processing /opt/airflow/dags/scripts/check_minio_file.py took 0.092 seconds
[2025-08-12T23:16:14.664+0000] {processor.py:161} INFO - Started process (PID=341) to work on /opt/airflow/dags/scripts/check_minio_file.py
[2025-08-12T23:16:14.668+0000] {processor.py:830} INFO - Processing file /opt/airflow/dags/scripts/check_minio_file.py for tasks to queue
[2025-08-12T23:16:14.669+0000] {logging_mixin.py:188} INFO - [2025-08-12T23:16:14.669+0000] {dagbag.py:538} INFO - Filling up the DagBag from /opt/airflow/dags/scripts/check_minio_file.py
[2025-08-12T23:16:14.760+0000] {processor.py:842} WARNING - No viable dags retrieved from /opt/airflow/dags/scripts/check_minio_file.py
[2025-08-12T23:16:14.771+0000] {processor.py:183} INFO - Processing /opt/airflow/dags/scripts/check_minio_file.py took 0.114 seconds
[2025-08-12T23:16:24.949+0000] {processor.py:161} INFO - Started process (PID=351) to work on /opt/airflow/dags/scripts/check_minio_file.py
[2025-08-12T23:16:24.954+0000] {processor.py:830} INFO - Processing file /opt/airflow/dags/scripts/check_minio_file.py for tasks to queue
[2025-08-12T23:16:24.955+0000] {logging_mixin.py:188} INFO - [2025-08-12T23:16:24.954+0000] {dagbag.py:538} INFO - Filling up the DagBag from /opt/airflow/dags/scripts/check_minio_file.py
[2025-08-12T23:16:25.030+0000] {processor.py:842} WARNING - No viable dags retrieved from /opt/airflow/dags/scripts/check_minio_file.py
[2025-08-12T23:16:25.042+0000] {processor.py:183} INFO - Processing /opt/airflow/dags/scripts/check_minio_file.py took 0.103 seconds
[2025-08-12T23:16:35.211+0000] {processor.py:161} INFO - Started process (PID=361) to work on /opt/airflow/dags/scripts/check_minio_file.py
[2025-08-12T23:16:35.215+0000] {processor.py:830} INFO - Processing file /opt/airflow/dags/scripts/check_minio_file.py for tasks to queue
[2025-08-12T23:16:35.219+0000] {logging_mixin.py:188} INFO - [2025-08-12T23:16:35.219+0000] {dagbag.py:538} INFO - Filling up the DagBag from /opt/airflow/dags/scripts/check_minio_file.py
[2025-08-12T23:16:35.302+0000] {processor.py:842} WARNING - No viable dags retrieved from /opt/airflow/dags/scripts/check_minio_file.py
[2025-08-12T23:16:35.312+0000] {processor.py:183} INFO - Processing /opt/airflow/dags/scripts/check_minio_file.py took 0.113 seconds
[2025-08-12T23:16:45.449+0000] {processor.py:161} INFO - Started process (PID=371) to work on /opt/airflow/dags/scripts/check_minio_file.py
[2025-08-12T23:16:45.452+0000] {processor.py:830} INFO - Processing file /opt/airflow/dags/scripts/check_minio_file.py for tasks to queue
[2025-08-12T23:16:45.454+0000] {logging_mixin.py:188} INFO - [2025-08-12T23:16:45.454+0000] {dagbag.py:538} INFO - Filling up the DagBag from /opt/airflow/dags/scripts/check_minio_file.py
[2025-08-12T23:16:45.547+0000] {processor.py:842} WARNING - No viable dags retrieved from /opt/airflow/dags/scripts/check_minio_file.py
[2025-08-12T23:16:45.557+0000] {processor.py:183} INFO - Processing /opt/airflow/dags/scripts/check_minio_file.py took 0.114 seconds
[2025-08-12T23:16:55.737+0000] {processor.py:161} INFO - Started process (PID=381) to work on /opt/airflow/dags/scripts/check_minio_file.py
[2025-08-12T23:16:55.740+0000] {processor.py:830} INFO - Processing file /opt/airflow/dags/scripts/check_minio_file.py for tasks to queue
[2025-08-12T23:16:55.741+0000] {logging_mixin.py:188} INFO - [2025-08-12T23:16:55.741+0000] {dagbag.py:538} INFO - Filling up the DagBag from /opt/airflow/dags/scripts/check_minio_file.py
[2025-08-12T23:16:55.837+0000] {processor.py:842} WARNING - No viable dags retrieved from /opt/airflow/dags/scripts/check_minio_file.py
[2025-08-12T23:16:55.852+0000] {processor.py:183} INFO - Processing /opt/airflow/dags/scripts/check_minio_file.py took 0.121 seconds
[2025-08-12T23:17:06.057+0000] {processor.py:161} INFO - Started process (PID=391) to work on /opt/airflow/dags/scripts/check_minio_file.py
[2025-08-12T23:17:06.061+0000] {processor.py:830} INFO - Processing file /opt/airflow/dags/scripts/check_minio_file.py for tasks to queue
[2025-08-12T23:17:06.062+0000] {logging_mixin.py:188} INFO - [2025-08-12T23:17:06.062+0000] {dagbag.py:538} INFO - Filling up the DagBag from /opt/airflow/dags/scripts/check_minio_file.py
[2025-08-12T23:17:06.150+0000] {processor.py:842} WARNING - No viable dags retrieved from /opt/airflow/dags/scripts/check_minio_file.py
[2025-08-12T23:17:06.161+0000] {processor.py:183} INFO - Processing /opt/airflow/dags/scripts/check_minio_file.py took 0.112 seconds
[2025-08-12T23:17:16.329+0000] {processor.py:161} INFO - Started process (PID=401) to work on /opt/airflow/dags/scripts/check_minio_file.py
[2025-08-12T23:17:16.334+0000] {processor.py:830} INFO - Processing file /opt/airflow/dags/scripts/check_minio_file.py for tasks to queue
[2025-08-12T23:17:16.337+0000] {logging_mixin.py:188} INFO - [2025-08-12T23:17:16.337+0000] {dagbag.py:538} INFO - Filling up the DagBag from /opt/airflow/dags/scripts/check_minio_file.py
[2025-08-12T23:17:16.441+0000] {processor.py:842} WARNING - No viable dags retrieved from /opt/airflow/dags/scripts/check_minio_file.py
[2025-08-12T23:17:16.454+0000] {processor.py:183} INFO - Processing /opt/airflow/dags/scripts/check_minio_file.py took 0.133 seconds
[2025-08-12T23:17:26.629+0000] {processor.py:161} INFO - Started process (PID=411) to work on /opt/airflow/dags/scripts/check_minio_file.py
[2025-08-12T23:17:26.636+0000] {processor.py:830} INFO - Processing file /opt/airflow/dags/scripts/check_minio_file.py for tasks to queue
[2025-08-12T23:17:26.640+0000] {logging_mixin.py:188} INFO - [2025-08-12T23:17:26.639+0000] {dagbag.py:538} INFO - Filling up the DagBag from /opt/airflow/dags/scripts/check_minio_file.py
[2025-08-12T23:17:26.750+0000] {processor.py:842} WARNING - No viable dags retrieved from /opt/airflow/dags/scripts/check_minio_file.py
[2025-08-12T23:17:26.758+0000] {processor.py:183} INFO - Processing /opt/airflow/dags/scripts/check_minio_file.py took 0.136 seconds
[2025-08-12T23:17:36.935+0000] {processor.py:161} INFO - Started process (PID=421) to work on /opt/airflow/dags/scripts/check_minio_file.py
[2025-08-12T23:17:36.938+0000] {processor.py:830} INFO - Processing file /opt/airflow/dags/scripts/check_minio_file.py for tasks to queue
[2025-08-12T23:17:36.939+0000] {logging_mixin.py:188} INFO - [2025-08-12T23:17:36.938+0000] {dagbag.py:538} INFO - Filling up the DagBag from /opt/airflow/dags/scripts/check_minio_file.py
[2025-08-12T23:17:37.089+0000] {processor.py:842} WARNING - No viable dags retrieved from /opt/airflow/dags/scripts/check_minio_file.py
[2025-08-12T23:17:37.104+0000] {processor.py:183} INFO - Processing /opt/airflow/dags/scripts/check_minio_file.py took 0.174 seconds
[2025-08-12T23:17:47.295+0000] {processor.py:161} INFO - Started process (PID=431) to work on /opt/airflow/dags/scripts/check_minio_file.py
[2025-08-12T23:17:47.296+0000] {processor.py:830} INFO - Processing file /opt/airflow/dags/scripts/check_minio_file.py for tasks to queue
[2025-08-12T23:17:47.297+0000] {logging_mixin.py:188} INFO - [2025-08-12T23:17:47.297+0000] {dagbag.py:538} INFO - Filling up the DagBag from /opt/airflow/dags/scripts/check_minio_file.py
[2025-08-12T23:17:47.431+0000] {processor.py:842} WARNING - No viable dags retrieved from /opt/airflow/dags/scripts/check_minio_file.py
[2025-08-12T23:17:47.443+0000] {processor.py:183} INFO - Processing /opt/airflow/dags/scripts/check_minio_file.py took 0.151 seconds
[2025-08-12T23:17:57.560+0000] {processor.py:161} INFO - Started process (PID=440) to work on /opt/airflow/dags/scripts/check_minio_file.py
[2025-08-12T23:17:57.562+0000] {processor.py:830} INFO - Processing file /opt/airflow/dags/scripts/check_minio_file.py for tasks to queue
[2025-08-12T23:17:57.564+0000] {logging_mixin.py:188} INFO - [2025-08-12T23:17:57.563+0000] {dagbag.py:538} INFO - Filling up the DagBag from /opt/airflow/dags/scripts/check_minio_file.py
[2025-08-12T23:17:57.655+0000] {processor.py:842} WARNING - No viable dags retrieved from /opt/airflow/dags/scripts/check_minio_file.py
[2025-08-12T23:17:57.663+0000] {processor.py:183} INFO - Processing /opt/airflow/dags/scripts/check_minio_file.py took 0.109 seconds
[2025-08-12T23:18:07.758+0000] {processor.py:161} INFO - Started process (PID=451) to work on /opt/airflow/dags/scripts/check_minio_file.py
[2025-08-12T23:18:07.760+0000] {processor.py:830} INFO - Processing file /opt/airflow/dags/scripts/check_minio_file.py for tasks to queue
[2025-08-12T23:18:07.762+0000] {logging_mixin.py:188} INFO - [2025-08-12T23:18:07.762+0000] {dagbag.py:538} INFO - Filling up the DagBag from /opt/airflow/dags/scripts/check_minio_file.py
[2025-08-12T23:18:07.835+0000] {processor.py:842} WARNING - No viable dags retrieved from /opt/airflow/dags/scripts/check_minio_file.py
[2025-08-12T23:18:07.843+0000] {processor.py:183} INFO - Processing /opt/airflow/dags/scripts/check_minio_file.py took 0.091 seconds
[2025-08-12T23:18:17.954+0000] {processor.py:161} INFO - Started process (PID=460) to work on /opt/airflow/dags/scripts/check_minio_file.py
[2025-08-12T23:18:17.955+0000] {processor.py:830} INFO - Processing file /opt/airflow/dags/scripts/check_minio_file.py for tasks to queue
[2025-08-12T23:18:17.956+0000] {logging_mixin.py:188} INFO - [2025-08-12T23:18:17.956+0000] {dagbag.py:538} INFO - Filling up the DagBag from /opt/airflow/dags/scripts/check_minio_file.py
[2025-08-12T23:18:18.066+0000] {processor.py:842} WARNING - No viable dags retrieved from /opt/airflow/dags/scripts/check_minio_file.py
[2025-08-12T23:18:18.075+0000] {processor.py:183} INFO - Processing /opt/airflow/dags/scripts/check_minio_file.py took 0.126 seconds
[2025-08-12T23:18:28.182+0000] {processor.py:161} INFO - Started process (PID=471) to work on /opt/airflow/dags/scripts/check_minio_file.py
[2025-08-12T23:18:28.185+0000] {processor.py:830} INFO - Processing file /opt/airflow/dags/scripts/check_minio_file.py for tasks to queue
[2025-08-12T23:18:28.190+0000] {logging_mixin.py:188} INFO - [2025-08-12T23:18:28.190+0000] {dagbag.py:538} INFO - Filling up the DagBag from /opt/airflow/dags/scripts/check_minio_file.py
[2025-08-12T23:18:28.296+0000] {processor.py:842} WARNING - No viable dags retrieved from /opt/airflow/dags/scripts/check_minio_file.py
[2025-08-12T23:18:28.307+0000] {processor.py:183} INFO - Processing /opt/airflow/dags/scripts/check_minio_file.py took 0.133 seconds
[2025-08-12T23:18:38.446+0000] {processor.py:161} INFO - Started process (PID=481) to work on /opt/airflow/dags/scripts/check_minio_file.py
[2025-08-12T23:18:38.452+0000] {processor.py:830} INFO - Processing file /opt/airflow/dags/scripts/check_minio_file.py for tasks to queue
[2025-08-12T23:18:38.454+0000] {logging_mixin.py:188} INFO - [2025-08-12T23:18:38.454+0000] {dagbag.py:538} INFO - Filling up the DagBag from /opt/airflow/dags/scripts/check_minio_file.py
[2025-08-12T23:18:38.547+0000] {processor.py:842} WARNING - No viable dags retrieved from /opt/airflow/dags/scripts/check_minio_file.py
[2025-08-12T23:18:38.555+0000] {processor.py:183} INFO - Processing /opt/airflow/dags/scripts/check_minio_file.py took 0.120 seconds
[2025-08-12T23:18:48.710+0000] {processor.py:161} INFO - Started process (PID=491) to work on /opt/airflow/dags/scripts/check_minio_file.py
[2025-08-12T23:18:48.712+0000] {processor.py:830} INFO - Processing file /opt/airflow/dags/scripts/check_minio_file.py for tasks to queue
[2025-08-12T23:18:48.713+0000] {logging_mixin.py:188} INFO - [2025-08-12T23:18:48.713+0000] {dagbag.py:538} INFO - Filling up the DagBag from /opt/airflow/dags/scripts/check_minio_file.py
[2025-08-12T23:18:48.826+0000] {processor.py:842} WARNING - No viable dags retrieved from /opt/airflow/dags/scripts/check_minio_file.py
[2025-08-12T23:18:48.837+0000] {processor.py:183} INFO - Processing /opt/airflow/dags/scripts/check_minio_file.py took 0.132 seconds
[2025-08-12T23:18:58.991+0000] {processor.py:161} INFO - Started process (PID=501) to work on /opt/airflow/dags/scripts/check_minio_file.py
[2025-08-12T23:18:58.993+0000] {processor.py:830} INFO - Processing file /opt/airflow/dags/scripts/check_minio_file.py for tasks to queue
[2025-08-12T23:18:58.995+0000] {logging_mixin.py:188} INFO - [2025-08-12T23:18:58.995+0000] {dagbag.py:538} INFO - Filling up the DagBag from /opt/airflow/dags/scripts/check_minio_file.py
[2025-08-12T23:18:59.070+0000] {processor.py:842} WARNING - No viable dags retrieved from /opt/airflow/dags/scripts/check_minio_file.py
[2025-08-12T23:18:59.079+0000] {processor.py:183} INFO - Processing /opt/airflow/dags/scripts/check_minio_file.py took 0.092 seconds
[2025-08-12T23:20:15.590+0000] {processor.py:161} INFO - Started process (PID=230) to work on /opt/airflow/dags/scripts/check_minio_file.py
[2025-08-12T23:20:15.593+0000] {processor.py:830} INFO - Processing file /opt/airflow/dags/scripts/check_minio_file.py for tasks to queue
[2025-08-12T23:20:15.596+0000] {logging_mixin.py:188} INFO - [2025-08-12T23:20:15.595+0000] {dagbag.py:538} INFO - Filling up the DagBag from /opt/airflow/dags/scripts/check_minio_file.py
[2025-08-12T23:20:15.852+0000] {processor.py:842} WARNING - No viable dags retrieved from /opt/airflow/dags/scripts/check_minio_file.py
[2025-08-12T23:20:15.878+0000] {processor.py:183} INFO - Processing /opt/airflow/dags/scripts/check_minio_file.py took 0.299 seconds
[2025-08-12T23:20:25.969+0000] {processor.py:161} INFO - Started process (PID=241) to work on /opt/airflow/dags/scripts/check_minio_file.py
[2025-08-12T23:20:25.972+0000] {processor.py:830} INFO - Processing file /opt/airflow/dags/scripts/check_minio_file.py for tasks to queue
[2025-08-12T23:20:25.974+0000] {logging_mixin.py:188} INFO - [2025-08-12T23:20:25.974+0000] {dagbag.py:538} INFO - Filling up the DagBag from /opt/airflow/dags/scripts/check_minio_file.py
[2025-08-12T23:20:26.071+0000] {processor.py:842} WARNING - No viable dags retrieved from /opt/airflow/dags/scripts/check_minio_file.py
[2025-08-12T23:20:26.079+0000] {processor.py:183} INFO - Processing /opt/airflow/dags/scripts/check_minio_file.py took 0.117 seconds
[2025-08-12T23:20:36.240+0000] {processor.py:161} INFO - Started process (PID=251) to work on /opt/airflow/dags/scripts/check_minio_file.py
[2025-08-12T23:20:36.242+0000] {processor.py:830} INFO - Processing file /opt/airflow/dags/scripts/check_minio_file.py for tasks to queue
[2025-08-12T23:20:36.243+0000] {logging_mixin.py:188} INFO - [2025-08-12T23:20:36.243+0000] {dagbag.py:538} INFO - Filling up the DagBag from /opt/airflow/dags/scripts/check_minio_file.py
[2025-08-12T23:20:36.357+0000] {processor.py:842} WARNING - No viable dags retrieved from /opt/airflow/dags/scripts/check_minio_file.py
[2025-08-12T23:20:36.377+0000] {processor.py:183} INFO - Processing /opt/airflow/dags/scripts/check_minio_file.py took 0.148 seconds
[2025-08-12T23:20:46.570+0000] {processor.py:161} INFO - Started process (PID=261) to work on /opt/airflow/dags/scripts/check_minio_file.py
[2025-08-12T23:20:46.578+0000] {processor.py:830} INFO - Processing file /opt/airflow/dags/scripts/check_minio_file.py for tasks to queue
[2025-08-12T23:20:46.583+0000] {logging_mixin.py:188} INFO - [2025-08-12T23:20:46.582+0000] {dagbag.py:538} INFO - Filling up the DagBag from /opt/airflow/dags/scripts/check_minio_file.py
[2025-08-12T23:20:46.772+0000] {processor.py:842} WARNING - No viable dags retrieved from /opt/airflow/dags/scripts/check_minio_file.py
[2025-08-12T23:20:46.790+0000] {processor.py:183} INFO - Processing /opt/airflow/dags/scripts/check_minio_file.py took 0.231 seconds
[2025-08-12T23:20:57.317+0000] {processor.py:161} INFO - Started process (PID=270) to work on /opt/airflow/dags/scripts/check_minio_file.py
[2025-08-12T23:20:57.325+0000] {processor.py:830} INFO - Processing file /opt/airflow/dags/scripts/check_minio_file.py for tasks to queue
[2025-08-12T23:20:57.329+0000] {logging_mixin.py:188} INFO - [2025-08-12T23:20:57.327+0000] {dagbag.py:538} INFO - Filling up the DagBag from /opt/airflow/dags/scripts/check_minio_file.py
[2025-08-12T23:20:57.671+0000] {processor.py:842} WARNING - No viable dags retrieved from /opt/airflow/dags/scripts/check_minio_file.py
[2025-08-12T23:20:57.703+0000] {processor.py:183} INFO - Processing /opt/airflow/dags/scripts/check_minio_file.py took 0.394 seconds
[2025-08-12T23:21:07.775+0000] {processor.py:161} INFO - Started process (PID=281) to work on /opt/airflow/dags/scripts/check_minio_file.py
[2025-08-12T23:21:07.776+0000] {processor.py:830} INFO - Processing file /opt/airflow/dags/scripts/check_minio_file.py for tasks to queue
[2025-08-12T23:21:07.778+0000] {logging_mixin.py:188} INFO - [2025-08-12T23:21:07.777+0000] {dagbag.py:538} INFO - Filling up the DagBag from /opt/airflow/dags/scripts/check_minio_file.py
[2025-08-12T23:21:07.911+0000] {processor.py:842} WARNING - No viable dags retrieved from /opt/airflow/dags/scripts/check_minio_file.py
[2025-08-12T23:21:07.920+0000] {processor.py:183} INFO - Processing /opt/airflow/dags/scripts/check_minio_file.py took 0.150 seconds
[2025-08-12T23:21:18.248+0000] {processor.py:161} INFO - Started process (PID=291) to work on /opt/airflow/dags/scripts/check_minio_file.py
[2025-08-12T23:21:18.252+0000] {processor.py:830} INFO - Processing file /opt/airflow/dags/scripts/check_minio_file.py for tasks to queue
[2025-08-12T23:21:18.256+0000] {logging_mixin.py:188} INFO - [2025-08-12T23:21:18.256+0000] {dagbag.py:538} INFO - Filling up the DagBag from /opt/airflow/dags/scripts/check_minio_file.py
[2025-08-12T23:21:18.362+0000] {processor.py:842} WARNING - No viable dags retrieved from /opt/airflow/dags/scripts/check_minio_file.py
[2025-08-12T23:21:18.375+0000] {processor.py:183} INFO - Processing /opt/airflow/dags/scripts/check_minio_file.py took 0.137 seconds
[2025-08-12T23:21:28.610+0000] {processor.py:161} INFO - Started process (PID=301) to work on /opt/airflow/dags/scripts/check_minio_file.py
[2025-08-12T23:21:28.612+0000] {processor.py:830} INFO - Processing file /opt/airflow/dags/scripts/check_minio_file.py for tasks to queue
[2025-08-12T23:21:28.614+0000] {logging_mixin.py:188} INFO - [2025-08-12T23:21:28.614+0000] {dagbag.py:538} INFO - Filling up the DagBag from /opt/airflow/dags/scripts/check_minio_file.py
[2025-08-12T23:21:28.694+0000] {processor.py:842} WARNING - No viable dags retrieved from /opt/airflow/dags/scripts/check_minio_file.py
[2025-08-12T23:21:28.704+0000] {processor.py:183} INFO - Processing /opt/airflow/dags/scripts/check_minio_file.py took 0.110 seconds
[2025-08-12T23:21:38.897+0000] {processor.py:161} INFO - Started process (PID=311) to work on /opt/airflow/dags/scripts/check_minio_file.py
[2025-08-12T23:21:38.906+0000] {processor.py:830} INFO - Processing file /opt/airflow/dags/scripts/check_minio_file.py for tasks to queue
[2025-08-12T23:21:38.911+0000] {logging_mixin.py:188} INFO - [2025-08-12T23:21:38.909+0000] {dagbag.py:538} INFO - Filling up the DagBag from /opt/airflow/dags/scripts/check_minio_file.py
[2025-08-12T23:21:39.047+0000] {processor.py:842} WARNING - No viable dags retrieved from /opt/airflow/dags/scripts/check_minio_file.py
[2025-08-12T23:21:39.066+0000] {processor.py:183} INFO - Processing /opt/airflow/dags/scripts/check_minio_file.py took 0.181 seconds
[2025-08-12T23:21:49.246+0000] {processor.py:161} INFO - Started process (PID=321) to work on /opt/airflow/dags/scripts/check_minio_file.py
[2025-08-12T23:21:49.251+0000] {processor.py:830} INFO - Processing file /opt/airflow/dags/scripts/check_minio_file.py for tasks to queue
[2025-08-12T23:21:49.253+0000] {logging_mixin.py:188} INFO - [2025-08-12T23:21:49.252+0000] {dagbag.py:538} INFO - Filling up the DagBag from /opt/airflow/dags/scripts/check_minio_file.py
[2025-08-12T23:21:49.365+0000] {processor.py:842} WARNING - No viable dags retrieved from /opt/airflow/dags/scripts/check_minio_file.py
[2025-08-12T23:21:49.373+0000] {processor.py:183} INFO - Processing /opt/airflow/dags/scripts/check_minio_file.py took 0.139 seconds
[2025-08-12T23:21:59.551+0000] {processor.py:161} INFO - Started process (PID=331) to work on /opt/airflow/dags/scripts/check_minio_file.py
[2025-08-12T23:21:59.554+0000] {processor.py:830} INFO - Processing file /opt/airflow/dags/scripts/check_minio_file.py for tasks to queue
[2025-08-12T23:21:59.555+0000] {logging_mixin.py:188} INFO - [2025-08-12T23:21:59.554+0000] {dagbag.py:538} INFO - Filling up the DagBag from /opt/airflow/dags/scripts/check_minio_file.py
[2025-08-12T23:21:59.662+0000] {processor.py:842} WARNING - No viable dags retrieved from /opt/airflow/dags/scripts/check_minio_file.py
[2025-08-12T23:21:59.675+0000] {processor.py:183} INFO - Processing /opt/airflow/dags/scripts/check_minio_file.py took 0.136 seconds
[2025-08-12T23:22:09.818+0000] {processor.py:161} INFO - Started process (PID=341) to work on /opt/airflow/dags/scripts/check_minio_file.py
[2025-08-12T23:22:09.822+0000] {processor.py:830} INFO - Processing file /opt/airflow/dags/scripts/check_minio_file.py for tasks to queue
[2025-08-12T23:22:09.826+0000] {logging_mixin.py:188} INFO - [2025-08-12T23:22:09.826+0000] {dagbag.py:538} INFO - Filling up the DagBag from /opt/airflow/dags/scripts/check_minio_file.py
[2025-08-12T23:22:09.916+0000] {processor.py:842} WARNING - No viable dags retrieved from /opt/airflow/dags/scripts/check_minio_file.py
[2025-08-12T23:22:09.925+0000] {processor.py:183} INFO - Processing /opt/airflow/dags/scripts/check_minio_file.py took 0.127 seconds
[2025-08-12T23:22:20.140+0000] {processor.py:161} INFO - Started process (PID=351) to work on /opt/airflow/dags/scripts/check_minio_file.py
[2025-08-12T23:22:20.143+0000] {processor.py:830} INFO - Processing file /opt/airflow/dags/scripts/check_minio_file.py for tasks to queue
[2025-08-12T23:22:20.146+0000] {logging_mixin.py:188} INFO - [2025-08-12T23:22:20.144+0000] {dagbag.py:538} INFO - Filling up the DagBag from /opt/airflow/dags/scripts/check_minio_file.py
[2025-08-12T23:22:20.255+0000] {processor.py:842} WARNING - No viable dags retrieved from /opt/airflow/dags/scripts/check_minio_file.py
[2025-08-12T23:22:20.269+0000] {processor.py:183} INFO - Processing /opt/airflow/dags/scripts/check_minio_file.py took 0.137 seconds
[2025-08-12T23:22:30.380+0000] {processor.py:161} INFO - Started process (PID=361) to work on /opt/airflow/dags/scripts/check_minio_file.py
[2025-08-12T23:22:30.383+0000] {processor.py:830} INFO - Processing file /opt/airflow/dags/scripts/check_minio_file.py for tasks to queue
[2025-08-12T23:22:30.384+0000] {logging_mixin.py:188} INFO - [2025-08-12T23:22:30.383+0000] {dagbag.py:538} INFO - Filling up the DagBag from /opt/airflow/dags/scripts/check_minio_file.py
[2025-08-12T23:22:30.467+0000] {processor.py:842} WARNING - No viable dags retrieved from /opt/airflow/dags/scripts/check_minio_file.py
[2025-08-12T23:22:30.476+0000] {processor.py:183} INFO - Processing /opt/airflow/dags/scripts/check_minio_file.py took 0.102 seconds
[2025-08-12T23:22:40.640+0000] {processor.py:161} INFO - Started process (PID=371) to work on /opt/airflow/dags/scripts/check_minio_file.py
[2025-08-12T23:22:40.642+0000] {processor.py:830} INFO - Processing file /opt/airflow/dags/scripts/check_minio_file.py for tasks to queue
[2025-08-12T23:22:40.643+0000] {logging_mixin.py:188} INFO - [2025-08-12T23:22:40.643+0000] {dagbag.py:538} INFO - Filling up the DagBag from /opt/airflow/dags/scripts/check_minio_file.py
[2025-08-12T23:22:40.713+0000] {processor.py:842} WARNING - No viable dags retrieved from /opt/airflow/dags/scripts/check_minio_file.py
[2025-08-12T23:22:40.721+0000] {processor.py:183} INFO - Processing /opt/airflow/dags/scripts/check_minio_file.py took 0.088 seconds
[2025-08-12T23:22:50.872+0000] {processor.py:161} INFO - Started process (PID=381) to work on /opt/airflow/dags/scripts/check_minio_file.py
[2025-08-12T23:22:50.874+0000] {processor.py:830} INFO - Processing file /opt/airflow/dags/scripts/check_minio_file.py for tasks to queue
[2025-08-12T23:22:50.875+0000] {logging_mixin.py:188} INFO - [2025-08-12T23:22:50.875+0000] {dagbag.py:538} INFO - Filling up the DagBag from /opt/airflow/dags/scripts/check_minio_file.py
[2025-08-12T23:22:50.950+0000] {processor.py:842} WARNING - No viable dags retrieved from /opt/airflow/dags/scripts/check_minio_file.py
[2025-08-12T23:22:50.958+0000] {processor.py:183} INFO - Processing /opt/airflow/dags/scripts/check_minio_file.py took 0.091 seconds
[2025-08-12T23:23:01.468+0000] {processor.py:161} INFO - Started process (PID=391) to work on /opt/airflow/dags/scripts/check_minio_file.py
[2025-08-12T23:23:01.470+0000] {processor.py:830} INFO - Processing file /opt/airflow/dags/scripts/check_minio_file.py for tasks to queue
[2025-08-12T23:23:01.471+0000] {logging_mixin.py:188} INFO - [2025-08-12T23:23:01.470+0000] {dagbag.py:538} INFO - Filling up the DagBag from /opt/airflow/dags/scripts/check_minio_file.py
[2025-08-12T23:23:01.671+0000] {processor.py:842} WARNING - No viable dags retrieved from /opt/airflow/dags/scripts/check_minio_file.py
[2025-08-12T23:23:01.692+0000] {processor.py:183} INFO - Processing /opt/airflow/dags/scripts/check_minio_file.py took 0.233 seconds
[2025-08-12T23:23:11.810+0000] {processor.py:161} INFO - Started process (PID=401) to work on /opt/airflow/dags/scripts/check_minio_file.py
[2025-08-12T23:23:11.820+0000] {processor.py:830} INFO - Processing file /opt/airflow/dags/scripts/check_minio_file.py for tasks to queue
[2025-08-12T23:23:11.823+0000] {logging_mixin.py:188} INFO - [2025-08-12T23:23:11.822+0000] {dagbag.py:538} INFO - Filling up the DagBag from /opt/airflow/dags/scripts/check_minio_file.py
[2025-08-12T23:23:11.909+0000] {processor.py:842} WARNING - No viable dags retrieved from /opt/airflow/dags/scripts/check_minio_file.py
[2025-08-12T23:23:11.922+0000] {processor.py:183} INFO - Processing /opt/airflow/dags/scripts/check_minio_file.py took 0.128 seconds
[2025-08-12T23:23:22.107+0000] {processor.py:161} INFO - Started process (PID=411) to work on /opt/airflow/dags/scripts/check_minio_file.py
[2025-08-12T23:23:22.111+0000] {processor.py:830} INFO - Processing file /opt/airflow/dags/scripts/check_minio_file.py for tasks to queue
[2025-08-12T23:23:22.112+0000] {logging_mixin.py:188} INFO - [2025-08-12T23:23:22.111+0000] {dagbag.py:538} INFO - Filling up the DagBag from /opt/airflow/dags/scripts/check_minio_file.py
[2025-08-12T23:23:22.216+0000] {processor.py:842} WARNING - No viable dags retrieved from /opt/airflow/dags/scripts/check_minio_file.py
[2025-08-12T23:23:22.242+0000] {processor.py:183} INFO - Processing /opt/airflow/dags/scripts/check_minio_file.py took 0.140 seconds
[2025-08-12T23:23:32.373+0000] {processor.py:161} INFO - Started process (PID=421) to work on /opt/airflow/dags/scripts/check_minio_file.py
[2025-08-12T23:23:32.377+0000] {processor.py:830} INFO - Processing file /opt/airflow/dags/scripts/check_minio_file.py for tasks to queue
[2025-08-12T23:23:32.378+0000] {logging_mixin.py:188} INFO - [2025-08-12T23:23:32.377+0000] {dagbag.py:538} INFO - Filling up the DagBag from /opt/airflow/dags/scripts/check_minio_file.py
[2025-08-12T23:23:32.456+0000] {processor.py:842} WARNING - No viable dags retrieved from /opt/airflow/dags/scripts/check_minio_file.py
[2025-08-12T23:23:32.467+0000] {processor.py:183} INFO - Processing /opt/airflow/dags/scripts/check_minio_file.py took 0.099 seconds
[2025-08-12T23:23:42.944+0000] {processor.py:161} INFO - Started process (PID=431) to work on /opt/airflow/dags/scripts/check_minio_file.py
[2025-08-12T23:23:42.947+0000] {processor.py:830} INFO - Processing file /opt/airflow/dags/scripts/check_minio_file.py for tasks to queue
[2025-08-12T23:23:42.952+0000] {logging_mixin.py:188} INFO - [2025-08-12T23:23:42.951+0000] {dagbag.py:538} INFO - Filling up the DagBag from /opt/airflow/dags/scripts/check_minio_file.py
[2025-08-12T23:23:43.047+0000] {processor.py:842} WARNING - No viable dags retrieved from /opt/airflow/dags/scripts/check_minio_file.py
[2025-08-12T23:23:43.057+0000] {processor.py:183} INFO - Processing /opt/airflow/dags/scripts/check_minio_file.py took 0.122 seconds
[2025-08-12T23:23:53.269+0000] {processor.py:161} INFO - Started process (PID=441) to work on /opt/airflow/dags/scripts/check_minio_file.py
[2025-08-12T23:23:53.272+0000] {processor.py:830} INFO - Processing file /opt/airflow/dags/scripts/check_minio_file.py for tasks to queue
[2025-08-12T23:23:53.273+0000] {logging_mixin.py:188} INFO - [2025-08-12T23:23:53.273+0000] {dagbag.py:538} INFO - Filling up the DagBag from /opt/airflow/dags/scripts/check_minio_file.py
[2025-08-12T23:23:53.384+0000] {processor.py:842} WARNING - No viable dags retrieved from /opt/airflow/dags/scripts/check_minio_file.py
[2025-08-12T23:23:53.394+0000] {processor.py:183} INFO - Processing /opt/airflow/dags/scripts/check_minio_file.py took 0.132 seconds
[2025-08-12T23:24:03.555+0000] {processor.py:161} INFO - Started process (PID=451) to work on /opt/airflow/dags/scripts/check_minio_file.py
[2025-08-12T23:24:03.557+0000] {processor.py:830} INFO - Processing file /opt/airflow/dags/scripts/check_minio_file.py for tasks to queue
[2025-08-12T23:24:03.559+0000] {logging_mixin.py:188} INFO - [2025-08-12T23:24:03.558+0000] {dagbag.py:538} INFO - Filling up the DagBag from /opt/airflow/dags/scripts/check_minio_file.py
[2025-08-12T23:24:03.648+0000] {processor.py:842} WARNING - No viable dags retrieved from /opt/airflow/dags/scripts/check_minio_file.py
[2025-08-12T23:24:03.657+0000] {processor.py:183} INFO - Processing /opt/airflow/dags/scripts/check_minio_file.py took 0.107 seconds
[2025-08-12T23:24:13.870+0000] {processor.py:161} INFO - Started process (PID=461) to work on /opt/airflow/dags/scripts/check_minio_file.py
[2025-08-12T23:24:13.875+0000] {processor.py:830} INFO - Processing file /opt/airflow/dags/scripts/check_minio_file.py for tasks to queue
[2025-08-12T23:24:13.878+0000] {logging_mixin.py:188} INFO - [2025-08-12T23:24:13.878+0000] {dagbag.py:538} INFO - Filling up the DagBag from /opt/airflow/dags/scripts/check_minio_file.py
[2025-08-12T23:24:13.981+0000] {processor.py:842} WARNING - No viable dags retrieved from /opt/airflow/dags/scripts/check_minio_file.py
[2025-08-12T23:24:13.991+0000] {processor.py:183} INFO - Processing /opt/airflow/dags/scripts/check_minio_file.py took 0.125 seconds
[2025-08-12T23:24:24.233+0000] {processor.py:161} INFO - Started process (PID=471) to work on /opt/airflow/dags/scripts/check_minio_file.py
[2025-08-12T23:24:24.240+0000] {processor.py:830} INFO - Processing file /opt/airflow/dags/scripts/check_minio_file.py for tasks to queue
[2025-08-12T23:24:24.245+0000] {logging_mixin.py:188} INFO - [2025-08-12T23:24:24.244+0000] {dagbag.py:538} INFO - Filling up the DagBag from /opt/airflow/dags/scripts/check_minio_file.py
[2025-08-12T23:24:24.332+0000] {processor.py:842} WARNING - No viable dags retrieved from /opt/airflow/dags/scripts/check_minio_file.py
[2025-08-12T23:24:24.345+0000] {processor.py:183} INFO - Processing /opt/airflow/dags/scripts/check_minio_file.py took 0.126 seconds
[2025-08-12T23:24:34.559+0000] {processor.py:161} INFO - Started process (PID=481) to work on /opt/airflow/dags/scripts/check_minio_file.py
[2025-08-12T23:24:34.561+0000] {processor.py:830} INFO - Processing file /opt/airflow/dags/scripts/check_minio_file.py for tasks to queue
[2025-08-12T23:24:34.565+0000] {logging_mixin.py:188} INFO - [2025-08-12T23:24:34.564+0000] {dagbag.py:538} INFO - Filling up the DagBag from /opt/airflow/dags/scripts/check_minio_file.py
[2025-08-12T23:24:34.653+0000] {processor.py:842} WARNING - No viable dags retrieved from /opt/airflow/dags/scripts/check_minio_file.py
[2025-08-12T23:24:34.662+0000] {processor.py:183} INFO - Processing /opt/airflow/dags/scripts/check_minio_file.py took 0.116 seconds
[2025-08-12T23:24:44.857+0000] {processor.py:161} INFO - Started process (PID=491) to work on /opt/airflow/dags/scripts/check_minio_file.py
[2025-08-12T23:24:44.865+0000] {processor.py:830} INFO - Processing file /opt/airflow/dags/scripts/check_minio_file.py for tasks to queue
[2025-08-12T23:24:44.867+0000] {logging_mixin.py:188} INFO - [2025-08-12T23:24:44.866+0000] {dagbag.py:538} INFO - Filling up the DagBag from /opt/airflow/dags/scripts/check_minio_file.py
[2025-08-12T23:24:44.999+0000] {processor.py:842} WARNING - No viable dags retrieved from /opt/airflow/dags/scripts/check_minio_file.py
[2025-08-12T23:24:45.006+0000] {processor.py:183} INFO - Processing /opt/airflow/dags/scripts/check_minio_file.py took 0.160 seconds
[2025-08-12T23:24:55.249+0000] {processor.py:161} INFO - Started process (PID=501) to work on /opt/airflow/dags/scripts/check_minio_file.py
[2025-08-12T23:24:55.251+0000] {processor.py:830} INFO - Processing file /opt/airflow/dags/scripts/check_minio_file.py for tasks to queue
[2025-08-12T23:24:55.251+0000] {logging_mixin.py:188} INFO - [2025-08-12T23:24:55.251+0000] {dagbag.py:538} INFO - Filling up the DagBag from /opt/airflow/dags/scripts/check_minio_file.py
[2025-08-12T23:24:55.341+0000] {processor.py:842} WARNING - No viable dags retrieved from /opt/airflow/dags/scripts/check_minio_file.py
[2025-08-12T23:24:55.354+0000] {processor.py:183} INFO - Processing /opt/airflow/dags/scripts/check_minio_file.py took 0.122 seconds
[2025-08-12T23:25:05.533+0000] {processor.py:161} INFO - Started process (PID=511) to work on /opt/airflow/dags/scripts/check_minio_file.py
[2025-08-12T23:25:05.534+0000] {processor.py:830} INFO - Processing file /opt/airflow/dags/scripts/check_minio_file.py for tasks to queue
[2025-08-12T23:25:05.536+0000] {logging_mixin.py:188} INFO - [2025-08-12T23:25:05.536+0000] {dagbag.py:538} INFO - Filling up the DagBag from /opt/airflow/dags/scripts/check_minio_file.py
[2025-08-12T23:25:05.635+0000] {processor.py:842} WARNING - No viable dags retrieved from /opt/airflow/dags/scripts/check_minio_file.py
[2025-08-12T23:25:05.646+0000] {processor.py:183} INFO - Processing /opt/airflow/dags/scripts/check_minio_file.py took 0.118 seconds
[2025-08-12T23:25:15.892+0000] {processor.py:161} INFO - Started process (PID=521) to work on /opt/airflow/dags/scripts/check_minio_file.py
[2025-08-12T23:25:15.900+0000] {processor.py:830} INFO - Processing file /opt/airflow/dags/scripts/check_minio_file.py for tasks to queue
[2025-08-12T23:25:15.905+0000] {logging_mixin.py:188} INFO - [2025-08-12T23:25:15.904+0000] {dagbag.py:538} INFO - Filling up the DagBag from /opt/airflow/dags/scripts/check_minio_file.py
[2025-08-12T23:25:16.047+0000] {processor.py:842} WARNING - No viable dags retrieved from /opt/airflow/dags/scripts/check_minio_file.py
[2025-08-12T23:25:16.104+0000] {processor.py:183} INFO - Processing /opt/airflow/dags/scripts/check_minio_file.py took 0.227 seconds
[2025-08-12T23:25:26.245+0000] {processor.py:161} INFO - Started process (PID=531) to work on /opt/airflow/dags/scripts/check_minio_file.py
[2025-08-12T23:25:26.250+0000] {processor.py:830} INFO - Processing file /opt/airflow/dags/scripts/check_minio_file.py for tasks to queue
[2025-08-12T23:25:26.253+0000] {logging_mixin.py:188} INFO - [2025-08-12T23:25:26.253+0000] {dagbag.py:538} INFO - Filling up the DagBag from /opt/airflow/dags/scripts/check_minio_file.py
[2025-08-12T23:25:26.356+0000] {processor.py:842} WARNING - No viable dags retrieved from /opt/airflow/dags/scripts/check_minio_file.py
[2025-08-12T23:25:26.372+0000] {processor.py:183} INFO - Processing /opt/airflow/dags/scripts/check_minio_file.py took 0.133 seconds
[2025-08-12T23:25:36.560+0000] {processor.py:161} INFO - Started process (PID=540) to work on /opt/airflow/dags/scripts/check_minio_file.py
[2025-08-12T23:25:36.561+0000] {processor.py:830} INFO - Processing file /opt/airflow/dags/scripts/check_minio_file.py for tasks to queue
[2025-08-12T23:25:36.563+0000] {logging_mixin.py:188} INFO - [2025-08-12T23:25:36.562+0000] {dagbag.py:538} INFO - Filling up the DagBag from /opt/airflow/dags/scripts/check_minio_file.py
[2025-08-12T23:25:36.654+0000] {processor.py:842} WARNING - No viable dags retrieved from /opt/airflow/dags/scripts/check_minio_file.py
[2025-08-12T23:25:36.662+0000] {processor.py:183} INFO - Processing /opt/airflow/dags/scripts/check_minio_file.py took 0.106 seconds
[2025-08-12T23:25:46.881+0000] {processor.py:161} INFO - Started process (PID=551) to work on /opt/airflow/dags/scripts/check_minio_file.py
[2025-08-12T23:25:46.882+0000] {processor.py:830} INFO - Processing file /opt/airflow/dags/scripts/check_minio_file.py for tasks to queue
[2025-08-12T23:25:46.883+0000] {logging_mixin.py:188} INFO - [2025-08-12T23:25:46.883+0000] {dagbag.py:538} INFO - Filling up the DagBag from /opt/airflow/dags/scripts/check_minio_file.py
[2025-08-12T23:25:46.984+0000] {processor.py:842} WARNING - No viable dags retrieved from /opt/airflow/dags/scripts/check_minio_file.py
[2025-08-12T23:25:46.996+0000] {processor.py:183} INFO - Processing /opt/airflow/dags/scripts/check_minio_file.py took 0.125 seconds
[2025-08-12T23:25:57.154+0000] {processor.py:161} INFO - Started process (PID=561) to work on /opt/airflow/dags/scripts/check_minio_file.py
[2025-08-12T23:25:57.164+0000] {processor.py:830} INFO - Processing file /opt/airflow/dags/scripts/check_minio_file.py for tasks to queue
[2025-08-12T23:25:57.168+0000] {logging_mixin.py:188} INFO - [2025-08-12T23:25:57.168+0000] {dagbag.py:538} INFO - Filling up the DagBag from /opt/airflow/dags/scripts/check_minio_file.py
[2025-08-12T23:25:57.287+0000] {processor.py:842} WARNING - No viable dags retrieved from /opt/airflow/dags/scripts/check_minio_file.py
[2025-08-12T23:25:57.303+0000] {processor.py:183} INFO - Processing /opt/airflow/dags/scripts/check_minio_file.py took 0.156 seconds
[2025-08-12T23:26:07.543+0000] {processor.py:161} INFO - Started process (PID=571) to work on /opt/airflow/dags/scripts/check_minio_file.py
[2025-08-12T23:26:07.548+0000] {processor.py:830} INFO - Processing file /opt/airflow/dags/scripts/check_minio_file.py for tasks to queue
[2025-08-12T23:26:07.549+0000] {logging_mixin.py:188} INFO - [2025-08-12T23:26:07.549+0000] {dagbag.py:538} INFO - Filling up the DagBag from /opt/airflow/dags/scripts/check_minio_file.py
[2025-08-12T23:26:07.632+0000] {processor.py:842} WARNING - No viable dags retrieved from /opt/airflow/dags/scripts/check_minio_file.py
[2025-08-12T23:26:07.641+0000] {processor.py:183} INFO - Processing /opt/airflow/dags/scripts/check_minio_file.py took 0.105 seconds
[2025-08-12T23:26:18.290+0000] {processor.py:161} INFO - Started process (PID=581) to work on /opt/airflow/dags/scripts/check_minio_file.py
[2025-08-12T23:26:18.296+0000] {processor.py:830} INFO - Processing file /opt/airflow/dags/scripts/check_minio_file.py for tasks to queue
[2025-08-12T23:26:18.299+0000] {logging_mixin.py:188} INFO - [2025-08-12T23:26:18.299+0000] {dagbag.py:538} INFO - Filling up the DagBag from /opt/airflow/dags/scripts/check_minio_file.py
[2025-08-12T23:26:18.419+0000] {processor.py:842} WARNING - No viable dags retrieved from /opt/airflow/dags/scripts/check_minio_file.py
[2025-08-12T23:26:18.430+0000] {processor.py:183} INFO - Processing /opt/airflow/dags/scripts/check_minio_file.py took 0.149 seconds
[2025-08-12T23:26:28.676+0000] {processor.py:161} INFO - Started process (PID=591) to work on /opt/airflow/dags/scripts/check_minio_file.py
[2025-08-12T23:26:28.679+0000] {processor.py:830} INFO - Processing file /opt/airflow/dags/scripts/check_minio_file.py for tasks to queue
[2025-08-12T23:26:28.680+0000] {logging_mixin.py:188} INFO - [2025-08-12T23:26:28.680+0000] {dagbag.py:538} INFO - Filling up the DagBag from /opt/airflow/dags/scripts/check_minio_file.py
[2025-08-12T23:26:28.760+0000] {processor.py:842} WARNING - No viable dags retrieved from /opt/airflow/dags/scripts/check_minio_file.py
[2025-08-12T23:26:28.768+0000] {processor.py:183} INFO - Processing /opt/airflow/dags/scripts/check_minio_file.py took 0.105 seconds
[2025-08-12T23:26:38.909+0000] {processor.py:161} INFO - Started process (PID=601) to work on /opt/airflow/dags/scripts/check_minio_file.py
[2025-08-12T23:26:38.911+0000] {processor.py:830} INFO - Processing file /opt/airflow/dags/scripts/check_minio_file.py for tasks to queue
[2025-08-12T23:26:38.913+0000] {logging_mixin.py:188} INFO - [2025-08-12T23:26:38.913+0000] {dagbag.py:538} INFO - Filling up the DagBag from /opt/airflow/dags/scripts/check_minio_file.py
[2025-08-12T23:26:38.995+0000] {processor.py:842} WARNING - No viable dags retrieved from /opt/airflow/dags/scripts/check_minio_file.py
[2025-08-12T23:26:39.007+0000] {processor.py:183} INFO - Processing /opt/airflow/dags/scripts/check_minio_file.py took 0.108 seconds
[2025-08-12T23:26:49.203+0000] {processor.py:161} INFO - Started process (PID=611) to work on /opt/airflow/dags/scripts/check_minio_file.py
[2025-08-12T23:26:49.207+0000] {processor.py:830} INFO - Processing file /opt/airflow/dags/scripts/check_minio_file.py for tasks to queue
[2025-08-12T23:26:49.209+0000] {logging_mixin.py:188} INFO - [2025-08-12T23:26:49.209+0000] {dagbag.py:538} INFO - Filling up the DagBag from /opt/airflow/dags/scripts/check_minio_file.py
[2025-08-12T23:26:49.307+0000] {processor.py:842} WARNING - No viable dags retrieved from /opt/airflow/dags/scripts/check_minio_file.py
[2025-08-12T23:26:49.320+0000] {processor.py:183} INFO - Processing /opt/airflow/dags/scripts/check_minio_file.py took 0.122 seconds
[2025-08-12T23:26:59.512+0000] {processor.py:161} INFO - Started process (PID=621) to work on /opt/airflow/dags/scripts/check_minio_file.py
[2025-08-12T23:26:59.514+0000] {processor.py:830} INFO - Processing file /opt/airflow/dags/scripts/check_minio_file.py for tasks to queue
[2025-08-12T23:26:59.515+0000] {logging_mixin.py:188} INFO - [2025-08-12T23:26:59.515+0000] {dagbag.py:538} INFO - Filling up the DagBag from /opt/airflow/dags/scripts/check_minio_file.py
[2025-08-12T23:26:59.603+0000] {processor.py:842} WARNING - No viable dags retrieved from /opt/airflow/dags/scripts/check_minio_file.py
[2025-08-12T23:26:59.612+0000] {processor.py:183} INFO - Processing /opt/airflow/dags/scripts/check_minio_file.py took 0.103 seconds
[2025-08-12T23:27:09.818+0000] {processor.py:161} INFO - Started process (PID=631) to work on /opt/airflow/dags/scripts/check_minio_file.py
[2025-08-12T23:27:09.820+0000] {processor.py:830} INFO - Processing file /opt/airflow/dags/scripts/check_minio_file.py for tasks to queue
[2025-08-12T23:27:09.824+0000] {logging_mixin.py:188} INFO - [2025-08-12T23:27:09.824+0000] {dagbag.py:538} INFO - Filling up the DagBag from /opt/airflow/dags/scripts/check_minio_file.py
[2025-08-12T23:27:09.909+0000] {processor.py:842} WARNING - No viable dags retrieved from /opt/airflow/dags/scripts/check_minio_file.py
[2025-08-12T23:27:09.925+0000] {processor.py:183} INFO - Processing /opt/airflow/dags/scripts/check_minio_file.py took 0.113 seconds
[2025-08-12T23:27:20.163+0000] {processor.py:161} INFO - Started process (PID=641) to work on /opt/airflow/dags/scripts/check_minio_file.py
[2025-08-12T23:27:20.164+0000] {processor.py:830} INFO - Processing file /opt/airflow/dags/scripts/check_minio_file.py for tasks to queue
[2025-08-12T23:27:20.165+0000] {logging_mixin.py:188} INFO - [2025-08-12T23:27:20.165+0000] {dagbag.py:538} INFO - Filling up the DagBag from /opt/airflow/dags/scripts/check_minio_file.py
[2025-08-12T23:27:20.267+0000] {processor.py:842} WARNING - No viable dags retrieved from /opt/airflow/dags/scripts/check_minio_file.py
[2025-08-12T23:27:20.279+0000] {processor.py:183} INFO - Processing /opt/airflow/dags/scripts/check_minio_file.py took 0.122 seconds
[2025-08-12T23:27:30.415+0000] {processor.py:161} INFO - Started process (PID=651) to work on /opt/airflow/dags/scripts/check_minio_file.py
[2025-08-12T23:27:30.417+0000] {processor.py:830} INFO - Processing file /opt/airflow/dags/scripts/check_minio_file.py for tasks to queue
[2025-08-12T23:27:30.420+0000] {logging_mixin.py:188} INFO - [2025-08-12T23:27:30.419+0000] {dagbag.py:538} INFO - Filling up the DagBag from /opt/airflow/dags/scripts/check_minio_file.py
[2025-08-12T23:27:30.481+0000] {processor.py:842} WARNING - No viable dags retrieved from /opt/airflow/dags/scripts/check_minio_file.py
[2025-08-12T23:27:30.489+0000] {processor.py:183} INFO - Processing /opt/airflow/dags/scripts/check_minio_file.py took 0.079 seconds
[2025-08-12T23:27:40.569+0000] {processor.py:161} INFO - Started process (PID=661) to work on /opt/airflow/dags/scripts/check_minio_file.py
[2025-08-12T23:27:40.572+0000] {processor.py:830} INFO - Processing file /opt/airflow/dags/scripts/check_minio_file.py for tasks to queue
[2025-08-12T23:27:40.576+0000] {logging_mixin.py:188} INFO - [2025-08-12T23:27:40.575+0000] {dagbag.py:538} INFO - Filling up the DagBag from /opt/airflow/dags/scripts/check_minio_file.py
[2025-08-12T23:27:40.649+0000] {processor.py:842} WARNING - No viable dags retrieved from /opt/airflow/dags/scripts/check_minio_file.py
[2025-08-12T23:27:40.660+0000] {processor.py:183} INFO - Processing /opt/airflow/dags/scripts/check_minio_file.py took 0.095 seconds
[2025-08-12T23:27:50.767+0000] {processor.py:161} INFO - Started process (PID=671) to work on /opt/airflow/dags/scripts/check_minio_file.py
[2025-08-12T23:27:50.771+0000] {processor.py:830} INFO - Processing file /opt/airflow/dags/scripts/check_minio_file.py for tasks to queue
[2025-08-12T23:27:50.772+0000] {logging_mixin.py:188} INFO - [2025-08-12T23:27:50.772+0000] {dagbag.py:538} INFO - Filling up the DagBag from /opt/airflow/dags/scripts/check_minio_file.py
[2025-08-12T23:27:50.872+0000] {processor.py:842} WARNING - No viable dags retrieved from /opt/airflow/dags/scripts/check_minio_file.py
[2025-08-12T23:27:50.885+0000] {processor.py:183} INFO - Processing /opt/airflow/dags/scripts/check_minio_file.py took 0.123 seconds
[2025-08-12T23:28:00.990+0000] {processor.py:161} INFO - Started process (PID=681) to work on /opt/airflow/dags/scripts/check_minio_file.py
[2025-08-12T23:28:00.994+0000] {processor.py:830} INFO - Processing file /opt/airflow/dags/scripts/check_minio_file.py for tasks to queue
[2025-08-12T23:28:00.996+0000] {logging_mixin.py:188} INFO - [2025-08-12T23:28:00.995+0000] {dagbag.py:538} INFO - Filling up the DagBag from /opt/airflow/dags/scripts/check_minio_file.py
[2025-08-12T23:28:01.098+0000] {processor.py:842} WARNING - No viable dags retrieved from /opt/airflow/dags/scripts/check_minio_file.py
[2025-08-12T23:28:01.108+0000] {processor.py:183} INFO - Processing /opt/airflow/dags/scripts/check_minio_file.py took 0.123 seconds
[2025-08-12T23:28:11.201+0000] {processor.py:161} INFO - Started process (PID=691) to work on /opt/airflow/dags/scripts/check_minio_file.py
[2025-08-12T23:28:11.203+0000] {processor.py:830} INFO - Processing file /opt/airflow/dags/scripts/check_minio_file.py for tasks to queue
[2025-08-12T23:28:11.204+0000] {logging_mixin.py:188} INFO - [2025-08-12T23:28:11.204+0000] {dagbag.py:538} INFO - Filling up the DagBag from /opt/airflow/dags/scripts/check_minio_file.py
[2025-08-12T23:28:11.272+0000] {processor.py:842} WARNING - No viable dags retrieved from /opt/airflow/dags/scripts/check_minio_file.py
[2025-08-12T23:28:11.282+0000] {processor.py:183} INFO - Processing /opt/airflow/dags/scripts/check_minio_file.py took 0.088 seconds
[2025-08-12T23:28:21.433+0000] {processor.py:161} INFO - Started process (PID=701) to work on /opt/airflow/dags/scripts/check_minio_file.py
[2025-08-12T23:28:21.435+0000] {processor.py:830} INFO - Processing file /opt/airflow/dags/scripts/check_minio_file.py for tasks to queue
[2025-08-12T23:28:21.436+0000] {logging_mixin.py:188} INFO - [2025-08-12T23:28:21.436+0000] {dagbag.py:538} INFO - Filling up the DagBag from /opt/airflow/dags/scripts/check_minio_file.py
[2025-08-12T23:28:21.507+0000] {processor.py:842} WARNING - No viable dags retrieved from /opt/airflow/dags/scripts/check_minio_file.py
[2025-08-12T23:28:21.518+0000] {processor.py:183} INFO - Processing /opt/airflow/dags/scripts/check_minio_file.py took 0.092 seconds
[2025-08-12T23:28:31.700+0000] {processor.py:161} INFO - Started process (PID=711) to work on /opt/airflow/dags/scripts/check_minio_file.py
[2025-08-12T23:28:31.705+0000] {processor.py:830} INFO - Processing file /opt/airflow/dags/scripts/check_minio_file.py for tasks to queue
[2025-08-12T23:28:31.707+0000] {logging_mixin.py:188} INFO - [2025-08-12T23:28:31.706+0000] {dagbag.py:538} INFO - Filling up the DagBag from /opt/airflow/dags/scripts/check_minio_file.py
[2025-08-12T23:28:31.831+0000] {processor.py:842} WARNING - No viable dags retrieved from /opt/airflow/dags/scripts/check_minio_file.py
[2025-08-12T23:28:31.855+0000] {processor.py:183} INFO - Processing /opt/airflow/dags/scripts/check_minio_file.py took 0.164 seconds
[2025-08-12T23:28:41.992+0000] {processor.py:161} INFO - Started process (PID=721) to work on /opt/airflow/dags/scripts/check_minio_file.py
[2025-08-12T23:28:41.993+0000] {processor.py:830} INFO - Processing file /opt/airflow/dags/scripts/check_minio_file.py for tasks to queue
[2025-08-12T23:28:41.994+0000] {logging_mixin.py:188} INFO - [2025-08-12T23:28:41.994+0000] {dagbag.py:538} INFO - Filling up the DagBag from /opt/airflow/dags/scripts/check_minio_file.py
[2025-08-12T23:28:42.090+0000] {processor.py:842} WARNING - No viable dags retrieved from /opt/airflow/dags/scripts/check_minio_file.py
[2025-08-12T23:28:42.100+0000] {processor.py:183} INFO - Processing /opt/airflow/dags/scripts/check_minio_file.py took 0.120 seconds
[2025-08-12T23:28:52.360+0000] {processor.py:161} INFO - Started process (PID=731) to work on /opt/airflow/dags/scripts/check_minio_file.py
[2025-08-12T23:28:52.363+0000] {processor.py:830} INFO - Processing file /opt/airflow/dags/scripts/check_minio_file.py for tasks to queue
[2025-08-12T23:28:52.365+0000] {logging_mixin.py:188} INFO - [2025-08-12T23:28:52.365+0000] {dagbag.py:538} INFO - Filling up the DagBag from /opt/airflow/dags/scripts/check_minio_file.py
[2025-08-12T23:28:52.460+0000] {processor.py:842} WARNING - No viable dags retrieved from /opt/airflow/dags/scripts/check_minio_file.py
[2025-08-12T23:28:52.469+0000] {processor.py:183} INFO - Processing /opt/airflow/dags/scripts/check_minio_file.py took 0.118 seconds
[2025-08-12T23:29:02.621+0000] {processor.py:161} INFO - Started process (PID=741) to work on /opt/airflow/dags/scripts/check_minio_file.py
[2025-08-12T23:29:02.625+0000] {processor.py:830} INFO - Processing file /opt/airflow/dags/scripts/check_minio_file.py for tasks to queue
[2025-08-12T23:29:02.627+0000] {logging_mixin.py:188} INFO - [2025-08-12T23:29:02.627+0000] {dagbag.py:538} INFO - Filling up the DagBag from /opt/airflow/dags/scripts/check_minio_file.py
[2025-08-12T23:29:02.716+0000] {processor.py:842} WARNING - No viable dags retrieved from /opt/airflow/dags/scripts/check_minio_file.py
[2025-08-12T23:29:02.728+0000] {processor.py:183} INFO - Processing /opt/airflow/dags/scripts/check_minio_file.py took 0.115 seconds
[2025-08-12T23:29:12.924+0000] {processor.py:161} INFO - Started process (PID=751) to work on /opt/airflow/dags/scripts/check_minio_file.py
[2025-08-12T23:29:12.927+0000] {processor.py:830} INFO - Processing file /opt/airflow/dags/scripts/check_minio_file.py for tasks to queue
[2025-08-12T23:29:12.929+0000] {logging_mixin.py:188} INFO - [2025-08-12T23:29:12.929+0000] {dagbag.py:538} INFO - Filling up the DagBag from /opt/airflow/dags/scripts/check_minio_file.py
[2025-08-12T23:29:13.010+0000] {processor.py:842} WARNING - No viable dags retrieved from /opt/airflow/dags/scripts/check_minio_file.py
[2025-08-12T23:29:13.019+0000] {processor.py:183} INFO - Processing /opt/airflow/dags/scripts/check_minio_file.py took 0.100 seconds
[2025-08-12T23:29:23.241+0000] {processor.py:161} INFO - Started process (PID=761) to work on /opt/airflow/dags/scripts/check_minio_file.py
[2025-08-12T23:29:23.248+0000] {processor.py:830} INFO - Processing file /opt/airflow/dags/scripts/check_minio_file.py for tasks to queue
[2025-08-12T23:29:23.251+0000] {logging_mixin.py:188} INFO - [2025-08-12T23:29:23.250+0000] {dagbag.py:538} INFO - Filling up the DagBag from /opt/airflow/dags/scripts/check_minio_file.py
[2025-08-12T23:29:23.334+0000] {processor.py:842} WARNING - No viable dags retrieved from /opt/airflow/dags/scripts/check_minio_file.py
[2025-08-12T23:29:23.348+0000] {processor.py:183} INFO - Processing /opt/airflow/dags/scripts/check_minio_file.py took 0.114 seconds
[2025-08-12T23:29:33.527+0000] {processor.py:161} INFO - Started process (PID=771) to work on /opt/airflow/dags/scripts/check_minio_file.py
[2025-08-12T23:29:33.528+0000] {processor.py:830} INFO - Processing file /opt/airflow/dags/scripts/check_minio_file.py for tasks to queue
[2025-08-12T23:29:33.533+0000] {logging_mixin.py:188} INFO - [2025-08-12T23:29:33.532+0000] {dagbag.py:538} INFO - Filling up the DagBag from /opt/airflow/dags/scripts/check_minio_file.py
[2025-08-12T23:29:33.633+0000] {processor.py:842} WARNING - No viable dags retrieved from /opt/airflow/dags/scripts/check_minio_file.py
[2025-08-12T23:29:33.650+0000] {processor.py:183} INFO - Processing /opt/airflow/dags/scripts/check_minio_file.py took 0.132 seconds
[2025-08-12T23:29:43.863+0000] {processor.py:161} INFO - Started process (PID=781) to work on /opt/airflow/dags/scripts/check_minio_file.py
[2025-08-12T23:29:43.865+0000] {processor.py:830} INFO - Processing file /opt/airflow/dags/scripts/check_minio_file.py for tasks to queue
[2025-08-12T23:29:43.866+0000] {logging_mixin.py:188} INFO - [2025-08-12T23:29:43.866+0000] {dagbag.py:538} INFO - Filling up the DagBag from /opt/airflow/dags/scripts/check_minio_file.py
[2025-08-12T23:29:43.962+0000] {processor.py:842} WARNING - No viable dags retrieved from /opt/airflow/dags/scripts/check_minio_file.py
[2025-08-12T23:29:43.969+0000] {processor.py:183} INFO - Processing /opt/airflow/dags/scripts/check_minio_file.py took 0.119 seconds
[2025-08-12T23:29:54.356+0000] {processor.py:161} INFO - Started process (PID=791) to work on /opt/airflow/dags/scripts/check_minio_file.py
[2025-08-12T23:29:54.359+0000] {processor.py:830} INFO - Processing file /opt/airflow/dags/scripts/check_minio_file.py for tasks to queue
[2025-08-12T23:29:54.360+0000] {logging_mixin.py:188} INFO - [2025-08-12T23:29:54.360+0000] {dagbag.py:538} INFO - Filling up the DagBag from /opt/airflow/dags/scripts/check_minio_file.py
[2025-08-12T23:29:54.493+0000] {processor.py:842} WARNING - No viable dags retrieved from /opt/airflow/dags/scripts/check_minio_file.py
[2025-08-12T23:29:54.501+0000] {processor.py:183} INFO - Processing /opt/airflow/dags/scripts/check_minio_file.py took 0.150 seconds
[2025-08-12T23:30:04.914+0000] {processor.py:161} INFO - Started process (PID=801) to work on /opt/airflow/dags/scripts/check_minio_file.py
[2025-08-12T23:30:04.917+0000] {processor.py:830} INFO - Processing file /opt/airflow/dags/scripts/check_minio_file.py for tasks to queue
[2025-08-12T23:30:04.922+0000] {logging_mixin.py:188} INFO - [2025-08-12T23:30:04.921+0000] {dagbag.py:538} INFO - Filling up the DagBag from /opt/airflow/dags/scripts/check_minio_file.py
[2025-08-12T23:30:05.050+0000] {processor.py:842} WARNING - No viable dags retrieved from /opt/airflow/dags/scripts/check_minio_file.py
[2025-08-12T23:30:05.064+0000] {processor.py:183} INFO - Processing /opt/airflow/dags/scripts/check_minio_file.py took 0.166 seconds
[2025-08-12T23:30:15.201+0000] {processor.py:161} INFO - Started process (PID=811) to work on /opt/airflow/dags/scripts/check_minio_file.py
[2025-08-12T23:30:15.204+0000] {processor.py:830} INFO - Processing file /opt/airflow/dags/scripts/check_minio_file.py for tasks to queue
[2025-08-12T23:30:15.207+0000] {logging_mixin.py:188} INFO - [2025-08-12T23:30:15.207+0000] {dagbag.py:538} INFO - Filling up the DagBag from /opt/airflow/dags/scripts/check_minio_file.py
[2025-08-12T23:30:15.318+0000] {processor.py:842} WARNING - No viable dags retrieved from /opt/airflow/dags/scripts/check_minio_file.py
[2025-08-12T23:30:15.328+0000] {processor.py:183} INFO - Processing /opt/airflow/dags/scripts/check_minio_file.py took 0.134 seconds
[2025-08-12T23:30:25.514+0000] {processor.py:161} INFO - Started process (PID=821) to work on /opt/airflow/dags/scripts/check_minio_file.py
[2025-08-12T23:30:25.517+0000] {processor.py:830} INFO - Processing file /opt/airflow/dags/scripts/check_minio_file.py for tasks to queue
[2025-08-12T23:30:25.519+0000] {logging_mixin.py:188} INFO - [2025-08-12T23:30:25.518+0000] {dagbag.py:538} INFO - Filling up the DagBag from /opt/airflow/dags/scripts/check_minio_file.py
[2025-08-12T23:30:25.599+0000] {processor.py:842} WARNING - No viable dags retrieved from /opt/airflow/dags/scripts/check_minio_file.py
[2025-08-12T23:30:25.608+0000] {processor.py:183} INFO - Processing /opt/airflow/dags/scripts/check_minio_file.py took 0.112 seconds
[2025-08-12T23:30:35.774+0000] {processor.py:161} INFO - Started process (PID=831) to work on /opt/airflow/dags/scripts/check_minio_file.py
[2025-08-12T23:30:35.776+0000] {processor.py:830} INFO - Processing file /opt/airflow/dags/scripts/check_minio_file.py for tasks to queue
[2025-08-12T23:30:35.778+0000] {logging_mixin.py:188} INFO - [2025-08-12T23:30:35.777+0000] {dagbag.py:538} INFO - Filling up the DagBag from /opt/airflow/dags/scripts/check_minio_file.py
[2025-08-12T23:30:35.866+0000] {processor.py:842} WARNING - No viable dags retrieved from /opt/airflow/dags/scripts/check_minio_file.py
[2025-08-12T23:30:35.874+0000] {processor.py:183} INFO - Processing /opt/airflow/dags/scripts/check_minio_file.py took 0.108 seconds
[2025-08-12T23:30:46.001+0000] {processor.py:161} INFO - Started process (PID=841) to work on /opt/airflow/dags/scripts/check_minio_file.py
[2025-08-12T23:30:46.003+0000] {processor.py:830} INFO - Processing file /opt/airflow/dags/scripts/check_minio_file.py for tasks to queue
[2025-08-12T23:30:46.004+0000] {logging_mixin.py:188} INFO - [2025-08-12T23:30:46.003+0000] {dagbag.py:538} INFO - Filling up the DagBag from /opt/airflow/dags/scripts/check_minio_file.py
[2025-08-12T23:30:46.078+0000] {processor.py:842} WARNING - No viable dags retrieved from /opt/airflow/dags/scripts/check_minio_file.py
[2025-08-12T23:30:46.086+0000] {processor.py:183} INFO - Processing /opt/airflow/dags/scripts/check_minio_file.py took 0.094 seconds
[2025-08-12T23:30:56.286+0000] {processor.py:161} INFO - Started process (PID=851) to work on /opt/airflow/dags/scripts/check_minio_file.py
[2025-08-12T23:30:56.288+0000] {processor.py:830} INFO - Processing file /opt/airflow/dags/scripts/check_minio_file.py for tasks to queue
[2025-08-12T23:30:56.288+0000] {logging_mixin.py:188} INFO - [2025-08-12T23:30:56.288+0000] {dagbag.py:538} INFO - Filling up the DagBag from /opt/airflow/dags/scripts/check_minio_file.py
[2025-08-12T23:30:56.376+0000] {processor.py:842} WARNING - No viable dags retrieved from /opt/airflow/dags/scripts/check_minio_file.py
[2025-08-12T23:30:56.384+0000] {processor.py:183} INFO - Processing /opt/airflow/dags/scripts/check_minio_file.py took 0.104 seconds
[2025-08-12T23:31:06.576+0000] {processor.py:161} INFO - Started process (PID=861) to work on /opt/airflow/dags/scripts/check_minio_file.py
[2025-08-12T23:31:06.578+0000] {processor.py:830} INFO - Processing file /opt/airflow/dags/scripts/check_minio_file.py for tasks to queue
[2025-08-12T23:31:06.581+0000] {logging_mixin.py:188} INFO - [2025-08-12T23:31:06.581+0000] {dagbag.py:538} INFO - Filling up the DagBag from /opt/airflow/dags/scripts/check_minio_file.py
[2025-08-12T23:31:06.668+0000] {processor.py:842} WARNING - No viable dags retrieved from /opt/airflow/dags/scripts/check_minio_file.py
[2025-08-12T23:31:06.675+0000] {processor.py:183} INFO - Processing /opt/airflow/dags/scripts/check_minio_file.py took 0.109 seconds
[2025-08-12T23:31:16.882+0000] {processor.py:161} INFO - Started process (PID=871) to work on /opt/airflow/dags/scripts/check_minio_file.py
[2025-08-12T23:31:16.883+0000] {processor.py:830} INFO - Processing file /opt/airflow/dags/scripts/check_minio_file.py for tasks to queue
[2025-08-12T23:31:16.884+0000] {logging_mixin.py:188} INFO - [2025-08-12T23:31:16.884+0000] {dagbag.py:538} INFO - Filling up the DagBag from /opt/airflow/dags/scripts/check_minio_file.py
[2025-08-12T23:31:16.977+0000] {processor.py:842} WARNING - No viable dags retrieved from /opt/airflow/dags/scripts/check_minio_file.py
[2025-08-12T23:31:16.989+0000] {processor.py:183} INFO - Processing /opt/airflow/dags/scripts/check_minio_file.py took 0.115 seconds
[2025-08-12T23:31:27.151+0000] {processor.py:161} INFO - Started process (PID=881) to work on /opt/airflow/dags/scripts/check_minio_file.py
[2025-08-12T23:31:27.156+0000] {processor.py:830} INFO - Processing file /opt/airflow/dags/scripts/check_minio_file.py for tasks to queue
[2025-08-12T23:31:27.159+0000] {logging_mixin.py:188} INFO - [2025-08-12T23:31:27.157+0000] {dagbag.py:538} INFO - Filling up the DagBag from /opt/airflow/dags/scripts/check_minio_file.py
[2025-08-12T23:31:27.232+0000] {processor.py:842} WARNING - No viable dags retrieved from /opt/airflow/dags/scripts/check_minio_file.py
[2025-08-12T23:31:27.242+0000] {processor.py:183} INFO - Processing /opt/airflow/dags/scripts/check_minio_file.py took 0.100 seconds
[2025-08-12T23:31:37.411+0000] {processor.py:161} INFO - Started process (PID=890) to work on /opt/airflow/dags/scripts/check_minio_file.py
[2025-08-12T23:31:37.415+0000] {processor.py:830} INFO - Processing file /opt/airflow/dags/scripts/check_minio_file.py for tasks to queue
[2025-08-12T23:31:37.417+0000] {logging_mixin.py:188} INFO - [2025-08-12T23:31:37.417+0000] {dagbag.py:538} INFO - Filling up the DagBag from /opt/airflow/dags/scripts/check_minio_file.py
[2025-08-12T23:31:37.491+0000] {processor.py:842} WARNING - No viable dags retrieved from /opt/airflow/dags/scripts/check_minio_file.py
[2025-08-12T23:31:37.501+0000] {processor.py:183} INFO - Processing /opt/airflow/dags/scripts/check_minio_file.py took 0.096 seconds
[2025-08-12T23:31:47.658+0000] {processor.py:161} INFO - Started process (PID=901) to work on /opt/airflow/dags/scripts/check_minio_file.py
[2025-08-12T23:31:47.660+0000] {processor.py:830} INFO - Processing file /opt/airflow/dags/scripts/check_minio_file.py for tasks to queue
[2025-08-12T23:31:47.663+0000] {logging_mixin.py:188} INFO - [2025-08-12T23:31:47.663+0000] {dagbag.py:538} INFO - Filling up the DagBag from /opt/airflow/dags/scripts/check_minio_file.py
[2025-08-12T23:31:47.761+0000] {processor.py:842} WARNING - No viable dags retrieved from /opt/airflow/dags/scripts/check_minio_file.py
[2025-08-12T23:31:47.769+0000] {processor.py:183} INFO - Processing /opt/airflow/dags/scripts/check_minio_file.py took 0.115 seconds
[2025-08-12T23:31:57.926+0000] {processor.py:161} INFO - Started process (PID=911) to work on /opt/airflow/dags/scripts/check_minio_file.py
[2025-08-12T23:31:57.930+0000] {processor.py:830} INFO - Processing file /opt/airflow/dags/scripts/check_minio_file.py for tasks to queue
[2025-08-12T23:31:57.931+0000] {logging_mixin.py:188} INFO - [2025-08-12T23:31:57.931+0000] {dagbag.py:538} INFO - Filling up the DagBag from /opt/airflow/dags/scripts/check_minio_file.py
[2025-08-12T23:31:58.007+0000] {processor.py:842} WARNING - No viable dags retrieved from /opt/airflow/dags/scripts/check_minio_file.py
[2025-08-12T23:31:58.015+0000] {processor.py:183} INFO - Processing /opt/airflow/dags/scripts/check_minio_file.py took 0.097 seconds
[2025-08-12T23:32:08.160+0000] {processor.py:161} INFO - Started process (PID=921) to work on /opt/airflow/dags/scripts/check_minio_file.py
[2025-08-12T23:32:08.164+0000] {processor.py:830} INFO - Processing file /opt/airflow/dags/scripts/check_minio_file.py for tasks to queue
[2025-08-12T23:32:08.166+0000] {logging_mixin.py:188} INFO - [2025-08-12T23:32:08.165+0000] {dagbag.py:538} INFO - Filling up the DagBag from /opt/airflow/dags/scripts/check_minio_file.py
[2025-08-12T23:32:08.247+0000] {processor.py:842} WARNING - No viable dags retrieved from /opt/airflow/dags/scripts/check_minio_file.py
[2025-08-12T23:32:08.254+0000] {processor.py:183} INFO - Processing /opt/airflow/dags/scripts/check_minio_file.py took 0.100 seconds
[2025-08-12T23:32:18.385+0000] {processor.py:161} INFO - Started process (PID=931) to work on /opt/airflow/dags/scripts/check_minio_file.py
[2025-08-12T23:32:18.386+0000] {processor.py:830} INFO - Processing file /opt/airflow/dags/scripts/check_minio_file.py for tasks to queue
[2025-08-12T23:32:18.388+0000] {logging_mixin.py:188} INFO - [2025-08-12T23:32:18.387+0000] {dagbag.py:538} INFO - Filling up the DagBag from /opt/airflow/dags/scripts/check_minio_file.py
[2025-08-12T23:32:18.454+0000] {processor.py:842} WARNING - No viable dags retrieved from /opt/airflow/dags/scripts/check_minio_file.py
[2025-08-12T23:32:18.460+0000] {processor.py:183} INFO - Processing /opt/airflow/dags/scripts/check_minio_file.py took 0.078 seconds
[2025-08-12T23:32:28.534+0000] {processor.py:161} INFO - Started process (PID=941) to work on /opt/airflow/dags/scripts/check_minio_file.py
[2025-08-12T23:32:28.534+0000] {processor.py:830} INFO - Processing file /opt/airflow/dags/scripts/check_minio_file.py for tasks to queue
[2025-08-12T23:32:28.535+0000] {logging_mixin.py:188} INFO - [2025-08-12T23:32:28.534+0000] {dagbag.py:538} INFO - Filling up the DagBag from /opt/airflow/dags/scripts/check_minio_file.py
[2025-08-12T23:32:28.582+0000] {processor.py:842} WARNING - No viable dags retrieved from /opt/airflow/dags/scripts/check_minio_file.py
[2025-08-12T23:32:28.588+0000] {processor.py:183} INFO - Processing /opt/airflow/dags/scripts/check_minio_file.py took 0.057 seconds
[2025-08-12T23:32:38.707+0000] {processor.py:161} INFO - Started process (PID=951) to work on /opt/airflow/dags/scripts/check_minio_file.py
[2025-08-12T23:32:38.709+0000] {processor.py:830} INFO - Processing file /opt/airflow/dags/scripts/check_minio_file.py for tasks to queue
[2025-08-12T23:32:38.712+0000] {logging_mixin.py:188} INFO - [2025-08-12T23:32:38.712+0000] {dagbag.py:538} INFO - Filling up the DagBag from /opt/airflow/dags/scripts/check_minio_file.py
[2025-08-12T23:32:38.786+0000] {processor.py:842} WARNING - No viable dags retrieved from /opt/airflow/dags/scripts/check_minio_file.py
[2025-08-12T23:32:38.793+0000] {processor.py:183} INFO - Processing /opt/airflow/dags/scripts/check_minio_file.py took 0.091 seconds
[2025-08-12T23:32:48.864+0000] {processor.py:161} INFO - Started process (PID=961) to work on /opt/airflow/dags/scripts/check_minio_file.py
[2025-08-12T23:32:48.865+0000] {processor.py:830} INFO - Processing file /opt/airflow/dags/scripts/check_minio_file.py for tasks to queue
[2025-08-12T23:32:48.869+0000] {logging_mixin.py:188} INFO - [2025-08-12T23:32:48.869+0000] {dagbag.py:538} INFO - Filling up the DagBag from /opt/airflow/dags/scripts/check_minio_file.py
[2025-08-12T23:32:48.914+0000] {processor.py:842} WARNING - No viable dags retrieved from /opt/airflow/dags/scripts/check_minio_file.py
[2025-08-12T23:32:48.920+0000] {processor.py:183} INFO - Processing /opt/airflow/dags/scripts/check_minio_file.py took 0.062 seconds
[2025-08-12T23:32:58.988+0000] {processor.py:161} INFO - Started process (PID=971) to work on /opt/airflow/dags/scripts/check_minio_file.py
[2025-08-12T23:32:58.989+0000] {processor.py:830} INFO - Processing file /opt/airflow/dags/scripts/check_minio_file.py for tasks to queue
[2025-08-12T23:32:58.990+0000] {logging_mixin.py:188} INFO - [2025-08-12T23:32:58.990+0000] {dagbag.py:538} INFO - Filling up the DagBag from /opt/airflow/dags/scripts/check_minio_file.py
[2025-08-12T23:32:59.072+0000] {processor.py:842} WARNING - No viable dags retrieved from /opt/airflow/dags/scripts/check_minio_file.py
[2025-08-12T23:32:59.081+0000] {processor.py:183} INFO - Processing /opt/airflow/dags/scripts/check_minio_file.py took 0.096 seconds
[2025-08-12T23:33:09.204+0000] {processor.py:161} INFO - Started process (PID=981) to work on /opt/airflow/dags/scripts/check_minio_file.py
[2025-08-12T23:33:09.206+0000] {processor.py:830} INFO - Processing file /opt/airflow/dags/scripts/check_minio_file.py for tasks to queue
[2025-08-12T23:33:09.207+0000] {logging_mixin.py:188} INFO - [2025-08-12T23:33:09.207+0000] {dagbag.py:538} INFO - Filling up the DagBag from /opt/airflow/dags/scripts/check_minio_file.py
[2025-08-12T23:33:09.259+0000] {processor.py:842} WARNING - No viable dags retrieved from /opt/airflow/dags/scripts/check_minio_file.py
[2025-08-12T23:33:09.266+0000] {processor.py:183} INFO - Processing /opt/airflow/dags/scripts/check_minio_file.py took 0.066 seconds
[2025-08-12T23:33:19.359+0000] {processor.py:161} INFO - Started process (PID=991) to work on /opt/airflow/dags/scripts/check_minio_file.py
[2025-08-12T23:33:19.361+0000] {processor.py:830} INFO - Processing file /opt/airflow/dags/scripts/check_minio_file.py for tasks to queue
[2025-08-12T23:33:19.362+0000] {logging_mixin.py:188} INFO - [2025-08-12T23:33:19.362+0000] {dagbag.py:538} INFO - Filling up the DagBag from /opt/airflow/dags/scripts/check_minio_file.py
[2025-08-12T23:33:19.416+0000] {processor.py:842} WARNING - No viable dags retrieved from /opt/airflow/dags/scripts/check_minio_file.py
[2025-08-12T23:33:19.423+0000] {processor.py:183} INFO - Processing /opt/airflow/dags/scripts/check_minio_file.py took 0.074 seconds
[2025-08-12T23:33:29.550+0000] {processor.py:161} INFO - Started process (PID=1001) to work on /opt/airflow/dags/scripts/check_minio_file.py
[2025-08-12T23:33:29.552+0000] {processor.py:830} INFO - Processing file /opt/airflow/dags/scripts/check_minio_file.py for tasks to queue
[2025-08-12T23:33:29.553+0000] {logging_mixin.py:188} INFO - [2025-08-12T23:33:29.553+0000] {dagbag.py:538} INFO - Filling up the DagBag from /opt/airflow/dags/scripts/check_minio_file.py
[2025-08-12T23:33:29.643+0000] {processor.py:842} WARNING - No viable dags retrieved from /opt/airflow/dags/scripts/check_minio_file.py
[2025-08-12T23:33:29.653+0000] {processor.py:183} INFO - Processing /opt/airflow/dags/scripts/check_minio_file.py took 0.109 seconds
[2025-08-12T23:33:39.758+0000] {processor.py:161} INFO - Started process (PID=1011) to work on /opt/airflow/dags/scripts/check_minio_file.py
[2025-08-12T23:33:39.760+0000] {processor.py:830} INFO - Processing file /opt/airflow/dags/scripts/check_minio_file.py for tasks to queue
[2025-08-12T23:33:39.762+0000] {logging_mixin.py:188} INFO - [2025-08-12T23:33:39.761+0000] {dagbag.py:538} INFO - Filling up the DagBag from /opt/airflow/dags/scripts/check_minio_file.py
[2025-08-12T23:33:39.869+0000] {processor.py:842} WARNING - No viable dags retrieved from /opt/airflow/dags/scripts/check_minio_file.py
[2025-08-12T23:33:39.886+0000] {processor.py:183} INFO - Processing /opt/airflow/dags/scripts/check_minio_file.py took 0.138 seconds
[2025-08-12T23:33:50.028+0000] {processor.py:161} INFO - Started process (PID=1021) to work on /opt/airflow/dags/scripts/check_minio_file.py
[2025-08-12T23:33:50.030+0000] {processor.py:830} INFO - Processing file /opt/airflow/dags/scripts/check_minio_file.py for tasks to queue
[2025-08-12T23:33:50.031+0000] {logging_mixin.py:188} INFO - [2025-08-12T23:33:50.030+0000] {dagbag.py:538} INFO - Filling up the DagBag from /opt/airflow/dags/scripts/check_minio_file.py
[2025-08-12T23:33:50.104+0000] {processor.py:842} WARNING - No viable dags retrieved from /opt/airflow/dags/scripts/check_minio_file.py
[2025-08-12T23:33:50.116+0000] {processor.py:183} INFO - Processing /opt/airflow/dags/scripts/check_minio_file.py took 0.092 seconds
[2025-08-12T23:34:00.227+0000] {processor.py:161} INFO - Started process (PID=1031) to work on /opt/airflow/dags/scripts/check_minio_file.py
[2025-08-12T23:34:00.229+0000] {processor.py:830} INFO - Processing file /opt/airflow/dags/scripts/check_minio_file.py for tasks to queue
[2025-08-12T23:34:00.234+0000] {logging_mixin.py:188} INFO - [2025-08-12T23:34:00.231+0000] {dagbag.py:538} INFO - Filling up the DagBag from /opt/airflow/dags/scripts/check_minio_file.py
[2025-08-12T23:34:00.356+0000] {processor.py:842} WARNING - No viable dags retrieved from /opt/airflow/dags/scripts/check_minio_file.py
[2025-08-12T23:34:00.371+0000] {processor.py:183} INFO - Processing /opt/airflow/dags/scripts/check_minio_file.py took 0.150 seconds
[2025-08-12T23:34:10.577+0000] {processor.py:161} INFO - Started process (PID=1041) to work on /opt/airflow/dags/scripts/check_minio_file.py
[2025-08-12T23:34:10.579+0000] {processor.py:830} INFO - Processing file /opt/airflow/dags/scripts/check_minio_file.py for tasks to queue
[2025-08-12T23:34:10.580+0000] {logging_mixin.py:188} INFO - [2025-08-12T23:34:10.580+0000] {dagbag.py:538} INFO - Filling up the DagBag from /opt/airflow/dags/scripts/check_minio_file.py
[2025-08-12T23:34:10.665+0000] {processor.py:842} WARNING - No viable dags retrieved from /opt/airflow/dags/scripts/check_minio_file.py
[2025-08-12T23:34:10.673+0000] {processor.py:183} INFO - Processing /opt/airflow/dags/scripts/check_minio_file.py took 0.110 seconds
[2025-08-12T23:34:20.815+0000] {processor.py:161} INFO - Started process (PID=1051) to work on /opt/airflow/dags/scripts/check_minio_file.py
[2025-08-12T23:34:20.817+0000] {processor.py:830} INFO - Processing file /opt/airflow/dags/scripts/check_minio_file.py for tasks to queue
[2025-08-12T23:34:20.818+0000] {logging_mixin.py:188} INFO - [2025-08-12T23:34:20.818+0000] {dagbag.py:538} INFO - Filling up the DagBag from /opt/airflow/dags/scripts/check_minio_file.py
[2025-08-12T23:34:20.890+0000] {processor.py:842} WARNING - No viable dags retrieved from /opt/airflow/dags/scripts/check_minio_file.py
[2025-08-12T23:34:20.898+0000] {processor.py:183} INFO - Processing /opt/airflow/dags/scripts/check_minio_file.py took 0.089 seconds
[2025-08-12T23:34:31.093+0000] {processor.py:161} INFO - Started process (PID=1061) to work on /opt/airflow/dags/scripts/check_minio_file.py
[2025-08-12T23:34:31.095+0000] {processor.py:830} INFO - Processing file /opt/airflow/dags/scripts/check_minio_file.py for tasks to queue
[2025-08-12T23:34:31.103+0000] {logging_mixin.py:188} INFO - [2025-08-12T23:34:31.102+0000] {dagbag.py:538} INFO - Filling up the DagBag from /opt/airflow/dags/scripts/check_minio_file.py
[2025-08-12T23:34:31.230+0000] {processor.py:842} WARNING - No viable dags retrieved from /opt/airflow/dags/scripts/check_minio_file.py
[2025-08-12T23:34:31.256+0000] {processor.py:183} INFO - Processing /opt/airflow/dags/scripts/check_minio_file.py took 0.167 seconds
[2025-08-12T23:34:41.487+0000] {processor.py:161} INFO - Started process (PID=1071) to work on /opt/airflow/dags/scripts/check_minio_file.py
[2025-08-12T23:34:41.491+0000] {processor.py:830} INFO - Processing file /opt/airflow/dags/scripts/check_minio_file.py for tasks to queue
[2025-08-12T23:34:41.494+0000] {logging_mixin.py:188} INFO - [2025-08-12T23:34:41.493+0000] {dagbag.py:538} INFO - Filling up the DagBag from /opt/airflow/dags/scripts/check_minio_file.py
[2025-08-12T23:34:41.604+0000] {processor.py:842} WARNING - No viable dags retrieved from /opt/airflow/dags/scripts/check_minio_file.py
[2025-08-12T23:34:41.614+0000] {processor.py:183} INFO - Processing /opt/airflow/dags/scripts/check_minio_file.py took 0.134 seconds
[2025-08-12T23:34:51.769+0000] {processor.py:161} INFO - Started process (PID=1081) to work on /opt/airflow/dags/scripts/check_minio_file.py
[2025-08-12T23:34:51.774+0000] {processor.py:830} INFO - Processing file /opt/airflow/dags/scripts/check_minio_file.py for tasks to queue
[2025-08-12T23:34:51.779+0000] {logging_mixin.py:188} INFO - [2025-08-12T23:34:51.777+0000] {dagbag.py:538} INFO - Filling up the DagBag from /opt/airflow/dags/scripts/check_minio_file.py
[2025-08-12T23:34:51.935+0000] {processor.py:842} WARNING - No viable dags retrieved from /opt/airflow/dags/scripts/check_minio_file.py
[2025-08-12T23:34:51.967+0000] {processor.py:183} INFO - Processing /opt/airflow/dags/scripts/check_minio_file.py took 0.209 seconds
[2025-08-12T23:35:02.130+0000] {processor.py:161} INFO - Started process (PID=1091) to work on /opt/airflow/dags/scripts/check_minio_file.py
[2025-08-12T23:35:02.142+0000] {processor.py:830} INFO - Processing file /opt/airflow/dags/scripts/check_minio_file.py for tasks to queue
[2025-08-12T23:35:02.148+0000] {logging_mixin.py:188} INFO - [2025-08-12T23:35:02.144+0000] {dagbag.py:538} INFO - Filling up the DagBag from /opt/airflow/dags/scripts/check_minio_file.py
[2025-08-12T23:35:02.246+0000] {processor.py:842} WARNING - No viable dags retrieved from /opt/airflow/dags/scripts/check_minio_file.py
[2025-08-12T23:35:02.256+0000] {processor.py:183} INFO - Processing /opt/airflow/dags/scripts/check_minio_file.py took 0.129 seconds
[2025-08-12T23:35:12.459+0000] {processor.py:161} INFO - Started process (PID=1101) to work on /opt/airflow/dags/scripts/check_minio_file.py
[2025-08-12T23:35:12.461+0000] {processor.py:830} INFO - Processing file /opt/airflow/dags/scripts/check_minio_file.py for tasks to queue
[2025-08-12T23:35:12.462+0000] {logging_mixin.py:188} INFO - [2025-08-12T23:35:12.462+0000] {dagbag.py:538} INFO - Filling up the DagBag from /opt/airflow/dags/scripts/check_minio_file.py
[2025-08-12T23:35:12.551+0000] {processor.py:842} WARNING - No viable dags retrieved from /opt/airflow/dags/scripts/check_minio_file.py
[2025-08-12T23:35:12.567+0000] {processor.py:183} INFO - Processing /opt/airflow/dags/scripts/check_minio_file.py took 0.114 seconds
[2025-08-12T23:35:22.776+0000] {processor.py:161} INFO - Started process (PID=1111) to work on /opt/airflow/dags/scripts/check_minio_file.py
[2025-08-12T23:35:22.780+0000] {processor.py:830} INFO - Processing file /opt/airflow/dags/scripts/check_minio_file.py for tasks to queue
[2025-08-12T23:35:22.781+0000] {logging_mixin.py:188} INFO - [2025-08-12T23:35:22.781+0000] {dagbag.py:538} INFO - Filling up the DagBag from /opt/airflow/dags/scripts/check_minio_file.py
[2025-08-12T23:35:22.856+0000] {processor.py:842} WARNING - No viable dags retrieved from /opt/airflow/dags/scripts/check_minio_file.py
[2025-08-12T23:35:22.865+0000] {processor.py:183} INFO - Processing /opt/airflow/dags/scripts/check_minio_file.py took 0.094 seconds
[2025-08-12T23:35:33.023+0000] {processor.py:161} INFO - Started process (PID=1120) to work on /opt/airflow/dags/scripts/check_minio_file.py
[2025-08-12T23:35:33.025+0000] {processor.py:830} INFO - Processing file /opt/airflow/dags/scripts/check_minio_file.py for tasks to queue
[2025-08-12T23:35:33.026+0000] {logging_mixin.py:188} INFO - [2025-08-12T23:35:33.026+0000] {dagbag.py:538} INFO - Filling up the DagBag from /opt/airflow/dags/scripts/check_minio_file.py
[2025-08-12T23:35:33.111+0000] {processor.py:842} WARNING - No viable dags retrieved from /opt/airflow/dags/scripts/check_minio_file.py
[2025-08-12T23:35:33.121+0000] {processor.py:183} INFO - Processing /opt/airflow/dags/scripts/check_minio_file.py took 0.105 seconds
[2025-08-12T23:35:43.282+0000] {processor.py:161} INFO - Started process (PID=1131) to work on /opt/airflow/dags/scripts/check_minio_file.py
[2025-08-12T23:35:43.285+0000] {processor.py:830} INFO - Processing file /opt/airflow/dags/scripts/check_minio_file.py for tasks to queue
[2025-08-12T23:35:43.286+0000] {logging_mixin.py:188} INFO - [2025-08-12T23:35:43.286+0000] {dagbag.py:538} INFO - Filling up the DagBag from /opt/airflow/dags/scripts/check_minio_file.py
[2025-08-12T23:35:43.374+0000] {processor.py:842} WARNING - No viable dags retrieved from /opt/airflow/dags/scripts/check_minio_file.py
[2025-08-12T23:35:43.384+0000] {processor.py:183} INFO - Processing /opt/airflow/dags/scripts/check_minio_file.py took 0.112 seconds
[2025-08-12T23:35:53.479+0000] {processor.py:161} INFO - Started process (PID=1141) to work on /opt/airflow/dags/scripts/check_minio_file.py
[2025-08-12T23:35:53.481+0000] {processor.py:830} INFO - Processing file /opt/airflow/dags/scripts/check_minio_file.py for tasks to queue
[2025-08-12T23:35:53.483+0000] {logging_mixin.py:188} INFO - [2025-08-12T23:35:53.482+0000] {dagbag.py:538} INFO - Filling up the DagBag from /opt/airflow/dags/scripts/check_minio_file.py
[2025-08-12T23:35:53.553+0000] {processor.py:842} WARNING - No viable dags retrieved from /opt/airflow/dags/scripts/check_minio_file.py
[2025-08-12T23:35:53.561+0000] {processor.py:183} INFO - Processing /opt/airflow/dags/scripts/check_minio_file.py took 0.086 seconds
[2025-08-12T23:36:03.669+0000] {processor.py:161} INFO - Started process (PID=1151) to work on /opt/airflow/dags/scripts/check_minio_file.py
[2025-08-12T23:36:03.671+0000] {processor.py:830} INFO - Processing file /opt/airflow/dags/scripts/check_minio_file.py for tasks to queue
[2025-08-12T23:36:03.672+0000] {logging_mixin.py:188} INFO - [2025-08-12T23:36:03.672+0000] {dagbag.py:538} INFO - Filling up the DagBag from /opt/airflow/dags/scripts/check_minio_file.py
[2025-08-12T23:36:03.742+0000] {processor.py:842} WARNING - No viable dags retrieved from /opt/airflow/dags/scripts/check_minio_file.py
[2025-08-12T23:36:03.750+0000] {processor.py:183} INFO - Processing /opt/airflow/dags/scripts/check_minio_file.py took 0.084 seconds
[2025-08-12T23:36:13.915+0000] {processor.py:161} INFO - Started process (PID=1161) to work on /opt/airflow/dags/scripts/check_minio_file.py
[2025-08-12T23:36:13.918+0000] {processor.py:830} INFO - Processing file /opt/airflow/dags/scripts/check_minio_file.py for tasks to queue
[2025-08-12T23:36:13.921+0000] {logging_mixin.py:188} INFO - [2025-08-12T23:36:13.920+0000] {dagbag.py:538} INFO - Filling up the DagBag from /opt/airflow/dags/scripts/check_minio_file.py
[2025-08-12T23:36:14.055+0000] {processor.py:842} WARNING - No viable dags retrieved from /opt/airflow/dags/scripts/check_minio_file.py
[2025-08-12T23:36:14.102+0000] {processor.py:183} INFO - Processing /opt/airflow/dags/scripts/check_minio_file.py took 0.196 seconds
[2025-08-12T23:36:24.213+0000] {processor.py:161} INFO - Started process (PID=1171) to work on /opt/airflow/dags/scripts/check_minio_file.py
[2025-08-12T23:36:24.216+0000] {processor.py:830} INFO - Processing file /opt/airflow/dags/scripts/check_minio_file.py for tasks to queue
[2025-08-12T23:36:24.217+0000] {logging_mixin.py:188} INFO - [2025-08-12T23:36:24.217+0000] {dagbag.py:538} INFO - Filling up the DagBag from /opt/airflow/dags/scripts/check_minio_file.py
[2025-08-12T23:36:24.307+0000] {processor.py:842} WARNING - No viable dags retrieved from /opt/airflow/dags/scripts/check_minio_file.py
[2025-08-12T23:36:24.316+0000] {processor.py:183} INFO - Processing /opt/airflow/dags/scripts/check_minio_file.py took 0.114 seconds
[2025-08-12T23:36:34.514+0000] {processor.py:161} INFO - Started process (PID=1181) to work on /opt/airflow/dags/scripts/check_minio_file.py
[2025-08-12T23:36:34.516+0000] {processor.py:830} INFO - Processing file /opt/airflow/dags/scripts/check_minio_file.py for tasks to queue
[2025-08-12T23:36:34.518+0000] {logging_mixin.py:188} INFO - [2025-08-12T23:36:34.517+0000] {dagbag.py:538} INFO - Filling up the DagBag from /opt/airflow/dags/scripts/check_minio_file.py
[2025-08-12T23:36:34.621+0000] {processor.py:842} WARNING - No viable dags retrieved from /opt/airflow/dags/scripts/check_minio_file.py
[2025-08-12T23:36:34.633+0000] {processor.py:183} INFO - Processing /opt/airflow/dags/scripts/check_minio_file.py took 0.126 seconds
[2025-08-12T23:36:44.822+0000] {processor.py:161} INFO - Started process (PID=1191) to work on /opt/airflow/dags/scripts/check_minio_file.py
[2025-08-12T23:36:44.826+0000] {processor.py:830} INFO - Processing file /opt/airflow/dags/scripts/check_minio_file.py for tasks to queue
[2025-08-12T23:36:44.827+0000] {logging_mixin.py:188} INFO - [2025-08-12T23:36:44.826+0000] {dagbag.py:538} INFO - Filling up the DagBag from /opt/airflow/dags/scripts/check_minio_file.py
[2025-08-12T23:36:44.902+0000] {processor.py:842} WARNING - No viable dags retrieved from /opt/airflow/dags/scripts/check_minio_file.py
[2025-08-12T23:36:44.913+0000] {processor.py:183} INFO - Processing /opt/airflow/dags/scripts/check_minio_file.py took 0.097 seconds
[2025-08-12T23:36:55.144+0000] {processor.py:161} INFO - Started process (PID=1201) to work on /opt/airflow/dags/scripts/check_minio_file.py
[2025-08-12T23:36:55.148+0000] {processor.py:830} INFO - Processing file /opt/airflow/dags/scripts/check_minio_file.py for tasks to queue
[2025-08-12T23:36:55.150+0000] {logging_mixin.py:188} INFO - [2025-08-12T23:36:55.149+0000] {dagbag.py:538} INFO - Filling up the DagBag from /opt/airflow/dags/scripts/check_minio_file.py
[2025-08-12T23:36:55.247+0000] {processor.py:842} WARNING - No viable dags retrieved from /opt/airflow/dags/scripts/check_minio_file.py
[2025-08-12T23:36:55.255+0000] {processor.py:183} INFO - Processing /opt/airflow/dags/scripts/check_minio_file.py took 0.126 seconds
[2025-08-12T23:37:05.472+0000] {processor.py:161} INFO - Started process (PID=1211) to work on /opt/airflow/dags/scripts/check_minio_file.py
[2025-08-12T23:37:05.473+0000] {processor.py:830} INFO - Processing file /opt/airflow/dags/scripts/check_minio_file.py for tasks to queue
[2025-08-12T23:37:05.474+0000] {logging_mixin.py:188} INFO - [2025-08-12T23:37:05.474+0000] {dagbag.py:538} INFO - Filling up the DagBag from /opt/airflow/dags/scripts/check_minio_file.py
[2025-08-12T23:37:05.548+0000] {processor.py:842} WARNING - No viable dags retrieved from /opt/airflow/dags/scripts/check_minio_file.py
[2025-08-12T23:37:05.556+0000] {processor.py:183} INFO - Processing /opt/airflow/dags/scripts/check_minio_file.py took 0.094 seconds
[2025-08-12T23:37:15.706+0000] {processor.py:161} INFO - Started process (PID=1221) to work on /opt/airflow/dags/scripts/check_minio_file.py
[2025-08-12T23:37:15.709+0000] {processor.py:830} INFO - Processing file /opt/airflow/dags/scripts/check_minio_file.py for tasks to queue
[2025-08-12T23:37:15.711+0000] {logging_mixin.py:188} INFO - [2025-08-12T23:37:15.710+0000] {dagbag.py:538} INFO - Filling up the DagBag from /opt/airflow/dags/scripts/check_minio_file.py
[2025-08-12T23:37:15.780+0000] {processor.py:842} WARNING - No viable dags retrieved from /opt/airflow/dags/scripts/check_minio_file.py
[2025-08-12T23:37:15.787+0000] {processor.py:183} INFO - Processing /opt/airflow/dags/scripts/check_minio_file.py took 0.087 seconds
[2025-08-12T23:37:25.911+0000] {processor.py:161} INFO - Started process (PID=1231) to work on /opt/airflow/dags/scripts/check_minio_file.py
[2025-08-12T23:37:25.919+0000] {processor.py:830} INFO - Processing file /opt/airflow/dags/scripts/check_minio_file.py for tasks to queue
[2025-08-12T23:37:25.920+0000] {logging_mixin.py:188} INFO - [2025-08-12T23:37:25.919+0000] {dagbag.py:538} INFO - Filling up the DagBag from /opt/airflow/dags/scripts/check_minio_file.py
[2025-08-12T23:37:26.001+0000] {processor.py:842} WARNING - No viable dags retrieved from /opt/airflow/dags/scripts/check_minio_file.py
[2025-08-12T23:37:26.013+0000] {processor.py:183} INFO - Processing /opt/airflow/dags/scripts/check_minio_file.py took 0.108 seconds
[2025-08-12T23:37:36.185+0000] {processor.py:161} INFO - Started process (PID=1241) to work on /opt/airflow/dags/scripts/check_minio_file.py
[2025-08-12T23:37:36.186+0000] {processor.py:830} INFO - Processing file /opt/airflow/dags/scripts/check_minio_file.py for tasks to queue
[2025-08-12T23:37:36.188+0000] {logging_mixin.py:188} INFO - [2025-08-12T23:37:36.187+0000] {dagbag.py:538} INFO - Filling up the DagBag from /opt/airflow/dags/scripts/check_minio_file.py
[2025-08-12T23:37:36.291+0000] {processor.py:842} WARNING - No viable dags retrieved from /opt/airflow/dags/scripts/check_minio_file.py
[2025-08-12T23:37:36.299+0000] {processor.py:183} INFO - Processing /opt/airflow/dags/scripts/check_minio_file.py took 0.119 seconds
[2025-08-12T23:37:46.527+0000] {processor.py:161} INFO - Started process (PID=1251) to work on /opt/airflow/dags/scripts/check_minio_file.py
[2025-08-12T23:37:46.530+0000] {processor.py:830} INFO - Processing file /opt/airflow/dags/scripts/check_minio_file.py for tasks to queue
[2025-08-12T23:37:46.531+0000] {logging_mixin.py:188} INFO - [2025-08-12T23:37:46.530+0000] {dagbag.py:538} INFO - Filling up the DagBag from /opt/airflow/dags/scripts/check_minio_file.py
[2025-08-12T23:37:46.612+0000] {processor.py:842} WARNING - No viable dags retrieved from /opt/airflow/dags/scripts/check_minio_file.py
[2025-08-12T23:37:46.622+0000] {processor.py:183} INFO - Processing /opt/airflow/dags/scripts/check_minio_file.py took 0.102 seconds
[2025-08-12T23:37:56.796+0000] {processor.py:161} INFO - Started process (PID=1261) to work on /opt/airflow/dags/scripts/check_minio_file.py
[2025-08-12T23:37:56.801+0000] {processor.py:830} INFO - Processing file /opt/airflow/dags/scripts/check_minio_file.py for tasks to queue
[2025-08-12T23:37:56.802+0000] {logging_mixin.py:188} INFO - [2025-08-12T23:37:56.802+0000] {dagbag.py:538} INFO - Filling up the DagBag from /opt/airflow/dags/scripts/check_minio_file.py
[2025-08-12T23:37:56.874+0000] {processor.py:842} WARNING - No viable dags retrieved from /opt/airflow/dags/scripts/check_minio_file.py
[2025-08-12T23:37:56.884+0000] {processor.py:183} INFO - Processing /opt/airflow/dags/scripts/check_minio_file.py took 0.093 seconds
[2025-08-12T23:38:07.047+0000] {processor.py:161} INFO - Started process (PID=1271) to work on /opt/airflow/dags/scripts/check_minio_file.py
[2025-08-12T23:38:07.049+0000] {processor.py:830} INFO - Processing file /opt/airflow/dags/scripts/check_minio_file.py for tasks to queue
[2025-08-12T23:38:07.056+0000] {logging_mixin.py:188} INFO - [2025-08-12T23:38:07.056+0000] {dagbag.py:538} INFO - Filling up the DagBag from /opt/airflow/dags/scripts/check_minio_file.py
[2025-08-12T23:38:07.129+0000] {processor.py:842} WARNING - No viable dags retrieved from /opt/airflow/dags/scripts/check_minio_file.py
[2025-08-12T23:38:07.138+0000] {processor.py:183} INFO - Processing /opt/airflow/dags/scripts/check_minio_file.py took 0.095 seconds
[2025-08-12T23:38:17.455+0000] {processor.py:161} INFO - Started process (PID=1281) to work on /opt/airflow/dags/scripts/check_minio_file.py
[2025-08-12T23:38:17.458+0000] {processor.py:830} INFO - Processing file /opt/airflow/dags/scripts/check_minio_file.py for tasks to queue
[2025-08-12T23:38:17.460+0000] {logging_mixin.py:188} INFO - [2025-08-12T23:38:17.460+0000] {dagbag.py:538} INFO - Filling up the DagBag from /opt/airflow/dags/scripts/check_minio_file.py
[2025-08-12T23:38:17.603+0000] {processor.py:842} WARNING - No viable dags retrieved from /opt/airflow/dags/scripts/check_minio_file.py
[2025-08-12T23:38:17.613+0000] {processor.py:183} INFO - Processing /opt/airflow/dags/scripts/check_minio_file.py took 0.166 seconds
[2025-08-12T23:38:27.858+0000] {processor.py:161} INFO - Started process (PID=1291) to work on /opt/airflow/dags/scripts/check_minio_file.py
[2025-08-12T23:38:27.860+0000] {processor.py:830} INFO - Processing file /opt/airflow/dags/scripts/check_minio_file.py for tasks to queue
[2025-08-12T23:38:27.861+0000] {logging_mixin.py:188} INFO - [2025-08-12T23:38:27.861+0000] {dagbag.py:538} INFO - Filling up the DagBag from /opt/airflow/dags/scripts/check_minio_file.py
[2025-08-12T23:38:27.939+0000] {processor.py:842} WARNING - No viable dags retrieved from /opt/airflow/dags/scripts/check_minio_file.py
[2025-08-12T23:38:27.951+0000] {processor.py:183} INFO - Processing /opt/airflow/dags/scripts/check_minio_file.py took 0.101 seconds
[2025-08-12T23:38:38.085+0000] {processor.py:161} INFO - Started process (PID=1301) to work on /opt/airflow/dags/scripts/check_minio_file.py
[2025-08-12T23:38:38.086+0000] {processor.py:830} INFO - Processing file /opt/airflow/dags/scripts/check_minio_file.py for tasks to queue
[2025-08-12T23:38:38.088+0000] {logging_mixin.py:188} INFO - [2025-08-12T23:38:38.087+0000] {dagbag.py:538} INFO - Filling up the DagBag from /opt/airflow/dags/scripts/check_minio_file.py
[2025-08-12T23:38:38.167+0000] {processor.py:842} WARNING - No viable dags retrieved from /opt/airflow/dags/scripts/check_minio_file.py
[2025-08-12T23:38:38.176+0000] {processor.py:183} INFO - Processing /opt/airflow/dags/scripts/check_minio_file.py took 0.098 seconds
