[2025-08-14T03:04:07.254+0000] {taskinstance.py:1956} INFO - Dependencies all met for dep_context=non-requeueable deps ti=<TaskInstance: stock_market_batch_pipeline.debug_environment manual__2025-08-14T02:36:44+00:00 [queued]>
[2025-08-14T03:04:07.271+0000] {taskinstance.py:1956} INFO - Dependencies all met for dep_context=requeueable deps ti=<TaskInstance: stock_market_batch_pipeline.debug_environment manual__2025-08-14T02:36:44+00:00 [queued]>
[2025-08-14T03:04:07.271+0000] {taskinstance.py:2170} INFO - Starting attempt 2 of 3
[2025-08-14T03:04:07.307+0000] {taskinstance.py:2191} INFO - Executing <Task(BashOperator): debug_environment> on 2025-08-14 02:36:44+00:00
[2025-08-14T03:04:07.312+0000] {standard_task_runner.py:60} INFO - Started process 77292 to run task
[2025-08-14T03:04:07.329+0000] {standard_task_runner.py:87} INFO - Running: ['***', 'tasks', 'run', 'stock_market_batch_pipeline', 'debug_environment', 'manual__2025-08-14T02:36:44+00:00', '--job-id', '89', '--raw', '--subdir', 'DAGS_FOLDER/stock_market_batch_dag.py', '--cfg-path', '/tmp/tmpu3hv_tdz']
[2025-08-14T03:04:07.341+0000] {standard_task_runner.py:88} INFO - Job 89: Subtask debug_environment
[2025-08-14T03:04:07.466+0000] {logging_mixin.py:188} WARNING - /home/***/.local/lib/python3.8/site-packages/***/settings.py:194 DeprecationWarning: The sql_alchemy_conn option in [core] has been moved to the sql_alchemy_conn option in [database] - the old setting has been used, but please update your config.
[2025-08-14T03:04:07.765+0000] {task_command.py:423} INFO - Running <TaskInstance: stock_market_batch_pipeline.debug_environment manual__2025-08-14T02:36:44+00:00 [running]> on host 6ea13209f7fc
[2025-08-14T03:04:08.124+0000] {taskinstance.py:2480} INFO - Exporting env vars: AIRFLOW_CTX_DAG_OWNER='Basanth Kumar' AIRFLOW_CTX_DAG_ID='stock_market_batch_pipeline' AIRFLOW_CTX_TASK_ID='debug_environment' AIRFLOW_CTX_EXECUTION_DATE='2025-08-14T02:36:44+00:00' AIRFLOW_CTX_TRY_NUMBER='2' AIRFLOW_CTX_DAG_RUN_ID='manual__2025-08-14T02:36:44+00:00'
[2025-08-14T03:04:08.128+0000] {subprocess.py:63} INFO - Tmp dir root location: /tmp
[2025-08-14T03:04:08.132+0000] {subprocess.py:75} INFO - Running command: ['/usr/bin/bash', '-c', '\n    echo "=== PYTHON PATH DEBUG ==="\n    python -c "import sys; print(\'Python paths:\'); [print(f\'  {p}\') for p in sys.path]"\n    echo ""\n    echo "=== MULTITASKING CHECK ==="\n    python -c "import multitasking; print(f\'multitasking version: {multitasking.__version__}\')"\n    echo ""\n    echo "=== ENVIRONMENT VARIABLES ==="\n    env | grep PYTHON\n    echo ""\n    echo "=== YFINANCE IMPORT TEST ==="\n    python -c "import yfinance as yf; print(\'yfinance imported successfully\')"\n    ']
[2025-08-14T03:04:08.183+0000] {subprocess.py:86} INFO - Output:
[2025-08-14T03:04:08.184+0000] {subprocess.py:93} INFO - === PYTHON PATH DEBUG ===
[2025-08-14T03:04:08.240+0000] {subprocess.py:93} INFO - Python paths:
[2025-08-14T03:04:08.243+0000] {subprocess.py:93} INFO - 
[2025-08-14T03:04:08.245+0000] {subprocess.py:93} INFO -   /usr/local/lib/python38.zip
[2025-08-14T03:04:08.246+0000] {subprocess.py:93} INFO -   /usr/local/lib/python3.8
[2025-08-14T03:04:08.253+0000] {subprocess.py:93} INFO -   /usr/local/lib/python3.8/lib-dynload
[2025-08-14T03:04:08.256+0000] {subprocess.py:93} INFO -   /home/***/.local/lib/python3.8/site-packages
[2025-08-14T03:04:08.262+0000] {subprocess.py:93} INFO -   /usr/local/lib/python3.8/site-packages
[2025-08-14T03:04:08.265+0000] {subprocess.py:93} INFO - 
[2025-08-14T03:04:08.267+0000] {subprocess.py:93} INFO - === MULTITASKING CHECK ===
[2025-08-14T03:04:08.325+0000] {subprocess.py:93} INFO - Traceback (most recent call last):
[2025-08-14T03:04:08.326+0000] {subprocess.py:93} INFO -   File "<string>", line 1, in <module>
[2025-08-14T03:04:08.332+0000] {subprocess.py:93} INFO -   File "/home/***/.local/lib/python3.8/site-packages/multitasking/__init__.py", line 36, in <module>
[2025-08-14T03:04:08.338+0000] {subprocess.py:93} INFO -     class PoolConfig(TypedDict):
[2025-08-14T03:04:08.341+0000] {subprocess.py:93} INFO -   File "/home/***/.local/lib/python3.8/site-packages/multitasking/__init__.py", line 44, in PoolConfig
[2025-08-14T03:04:08.342+0000] {subprocess.py:93} INFO -     engine: Union[type[Thread], type[Process]]  # Execution engine
[2025-08-14T03:04:08.344+0000] {subprocess.py:93} INFO - TypeError: 'type' object is not subscriptable
[2025-08-14T03:04:08.350+0000] {subprocess.py:93} INFO - 
[2025-08-14T03:04:08.350+0000] {subprocess.py:93} INFO - === ENVIRONMENT VARIABLES ===
[2025-08-14T03:04:08.354+0000] {subprocess.py:93} INFO - PYTHON_VERSION=3.8.18
[2025-08-14T03:04:08.356+0000] {subprocess.py:93} INFO - PYTHON_SETUPTOOLS_VERSION=57.5.0
[2025-08-14T03:04:08.358+0000] {subprocess.py:93} INFO - PYTHON_PIP_VERSION=23.0.1
[2025-08-14T03:04:08.360+0000] {subprocess.py:93} INFO - PYTHON_GET_PIP_SHA256=dfe9fd5c28dc98b5ac17979a953ea550cec37ae1b47a5116007395bfacff2ab9
[2025-08-14T03:04:08.360+0000] {subprocess.py:93} INFO - PYTHON_GET_PIP_URL=https://github.com/pypa/get-pip/raw/dbf0c85f76fb6e1ab42aa672ffca6f0a675d9ee4/public/get-pip.py
[2025-08-14T03:04:08.362+0000] {subprocess.py:93} INFO - PYTHON_BASE_IMAGE=python:3.8-slim-bookworm
[2025-08-14T03:04:08.366+0000] {subprocess.py:93} INFO - 
[2025-08-14T03:04:08.368+0000] {subprocess.py:93} INFO - === YFINANCE IMPORT TEST ===
[2025-08-14T03:04:16.899+0000] {subprocess.py:93} INFO - Traceback (most recent call last):
[2025-08-14T03:04:17.053+0000] {subprocess.py:93} INFO -   File "<string>", line 1, in <module>
[2025-08-14T03:04:17.062+0000] {subprocess.py:93} INFO -   File "/home/***/.local/lib/python3.8/site-packages/yfinance/__init__.py", line 26, in <module>
[2025-08-14T03:04:17.102+0000] {subprocess.py:93} INFO -     from .tickers import Tickers
[2025-08-14T03:04:17.111+0000] {subprocess.py:93} INFO -   File "/home/***/.local/lib/python3.8/site-packages/yfinance/tickers.py", line 26, in <module>
[2025-08-14T03:04:17.114+0000] {subprocess.py:93} INFO -     from . import Ticker, multi
[2025-08-14T03:04:17.116+0000] {subprocess.py:93} INFO -   File "/home/***/.local/lib/python3.8/site-packages/yfinance/multi.py", line 30, in <module>
[2025-08-14T03:04:17.186+0000] {subprocess.py:93} INFO -     import multitasking as _multitasking
[2025-08-14T03:04:17.203+0000] {subprocess.py:93} INFO -   File "/home/***/.local/lib/python3.8/site-packages/multitasking/__init__.py", line 36, in <module>
[2025-08-14T03:04:17.213+0000] {subprocess.py:93} INFO -     class PoolConfig(TypedDict):
[2025-08-14T03:04:17.315+0000] {subprocess.py:93} INFO -   File "/home/***/.local/lib/python3.8/site-packages/multitasking/__init__.py", line 44, in PoolConfig
[2025-08-14T03:04:17.323+0000] {subprocess.py:93} INFO -     engine: Union[type[Thread], type[Process]]  # Execution engine
[2025-08-14T03:04:17.333+0000] {subprocess.py:93} INFO - TypeError: 'type' object is not subscriptable
[2025-08-14T03:04:23.243+0000] {subprocess.py:97} INFO - Command exited with return code 1
[2025-08-14T03:04:23.414+0000] {taskinstance.py:2698} ERROR - Task failed with exception
Traceback (most recent call last):
  File "/home/airflow/.local/lib/python3.8/site-packages/airflow/models/taskinstance.py", line 433, in _execute_task
    result = execute_callable(context=context, **execute_callable_kwargs)
  File "/home/airflow/.local/lib/python3.8/site-packages/airflow/operators/bash.py", line 212, in execute
    raise AirflowException(
airflow.exceptions.AirflowException: Bash command failed. The command returned a non-zero exit code 1.
[2025-08-14T03:04:23.436+0000] {taskinstance.py:1138} INFO - Marking task as UP_FOR_RETRY. dag_id=stock_market_batch_pipeline, task_id=debug_environment, execution_date=20250814T023644, start_date=20250814T030407, end_date=20250814T030423
[2025-08-14T03:04:23.566+0000] {standard_task_runner.py:107} ERROR - Failed to execute job 89 for task debug_environment (Bash command failed. The command returned a non-zero exit code 1.; 77292)
[2025-08-14T03:04:23.627+0000] {local_task_job_runner.py:234} INFO - Task exited with return code 1
[2025-08-14T03:04:23.872+0000] {taskinstance.py:3280} INFO - 0 downstream tasks scheduled from follow-on schedule check
