[2025-08-14T19:55:41.657+0000] {taskinstance.py:1956} INFO - Dependencies all met for dep_context=non-requeueable deps ti=<TaskInstance: stock_market_batch_pipeline.fetch_historical_data __airflow_temporary_run_2025-08-14T19:55:39.866887+00:00__ [queued]>
[2025-08-14T19:55:41.671+0000] {taskinstance.py:1956} INFO - Dependencies all met for dep_context=requeueable deps ti=<TaskInstance: stock_market_batch_pipeline.fetch_historical_data __airflow_temporary_run_2025-08-14T19:55:39.866887+00:00__ [queued]>
[2025-08-14T19:55:41.672+0000] {taskinstance.py:2170} INFO - Starting attempt 1 of 2
[2025-08-14T19:55:41.691+0000] {taskinstance.py:2191} INFO - Executing <Task(BashOperator): fetch_historical_data> on 2025-08-14 00:00:00+00:00
[2025-08-14T19:55:41.701+0000] {standard_task_runner.py:60} INFO - Started process 24877 to run task
[2025-08-14T19:55:41.715+0000] {standard_task_runner.py:87} INFO - Running: ['***', 'tasks', 'run', 'stock_market_batch_pipeline', 'fetch_historical_data', '__***_temporary_run_2025-08-14T19:55:39.866887+00:00__', '--job-id', '20', '--raw', '--subdir', 'DAGS_FOLDER/stock_market_batch_dag.py', '--cfg-path', '/tmp/tmpz1bm8nsc']
[2025-08-14T19:55:41.720+0000] {standard_task_runner.py:88} INFO - Job 20: Subtask fetch_historical_data
[2025-08-14T19:55:41.799+0000] {task_command.py:423} INFO - Running <TaskInstance: stock_market_batch_pipeline.fetch_historical_data __airflow_temporary_run_2025-08-14T19:55:39.866887+00:00__ [running]> on host 0181ae2045ff
[2025-08-14T19:55:41.959+0000] {taskinstance.py:2480} INFO - Exporting env vars: AIRFLOW_CTX_DAG_OWNER='Basanth Kumar' AIRFLOW_CTX_DAG_ID='stock_market_batch_pipeline' AIRFLOW_CTX_TASK_ID='fetch_historical_data' AIRFLOW_CTX_EXECUTION_DATE='2025-08-14T00:00:00+00:00' AIRFLOW_CTX_TRY_NUMBER='1' AIRFLOW_CTX_DAG_RUN_ID='__***_temporary_run_2025-08-14T19:55:39.866887+00:00__'
[2025-08-14T19:55:41.965+0000] {subprocess.py:63} INFO - Tmp dir root location: /tmp
[2025-08-14T19:55:41.970+0000] {subprocess.py:75} INFO - Running command: ['/usr/bin/bash', '-c', '\n    unset PYTHONNOUSERSITE\n    python /opt/***/dags/scripts/batch_data_producer.py 2025-08-14\n    ']
[2025-08-14T19:55:41.996+0000] {subprocess.py:86} INFO - Output:
[2025-08-14T19:55:46.645+0000] {subprocess.py:93} INFO - Traceback (most recent call last):
[2025-08-14T19:55:46.671+0000] {subprocess.py:93} INFO -   File "/opt/***/dags/scripts/batch_data_producer.py", line 8, in <module>
[2025-08-14T19:55:46.674+0000] {subprocess.py:93} INFO -     import yfinance as yf
[2025-08-14T19:55:46.674+0000] {subprocess.py:93} INFO - ModuleNotFoundError: No module named 'yfinance'
[2025-08-14T19:55:47.203+0000] {subprocess.py:97} INFO - Command exited with return code 1
[2025-08-14T19:55:47.423+0000] {taskinstance.py:2698} ERROR - Task failed with exception
Traceback (most recent call last):
  File "/home/airflow/.local/lib/python3.8/site-packages/airflow/models/taskinstance.py", line 433, in _execute_task
    result = execute_callable(context=context, **execute_callable_kwargs)
  File "/home/airflow/.local/lib/python3.8/site-packages/airflow/operators/bash.py", line 212, in execute
    raise AirflowException(
airflow.exceptions.AirflowException: Bash command failed. The command returned a non-zero exit code 1.
[2025-08-14T19:55:47.486+0000] {taskinstance.py:1138} INFO - Marking task as UP_FOR_RETRY. dag_id=stock_market_batch_pipeline, task_id=fetch_historical_data, execution_date=20250814T000000, start_date=20250814T195541, end_date=20250814T195547
[2025-08-14T19:55:47.655+0000] {standard_task_runner.py:107} ERROR - Failed to execute job 20 for task fetch_historical_data (Bash command failed. The command returned a non-zero exit code 1.; 24877)
[2025-08-14T19:55:47.769+0000] {local_task_job_runner.py:234} INFO - Task exited with return code 1
[2025-08-14T19:55:47.987+0000] {taskinstance.py:3280} INFO - 0 downstream tasks scheduled from follow-on schedule check
