[2025-08-14T03:03:26.338+0000] {taskinstance.py:1956} INFO - Dependencies all met for dep_context=non-requeueable deps ti=<TaskInstance: stock_market_batch_pipeline.debug_environment manual__2025-08-14T02:58:45+00:00 [queued]>
[2025-08-14T03:03:26.364+0000] {taskinstance.py:1956} INFO - Dependencies all met for dep_context=requeueable deps ti=<TaskInstance: stock_market_batch_pipeline.debug_environment manual__2025-08-14T02:58:45+00:00 [queued]>
[2025-08-14T03:03:26.364+0000] {taskinstance.py:2170} INFO - Starting attempt 1 of 2
[2025-08-14T03:03:26.408+0000] {taskinstance.py:2191} INFO - Executing <Task(BashOperator): debug_environment> on 2025-08-14 02:58:45+00:00
[2025-08-14T03:03:26.714+0000] {standard_task_runner.py:60} INFO - Started process 77113 to run task
[2025-08-14T03:03:26.745+0000] {standard_task_runner.py:87} INFO - Running: ['***', 'tasks', 'run', 'stock_market_batch_pipeline', 'debug_environment', 'manual__2025-08-14T02:58:45+00:00', '--job-id', '75', '--raw', '--subdir', 'DAGS_FOLDER/stock_market_batch_dag.py', '--cfg-path', '/tmp/tmphm4xye9l']
[2025-08-14T03:03:26.775+0000] {standard_task_runner.py:88} INFO - Job 75: Subtask debug_environment
[2025-08-14T03:03:27.006+0000] {logging_mixin.py:188} WARNING - /home/***/.local/lib/python3.8/site-packages/***/settings.py:194 DeprecationWarning: The sql_alchemy_conn option in [core] has been moved to the sql_alchemy_conn option in [database] - the old setting has been used, but please update your config.
[2025-08-14T03:03:27.304+0000] {task_command.py:423} INFO - Running <TaskInstance: stock_market_batch_pipeline.debug_environment manual__2025-08-14T02:58:45+00:00 [running]> on host 6ea13209f7fc
[2025-08-14T03:03:28.137+0000] {taskinstance.py:2480} INFO - Exporting env vars: AIRFLOW_CTX_DAG_OWNER='Basanth Kumar' AIRFLOW_CTX_DAG_ID='stock_market_batch_pipeline' AIRFLOW_CTX_TASK_ID='debug_environment' AIRFLOW_CTX_EXECUTION_DATE='2025-08-14T02:58:45+00:00' AIRFLOW_CTX_TRY_NUMBER='1' AIRFLOW_CTX_DAG_RUN_ID='manual__2025-08-14T02:58:45+00:00'
[2025-08-14T03:03:28.174+0000] {subprocess.py:63} INFO - Tmp dir root location: /tmp
[2025-08-14T03:03:28.189+0000] {subprocess.py:75} INFO - Running command: ['/usr/bin/bash', '-c', '\n    echo "=== PYTHON PATH DEBUG ==="\n    python -c "import sys; print(\'Python paths:\'); [print(f\'  {p}\') for p in sys.path]"\n    echo ""\n    echo "=== MULTITASKING CHECK ==="\n    python -c "import multitasking; print(f\'multitasking version: {multitasking.__version__}\')"\n    echo ""\n    echo "=== ENVIRONMENT VARIABLES ==="\n    env | grep PYTHON\n    echo ""\n    echo "=== YFINANCE IMPORT TEST ==="\n    python -c "import yfinance as yf; print(\'yfinance imported successfully\')"\n    ']
[2025-08-14T03:03:28.318+0000] {subprocess.py:86} INFO - Output:
[2025-08-14T03:03:28.393+0000] {subprocess.py:93} INFO - === PYTHON PATH DEBUG ===
[2025-08-14T03:03:28.561+0000] {subprocess.py:93} INFO - Python paths:
[2025-08-14T03:03:28.570+0000] {subprocess.py:93} INFO - 
[2025-08-14T03:03:28.572+0000] {subprocess.py:93} INFO -   /usr/local/lib/python38.zip
[2025-08-14T03:03:28.574+0000] {subprocess.py:93} INFO -   /usr/local/lib/python3.8
[2025-08-14T03:03:28.581+0000] {subprocess.py:93} INFO -   /usr/local/lib/python3.8/lib-dynload
[2025-08-14T03:03:28.586+0000] {subprocess.py:93} INFO -   /home/***/.local/lib/python3.8/site-packages
[2025-08-14T03:03:28.592+0000] {subprocess.py:93} INFO -   /usr/local/lib/python3.8/site-packages
[2025-08-14T03:03:28.597+0000] {subprocess.py:93} INFO - 
[2025-08-14T03:03:28.602+0000] {subprocess.py:93} INFO - === MULTITASKING CHECK ===
[2025-08-14T03:03:28.771+0000] {subprocess.py:93} INFO - Traceback (most recent call last):
[2025-08-14T03:03:28.773+0000] {subprocess.py:93} INFO -   File "<string>", line 1, in <module>
[2025-08-14T03:03:28.774+0000] {subprocess.py:93} INFO -   File "/home/***/.local/lib/python3.8/site-packages/multitasking/__init__.py", line 36, in <module>
[2025-08-14T03:03:28.774+0000] {subprocess.py:93} INFO -     class PoolConfig(TypedDict):
[2025-08-14T03:03:28.776+0000] {subprocess.py:93} INFO -   File "/home/***/.local/lib/python3.8/site-packages/multitasking/__init__.py", line 44, in PoolConfig
[2025-08-14T03:03:28.783+0000] {subprocess.py:93} INFO -     engine: Union[type[Thread], type[Process]]  # Execution engine
[2025-08-14T03:03:28.784+0000] {subprocess.py:93} INFO - TypeError: 'type' object is not subscriptable
[2025-08-14T03:03:28.795+0000] {subprocess.py:93} INFO - 
[2025-08-14T03:03:28.798+0000] {subprocess.py:93} INFO - === ENVIRONMENT VARIABLES ===
[2025-08-14T03:03:28.810+0000] {subprocess.py:93} INFO - PYTHON_VERSION=3.8.18
[2025-08-14T03:03:28.814+0000] {subprocess.py:93} INFO - PYTHON_SETUPTOOLS_VERSION=57.5.0
[2025-08-14T03:03:28.815+0000] {subprocess.py:93} INFO - PYTHON_PIP_VERSION=23.0.1
[2025-08-14T03:03:28.817+0000] {subprocess.py:93} INFO - PYTHON_GET_PIP_SHA256=dfe9fd5c28dc98b5ac17979a953ea550cec37ae1b47a5116007395bfacff2ab9
[2025-08-14T03:03:28.820+0000] {subprocess.py:93} INFO - PYTHON_GET_PIP_URL=https://github.com/pypa/get-pip/raw/dbf0c85f76fb6e1ab42aa672ffca6f0a675d9ee4/public/get-pip.py
[2025-08-14T03:03:28.821+0000] {subprocess.py:93} INFO - PYTHON_BASE_IMAGE=python:3.8-slim-bookworm
[2025-08-14T03:03:28.822+0000] {subprocess.py:93} INFO - 
[2025-08-14T03:03:28.822+0000] {subprocess.py:93} INFO - === YFINANCE IMPORT TEST ===
[2025-08-14T03:03:39.808+0000] {subprocess.py:93} INFO - Traceback (most recent call last):
[2025-08-14T03:03:39.898+0000] {subprocess.py:93} INFO -   File "<string>", line 1, in <module>
[2025-08-14T03:03:39.906+0000] {subprocess.py:93} INFO -   File "/home/***/.local/lib/python3.8/site-packages/yfinance/__init__.py", line 26, in <module>
[2025-08-14T03:03:39.913+0000] {subprocess.py:93} INFO -     from .tickers import Tickers
[2025-08-14T03:03:39.923+0000] {subprocess.py:93} INFO -   File "/home/***/.local/lib/python3.8/site-packages/yfinance/tickers.py", line 26, in <module>
[2025-08-14T03:03:39.938+0000] {subprocess.py:93} INFO -     from . import Ticker, multi
[2025-08-14T03:03:40.007+0000] {subprocess.py:93} INFO -   File "/home/***/.local/lib/python3.8/site-packages/yfinance/multi.py", line 30, in <module>
[2025-08-14T03:03:40.026+0000] {subprocess.py:93} INFO -     import multitasking as _multitasking
[2025-08-14T03:03:40.039+0000] {subprocess.py:93} INFO -   File "/home/***/.local/lib/python3.8/site-packages/multitasking/__init__.py", line 36, in <module>
[2025-08-14T03:03:40.049+0000] {subprocess.py:93} INFO -     class PoolConfig(TypedDict):
[2025-08-14T03:03:40.068+0000] {subprocess.py:93} INFO -   File "/home/***/.local/lib/python3.8/site-packages/multitasking/__init__.py", line 44, in PoolConfig
[2025-08-14T03:03:40.074+0000] {subprocess.py:93} INFO -     engine: Union[type[Thread], type[Process]]  # Execution engine
[2025-08-14T03:03:40.076+0000] {subprocess.py:93} INFO - TypeError: 'type' object is not subscriptable
[2025-08-14T03:03:44.344+0000] {subprocess.py:97} INFO - Command exited with return code 1
[2025-08-14T03:03:45.496+0000] {taskinstance.py:2698} ERROR - Task failed with exception
Traceback (most recent call last):
  File "/home/airflow/.local/lib/python3.8/site-packages/airflow/models/taskinstance.py", line 433, in _execute_task
    result = execute_callable(context=context, **execute_callable_kwargs)
  File "/home/airflow/.local/lib/python3.8/site-packages/airflow/operators/bash.py", line 212, in execute
    raise AirflowException(
airflow.exceptions.AirflowException: Bash command failed. The command returned a non-zero exit code 1.
[2025-08-14T03:03:45.968+0000] {taskinstance.py:1138} INFO - Marking task as UP_FOR_RETRY. dag_id=stock_market_batch_pipeline, task_id=debug_environment, execution_date=20250814T025845, start_date=20250814T030326, end_date=20250814T030345
[2025-08-14T03:03:46.766+0000] {standard_task_runner.py:107} ERROR - Failed to execute job 75 for task debug_environment (Bash command failed. The command returned a non-zero exit code 1.; 77113)
[2025-08-14T03:03:46.933+0000] {local_task_job_runner.py:234} INFO - Task exited with return code 1
[2025-08-14T03:03:47.280+0000] {taskinstance.py:3280} INFO - 0 downstream tasks scheduled from follow-on schedule check
