[2025-08-14T22:09:59.671+0000] {taskinstance.py:1956} INFO - Dependencies all met for dep_context=non-requeueable deps ti=<TaskInstance: stock_market_bulletproof.consume_historical_data manual__2025-08-14T22:08:53+00:00 [queued]>
[2025-08-14T22:09:59.678+0000] {taskinstance.py:1956} INFO - Dependencies all met for dep_context=requeueable deps ti=<TaskInstance: stock_market_bulletproof.consume_historical_data manual__2025-08-14T22:08:53+00:00 [queued]>
[2025-08-14T22:09:59.679+0000] {taskinstance.py:2170} INFO - Starting attempt 1 of 1
[2025-08-14T22:09:59.689+0000] {taskinstance.py:2191} INFO - Executing <Task(BashOperator): consume_historical_data> on 2025-08-14 22:08:53+00:00
[2025-08-14T22:09:59.694+0000] {standard_task_runner.py:60} INFO - Started process 33464 to run task
[2025-08-14T22:09:59.700+0000] {standard_task_runner.py:87} INFO - Running: ['***', 'tasks', 'run', 'stock_market_bulletproof', 'consume_historical_data', 'manual__2025-08-14T22:08:53+00:00', '--job-id', '58', '--raw', '--subdir', 'DAGS_FOLDER/stock_market_bulletproof.py', '--cfg-path', '/tmp/tmpc5vubcl4']
[2025-08-14T22:09:59.702+0000] {standard_task_runner.py:88} INFO - Job 58: Subtask consume_historical_data
[2025-08-14T22:09:59.744+0000] {task_command.py:423} INFO - Running <TaskInstance: stock_market_bulletproof.consume_historical_data manual__2025-08-14T22:08:53+00:00 [running]> on host 0181ae2045ff
[2025-08-14T22:09:59.804+0000] {taskinstance.py:2480} INFO - Exporting env vars: AIRFLOW_CTX_DAG_OWNER='Basanth Kumar' AIRFLOW_CTX_DAG_ID='stock_market_bulletproof' AIRFLOW_CTX_TASK_ID='consume_historical_data' AIRFLOW_CTX_EXECUTION_DATE='2025-08-14T22:08:53+00:00' AIRFLOW_CTX_TRY_NUMBER='1' AIRFLOW_CTX_DAG_RUN_ID='manual__2025-08-14T22:08:53+00:00'
[2025-08-14T22:09:59.806+0000] {subprocess.py:63} INFO - Tmp dir root location: /tmp
[2025-08-14T22:09:59.807+0000] {subprocess.py:75} INFO - Running command: ['/usr/bin/bash', '-c', '\n    echo "Starting consume_historical_data task"\n    cd /opt/***/dags/scripts\n    python batch_data_consumer.py 2025-08-14\n    echo "Task completed successfully"\n    ']
[2025-08-14T22:09:59.816+0000] {subprocess.py:86} INFO - Output:
[2025-08-14T22:09:59.820+0000] {subprocess.py:93} INFO - Starting consume_historical_data task
[2025-08-14T22:10:00.255+0000] {subprocess.py:93} INFO - Traceback (most recent call last):
[2025-08-14T22:10:00.257+0000] {subprocess.py:93} INFO -   File "batch_data_consumer.py", line 9, in <module>
[2025-08-14T22:10:00.257+0000] {subprocess.py:93} INFO -     from confluent_kafka import Consumer
[2025-08-14T22:10:00.258+0000] {subprocess.py:93} INFO - ModuleNotFoundError: No module named 'confluent_kafka'
[2025-08-14T22:10:00.310+0000] {subprocess.py:93} INFO - Task completed successfully
[2025-08-14T22:10:00.311+0000] {subprocess.py:97} INFO - Command exited with return code 0
[2025-08-14T22:10:00.344+0000] {taskinstance.py:1138} INFO - Marking task as SUCCESS. dag_id=stock_market_bulletproof, task_id=consume_historical_data, execution_date=20250814T220853, start_date=20250814T220959, end_date=20250814T221000
[2025-08-14T22:10:00.384+0000] {local_task_job_runner.py:234} INFO - Task exited with return code 0
[2025-08-14T22:10:00.427+0000] {taskinstance.py:3280} INFO - 1 downstream tasks scheduled from follow-on schedule check
