[2025-08-14T22:21:06.592+0000] {taskinstance.py:1956} INFO - Dependencies all met for dep_context=non-requeueable deps ti=<TaskInstance: stock_market_pipeline.process_data manual__2025-08-14T22:21:00.726473+00:00 [queued]>
[2025-08-14T22:21:06.597+0000] {taskinstance.py:1956} INFO - Dependencies all met for dep_context=requeueable deps ti=<TaskInstance: stock_market_pipeline.process_data manual__2025-08-14T22:21:00.726473+00:00 [queued]>
[2025-08-14T22:21:06.597+0000] {taskinstance.py:2170} INFO - Starting attempt 1 of 1
[2025-08-14T22:21:06.604+0000] {taskinstance.py:2191} INFO - Executing <Task(BashOperator): process_data> on 2025-08-14 22:21:00.726473+00:00
[2025-08-14T22:21:06.608+0000] {standard_task_runner.py:60} INFO - Started process 34359 to run task
[2025-08-14T22:21:06.611+0000] {standard_task_runner.py:87} INFO - Running: ['***', 'tasks', 'run', 'stock_market_pipeline', 'process_data', 'manual__2025-08-14T22:21:00.726473+00:00', '--job-id', '64', '--raw', '--subdir', 'DAGS_FOLDER/stock_market_pipeline.py', '--cfg-path', '/tmp/tmpuq1ulidj']
[2025-08-14T22:21:06.614+0000] {standard_task_runner.py:88} INFO - Job 64: Subtask process_data
[2025-08-14T22:21:06.643+0000] {task_command.py:423} INFO - Running <TaskInstance: stock_market_pipeline.process_data manual__2025-08-14T22:21:00.726473+00:00 [running]> on host 0181ae2045ff
[2025-08-14T22:21:06.684+0000] {taskinstance.py:2480} INFO - Exporting env vars: AIRFLOW_CTX_DAG_OWNER='Basanth Kumar' AIRFLOW_CTX_DAG_ID='stock_market_pipeline' AIRFLOW_CTX_TASK_ID='process_data' AIRFLOW_CTX_EXECUTION_DATE='2025-08-14T22:21:00.726473+00:00' AIRFLOW_CTX_TRY_NUMBER='1' AIRFLOW_CTX_DAG_RUN_ID='manual__2025-08-14T22:21:00.726473+00:00'
[2025-08-14T22:21:06.685+0000] {subprocess.py:63} INFO - Tmp dir root location: /tmp
[2025-08-14T22:21:06.687+0000] {subprocess.py:75} INFO - Running command: ['/usr/bin/bash', '-c', '\n    echo "Starting process_data task"\n    docker exec stock-market-kafka-spark-master-1         spark-submit             --master spark://spark-master:7077             --packages org.apache.hadoop:hadoop-aws:3.3.1,com.amazonaws:aws-java-sdk-bundle:1.11.901                 /opt/spark/jobs/spark_batch_processor.py 2025-08-14\n    echo "Task completed successfully"\n    ']
[2025-08-14T22:21:06.694+0000] {subprocess.py:86} INFO - Output:
[2025-08-14T22:21:06.697+0000] {subprocess.py:93} INFO - Starting process_data task
[2025-08-14T22:21:09.293+0000] {subprocess.py:93} INFO - :: loading settings :: url = jar:file:/opt/bitnami/spark/jars/ivy-2.5.1.jar!/org/apache/ivy/core/settings/ivysettings.xml
[2025-08-14T22:21:09.407+0000] {subprocess.py:93} INFO - Ivy Default Cache set to: /opt/bitnami/spark/.ivy2/cache
[2025-08-14T22:21:09.407+0000] {subprocess.py:93} INFO - The jars for the packages stored in: /opt/bitnami/spark/.ivy2/jars
[2025-08-14T22:21:09.410+0000] {subprocess.py:93} INFO - org.apache.hadoop#hadoop-aws added as a dependency
[2025-08-14T22:21:09.411+0000] {subprocess.py:93} INFO - com.amazonaws#aws-java-sdk-bundle added as a dependency
[2025-08-14T22:21:09.411+0000] {subprocess.py:93} INFO - :: resolving dependencies :: org.apache.spark#spark-submit-parent-2eada201-ac45-4d1c-b3c8-6a5108e1f2ff;1.0
[2025-08-14T22:21:09.411+0000] {subprocess.py:93} INFO - 	confs: [default]
[2025-08-14T22:21:09.553+0000] {subprocess.py:93} INFO - 	found org.apache.hadoop#hadoop-aws;3.3.1 in central
[2025-08-14T22:21:09.569+0000] {subprocess.py:93} INFO - 	found com.amazonaws#aws-java-sdk-bundle;1.11.901 in central
[2025-08-14T22:21:09.582+0000] {subprocess.py:93} INFO - 	found org.wildfly.openssl#wildfly-openssl;1.0.7.Final in central
[2025-08-14T22:21:09.593+0000] {subprocess.py:93} INFO - :: resolution report :: resolve 178ms :: artifacts dl 3ms
[2025-08-14T22:21:09.593+0000] {subprocess.py:93} INFO - 	:: modules in use:
[2025-08-14T22:21:09.593+0000] {subprocess.py:93} INFO - 	com.amazonaws#aws-java-sdk-bundle;1.11.901 from central in [default]
[2025-08-14T22:21:09.593+0000] {subprocess.py:93} INFO - 	org.apache.hadoop#hadoop-aws;3.3.1 from central in [default]
[2025-08-14T22:21:09.593+0000] {subprocess.py:93} INFO - 	org.wildfly.openssl#wildfly-openssl;1.0.7.Final from central in [default]
[2025-08-14T22:21:09.594+0000] {subprocess.py:93} INFO - 	---------------------------------------------------------------------
[2025-08-14T22:21:09.594+0000] {subprocess.py:93} INFO - 	|                  |            modules            ||   artifacts   |
[2025-08-14T22:21:09.594+0000] {subprocess.py:93} INFO - 	|       conf       | number| search|dwnlded|evicted|| number|dwnlded|
[2025-08-14T22:21:09.594+0000] {subprocess.py:93} INFO - 	---------------------------------------------------------------------
[2025-08-14T22:21:09.594+0000] {subprocess.py:93} INFO - 	|      default     |   3   |   0   |   0   |   0   ||   3   |   0   |
[2025-08-14T22:21:09.595+0000] {subprocess.py:93} INFO - 	---------------------------------------------------------------------
[2025-08-14T22:21:09.595+0000] {subprocess.py:93} INFO - :: retrieving :: org.apache.spark#spark-submit-parent-2eada201-ac45-4d1c-b3c8-6a5108e1f2ff
[2025-08-14T22:21:09.595+0000] {subprocess.py:93} INFO - 	confs: [default]
[2025-08-14T22:21:09.597+0000] {subprocess.py:93} INFO - 	0 artifacts copied, 3 already retrieved (0kB/3ms)
[2025-08-14T22:21:09.860+0000] {subprocess.py:93} INFO - 25/08/14 22:21:09 WARN NativeCodeLoader: Unable to load native-hadoop library for your platform... using builtin-java classes where applicable
[2025-08-14T22:21:10.274+0000] {subprocess.py:93} INFO - Traceback (most recent call last):
[2025-08-14T22:21:10.275+0000] {subprocess.py:93} INFO -   File "/opt/spark/jobs/spark_batch_processor.py", line 5, in <module>
[2025-08-14T22:21:10.275+0000] {subprocess.py:93} INFO -     from dotenv import load_dotenv
[2025-08-14T22:21:10.275+0000] {subprocess.py:93} INFO - ModuleNotFoundError: No module named 'dotenv'
[2025-08-14T22:21:10.284+0000] {subprocess.py:93} INFO - 25/08/14 22:21:10 INFO ShutdownHookManager: Shutdown hook called
[2025-08-14T22:21:10.284+0000] {subprocess.py:93} INFO - 25/08/14 22:21:10 INFO ShutdownHookManager: Deleting directory /tmp/spark-bc906c84-cb06-4ffc-9aa3-4084ff5162d6
[2025-08-14T22:21:10.347+0000] {subprocess.py:93} INFO - Task completed successfully
[2025-08-14T22:21:10.347+0000] {subprocess.py:97} INFO - Command exited with return code 0
[2025-08-14T22:21:10.408+0000] {taskinstance.py:1138} INFO - Marking task as SUCCESS. dag_id=stock_market_pipeline, task_id=process_data, execution_date=20250814T222100, start_date=20250814T222106, end_date=20250814T222110
[2025-08-14T22:21:10.450+0000] {local_task_job_runner.py:234} INFO - Task exited with return code 0
[2025-08-14T22:21:10.532+0000] {taskinstance.py:3280} INFO - 1 downstream tasks scheduled from follow-on schedule check
