[2025-08-12T23:14:21.306+0000] {manager.py:469} INFO - Processing files using up to 2 processes at a time 
[2025-08-12T23:14:21.307+0000] {manager.py:470} INFO - Process each file at most once every 10 seconds
[2025-08-12T23:14:21.308+0000] {manager.py:471} INFO - Checking for new files in /opt/airflow/dags every 300 seconds
[2025-08-12T23:14:21.309+0000] {manager.py:738} INFO - Searching for files in /opt/airflow/dags
[2025-08-12T23:14:21.355+0000] {manager.py:741} INFO - There are 2 files in /opt/airflow/dags
[2025-08-12T23:14:21.583+0000] {manager.py:879} INFO - 
================================================================================
DAG File Processing Stats

File Path                                        PID  Runtime      # DAGs    # Errors  Last Runtime    Last Run
---------------------------------------------  -----  ---------  --------  ----------  --------------  ----------
/opt/airflow/dags/stock_market_batch_dag.py      228  0.10s             0           0
/opt/airflow/dags/scripts/check_minio_file.py    231  0.08s             0           0
================================================================================
[2025-08-12T23:14:52.349+0000] {manager.py:879} INFO - 
================================================================================
DAG File Processing Stats

File Path                                        PID  Runtime      # DAGs    # Errors  Last Runtime    Last Run
---------------------------------------------  -----  ---------  --------  ----------  --------------  -------------------
/opt/airflow/dags/stock_market_batch_dag.py      258  0.03s             0           1  0.09s           2025-08-12T23:14:42
/opt/airflow/dags/scripts/check_minio_file.py    261  0.01s             0           0  0.12s           2025-08-12T23:14:42
================================================================================
[2025-08-12T23:15:23.305+0000] {manager.py:879} INFO - 
================================================================================
DAG File Processing Stats

File Path                                        PID  Runtime      # DAGs    # Errors  Last Runtime    Last Run
---------------------------------------------  -----  ---------  --------  ----------  --------------  -------------------
/opt/airflow/dags/stock_market_batch_dag.py      288  0.04s             0           1  0.13s           2025-08-12T23:15:13
/opt/airflow/dags/scripts/check_minio_file.py    291  0.01s             0           0  0.13s           2025-08-12T23:15:13
================================================================================
[2025-08-12T23:15:54.171+0000] {manager.py:879} INFO - 
================================================================================
DAG File Processing Stats

File Path                                        PID  Runtime      # DAGs    # Errors  Last Runtime    Last Run
---------------------------------------------  -----  ---------  --------  ----------  --------------  -------------------
/opt/airflow/dags/stock_market_batch_dag.py      318  0.05s             0           1  0.13s           2025-08-12T23:15:43
/opt/airflow/dags/scripts/check_minio_file.py    321  0.01s             0           0  0.13s           2025-08-12T23:15:43
================================================================================
[2025-08-12T23:16:24.936+0000] {manager.py:879} INFO - 
================================================================================
DAG File Processing Stats

File Path                                        PID  Runtime      # DAGs    # Errors  Last Runtime    Last Run
---------------------------------------------  -----  ---------  --------  ----------  --------------  -------------------
/opt/airflow/dags/stock_market_batch_dag.py      348  0.04s             0           1  0.12s           2025-08-12T23:16:14
/opt/airflow/dags/scripts/check_minio_file.py    351  0.01s             0           0  0.14s           2025-08-12T23:16:14
================================================================================
[2025-08-12T23:16:55.724+0000] {manager.py:879} INFO - 
================================================================================
DAG File Processing Stats

File Path                                        PID  Runtime      # DAGs    # Errors  Last Runtime    Last Run
---------------------------------------------  -----  ---------  --------  ----------  --------------  -------------------
/opt/airflow/dags/stock_market_batch_dag.py      378  0.05s             0           1  0.13s           2025-08-12T23:16:45
/opt/airflow/dags/scripts/check_minio_file.py    381  0.01s             0           0  0.13s           2025-08-12T23:16:45
================================================================================
[2025-08-12T23:17:26.614+0000] {manager.py:879} INFO - 
================================================================================
DAG File Processing Stats

File Path                                        PID  Runtime      # DAGs    # Errors  Last Runtime    Last Run
---------------------------------------------  -----  ---------  --------  ----------  --------------  -------------------
/opt/airflow/dags/stock_market_batch_dag.py      408  0.06s             0           1  0.14s           2025-08-12T23:17:16
/opt/airflow/dags/scripts/check_minio_file.py    411  0.01s             0           0  0.16s           2025-08-12T23:17:16
================================================================================
[2025-08-12T23:17:57.548+0000] {manager.py:879} INFO - 
================================================================================
DAG File Processing Stats

File Path                                        PID  Runtime      # DAGs    # Errors  Last Runtime    Last Run
---------------------------------------------  -----  ---------  --------  ----------  --------------  -------------------
/opt/airflow/dags/stock_market_batch_dag.py      438  0.03s             0           1  0.17s           2025-08-12T23:17:47
/opt/airflow/dags/scripts/check_minio_file.py    440  0.01s             0           0  0.17s           2025-08-12T23:17:47
================================================================================
[2025-08-12T23:18:28.170+0000] {manager.py:879} INFO - 
================================================================================
DAG File Processing Stats

File Path                                        PID  Runtime      # DAGs    # Errors  Last Runtime    Last Run
---------------------------------------------  -----  ---------  --------  ----------  --------------  -------------------
/opt/airflow/dags/stock_market_batch_dag.py      468  0.03s             0           1  0.13s           2025-08-12T23:18:18
/opt/airflow/dags/scripts/check_minio_file.py    471  0.00s             0           0  0.15s           2025-08-12T23:18:18
================================================================================
[2025-08-12T23:18:58.978+0000] {manager.py:879} INFO - 
================================================================================
DAG File Processing Stats

File Path                                        PID  Runtime      # DAGs    # Errors  Last Runtime    Last Run
---------------------------------------------  -----  ---------  --------  ----------  --------------  -------------------
/opt/airflow/dags/stock_market_batch_dag.py      498  0.03s             0           1  0.16s           2025-08-12T23:18:48
/opt/airflow/dags/scripts/check_minio_file.py    501  0.00s             0           0  0.17s           2025-08-12T23:18:48
================================================================================
[2025-08-12T23:19:00.880+0000] {manager.py:451} INFO - Exiting gracefully upon receiving signal 15
[2025-08-12T23:20:15.428+0000] {manager.py:469} INFO - Processing files using up to 2 processes at a time 
[2025-08-12T23:20:15.430+0000] {manager.py:470} INFO - Process each file at most once every 10 seconds
[2025-08-12T23:20:15.430+0000] {manager.py:471} INFO - Checking for new files in /opt/airflow/dags every 300 seconds
[2025-08-12T23:20:15.432+0000] {manager.py:738} INFO - Searching for files in /opt/airflow/dags
[2025-08-12T23:20:15.453+0000] {manager.py:741} INFO - There are 2 files in /opt/airflow/dags
[2025-08-12T23:20:15.641+0000] {manager.py:879} INFO - 
================================================================================
DAG File Processing Stats

File Path                                        PID  Runtime      # DAGs    # Errors  Last Runtime    Last Run
---------------------------------------------  -----  ---------  --------  ----------  --------------  ----------
/opt/airflow/dags/stock_market_batch_dag.py      227  0.11s             0           0
/opt/airflow/dags/scripts/check_minio_file.py    230  0.09s             0           0
================================================================================
[2025-08-12T23:20:46.544+0000] {manager.py:879} INFO - 
================================================================================
DAG File Processing Stats

File Path                                        PID  Runtime      # DAGs    # Errors  Last Runtime    Last Run
---------------------------------------------  -----  ---------  --------  ----------  --------------  -------------------
/opt/airflow/dags/stock_market_batch_dag.py      258  0.04s             0           1  0.14s           2025-08-12T23:20:36
/opt/airflow/dags/scripts/check_minio_file.py    261  0.01s             0           0  0.18s           2025-08-12T23:20:36
================================================================================
[2025-08-12T23:21:17.167+0000] {manager.py:879} INFO - 
================================================================================
DAG File Processing Stats

File Path                                      PID    Runtime      # DAGs    # Errors  Last Runtime    Last Run
---------------------------------------------  -----  ---------  --------  ----------  --------------  -------------------
/opt/airflow/dags/stock_market_batch_dag.py                             0           1  0.14s           2025-08-12T23:21:07
/opt/airflow/dags/scripts/check_minio_file.py                           0           0  0.17s           2025-08-12T23:21:07
================================================================================
[2025-08-12T23:21:48.142+0000] {manager.py:879} INFO - 
================================================================================
DAG File Processing Stats

File Path                                      PID    Runtime      # DAGs    # Errors  Last Runtime    Last Run
---------------------------------------------  -----  ---------  --------  ----------  --------------  -------------------
/opt/airflow/dags/stock_market_batch_dag.py                             0           1  0.20s           2025-08-12T23:21:39
/opt/airflow/dags/scripts/check_minio_file.py                           0           0  0.22s           2025-08-12T23:21:39
================================================================================
[2025-08-12T23:22:19.033+0000] {manager.py:879} INFO - 
================================================================================
DAG File Processing Stats

File Path                                      PID    Runtime      # DAGs    # Errors  Last Runtime    Last Run
---------------------------------------------  -----  ---------  --------  ----------  --------------  -------------------
/opt/airflow/dags/stock_market_batch_dag.py                             0           1  0.16s           2025-08-12T23:22:09
/opt/airflow/dags/scripts/check_minio_file.py                           0           0  0.15s           2025-08-12T23:22:09
================================================================================
[2025-08-12T23:22:49.786+0000] {manager.py:879} INFO - 
================================================================================
DAG File Processing Stats

File Path                                      PID    Runtime      # DAGs    # Errors  Last Runtime    Last Run
---------------------------------------------  -----  ---------  --------  ----------  --------------  -------------------
/opt/airflow/dags/stock_market_batch_dag.py                             0           1  0.10s           2025-08-12T23:22:40
/opt/airflow/dags/scripts/check_minio_file.py                           0           0  0.11s           2025-08-12T23:22:40
================================================================================
[2025-08-12T23:23:20.004+0000] {manager.py:879} INFO - 
================================================================================
DAG File Processing Stats

File Path                                      PID    Runtime      # DAGs    # Errors  Last Runtime    Last Run
---------------------------------------------  -----  ---------  --------  ----------  --------------  -------------------
/opt/airflow/dags/stock_market_batch_dag.py                             0           1  0.16s           2025-08-12T23:23:11
/opt/airflow/dags/scripts/check_minio_file.py                           0           0  0.16s           2025-08-12T23:23:11
================================================================================
[2025-08-12T23:23:50.144+0000] {manager.py:879} INFO - 
================================================================================
DAG File Processing Stats

File Path                                      PID    Runtime      # DAGs    # Errors  Last Runtime    Last Run
---------------------------------------------  -----  ---------  --------  ----------  --------------  -------------------
/opt/airflow/dags/stock_market_batch_dag.py                             0           1  0.14s           2025-08-12T23:23:43
/opt/airflow/dags/scripts/check_minio_file.py                           0           0  0.15s           2025-08-12T23:23:43
================================================================================
[2025-08-12T23:24:21.094+0000] {manager.py:879} INFO - 
================================================================================
DAG File Processing Stats

File Path                                      PID    Runtime      # DAGs    # Errors  Last Runtime    Last Run
---------------------------------------------  -----  ---------  --------  ----------  --------------  -------------------
/opt/airflow/dags/stock_market_batch_dag.py                             0           1  0.20s           2025-08-12T23:24:13
/opt/airflow/dags/scripts/check_minio_file.py                           0           0  0.17s           2025-08-12T23:24:13
================================================================================
[2025-08-12T23:24:52.096+0000] {manager.py:879} INFO - 
================================================================================
DAG File Processing Stats

File Path                                      PID    Runtime      # DAGs    # Errors  Last Runtime    Last Run
---------------------------------------------  -----  ---------  --------  ----------  --------------  -------------------
/opt/airflow/dags/stock_market_batch_dag.py                             0           1  0.18s           2025-08-12T23:24:44
/opt/airflow/dags/scripts/check_minio_file.py                           0           0  0.18s           2025-08-12T23:24:45
================================================================================
[2025-08-12T23:25:15.765+0000] {manager.py:738} INFO - Searching for files in /opt/airflow/dags
[2025-08-12T23:25:15.787+0000] {manager.py:741} INFO - There are 2 files in /opt/airflow/dags
[2025-08-12T23:25:22.114+0000] {manager.py:879} INFO - 
================================================================================
DAG File Processing Stats

File Path                                      PID    Runtime      # DAGs    # Errors  Last Runtime    Last Run
---------------------------------------------  -----  ---------  --------  ----------  --------------  -------------------
/opt/airflow/dags/stock_market_batch_dag.py                             0           1  0.20s           2025-08-12T23:25:16
/opt/airflow/dags/scripts/check_minio_file.py                           0           0  0.27s           2025-08-12T23:25:16
================================================================================
[2025-08-12T23:25:53.027+0000] {manager.py:879} INFO - 
================================================================================
DAG File Processing Stats

File Path                                      PID    Runtime      # DAGs    # Errors  Last Runtime    Last Run
---------------------------------------------  -----  ---------  --------  ----------  --------------  -------------------
/opt/airflow/dags/stock_market_batch_dag.py                             0           1  0.16s           2025-08-12T23:25:46
/opt/airflow/dags/scripts/check_minio_file.py                           0           0  0.15s           2025-08-12T23:25:47
================================================================================
[2025-08-12T23:26:23.520+0000] {manager.py:879} INFO - 
================================================================================
DAG File Processing Stats

File Path                                      PID    Runtime      # DAGs    # Errors  Last Runtime    Last Run
---------------------------------------------  -----  ---------  --------  ----------  --------------  -------------------
/opt/airflow/dags/stock_market_batch_dag.py                             0           1  0.21s           2025-08-12T23:26:18
/opt/airflow/dags/scripts/check_minio_file.py                           0           0  0.22s           2025-08-12T23:26:18
================================================================================
[2025-08-12T23:26:54.376+0000] {manager.py:879} INFO - 
================================================================================
DAG File Processing Stats

File Path                                      PID    Runtime      # DAGs    # Errors  Last Runtime    Last Run
---------------------------------------------  -----  ---------  --------  ----------  --------------  -------------------
/opt/airflow/dags/stock_market_batch_dag.py                             0           1  0.17s           2025-08-12T23:26:49
/opt/airflow/dags/scripts/check_minio_file.py                           0           0  0.15s           2025-08-12T23:26:49
================================================================================
[2025-08-12T23:27:25.311+0000] {manager.py:879} INFO - 
================================================================================
DAG File Processing Stats

File Path                                      PID    Runtime      # DAGs    # Errors  Last Runtime    Last Run
---------------------------------------------  -----  ---------  --------  ----------  --------------  -------------------
/opt/airflow/dags/stock_market_batch_dag.py                             0           1  0.17s           2025-08-12T23:27:20
/opt/airflow/dags/scripts/check_minio_file.py                           0           0  0.15s           2025-08-12T23:27:20
================================================================================
[2025-08-12T23:27:55.902+0000] {manager.py:879} INFO - 
================================================================================
DAG File Processing Stats

File Path                                      PID    Runtime      # DAGs    # Errors  Last Runtime    Last Run
---------------------------------------------  -----  ---------  --------  ----------  --------------  -------------------
/opt/airflow/dags/stock_market_batch_dag.py                             0           1  0.12s           2025-08-12T23:27:50
/opt/airflow/dags/scripts/check_minio_file.py                           0           0  0.15s           2025-08-12T23:27:50
================================================================================
[2025-08-12T23:28:26.552+0000] {manager.py:879} INFO - 
================================================================================
DAG File Processing Stats

File Path                                      PID    Runtime      # DAGs    # Errors  Last Runtime    Last Run
---------------------------------------------  -----  ---------  --------  ----------  --------------  -------------------
/opt/airflow/dags/stock_market_batch_dag.py                             0           1  0.09s           2025-08-12T23:28:21
/opt/airflow/dags/scripts/check_minio_file.py                           0           0  0.11s           2025-08-12T23:28:21
================================================================================
[2025-08-12T23:28:57.486+0000] {manager.py:879} INFO - 
================================================================================
DAG File Processing Stats

File Path                                      PID    Runtime      # DAGs    # Errors  Last Runtime    Last Run
---------------------------------------------  -----  ---------  --------  ----------  --------------  -------------------
/opt/airflow/dags/stock_market_batch_dag.py                             0           1  0.14s           2025-08-12T23:28:52
/opt/airflow/dags/scripts/check_minio_file.py                           0           0  0.14s           2025-08-12T23:28:52
================================================================================
[2025-08-12T23:29:28.389+0000] {manager.py:879} INFO - 
================================================================================
DAG File Processing Stats

File Path                                      PID    Runtime      # DAGs    # Errors  Last Runtime    Last Run
---------------------------------------------  -----  ---------  --------  ----------  --------------  -------------------
/opt/airflow/dags/stock_market_batch_dag.py                             0           1  0.16s           2025-08-12T23:29:23
/opt/airflow/dags/scripts/check_minio_file.py                           0           0  0.16s           2025-08-12T23:29:23
================================================================================
[2025-08-12T23:29:58.523+0000] {manager.py:879} INFO - 
================================================================================
DAG File Processing Stats

File Path                                      PID    Runtime      # DAGs    # Errors  Last Runtime    Last Run
---------------------------------------------  -----  ---------  --------  ----------  --------------  -------------------
/opt/airflow/dags/stock_market_batch_dag.py                             0           1  0.16s           2025-08-12T23:29:54
/opt/airflow/dags/scripts/check_minio_file.py                           0           0  0.17s           2025-08-12T23:29:54
================================================================================
[2025-08-12T23:30:16.302+0000] {manager.py:738} INFO - Searching for files in /opt/airflow/dags
[2025-08-12T23:30:16.313+0000] {manager.py:741} INFO - There are 2 files in /opt/airflow/dags
[2025-08-12T23:30:28.624+0000] {manager.py:879} INFO - 
================================================================================
DAG File Processing Stats

File Path                                      PID    Runtime      # DAGs    # Errors  Last Runtime    Last Run
---------------------------------------------  -----  ---------  --------  ----------  --------------  -------------------
/opt/airflow/dags/stock_market_batch_dag.py                             0           1  0.12s           2025-08-12T23:30:25
/opt/airflow/dags/scripts/check_minio_file.py                           0           0  0.13s           2025-08-12T23:30:25
================================================================================
[2025-08-12T23:30:59.387+0000] {manager.py:879} INFO - 
================================================================================
DAG File Processing Stats

File Path                                      PID    Runtime      # DAGs    # Errors  Last Runtime    Last Run
---------------------------------------------  -----  ---------  --------  ----------  --------------  -------------------
/opt/airflow/dags/stock_market_batch_dag.py                             0           1  0.15s           2025-08-12T23:30:56
/opt/airflow/dags/scripts/check_minio_file.py                           0           0  0.13s           2025-08-12T23:30:56
================================================================================
[2025-08-12T23:31:30.258+0000] {manager.py:879} INFO - 
================================================================================
DAG File Processing Stats

File Path                                      PID    Runtime      # DAGs    # Errors  Last Runtime    Last Run
---------------------------------------------  -----  ---------  --------  ----------  --------------  -------------------
/opt/airflow/dags/stock_market_batch_dag.py                             0           1  0.11s           2025-08-12T23:31:27
/opt/airflow/dags/scripts/check_minio_file.py                           0           0  0.12s           2025-08-12T23:31:27
================================================================================
[2025-08-12T23:32:01.033+0000] {manager.py:879} INFO - 
================================================================================
DAG File Processing Stats

File Path                                      PID    Runtime      # DAGs    # Errors  Last Runtime    Last Run
---------------------------------------------  -----  ---------  --------  ----------  --------------  -------------------
/opt/airflow/dags/stock_market_batch_dag.py                             0           1  0.14s           2025-08-12T23:31:57
/opt/airflow/dags/scripts/check_minio_file.py                           0           0  0.13s           2025-08-12T23:31:58
================================================================================
[2025-08-12T23:32:31.602+0000] {manager.py:879} INFO - 
================================================================================
DAG File Processing Stats

File Path                                      PID    Runtime      # DAGs    # Errors  Last Runtime    Last Run
---------------------------------------------  -----  ---------  --------  ----------  --------------  -------------------
/opt/airflow/dags/stock_market_batch_dag.py                             0           1  0.05s           2025-08-12T23:32:28
/opt/airflow/dags/scripts/check_minio_file.py                           0           0  0.07s           2025-08-12T23:32:28
================================================================================
[2025-08-12T23:33:02.115+0000] {manager.py:879} INFO - 
================================================================================
DAG File Processing Stats

File Path                                      PID    Runtime      # DAGs    # Errors  Last Runtime    Last Run
---------------------------------------------  -----  ---------  --------  ----------  --------------  -------------------
/opt/airflow/dags/stock_market_batch_dag.py                             0           1  0.12s           2025-08-12T23:32:59
/opt/airflow/dags/scripts/check_minio_file.py                           0           0  0.11s           2025-08-12T23:32:59
================================================================================
[2025-08-12T23:33:32.661+0000] {manager.py:879} INFO - 
================================================================================
DAG File Processing Stats

File Path                                      PID    Runtime      # DAGs    # Errors  Last Runtime    Last Run
---------------------------------------------  -----  ---------  --------  ----------  --------------  -------------------
/opt/airflow/dags/stock_market_batch_dag.py                             0           1  0.11s           2025-08-12T23:33:29
/opt/airflow/dags/scripts/check_minio_file.py                           0           0  0.13s           2025-08-12T23:33:29
================================================================================
[2025-08-12T23:34:03.421+0000] {manager.py:879} INFO - 
================================================================================
DAG File Processing Stats

File Path                                      PID    Runtime      # DAGs    # Errors  Last Runtime    Last Run
---------------------------------------------  -----  ---------  --------  ----------  --------------  -------------------
/opt/airflow/dags/stock_market_batch_dag.py                             0           1  0.15s           2025-08-12T23:34:00
/opt/airflow/dags/scripts/check_minio_file.py                           0           0  0.16s           2025-08-12T23:34:00
================================================================================
[2025-08-12T23:34:34.275+0000] {manager.py:879} INFO - 
================================================================================
DAG File Processing Stats

File Path                                      PID    Runtime      # DAGs    # Errors  Last Runtime    Last Run
---------------------------------------------  -----  ---------  --------  ----------  --------------  -------------------
/opt/airflow/dags/stock_market_batch_dag.py                             0           1  0.14s           2025-08-12T23:34:31
/opt/airflow/dags/scripts/check_minio_file.py                           0           0  0.19s           2025-08-12T23:34:31
================================================================================
[2025-08-12T23:35:05.271+0000] {manager.py:879} INFO - 
================================================================================
DAG File Processing Stats

File Path                                      PID    Runtime      # DAGs    # Errors  Last Runtime    Last Run
---------------------------------------------  -----  ---------  --------  ----------  --------------  -------------------
/opt/airflow/dags/stock_market_batch_dag.py                             0           1  0.14s           2025-08-12T23:35:02
/opt/airflow/dags/scripts/check_minio_file.py                           0           0  0.16s           2025-08-12T23:35:02
================================================================================
[2025-08-12T23:35:16.599+0000] {manager.py:738} INFO - Searching for files in /opt/airflow/dags
[2025-08-12T23:35:16.624+0000] {manager.py:741} INFO - There are 2 files in /opt/airflow/dags
[2025-08-12T23:35:36.124+0000] {manager.py:879} INFO - 
================================================================================
DAG File Processing Stats

File Path                                      PID    Runtime      # DAGs    # Errors  Last Runtime    Last Run
---------------------------------------------  -----  ---------  --------  ----------  --------------  -------------------
/opt/airflow/dags/stock_market_batch_dag.py                             0           1  0.12s           2025-08-12T23:35:33
/opt/airflow/dags/scripts/check_minio_file.py                           0           0  0.13s           2025-08-12T23:35:33
================================================================================
[2025-08-12T23:36:06.748+0000] {manager.py:879} INFO - 
================================================================================
DAG File Processing Stats

File Path                                      PID    Runtime      # DAGs    # Errors  Last Runtime    Last Run
---------------------------------------------  -----  ---------  --------  ----------  --------------  -------------------
/opt/airflow/dags/stock_market_batch_dag.py                             0           1  0.10s           2025-08-12T23:36:03
/opt/airflow/dags/scripts/check_minio_file.py                           0           0  0.11s           2025-08-12T23:36:03
================================================================================
[2025-08-12T23:36:37.647+0000] {manager.py:879} INFO - 
================================================================================
DAG File Processing Stats

File Path                                      PID    Runtime      # DAGs    # Errors  Last Runtime    Last Run
---------------------------------------------  -----  ---------  --------  ----------  --------------  -------------------
/opt/airflow/dags/stock_market_batch_dag.py                             0           1  0.15s           2025-08-12T23:36:34
/opt/airflow/dags/scripts/check_minio_file.py                           0           0  0.16s           2025-08-12T23:36:34
================================================================================
[2025-08-12T23:37:08.581+0000] {manager.py:879} INFO - 
================================================================================
DAG File Processing Stats

File Path                                      PID    Runtime      # DAGs    # Errors  Last Runtime    Last Run
---------------------------------------------  -----  ---------  --------  ----------  --------------  -------------------
/opt/airflow/dags/stock_market_batch_dag.py                             0           1  0.11s           2025-08-12T23:37:05
/opt/airflow/dags/scripts/check_minio_file.py                           0           0  0.12s           2025-08-12T23:37:05
================================================================================
[2025-08-12T23:37:39.339+0000] {manager.py:879} INFO - 
================================================================================
DAG File Processing Stats

File Path                                      PID    Runtime      # DAGs    # Errors  Last Runtime    Last Run
---------------------------------------------  -----  ---------  --------  ----------  --------------  -------------------
/opt/airflow/dags/stock_market_batch_dag.py                             0           1  0.14s           2025-08-12T23:37:36
/opt/airflow/dags/scripts/check_minio_file.py                           0           0  0.15s           2025-08-12T23:37:36
================================================================================
[2025-08-12T23:38:10.157+0000] {manager.py:879} INFO - 
================================================================================
DAG File Processing Stats

File Path                                      PID    Runtime      # DAGs    # Errors  Last Runtime    Last Run
---------------------------------------------  -----  ---------  --------  ----------  --------------  -------------------
/opt/airflow/dags/stock_market_batch_dag.py                             0           1  0.10s           2025-08-12T23:38:07
/opt/airflow/dags/scripts/check_minio_file.py                           0           0  0.12s           2025-08-12T23:38:07
================================================================================
[2025-08-12T23:38:40.178+0000] {manager.py:879} INFO - 
================================================================================
DAG File Processing Stats

File Path                                      PID    Runtime      # DAGs    # Errors  Last Runtime    Last Run
---------------------------------------------  -----  ---------  --------  ----------  --------------  -------------------
/opt/airflow/dags/stock_market_batch_dag.py                             0           1  0.09s           2025-08-12T23:38:38
/opt/airflow/dags/scripts/check_minio_file.py                           0           0  0.11s           2025-08-12T23:38:38
================================================================================
[2025-08-12T23:39:10.980+0000] {manager.py:879} INFO - 
================================================================================
DAG File Processing Stats

File Path                                      PID    Runtime      # DAGs    # Errors  Last Runtime    Last Run
---------------------------------------------  -----  ---------  --------  ----------  --------------  -------------------
/opt/airflow/dags/stock_market_batch_dag.py                             0           1  0.19s           2025-08-12T23:39:08
/opt/airflow/dags/scripts/check_minio_file.py                           0           0  0.20s           2025-08-12T23:39:08
================================================================================
[2025-08-12T23:39:41.580+0000] {manager.py:879} INFO - 
================================================================================
DAG File Processing Stats

File Path                                      PID    Runtime      # DAGs    # Errors  Last Runtime    Last Run
---------------------------------------------  -----  ---------  --------  ----------  --------------  -------------------
/opt/airflow/dags/stock_market_batch_dag.py                             0           1  0.07s           2025-08-12T23:39:39
/opt/airflow/dags/scripts/check_minio_file.py                           0           0  0.11s           2025-08-12T23:39:39
================================================================================
[2025-08-12T23:40:12.420+0000] {manager.py:879} INFO - 
================================================================================
DAG File Processing Stats

File Path                                      PID    Runtime      # DAGs    # Errors  Last Runtime    Last Run
---------------------------------------------  -----  ---------  --------  ----------  --------------  -------------------
/opt/airflow/dags/stock_market_batch_dag.py                             0           1  0.13s           2025-08-12T23:40:10
/opt/airflow/dags/scripts/check_minio_file.py                           0           0  0.15s           2025-08-12T23:40:10
================================================================================
[2025-08-12T23:40:17.499+0000] {manager.py:738} INFO - Searching for files in /opt/airflow/dags
[2025-08-12T23:40:17.516+0000] {manager.py:741} INFO - There are 2 files in /opt/airflow/dags
[2025-08-12T23:40:43.314+0000] {manager.py:879} INFO - 
================================================================================
DAG File Processing Stats

File Path                                      PID    Runtime      # DAGs    # Errors  Last Runtime    Last Run
---------------------------------------------  -----  ---------  --------  ----------  --------------  -------------------
/opt/airflow/dags/stock_market_batch_dag.py                             0           1  0.12s           2025-08-12T23:40:41
/opt/airflow/dags/scripts/check_minio_file.py                           0           0  0.14s           2025-08-12T23:40:41
================================================================================
[2025-08-12T23:41:14.132+0000] {manager.py:879} INFO - 
================================================================================
DAG File Processing Stats

File Path                                      PID    Runtime      # DAGs    # Errors  Last Runtime    Last Run
---------------------------------------------  -----  ---------  --------  ----------  --------------  -------------------
/opt/airflow/dags/stock_market_batch_dag.py                             0           1  0.16s           2025-08-12T23:41:12
/opt/airflow/dags/scripts/check_minio_file.py                           0           0  0.19s           2025-08-12T23:41:12
================================================================================
[2025-08-12T23:41:45.017+0000] {manager.py:879} INFO - 
================================================================================
DAG File Processing Stats

File Path                                      PID    Runtime      # DAGs    # Errors  Last Runtime    Last Run
---------------------------------------------  -----  ---------  --------  ----------  --------------  -------------------
/opt/airflow/dags/stock_market_batch_dag.py                             0           1  0.10s           2025-08-12T23:41:42
/opt/airflow/dags/scripts/check_minio_file.py                           0           0  0.13s           2025-08-12T23:41:43
================================================================================
[2025-08-12T23:42:15.875+0000] {manager.py:879} INFO - 
================================================================================
DAG File Processing Stats

File Path                                      PID    Runtime      # DAGs    # Errors  Last Runtime    Last Run
---------------------------------------------  -----  ---------  --------  ----------  --------------  -------------------
/opt/airflow/dags/stock_market_batch_dag.py                             0           1  0.12s           2025-08-12T23:42:13
/opt/airflow/dags/scripts/check_minio_file.py                           0           0  0.13s           2025-08-12T23:42:13
================================================================================
[2025-08-12T23:42:46.562+0000] {manager.py:879} INFO - 
================================================================================
DAG File Processing Stats

File Path                                      PID    Runtime      # DAGs    # Errors  Last Runtime    Last Run
---------------------------------------------  -----  ---------  --------  ----------  --------------  -------------------
/opt/airflow/dags/stock_market_batch_dag.py                             0           1  0.10s           2025-08-12T23:42:44
/opt/airflow/dags/scripts/check_minio_file.py                           0           0  0.11s           2025-08-12T23:42:44
================================================================================
[2025-08-12T23:43:17.569+0000] {manager.py:879} INFO - 
================================================================================
DAG File Processing Stats

File Path                                      PID    Runtime      # DAGs    # Errors  Last Runtime    Last Run
---------------------------------------------  -----  ---------  --------  ----------  --------------  -------------------
/opt/airflow/dags/stock_market_batch_dag.py                             0           1  0.13s           2025-08-12T23:43:15
/opt/airflow/dags/scripts/check_minio_file.py                           0           0  0.14s           2025-08-12T23:43:15
================================================================================
[2025-08-12T23:43:48.429+0000] {manager.py:879} INFO - 
================================================================================
DAG File Processing Stats

File Path                                      PID    Runtime      # DAGs    # Errors  Last Runtime    Last Run
---------------------------------------------  -----  ---------  --------  ----------  --------------  -------------------
/opt/airflow/dags/stock_market_batch_dag.py                             0           1  0.11s           2025-08-12T23:43:46
/opt/airflow/dags/scripts/check_minio_file.py                           0           0  0.12s           2025-08-12T23:43:46
================================================================================
[2025-08-12T23:44:18.881+0000] {manager.py:879} INFO - 
================================================================================
DAG File Processing Stats

File Path                                      PID    Runtime      # DAGs    # Errors  Last Runtime    Last Run
---------------------------------------------  -----  ---------  --------  ----------  --------------  -------------------
/opt/airflow/dags/stock_market_batch_dag.py                             0           1  0.13s           2025-08-12T23:44:17
/opt/airflow/dags/scripts/check_minio_file.py                           0           0  0.14s           2025-08-12T23:44:17
================================================================================
[2025-08-12T23:44:49.823+0000] {manager.py:879} INFO - 
================================================================================
DAG File Processing Stats

File Path                                      PID    Runtime      # DAGs    # Errors  Last Runtime    Last Run
---------------------------------------------  -----  ---------  --------  ----------  --------------  -------------------
/opt/airflow/dags/stock_market_batch_dag.py                             0           1  0.10s           2025-08-12T23:44:48
/opt/airflow/dags/scripts/check_minio_file.py                           0           0  0.12s           2025-08-12T23:44:48
================================================================================
[2025-08-12T23:45:17.538+0000] {manager.py:738} INFO - Searching for files in /opt/airflow/dags
[2025-08-12T23:45:17.550+0000] {manager.py:741} INFO - There are 2 files in /opt/airflow/dags
[2025-08-12T23:45:20.779+0000] {manager.py:879} INFO - 
================================================================================
DAG File Processing Stats

File Path                                      PID    Runtime      # DAGs    # Errors  Last Runtime    Last Run
---------------------------------------------  -----  ---------  --------  ----------  --------------  -------------------
/opt/airflow/dags/stock_market_batch_dag.py                             0           1  0.14s           2025-08-12T23:45:19
/opt/airflow/dags/scripts/check_minio_file.py                           0           0  0.16s           2025-08-12T23:45:19
================================================================================
[2025-08-12T23:45:51.547+0000] {manager.py:879} INFO - 
================================================================================
DAG File Processing Stats

File Path                                      PID    Runtime      # DAGs    # Errors  Last Runtime    Last Run
---------------------------------------------  -----  ---------  --------  ----------  --------------  -------------------
/opt/airflow/dags/stock_market_batch_dag.py                             0           1  0.11s           2025-08-12T23:45:50
/opt/airflow/dags/scripts/check_minio_file.py                           0           0  0.13s           2025-08-12T23:45:50
================================================================================
[2025-08-12T23:46:21.569+0000] {manager.py:879} INFO - 
================================================================================
DAG File Processing Stats

File Path                                      PID    Runtime      # DAGs    # Errors  Last Runtime    Last Run
---------------------------------------------  -----  ---------  --------  ----------  --------------  -------------------
/opt/airflow/dags/stock_market_batch_dag.py                             0           1  0.21s           2025-08-12T23:46:21
/opt/airflow/dags/scripts/check_minio_file.py                           0           0  0.25s           2025-08-12T23:46:21
================================================================================
[2025-08-12T23:46:52.229+0000] {manager.py:879} INFO - 
================================================================================
DAG File Processing Stats

File Path                                        PID  Runtime      # DAGs    # Errors  Last Runtime    Last Run
---------------------------------------------  -----  ---------  --------  ----------  --------------  -------------------
/opt/airflow/dags/stock_market_batch_dag.py     1778  0.03s             0           1  0.12s           2025-08-12T23:46:42
/opt/airflow/dags/scripts/check_minio_file.py   1781  0.01s             0           0  0.15s           2025-08-12T23:46:42
================================================================================
[2025-08-12T23:47:23.089+0000] {manager.py:879} INFO - 
================================================================================
DAG File Processing Stats

File Path                                        PID  Runtime      # DAGs    # Errors  Last Runtime    Last Run
---------------------------------------------  -----  ---------  --------  ----------  --------------  -------------------
/opt/airflow/dags/stock_market_batch_dag.py     1808  0.01s             0           1  0.10s           2025-08-12T23:47:12
/opt/airflow/dags/scripts/check_minio_file.py                           0           0  0.12s           2025-08-12T23:47:13
================================================================================
[2025-08-12T23:47:53.744+0000] {manager.py:879} INFO - 
================================================================================
DAG File Processing Stats

File Path                                        PID  Runtime      # DAGs    # Errors  Last Runtime    Last Run
---------------------------------------------  -----  ---------  --------  ----------  --------------  -------------------
/opt/airflow/dags/stock_market_batch_dag.py     1838  0.01s             0           1  0.10s           2025-08-12T23:47:43
/opt/airflow/dags/scripts/check_minio_file.py                           0           0  0.11s           2025-08-12T23:47:44
================================================================================
[2025-08-12T23:48:24.550+0000] {manager.py:879} INFO - 
================================================================================
DAG File Processing Stats

File Path                                        PID  Runtime      # DAGs    # Errors  Last Runtime    Last Run
---------------------------------------------  -----  ---------  --------  ----------  --------------  -------------------
/opt/airflow/dags/stock_market_batch_dag.py     1868  0.01s             0           1  0.09s           2025-08-12T23:48:14
/opt/airflow/dags/scripts/check_minio_file.py                           0           0  0.11s           2025-08-12T23:48:15
================================================================================
[2025-08-12T23:48:55.308+0000] {manager.py:879} INFO - 
================================================================================
DAG File Processing Stats

File Path                                        PID  Runtime      # DAGs    # Errors  Last Runtime    Last Run
---------------------------------------------  -----  ---------  --------  ----------  --------------  -------------------
/opt/airflow/dags/stock_market_batch_dag.py     1898  0.01s             0           1  0.07s           2025-08-12T23:48:45
/opt/airflow/dags/scripts/check_minio_file.py                           0           0  0.24s           2025-08-12T23:48:46
================================================================================
[2025-08-12T23:49:25.932+0000] {manager.py:879} INFO - 
================================================================================
DAG File Processing Stats

File Path                                        PID  Runtime      # DAGs    # Errors  Last Runtime    Last Run
---------------------------------------------  -----  ---------  --------  ----------  --------------  -------------------
/opt/airflow/dags/stock_market_batch_dag.py     1928  0.03s             0           1  0.07s           2025-08-12T23:49:15
/opt/airflow/dags/scripts/check_minio_file.py                           0           0  0.13s           2025-08-12T23:49:17
================================================================================
